** RAPL-logger - 2 packages - Sampling freq.  10.0 Hz - Logfiles 0-3: /tmp/rapllog+1594059424
** RAPL-logger - Profiling: ../allocator 0 ../stream.bin
-------------------------------------------------------------
STREAM version $Revision: 5.10 $
-------------------------------------------------------------
This system uses 8 bytes per array element.
-------------------------------------------------------------
Array size = 805306368 (elements), Offset = 0 (elements)
Memory per array = 6144.0 MiB (= 6.0 GiB).
Total memory required = 18432.0 MiB (= 18.0 GiB).
Each kernel will be executed 10 times.
 The *best* time for each kernel (excluding the first iteration)
 will be used to compute the reported bandwidth.
-------------------------------------------------------------
Your clock granularity/precision appears to be 1 microseconds.
Each test below will take on the order of 1409067 microseconds.
   (= 1409067 clock ticks)
Increase the size of the arrays if this shows that
you are not getting at least 20 clock ticks per test.
-------------------------------------------------------------
WARNING -- The above is only a rough guideline.
For best results, please be sure you know the
precision of your system timer.
-------------------------------------------------------------
Function    Best Rate MB/s  Avg time     Min time     Max time
Copy:            8436.1     1.610169     1.527353     1.804706
Scale:           8387.6     1.786065     1.536191     2.389717
Add:             9063.1     2.508583     2.132530     2.947026
Triad:           9042.3     2.342610     2.137441     3.026157
-------------------------------------------------------------
Solution Validates: avg error less than 1.000000e-13 on all three arrays
-------------------------------------------------------------
1
sched_getaffinity = 1 1 1 1 1 1 1 1 1 1 1 1 1 1 1 1 1 1 1 1 1 1 1 1 1 1 1 1 1 1 1 1 1 1 1 1 1 1 1 1 1 1 1 1 1 1 1 1 1 1 1 1 1 1 1 1 1 1 1 1 1 1 1 1 
sched_getcpu = 38
** RAPL-logger - Process terminated, computing results
Recorded wall time (s): 101.1100
Domain intel-rapl:0 (package-1) energy consumption (j): 3444.8988
Domain intel-rapl:0 (package-1) avg. power consumption (W):  34.0708
Domain intel-rapl:0/intel-rapl:0:0 (dram) energy consumption (j): 211.6857
Domain intel-rapl:0/intel-rapl:0:0 (dram) avg. power consumption (W):   2.0936
Domain intel-rapl:1 (package-0) energy consumption (j): 4369.1713
Domain intel-rapl:1 (package-0) avg. power consumption (W):  43.2121
Domain intel-rapl:1/intel-rapl:1:0 (dram) energy consumption (j): 241.7217
Domain intel-rapl:1/intel-rapl:1:0 (dram) avg. power consumption (W):   2.3907
