** RAPL-logger - 2 packages - Sampling freq.  10.0 Hz - Logfiles 0-3: /tmp/rapllog+1594059102
** RAPL-logger - Profiling: ../allocator 1 ../stream.bin
-------------------------------------------------------------
STREAM version $Revision: 5.10 $
-------------------------------------------------------------
This system uses 8 bytes per array element.
-------------------------------------------------------------
Array size = 402653184 (elements), Offset = 0 (elements)
Memory per array = 3072.0 MiB (= 3.0 GiB).
Total memory required = 9216.0 MiB (= 9.0 GiB).
Each kernel will be executed 10 times.
 The *best* time for each kernel (excluding the first iteration)
 will be used to compute the reported bandwidth.
-------------------------------------------------------------
Your clock granularity/precision appears to be 1 microseconds.
Each test below will take on the order of 441522 microseconds.
   (= 441522 clock ticks)
Increase the size of the arrays if this shows that
you are not getting at least 20 clock ticks per test.
-------------------------------------------------------------
WARNING -- The above is only a rough guideline.
For best results, please be sure you know the
precision of your system timer.
-------------------------------------------------------------
Function    Best Rate MB/s  Avg time     Min time     Max time
Copy:            8946.5     0.720693     0.720110     0.722000
Scale:           8807.3     0.732339     0.731490     0.733260
Add:             9196.1     1.051688     1.050840     1.053004
Triad:           9129.7     1.059080     1.058490     1.059937
-------------------------------------------------------------
Solution Validates: avg error less than 1.000000e-13 on all three arrays
-------------------------------------------------------------
1
sched_getaffinity = 1 1 1 1 1 1 1 1 1 1 1 1 1 1 1 1 1 1 1 1 1 1 1 1 1 1 1 1 1 1 1 1 1 1 1 1 1 1 1 1 1 1 1 1 1 1 1 1 1 1 1 1 1 1 1 1 1 1 1 1 1 1 1 1 
sched_getcpu = 38
** RAPL-logger - Process terminated, computing results
Recorded wall time (s):  40.9220
Domain intel-rapl:0 (package-1) energy consumption (j): 1549.9067
Domain intel-rapl:0 (package-1) avg. power consumption (W):  37.8747
Domain intel-rapl:0/intel-rapl:0:0 (dram) energy consumption (j): 119.9306
Domain intel-rapl:0/intel-rapl:0:0 (dram) avg. power consumption (W):   2.9307
Domain intel-rapl:1 (package-0) energy consumption (j): 1643.4189
Domain intel-rapl:1 (package-0) avg. power consumption (W):  40.1598
Domain intel-rapl:1/intel-rapl:1:0 (dram) energy consumption (j):  65.9311
Domain intel-rapl:1/intel-rapl:1:0 (dram) avg. power consumption (W):   1.6111
