** RAPL-logger - 2 packages - Sampling freq.  10.0 Hz - Logfiles 0-3: /tmp/rapllog+1594058980
** RAPL-logger - Profiling: ../allocator 1 ../stream.bin
-------------------------------------------------------------
STREAM version $Revision: 5.10 $
-------------------------------------------------------------
This system uses 8 bytes per array element.
-------------------------------------------------------------
Array size = 134217728 (elements), Offset = 0 (elements)
Memory per array = 1024.0 MiB (= 1.0 GiB).
Total memory required = 3072.0 MiB (= 3.0 GiB).
Each kernel will be executed 10 times.
 The *best* time for each kernel (excluding the first iteration)
 will be used to compute the reported bandwidth.
-------------------------------------------------------------
Your clock granularity/precision appears to be 1 microseconds.
Each test below will take on the order of 146337 microseconds.
   (= 146337 clock ticks)
Increase the size of the arrays if this shows that
you are not getting at least 20 clock ticks per test.
-------------------------------------------------------------
WARNING -- The above is only a rough guideline.
For best results, please be sure you know the
precision of your system timer.
-------------------------------------------------------------
Function    Best Rate MB/s  Avg time     Min time     Max time
Copy:            8926.9     0.240914     0.240562     0.241275
Scale:           8833.1     0.243440     0.243118     0.244317
Add:             9222.4     0.349954     0.349284     0.350650
Triad:           9163.6     0.352119     0.351523     0.352568
-------------------------------------------------------------
Solution Validates: avg error less than 1.000000e-13 on all three arrays
-------------------------------------------------------------
1
sched_getaffinity = 1 1 1 1 1 1 1 1 1 1 1 1 1 1 1 1 1 1 1 1 1 1 1 1 1 1 1 1 1 1 1 1 1 1 1 1 1 1 1 1 1 1 1 1 1 1 1 1 1 1 1 1 1 1 1 1 1 1 1 1 1 1 1 1 
sched_getcpu = 38
** RAPL-logger - Process terminated, computing results
Recorded wall time (s):  13.6200
Domain intel-rapl:0 (package-1) energy consumption (j): 515.4071
Domain intel-rapl:0 (package-1) avg. power consumption (W):  37.8419
Domain intel-rapl:0/intel-rapl:0:0 (dram) energy consumption (j):  39.9114
Domain intel-rapl:0/intel-rapl:0:0 (dram) avg. power consumption (W):   2.9303
Domain intel-rapl:1 (package-0) energy consumption (j): 543.5040
Domain intel-rapl:1 (package-0) avg. power consumption (W):  39.9048
Domain intel-rapl:1/intel-rapl:1:0 (dram) energy consumption (j):  21.6666
Domain intel-rapl:1/intel-rapl:1:0 (dram) avg. power consumption (W):   1.5908
