** RAPL-logger - 2 packages - Sampling freq.  10.0 Hz - Logfiles 0-3: /tmp/rapllog+1594059207
** RAPL-logger - Profiling: ../allocator 1 ../stream.bin
-------------------------------------------------------------
STREAM version $Revision: 5.10 $
-------------------------------------------------------------
This system uses 8 bytes per array element.
-------------------------------------------------------------
Array size = 536870912 (elements), Offset = 0 (elements)
Memory per array = 4096.0 MiB (= 4.0 GiB).
Total memory required = 12288.0 MiB (= 12.0 GiB).
Each kernel will be executed 10 times.
 The *best* time for each kernel (excluding the first iteration)
 will be used to compute the reported bandwidth.
-------------------------------------------------------------
Your clock granularity/precision appears to be 1 microseconds.
Each test below will take on the order of 587298 microseconds.
   (= 587298 clock ticks)
Increase the size of the arrays if this shows that
you are not getting at least 20 clock ticks per test.
-------------------------------------------------------------
WARNING -- The above is only a rough guideline.
For best results, please be sure you know the
precision of your system timer.
-------------------------------------------------------------
Function    Best Rate MB/s  Avg time     Min time     Max time
Copy:            9018.8     0.967792     0.952446     1.021432
Scale:           8877.7     0.976322     0.967587     1.039924
Add:             9322.0     1.393715     1.382198     1.450697
Triad:           9265.6     1.418246     1.390617     1.460543
-------------------------------------------------------------
Solution Validates: avg error less than 1.000000e-13 on all three arrays
-------------------------------------------------------------
1
sched_getaffinity = 1 1 1 1 1 1 1 1 1 1 1 1 1 1 1 1 1 1 1 1 1 1 1 1 1 1 1 1 1 1 1 1 1 1 1 1 1 1 1 1 1 1 1 1 1 1 1 1 1 1 1 1 1 1 1 1 1 1 1 1 1 1 1 1 
sched_getcpu = 39
** RAPL-logger - Process terminated, computing results
Recorded wall time (s):  55.1610
Domain intel-rapl:0 (package-1) energy consumption (j): 2084.2865
Domain intel-rapl:0 (package-1) avg. power consumption (W):  37.7855
Domain intel-rapl:0/intel-rapl:0:0 (dram) energy consumption (j): 160.5938
Domain intel-rapl:0/intel-rapl:0:0 (dram) avg. power consumption (W):   2.9114
Domain intel-rapl:1 (package-0) energy consumption (j): 2211.0801
Domain intel-rapl:1 (package-0) avg. power consumption (W):  40.0841
Domain intel-rapl:1/intel-rapl:1:0 (dram) energy consumption (j):  88.8386
Domain intel-rapl:1/intel-rapl:1:0 (dram) avg. power consumption (W):   1.6105
