** RAPL-logger - 2 packages - Sampling freq.  10.0 Hz - Logfiles 0-3: /tmp/rapllog+1594059528
** RAPL-logger - Profiling: ../allocator 1 ../stream.bin
-------------------------------------------------------------
STREAM version $Revision: 5.10 $
-------------------------------------------------------------
This system uses 8 bytes per array element.
-------------------------------------------------------------
Array size = 805306368 (elements), Offset = 0 (elements)
Memory per array = 6144.0 MiB (= 6.0 GiB).
Total memory required = 18432.0 MiB (= 18.0 GiB).
Each kernel will be executed 10 times.
 The *best* time for each kernel (excluding the first iteration)
 will be used to compute the reported bandwidth.
-------------------------------------------------------------
Your clock granularity/precision appears to be 1 microseconds.
Each test below will take on the order of 1212454 microseconds.
   (= 1212454 clock ticks)
Increase the size of the arrays if this shows that
you are not getting at least 20 clock ticks per test.
-------------------------------------------------------------
WARNING -- The above is only a rough guideline.
For best results, please be sure you know the
precision of your system timer.
-------------------------------------------------------------
Function    Best Rate MB/s  Avg time     Min time     Max time
Copy:            8592.5     1.564145     1.499549     1.746027
Scale:           8505.5     1.649155     1.514885     1.835797
Add:             9102.9     2.173133     2.123206     2.305450
Triad:           9051.1     2.262690     2.135348     2.534827
-------------------------------------------------------------
Solution Validates: avg error less than 1.000000e-13 on all three arrays
-------------------------------------------------------------
1
sched_getaffinity = 1 1 1 1 1 1 1 1 1 1 1 1 1 1 1 1 1 1 1 1 1 1 1 1 1 1 1 1 1 1 1 1 1 1 1 1 1 1 1 1 1 1 1 1 1 1 1 1 1 1 1 1 1 1 1 1 1 1 1 1 1 1 1 1 
sched_getcpu = 38
** RAPL-logger - Process terminated, computing results
Recorded wall time (s):  91.4490
Domain intel-rapl:0 (package-1) energy consumption (j): 3413.1912
Domain intel-rapl:0 (package-1) avg. power consumption (W):  37.3234
Domain intel-rapl:0/intel-rapl:0:0 (dram) energy consumption (j): 226.2952
Domain intel-rapl:0/intel-rapl:0:0 (dram) avg. power consumption (W):   2.4746
Domain intel-rapl:1 (package-0) energy consumption (j): 3737.7783
Domain intel-rapl:1 (package-0) avg. power consumption (W):  40.8728
Domain intel-rapl:1/intel-rapl:1:0 (dram) energy consumption (j): 186.4151
Domain intel-rapl:1/intel-rapl:1:0 (dram) avg. power consumption (W):   2.0385
