** RAPL-logger - 2 packages - Sampling freq.  10.0 Hz - Logfiles 0-3: /tmp/rapllog+1594060009
** RAPL-logger - Profiling: ../allocator 1 ../stream.bin
-------------------------------------------------------------
STREAM version $Revision: 5.10 $
-------------------------------------------------------------
This system uses 8 bytes per array element.
-------------------------------------------------------------
Array size = 1073741824 (elements), Offset = 0 (elements)
Memory per array = 8192.0 MiB (= 8.0 GiB).
Total memory required = 24576.0 MiB (= 24.0 GiB).
Each kernel will be executed 10 times.
 The *best* time for each kernel (excluding the first iteration)
 will be used to compute the reported bandwidth.
-------------------------------------------------------------
Your clock granularity/precision appears to be 1 microseconds.
Each test below will take on the order of 2195775 microseconds.
   (= 2195775 clock ticks)
Increase the size of the arrays if this shows that
you are not getting at least 20 clock ticks per test.
-------------------------------------------------------------
WARNING -- The above is only a rough guideline.
For best results, please be sure you know the
precision of your system timer.
-------------------------------------------------------------
Function    Best Rate MB/s  Avg time     Min time     Max time
Copy:            8268.3     2.229769     2.077801     2.647887
Scale:           8235.3     2.234086     2.086116     2.780027
Add:             8872.5     3.040044     2.904472     3.468417
Triad:           8857.6     3.247190     2.909351     3.546881
-------------------------------------------------------------
Solution Validates: avg error less than 1.000000e-13 on all three arrays
-------------------------------------------------------------
1
sched_getaffinity = 1 1 1 1 1 1 1 1 1 1 1 1 1 1 1 1 1 1 1 1 1 1 1 1 1 1 1 1 1 1 1 1 1 1 1 1 1 1 1 1 1 1 1 1 1 1 1 1 1 1 1 1 1 1 1 1 1 1 1 1 1 1 1 1 
sched_getcpu = 39
** RAPL-logger - Process terminated, computing results
Recorded wall time (s): 131.1740
Domain intel-rapl:0 (package-1) energy consumption (j): 4847.3089
Domain intel-rapl:0 (package-1) avg. power consumption (W):  36.9533
Domain intel-rapl:0/intel-rapl:0:0 (dram) energy consumption (j): 288.4491
Domain intel-rapl:0/intel-rapl:0:0 (dram) avg. power consumption (W):   2.1990
Domain intel-rapl:1 (package-0) energy consumption (j): 5343.7179
Domain intel-rapl:1 (package-0) avg. power consumption (W):  40.7376
Domain intel-rapl:1/intel-rapl:1:0 (dram) energy consumption (j): 300.9145
Domain intel-rapl:1/intel-rapl:1:0 (dram) avg. power consumption (W):   2.2940
