** RAPL-logger - 2 packages - Sampling freq.  10.0 Hz - Logfiles 0-3: /tmp/rapllog+1594059027
** RAPL-logger - Profiling: ../allocator 1 ../stream.bin
-------------------------------------------------------------
STREAM version $Revision: 5.10 $
-------------------------------------------------------------
This system uses 8 bytes per array element.
-------------------------------------------------------------
Array size = 268435456 (elements), Offset = 0 (elements)
Memory per array = 2048.0 MiB (= 2.0 GiB).
Total memory required = 6144.0 MiB (= 6.0 GiB).
Each kernel will be executed 10 times.
 The *best* time for each kernel (excluding the first iteration)
 will be used to compute the reported bandwidth.
-------------------------------------------------------------
Your clock granularity/precision appears to be 1 microseconds.
Each test below will take on the order of 295176 microseconds.
   (= 295176 clock ticks)
Increase the size of the arrays if this shows that
you are not getting at least 20 clock ticks per test.
-------------------------------------------------------------
WARNING -- The above is only a rough guideline.
For best results, please be sure you know the
precision of your system timer.
-------------------------------------------------------------
Function    Best Rate MB/s  Avg time     Min time     Max time
Copy:            8957.9     0.480165     0.479460     0.481240
Scale:           8813.0     0.487970     0.487342     0.488814
Add:             9207.6     0.700561     0.699691     0.702057
Triad:           9144.3     0.705594     0.704533     0.706836
-------------------------------------------------------------
Solution Validates: avg error less than 1.000000e-13 on all three arrays
-------------------------------------------------------------
1
sched_getaffinity = 1 1 1 1 1 1 1 1 1 1 1 1 1 1 1 1 1 1 1 1 1 1 1 1 1 1 1 1 1 1 1 1 1 1 1 1 1 1 1 1 1 1 1 1 1 1 1 1 1 1 1 1 1 1 1 1 1 1 1 1 1 1 1 1 
sched_getcpu = 38
** RAPL-logger - Process terminated, computing results
Recorded wall time (s):  27.2950
Domain intel-rapl:0 (package-1) energy consumption (j): 1030.5967
Domain intel-rapl:0 (package-1) avg. power consumption (W):  37.7577
Domain intel-rapl:0/intel-rapl:0:0 (dram) energy consumption (j):  79.8448
Domain intel-rapl:0/intel-rapl:0:0 (dram) avg. power consumption (W):   2.9253
Domain intel-rapl:1 (package-0) energy consumption (j): 1097.2966
Domain intel-rapl:1 (package-0) avg. power consumption (W):  40.2014
Domain intel-rapl:1/intel-rapl:1:0 (dram) energy consumption (j):  44.0005
Domain intel-rapl:1/intel-rapl:1:0 (dram) avg. power consumption (W):   1.6120
