** RAPL-logger - 2 packages - Sampling freq.  10.0 Hz - Logfiles 0-3: /tmp/rapllog+1594059348
** RAPL-logger - Profiling: ../allocator 1 ../stream.bin
-------------------------------------------------------------
STREAM version $Revision: 5.10 $
-------------------------------------------------------------
This system uses 8 bytes per array element.
-------------------------------------------------------------
Array size = 671088640 (elements), Offset = 0 (elements)
Memory per array = 5120.0 MiB (= 5.0 GiB).
Total memory required = 15360.0 MiB (= 15.0 GiB).
Each kernel will be executed 10 times.
 The *best* time for each kernel (excluding the first iteration)
 will be used to compute the reported bandwidth.
-------------------------------------------------------------
Your clock granularity/precision appears to be 1 microseconds.
Each test below will take on the order of 1012423 microseconds.
   (= 1012423 clock ticks)
Increase the size of the arrays if this shows that
you are not getting at least 20 clock ticks per test.
-------------------------------------------------------------
WARNING -- The above is only a rough guideline.
For best results, please be sure you know the
precision of your system timer.
-------------------------------------------------------------
Function    Best Rate MB/s  Avg time     Min time     Max time
Copy:            8910.4     1.246895     1.205038     1.414730
Scale:           8790.9     1.282226     1.221427     1.453950
Add:             9345.5     1.790360     1.723411     1.948997
Triad:           9292.6     1.751825     1.733224     1.847327
-------------------------------------------------------------
Solution Validates: avg error less than 1.000000e-13 on all three arrays
-------------------------------------------------------------
1
sched_getaffinity = 1 1 1 1 1 1 1 1 1 1 1 1 1 1 1 1 1 1 1 1 1 1 1 1 1 1 1 1 1 1 1 1 1 1 1 1 1 1 1 1 1 1 1 1 1 1 1 1 1 1 1 1 1 1 1 1 1 1 1 1 1 1 1 1 
sched_getcpu = 38
** RAPL-logger - Process terminated, computing results
Recorded wall time (s):  71.7480
Domain intel-rapl:0 (package-1) energy consumption (j): 2708.3662
Domain intel-rapl:0 (package-1) avg. power consumption (W):  37.7483
Domain intel-rapl:0/intel-rapl:0:0 (dram) energy consumption (j): 195.6295
Domain intel-rapl:0/intel-rapl:0:0 (dram) avg. power consumption (W):   2.7266
Domain intel-rapl:1 (package-0) energy consumption (j): 2914.3039
Domain intel-rapl:1 (package-0) avg. power consumption (W):  40.6186
Domain intel-rapl:1/intel-rapl:1:0 (dram) energy consumption (j): 128.2609
Domain intel-rapl:1/intel-rapl:1:0 (dram) avg. power consumption (W):   1.7877
