** RAPL-logger - 2 packages - Sampling freq.  10.0 Hz - Logfiles 0-3: /tmp/rapllog+1594059623
** RAPL-logger - Profiling: ../allocator 0 ../stream.bin
-------------------------------------------------------------
STREAM version $Revision: 5.10 $
-------------------------------------------------------------
This system uses 8 bytes per array element.
-------------------------------------------------------------
Array size = 939524096 (elements), Offset = 0 (elements)
Memory per array = 7168.0 MiB (= 7.0 GiB).
Total memory required = 21504.0 MiB (= 21.0 GiB).
Each kernel will be executed 10 times.
 The *best* time for each kernel (excluding the first iteration)
 will be used to compute the reported bandwidth.
-------------------------------------------------------------
Your clock granularity/precision appears to be 1 microseconds.
Each test below will take on the order of 2351808 microseconds.
   (= 2351808 clock ticks)
Increase the size of the arrays if this shows that
you are not getting at least 20 clock ticks per test.
-------------------------------------------------------------
WARNING -- The above is only a rough guideline.
For best results, please be sure you know the
precision of your system timer.
-------------------------------------------------------------
Function    Best Rate MB/s  Avg time     Min time     Max time
Copy:            8279.8     1.859463     1.815545     2.003122
Scale:           8214.5     2.153444     1.829975     2.751776
Add:             8444.8     3.159083     2.670127     3.662289
Triad:           8942.5     2.837688     2.521503     3.597275
-------------------------------------------------------------
Solution Validates: avg error less than 1.000000e-13 on all three arrays
-------------------------------------------------------------
1
sched_getaffinity = 1 1 1 1 1 1 1 1 1 1 1 1 1 1 1 1 1 1 1 1 1 1 1 1 1 1 1 1 1 1 1 1 1 1 1 1 1 1 1 1 1 1 1 1 1 1 1 1 1 1 1 1 1 1 1 1 1 1 1 1 1 1 1 1 
sched_getcpu = 38
** RAPL-logger - Process terminated, computing results
Recorded wall time (s): 122.5470
Domain intel-rapl:0 (package-1) energy consumption (j): 4197.9882
Domain intel-rapl:0 (package-1) avg. power consumption (W):  34.2561
Domain intel-rapl:0/intel-rapl:0:0 (dram) energy consumption (j): 269.8869
Domain intel-rapl:0/intel-rapl:0:0 (dram) avg. power consumption (W):   2.2023
Domain intel-rapl:1 (package-0) energy consumption (j): 5271.3220
Domain intel-rapl:1 (package-0) avg. power consumption (W):  43.0147
Domain intel-rapl:1/intel-rapl:1:0 (dram) energy consumption (j): 275.8232
Domain intel-rapl:1/intel-rapl:1:0 (dram) avg. power consumption (W):   2.2508
