** RAPL-logger - 2 packages - Sampling freq.  10.0 Hz - Logfiles 0-3: /tmp/rapllog+1594059267
** RAPL-logger - Profiling: ../allocator 0 ../stream.bin
-------------------------------------------------------------
STREAM version $Revision: 5.10 $
-------------------------------------------------------------
This system uses 8 bytes per array element.
-------------------------------------------------------------
Array size = 671088640 (elements), Offset = 0 (elements)
Memory per array = 5120.0 MiB (= 5.0 GiB).
Total memory required = 15360.0 MiB (= 15.0 GiB).
Each kernel will be executed 10 times.
 The *best* time for each kernel (excluding the first iteration)
 will be used to compute the reported bandwidth.
-------------------------------------------------------------
Your clock granularity/precision appears to be 1 microseconds.
Each test below will take on the order of 1218353 microseconds.
   (= 1218353 clock ticks)
Increase the size of the arrays if this shows that
you are not getting at least 20 clock ticks per test.
-------------------------------------------------------------
WARNING -- The above is only a rough guideline.
For best results, please be sure you know the
precision of your system timer.
-------------------------------------------------------------
Function    Best Rate MB/s  Avg time     Min time     Max time
Copy:            8683.3     1.314826     1.236558     1.600632
Scale:           8601.1     1.318389     1.248376     1.572250
Add:             9217.5     2.006290     1.747346     2.317224
Triad:           9206.1     1.935756     1.749499     2.239328
-------------------------------------------------------------
Solution Validates: avg error less than 1.000000e-13 on all three arrays
-------------------------------------------------------------
1
sched_getaffinity = 1 1 1 1 1 1 1 1 1 1 1 1 1 1 1 1 1 1 1 1 1 1 1 1 1 1 1 1 1 1 1 1 1 1 1 1 1 1 1 1 1 1 1 1 1 1 1 1 1 1 1 1 1 1 1 1 1 1 1 1 1 1 1 1 
sched_getcpu = 43
** RAPL-logger - Process terminated, computing results
Recorded wall time (s):  79.8320
Domain intel-rapl:0 (package-1) energy consumption (j): 2707.4674
Domain intel-rapl:0 (package-1) avg. power consumption (W):  33.9146
Domain intel-rapl:0/intel-rapl:0:0 (dram) energy consumption (j): 153.5202
Domain intel-rapl:0/intel-rapl:0:0 (dram) avg. power consumption (W):   1.9230
Domain intel-rapl:1 (package-0) energy consumption (j): 3484.0525
Domain intel-rapl:1 (package-0) avg. power consumption (W):  43.6423
Domain intel-rapl:1/intel-rapl:1:0 (dram) energy consumption (j): 206.8391
Domain intel-rapl:1/intel-rapl:1:0 (dram) avg. power consumption (W):   2.5909
