** RAPL-logger - 2 packages - Sampling freq.  10.0 Hz - Logfiles 0-3: /tmp/rapllog+1593936711
** RAPL-logger - Profiling: ../allocator 6 ../stream.bin
-------------------------------------------------------------
STREAM version $Revision: 5.10 $
-------------------------------------------------------------
This system uses 8 bytes per array element.
-------------------------------------------------------------
Array size = 134217728 (elements), Offset = 0 (elements)
Memory per array = 1024.0 MiB (= 1.0 GiB).
Total memory required = 3072.0 MiB (= 3.0 GiB).
Each kernel will be executed 10 times.
 The *best* time for each kernel (excluding the first iteration)
 will be used to compute the reported bandwidth.
-------------------------------------------------------------
Your clock granularity/precision appears to be 1 microseconds.
Each test below will take on the order of 142354 microseconds.
   (= 142354 clock ticks)
Increase the size of the arrays if this shows that
you are not getting at least 20 clock ticks per test.
-------------------------------------------------------------
WARNING -- The above is only a rough guideline.
For best results, please be sure you know the
precision of your system timer.
-------------------------------------------------------------
Function    Best Rate MB/s  Avg time     Min time     Max time
Copy:            8936.0     0.240897     0.240317     0.241243
Scale:           8838.4     0.243208     0.242973     0.243762
Add:             9246.7     0.349079     0.348365     0.349925
Triad:           9175.3     0.351548     0.351074     0.351946
-------------------------------------------------------------
Solution Validates: avg error less than 1.000000e-13 on all three arrays
-------------------------------------------------------------
1
sched_getaffinity = 1 1 1 1 1 1 1 1 1 1 1 1 1 1 1 1 1 1 1 1 1 1 1 1 1 1 1 1 1 1 1 1 1 1 1 1 1 1 1 1 1 1 1 1 1 1 1 1 1 1 1 1 1 1 1 1 1 1 1 1 1 1 1 1 
sched_getcpu = 38
** RAPL-logger - Process terminated, computing results
Recorded wall time (s):  13.5930
Domain intel-rapl:0 (package-1) energy consumption (j): 446.9049
Domain intel-rapl:0 (package-1) avg. power consumption (W):  32.8776
Domain intel-rapl:0/intel-rapl:0:0 (dram) energy consumption (j):  20.9574
Domain intel-rapl:0/intel-rapl:0:0 (dram) avg. power consumption (W):   1.5418
Domain intel-rapl:1 (package-0) energy consumption (j): 597.1147
Domain intel-rapl:1 (package-0) avg. power consumption (W):  43.9281
Domain intel-rapl:1/intel-rapl:1:0 (dram) energy consumption (j):  41.1786
Domain intel-rapl:1/intel-rapl:1:0 (dram) avg. power consumption (W):   3.0294
