** RAPL-logger - 2 packages - Sampling freq.  10.0 Hz - Logfiles 0-3: /tmp/rapllog+1594011426
** RAPL-logger - Profiling: ../allocator 36 ../stream.bin
-------------------------------------------------------------
STREAM version $Revision: 5.10 $
-------------------------------------------------------------
This system uses 8 bytes per array element.
-------------------------------------------------------------
Array size = 134217728 (elements), Offset = 0 (elements)
Memory per array = 1024.0 MiB (= 1.0 GiB).
Total memory required = 3072.0 MiB (= 3.0 GiB).
Each kernel will be executed 10 times.
 The *best* time for each kernel (excluding the first iteration)
 will be used to compute the reported bandwidth.
-------------------------------------------------------------
Your clock granularity/precision appears to be 1 microseconds.
Each test below will take on the order of 147042 microseconds.
   (= 147042 clock ticks)
Increase the size of the arrays if this shows that
you are not getting at least 20 clock ticks per test.
-------------------------------------------------------------
WARNING -- The above is only a rough guideline.
For best results, please be sure you know the
precision of your system timer.
-------------------------------------------------------------
Function    Best Rate MB/s  Avg time     Min time     Max time
Copy:            8915.3     0.241159     0.240875     0.241486
Scale:           8824.3     0.243707     0.243361     0.244332
Add:             9216.9     0.350231     0.349490     0.351078
Triad:           9147.4     0.352718     0.352145     0.353090
-------------------------------------------------------------
Solution Validates: avg error less than 1.000000e-13 on all three arrays
-------------------------------------------------------------
1
sched_getaffinity = 1 1 1 1 1 1 1 1 1 1 1 1 1 1 1 1 1 1 1 1 1 1 1 1 1 1 1 1 1 1 1 1 1 1 1 1 1 1 1 1 1 1 1 1 1 1 1 1 1 1 1 1 1 1 1 1 1 1 1 1 1 1 1 1 
sched_getcpu = 38
** RAPL-logger - Process terminated, computing results
Recorded wall time (s):  13.6130
Domain intel-rapl:0 (package-1) energy consumption (j): 447.4881
Domain intel-rapl:0 (package-1) avg. power consumption (W):  32.8721
Domain intel-rapl:0/intel-rapl:0:0 (dram) energy consumption (j):  20.9558
Domain intel-rapl:0/intel-rapl:0:0 (dram) avg. power consumption (W):   1.5394
Domain intel-rapl:1 (package-0) energy consumption (j): 597.8742
Domain intel-rapl:1 (package-0) avg. power consumption (W):  43.9194
Domain intel-rapl:1/intel-rapl:1:0 (dram) energy consumption (j):  41.2630
Domain intel-rapl:1/intel-rapl:1:0 (dram) avg. power consumption (W):   3.0311
