** RAPL-logger - 2 packages - Sampling freq.  10.0 Hz - Logfiles 0-3: /tmp/rapllog+1594011520
** RAPL-logger - Profiling: ../allocator 34 ../stream.bin
-------------------------------------------------------------
STREAM version $Revision: 5.10 $
-------------------------------------------------------------
This system uses 8 bytes per array element.
-------------------------------------------------------------
Array size = 134217728 (elements), Offset = 0 (elements)
Memory per array = 1024.0 MiB (= 1.0 GiB).
Total memory required = 3072.0 MiB (= 3.0 GiB).
Each kernel will be executed 10 times.
 The *best* time for each kernel (excluding the first iteration)
 will be used to compute the reported bandwidth.
-------------------------------------------------------------
Your clock granularity/precision appears to be 1 microseconds.
Each test below will take on the order of 146392 microseconds.
   (= 146392 clock ticks)
Increase the size of the arrays if this shows that
you are not getting at least 20 clock ticks per test.
-------------------------------------------------------------
WARNING -- The above is only a rough guideline.
For best results, please be sure you know the
precision of your system timer.
-------------------------------------------------------------
Function    Best Rate MB/s  Avg time     Min time     Max time
Copy:            8909.4     0.241413     0.241036     0.241764
Scale:           8821.8     0.243783     0.243430     0.244564
Add:             9217.4     0.350076     0.349471     0.351055
Triad:           9147.8     0.352817     0.352130     0.353335
-------------------------------------------------------------
Solution Validates: avg error less than 1.000000e-13 on all three arrays
-------------------------------------------------------------
1
sched_getaffinity = 1 1 1 1 1 1 1 1 1 1 1 1 1 1 1 1 1 1 1 1 1 1 1 1 1 1 1 1 1 1 1 1 1 1 1 1 1 1 1 1 1 1 1 1 1 1 1 1 1 1 1 1 1 1 1 1 1 1 1 1 1 1 1 1 
sched_getcpu = 39
** RAPL-logger - Process terminated, computing results
Recorded wall time (s):  13.6140
Domain intel-rapl:0 (package-1) energy consumption (j): 447.0840
Domain intel-rapl:0 (package-1) avg. power consumption (W):  32.8400
Domain intel-rapl:0/intel-rapl:0:0 (dram) energy consumption (j):  20.9474
Domain intel-rapl:0/intel-rapl:0:0 (dram) avg. power consumption (W):   1.5387
Domain intel-rapl:1 (package-0) energy consumption (j): 598.4086
Domain intel-rapl:1 (package-0) avg. power consumption (W):  43.9554
Domain intel-rapl:1/intel-rapl:1:0 (dram) energy consumption (j):  41.2694
Domain intel-rapl:1/intel-rapl:1:0 (dram) avg. power consumption (W):   3.0314
