** RAPL-logger - 2 packages - Sampling freq.  10.0 Hz - Logfiles 0-3: /tmp/rapllog+1593936648
** RAPL-logger - Profiling: ../allocator 8 ../stream.bin
-------------------------------------------------------------
STREAM version $Revision: 5.10 $
-------------------------------------------------------------
This system uses 8 bytes per array element.
-------------------------------------------------------------
Array size = 134217728 (elements), Offset = 0 (elements)
Memory per array = 1024.0 MiB (= 1.0 GiB).
Total memory required = 3072.0 MiB (= 3.0 GiB).
Each kernel will be executed 10 times.
 The *best* time for each kernel (excluding the first iteration)
 will be used to compute the reported bandwidth.
-------------------------------------------------------------
Your clock granularity/precision appears to be 1 microseconds.
Each test below will take on the order of 151771 microseconds.
   (= 151771 clock ticks)
Increase the size of the arrays if this shows that
you are not getting at least 20 clock ticks per test.
-------------------------------------------------------------
WARNING -- The above is only a rough guideline.
For best results, please be sure you know the
precision of your system timer.
-------------------------------------------------------------
Function    Best Rate MB/s  Avg time     Min time     Max time
Copy:            8933.3     0.240837     0.240391     0.241330
Scale:           8831.9     0.243612     0.243151     0.244745
Add:             9234.8     0.349551     0.348815     0.350745
Triad:           9166.9     0.352083     0.351397     0.352801
-------------------------------------------------------------
Solution Validates: avg error less than 1.000000e-13 on all three arrays
-------------------------------------------------------------
1
sched_getaffinity = 1 1 1 1 1 1 1 1 1 1 1 1 1 1 1 1 1 1 1 1 1 1 1 1 1 1 1 1 1 1 1 1 1 1 1 1 1 1 1 1 1 1 1 1 1 1 1 1 1 1 1 1 1 1 1 1 1 1 1 1 1 1 1 1 
sched_getcpu = 39
** RAPL-logger - Process terminated, computing results
Recorded wall time (s):  13.6140
Domain intel-rapl:0 (package-1) energy consumption (j): 448.9329
Domain intel-rapl:0 (package-1) avg. power consumption (W):  32.9758
Domain intel-rapl:0/intel-rapl:0:0 (dram) energy consumption (j):  20.9847
Domain intel-rapl:0/intel-rapl:0:0 (dram) avg. power consumption (W):   1.5414
Domain intel-rapl:1 (package-0) energy consumption (j): 603.5544
Domain intel-rapl:1 (package-0) avg. power consumption (W):  44.3334
Domain intel-rapl:1/intel-rapl:1:0 (dram) energy consumption (j):  41.1924
Domain intel-rapl:1/intel-rapl:1:0 (dram) avg. power consumption (W):   3.0257
