** RAPL-logger - 2 packages - Sampling freq.  10.0 Hz - Logfiles 0-3: /tmp/rapllog+1593933250
** RAPL-logger - Profiling: ../allocator 4 ../stream.bin
-------------------------------------------------------------
STREAM version $Revision: 5.10 $
-------------------------------------------------------------
This system uses 8 bytes per array element.
-------------------------------------------------------------
Array size = 268435456 (elements), Offset = 0 (elements)
Memory per array = 2048.0 MiB (= 2.0 GiB).
Total memory required = 6144.0 MiB (= 6.0 GiB).
Each kernel will be executed 10 times.
 The *best* time for each kernel (excluding the first iteration)
 will be used to compute the reported bandwidth.
-------------------------------------------------------------
Your clock granularity/precision appears to be 1 microseconds.
Each test below will take on the order of 293703 microseconds.
   (= 293703 clock ticks)
Increase the size of the arrays if this shows that
you are not getting at least 20 clock ticks per test.
-------------------------------------------------------------
WARNING -- The above is only a rough guideline.
For best results, please be sure you know the
precision of your system timer.
-------------------------------------------------------------
Function    Best Rate MB/s  Avg time     Min time     Max time
Copy:            8944.3     0.481534     0.480189     0.486462
Scale:           8803.2     0.488901     0.487890     0.491678
Add:             9185.9     0.702155     0.701345     0.703671
Triad:           9122.2     0.707601     0.706236     0.713286
-------------------------------------------------------------
Solution Validates: avg error less than 1.000000e-13 on all three arrays
-------------------------------------------------------------
1
sched_getaffinity = 1 1 1 1 1 1 1 1 1 1 1 1 1 1 1 1 1 1 1 1 1 1 1 1 1 1 1 1 1 1 1 1 1 1 1 1 1 1 1 1 1 1 1 1 1 1 1 1 1 1 1 1 1 1 1 1 1 1 1 1 1 1 1 1 
sched_getcpu = 39
** RAPL-logger - Process terminated, computing results
Recorded wall time (s):  27.3620
Domain intel-rapl:0 (package-1) energy consumption (j): 903.8557
Domain intel-rapl:0 (package-1) avg. power consumption (W):  33.0332
Domain intel-rapl:0/intel-rapl:0:0 (dram) energy consumption (j):  42.5808
Domain intel-rapl:0/intel-rapl:0:0 (dram) avg. power consumption (W):   1.5562
Domain intel-rapl:1 (package-0) energy consumption (j): 1216.2303
Domain intel-rapl:1 (package-0) avg. power consumption (W):  44.4496
Domain intel-rapl:1/intel-rapl:1:0 (dram) energy consumption (j):  83.2612
Domain intel-rapl:1/intel-rapl:1:0 (dram) avg. power consumption (W):   3.0430
