** RAPL-logger - 2 packages - Sampling freq.  10.0 Hz - Logfiles 0-3: /tmp/rapllog+1593935909
** RAPL-logger - Profiling: ../allocator 31 ../stream.bin
-------------------------------------------------------------
STREAM version $Revision: 5.10 $
-------------------------------------------------------------
This system uses 8 bytes per array element.
-------------------------------------------------------------
Array size = 536870912 (elements), Offset = 0 (elements)
Memory per array = 4096.0 MiB (= 4.0 GiB).
Total memory required = 12288.0 MiB (= 12.0 GiB).
Each kernel will be executed 10 times.
 The *best* time for each kernel (excluding the first iteration)
 will be used to compute the reported bandwidth.
-------------------------------------------------------------
Your clock granularity/precision appears to be 1 microseconds.
Each test below will take on the order of 585587 microseconds.
   (= 585587 clock ticks)
Increase the size of the arrays if this shows that
you are not getting at least 20 clock ticks per test.
-------------------------------------------------------------
WARNING -- The above is only a rough guideline.
For best results, please be sure you know the
precision of your system timer.
-------------------------------------------------------------
Function    Best Rate MB/s  Avg time     Min time     Max time
Copy:            8965.0     0.958712     0.958165     0.959604
Scale:           8824.7     0.974375     0.973400     0.976841
Add:             9221.7     1.398648     1.397233     1.400838
Triad:           9162.2     1.408383     1.406309     1.412584
-------------------------------------------------------------
Solution Validates: avg error less than 1.000000e-13 on all three arrays
-------------------------------------------------------------
1
sched_getaffinity = 1 1 1 1 1 1 1 1 1 1 1 1 1 1 1 1 1 1 1 1 1 1 1 1 1 1 1 1 1 1 1 1 1 1 1 1 1 1 1 1 1 1 1 1 1 1 1 1 1 1 1 1 1 1 1 1 1 1 1 1 1 1 1 1 
sched_getcpu = 39
** RAPL-logger - Process terminated, computing results
Recorded wall time (s):  54.4280
Domain intel-rapl:0 (package-1) energy consumption (j): 2065.0941
Domain intel-rapl:0 (package-1) avg. power consumption (W):  37.9418
Domain intel-rapl:0/intel-rapl:0:0 (dram) energy consumption (j): 159.3834
Domain intel-rapl:0/intel-rapl:0:0 (dram) avg. power consumption (W):   2.9283
Domain intel-rapl:1 (package-0) energy consumption (j): 2186.9683
Domain intel-rapl:1 (package-0) avg. power consumption (W):  40.1809
Domain intel-rapl:1/intel-rapl:1:0 (dram) energy consumption (j):  86.2439
Domain intel-rapl:1/intel-rapl:1:0 (dram) avg. power consumption (W):   1.5845
