** RAPL-logger - 2 packages - Sampling freq.  10.0 Hz - Logfiles 0-3: /tmp/rapllog+1593938792
** RAPL-logger - Profiling: ../allocator 30 ../stream.bin
-------------------------------------------------------------
STREAM version $Revision: 5.10 $
-------------------------------------------------------------
This system uses 8 bytes per array element.
-------------------------------------------------------------
Array size = 1073741824 (elements), Offset = 0 (elements)
Memory per array = 8192.0 MiB (= 8.0 GiB).
Total memory required = 24576.0 MiB (= 24.0 GiB).
Each kernel will be executed 10 times.
 The *best* time for each kernel (excluding the first iteration)
 will be used to compute the reported bandwidth.
-------------------------------------------------------------
Your clock granularity/precision appears to be 1 microseconds.
Each test below will take on the order of 2673263 microseconds.
   (= 2673263 clock ticks)
Increase the size of the arrays if this shows that
you are not getting at least 20 clock ticks per test.
-------------------------------------------------------------
WARNING -- The above is only a rough guideline.
For best results, please be sure you know the
precision of your system timer.
-------------------------------------------------------------
Function    Best Rate MB/s  Avg time     Min time     Max time
Copy:            8195.5     2.400511     2.096258     2.854820
Scale:           8178.6     2.654616     2.100578     3.465622
Add:             8921.3     3.373661     2.888572     3.948571
Triad:           8885.5     3.155320     2.900202     4.053022
-------------------------------------------------------------
Solution Validates: avg error less than 1.000000e-13 on all three arrays
-------------------------------------------------------------
1
sched_getaffinity = 1 1 1 1 1 1 1 1 1 1 1 1 1 1 1 1 1 1 1 1 1 1 1 1 1 1 1 1 1 1 1 1 1 1 1 1 1 1 1 1 1 1 1 1 1 1 1 1 1 1 1 1 1 1 1 1 1 1 1 1 1 1 1 1 
sched_getcpu = 38
** RAPL-logger - Process terminated, computing results
Recorded wall time (s): 142.2150
Domain intel-rapl:0 (package-1) energy consumption (j): 4876.1976
Domain intel-rapl:0 (package-1) avg. power consumption (W):  34.2875
Domain intel-rapl:0/intel-rapl:0:0 (dram) energy consumption (j): 321.4857
Domain intel-rapl:0/intel-rapl:0:0 (dram) avg. power consumption (W):   2.2606
Domain intel-rapl:1 (package-0) energy consumption (j): 6115.5374
Domain intel-rapl:1 (package-0) avg. power consumption (W):  43.0021
Domain intel-rapl:1/intel-rapl:1:0 (dram) energy consumption (j): 306.5374
Domain intel-rapl:1/intel-rapl:1:0 (dram) avg. power consumption (W):   2.1555
