** RAPL-logger - 2 packages - Sampling freq.  10.0 Hz - Logfiles 0-3: /tmp/rapllog+1593936758
** RAPL-logger - Profiling: ../allocator 24 ../stream.bin
-------------------------------------------------------------
STREAM version $Revision: 5.10 $
-------------------------------------------------------------
This system uses 8 bytes per array element.
-------------------------------------------------------------
Array size = 134217728 (elements), Offset = 0 (elements)
Memory per array = 1024.0 MiB (= 1.0 GiB).
Total memory required = 3072.0 MiB (= 3.0 GiB).
Each kernel will be executed 10 times.
 The *best* time for each kernel (excluding the first iteration)
 will be used to compute the reported bandwidth.
-------------------------------------------------------------
Your clock granularity/precision appears to be 1 microseconds.
Each test below will take on the order of 149219 microseconds.
   (= 149219 clock ticks)
Increase the size of the arrays if this shows that
you are not getting at least 20 clock ticks per test.
-------------------------------------------------------------
WARNING -- The above is only a rough guideline.
For best results, please be sure you know the
precision of your system timer.
-------------------------------------------------------------
Function    Best Rate MB/s  Avg time     Min time     Max time
Copy:            8944.2     0.240569     0.240099     0.241104
Scale:           8845.1     0.243171     0.242789     0.243974
Add:             9251.4     0.348881     0.348187     0.349708
Triad:           9184.5     0.351288     0.350725     0.351883
-------------------------------------------------------------
Solution Validates: avg error less than 1.000000e-13 on all three arrays
-------------------------------------------------------------
1
sched_getaffinity = 1 1 1 1 1 1 1 1 1 1 1 1 1 1 1 1 1 1 1 1 1 1 1 1 1 1 1 1 1 1 1 1 1 1 1 1 1 1 1 1 1 1 1 1 1 1 1 1 1 1 1 1 1 1 1 1 1 1 1 1 1 1 1 1 
sched_getcpu = 39
** RAPL-logger - Process terminated, computing results
Recorded wall time (s):  13.5970
Domain intel-rapl:0 (package-1) energy consumption (j): 447.0081
Domain intel-rapl:0 (package-1) avg. power consumption (W):  32.8755
Domain intel-rapl:0/intel-rapl:0:0 (dram) energy consumption (j):  20.9554
Domain intel-rapl:0/intel-rapl:0:0 (dram) avg. power consumption (W):   1.5412
Domain intel-rapl:1 (package-0) energy consumption (j): 596.7493
Domain intel-rapl:1 (package-0) avg. power consumption (W):  43.8883
Domain intel-rapl:1/intel-rapl:1:0 (dram) energy consumption (j):  41.1642
Domain intel-rapl:1/intel-rapl:1:0 (dram) avg. power consumption (W):   3.0274
