** RAPL-logger - 2 packages - Sampling freq.  10.0 Hz - Logfiles 0-3: /tmp/rapllog+1593933837
** RAPL-logger - Profiling: ../allocator 7 ../stream.bin
-------------------------------------------------------------
STREAM version $Revision: 5.10 $
-------------------------------------------------------------
This system uses 8 bytes per array element.
-------------------------------------------------------------
Array size = 268435456 (elements), Offset = 0 (elements)
Memory per array = 2048.0 MiB (= 2.0 GiB).
Total memory required = 6144.0 MiB (= 6.0 GiB).
Each kernel will be executed 10 times.
 The *best* time for each kernel (excluding the first iteration)
 will be used to compute the reported bandwidth.
-------------------------------------------------------------
Your clock granularity/precision appears to be 1 microseconds.
Each test below will take on the order of 293980 microseconds.
   (= 293980 clock ticks)
Increase the size of the arrays if this shows that
you are not getting at least 20 clock ticks per test.
-------------------------------------------------------------
WARNING -- The above is only a rough guideline.
For best results, please be sure you know the
precision of your system timer.
-------------------------------------------------------------
Function    Best Rate MB/s  Avg time     Min time     Max time
Copy:            8951.7     0.480205     0.479794     0.481177
Scale:           8816.2     0.487665     0.487168     0.488469
Add:             9219.0     0.699535     0.698823     0.700977
Triad:           9156.4     0.704608     0.703598     0.705614
-------------------------------------------------------------
Solution Validates: avg error less than 1.000000e-13 on all three arrays
-------------------------------------------------------------
1
sched_getaffinity = 1 1 1 1 1 1 1 1 1 1 1 1 1 1 1 1 1 1 1 1 1 1 1 1 1 1 1 1 1 1 1 1 1 1 1 1 1 1 1 1 1 1 1 1 1 1 1 1 1 1 1 1 1 1 1 1 1 1 1 1 1 1 1 1 
sched_getcpu = 36
** RAPL-logger - Process terminated, computing results
Recorded wall time (s):  27.2560
Domain intel-rapl:0 (package-1) energy consumption (j): 1030.8484
Domain intel-rapl:0 (package-1) avg. power consumption (W):  37.8210
Domain intel-rapl:0/intel-rapl:0:0 (dram) energy consumption (j):  80.3032
Domain intel-rapl:0/intel-rapl:0:0 (dram) avg. power consumption (W):   2.9463
Domain intel-rapl:1 (package-0) energy consumption (j): 1092.3156
Domain intel-rapl:1 (package-0) avg. power consumption (W):  40.0762
Domain intel-rapl:1/intel-rapl:1:0 (dram) energy consumption (j):  43.2647
Domain intel-rapl:1/intel-rapl:1:0 (dram) avg. power consumption (W):   1.5873
