** RAPL-logger - 2 packages - Sampling freq.  10.0 Hz - Logfiles 0-3: /tmp/rapllog+1594011552
** RAPL-logger - Profiling: ../allocator 56 ../stream.bin
-------------------------------------------------------------
STREAM version $Revision: 5.10 $
-------------------------------------------------------------
This system uses 8 bytes per array element.
-------------------------------------------------------------
Array size = 134217728 (elements), Offset = 0 (elements)
Memory per array = 1024.0 MiB (= 1.0 GiB).
Total memory required = 3072.0 MiB (= 3.0 GiB).
Each kernel will be executed 10 times.
 The *best* time for each kernel (excluding the first iteration)
 will be used to compute the reported bandwidth.
-------------------------------------------------------------
Your clock granularity/precision appears to be 1 microseconds.
Each test below will take on the order of 149308 microseconds.
   (= 149308 clock ticks)
Increase the size of the arrays if this shows that
you are not getting at least 20 clock ticks per test.
-------------------------------------------------------------
WARNING -- The above is only a rough guideline.
For best results, please be sure you know the
precision of your system timer.
-------------------------------------------------------------
Function    Best Rate MB/s  Avg time     Min time     Max time
Copy:            8940.8     0.240551     0.240190     0.240842
Scale:           8843.4     0.243164     0.242835     0.244027
Add:             9253.1     0.349576     0.348124     0.354866
Triad:           9173.1     0.352101     0.351160     0.356102
-------------------------------------------------------------
Solution Validates: avg error less than 1.000000e-13 on all three arrays
-------------------------------------------------------------
1
sched_getaffinity = 1 1 1 1 1 1 1 1 1 1 1 1 1 1 1 1 1 1 1 1 1 1 1 1 1 1 1 1 1 1 1 1 1 1 1 1 1 1 1 1 1 1 1 1 1 1 1 1 1 1 1 1 1 1 1 1 1 1 1 1 1 1 1 1 
sched_getcpu = 39
** RAPL-logger - Process terminated, computing results
Recorded wall time (s):  13.5820
Domain intel-rapl:0 (package-1) energy consumption (j): 450.2253
Domain intel-rapl:0 (package-1) avg. power consumption (W):  33.1487
Domain intel-rapl:0/intel-rapl:0:0 (dram) energy consumption (j):  20.9846
Domain intel-rapl:0/intel-rapl:0:0 (dram) avg. power consumption (W):   1.5450
Domain intel-rapl:1 (package-0) energy consumption (j): 602.0689
Domain intel-rapl:1 (package-0) avg. power consumption (W):  44.3284
Domain intel-rapl:1/intel-rapl:1:0 (dram) energy consumption (j):  41.3054
Domain intel-rapl:1/intel-rapl:1:0 (dram) avg. power consumption (W):   3.0412
