** RAPL-logger - 2 packages - Sampling freq.  10.0 Hz - Logfiles 0-3: /tmp/rapllog+1593936820
** RAPL-logger - Profiling: ../allocator 22 ../stream.bin
-------------------------------------------------------------
STREAM version $Revision: 5.10 $
-------------------------------------------------------------
This system uses 8 bytes per array element.
-------------------------------------------------------------
Array size = 134217728 (elements), Offset = 0 (elements)
Memory per array = 1024.0 MiB (= 1.0 GiB).
Total memory required = 3072.0 MiB (= 3.0 GiB).
Each kernel will be executed 10 times.
 The *best* time for each kernel (excluding the first iteration)
 will be used to compute the reported bandwidth.
-------------------------------------------------------------
Your clock granularity/precision appears to be 1 microseconds.
Each test below will take on the order of 150557 microseconds.
   (= 150557 clock ticks)
Increase the size of the arrays if this shows that
you are not getting at least 20 clock ticks per test.
-------------------------------------------------------------
WARNING -- The above is only a rough guideline.
For best results, please be sure you know the
precision of your system timer.
-------------------------------------------------------------
Function    Best Rate MB/s  Avg time     Min time     Max time
Copy:            8920.9     0.241021     0.240725     0.241323
Scale:           8838.1     0.243417     0.242980     0.244075
Add:             9235.5     0.349448     0.348786     0.350333
Triad:           9165.2     0.352033     0.351464     0.352567
-------------------------------------------------------------
Solution Validates: avg error less than 1.000000e-13 on all three arrays
-------------------------------------------------------------
1
sched_getaffinity = 1 1 1 1 1 1 1 1 1 1 1 1 1 1 1 1 1 1 1 1 1 1 1 1 1 1 1 1 1 1 1 1 1 1 1 1 1 1 1 1 1 1 1 1 1 1 1 1 1 1 1 1 1 1 1 1 1 1 1 1 1 1 1 1 
sched_getcpu = 38
** RAPL-logger - Process terminated, computing results
Recorded wall time (s):  13.6160
Domain intel-rapl:0 (package-1) energy consumption (j): 447.2216
Domain intel-rapl:0 (package-1) avg. power consumption (W):  32.8453
Domain intel-rapl:0/intel-rapl:0:0 (dram) energy consumption (j):  20.9578
Domain intel-rapl:0/intel-rapl:0:0 (dram) avg. power consumption (W):   1.5392
Domain intel-rapl:1 (package-0) energy consumption (j): 597.7993
Domain intel-rapl:1 (package-0) avg. power consumption (W):  43.9042
Domain intel-rapl:1/intel-rapl:1:0 (dram) energy consumption (j):  41.1665
Domain intel-rapl:1/intel-rapl:1:0 (dram) avg. power consumption (W):   3.0234
