** RAPL-logger - 2 packages - Sampling freq.  10.0 Hz - Logfiles 0-3: /tmp/rapllog+1594011755
** RAPL-logger - Profiling: ../allocator 35 ../stream.bin
-------------------------------------------------------------
STREAM version $Revision: 5.10 $
-------------------------------------------------------------
This system uses 8 bytes per array element.
-------------------------------------------------------------
Array size = 134217728 (elements), Offset = 0 (elements)
Memory per array = 1024.0 MiB (= 1.0 GiB).
Total memory required = 3072.0 MiB (= 3.0 GiB).
Each kernel will be executed 10 times.
 The *best* time for each kernel (excluding the first iteration)
 will be used to compute the reported bandwidth.
-------------------------------------------------------------
Your clock granularity/precision appears to be 1 microseconds.
Each test below will take on the order of 145519 microseconds.
   (= 145519 clock ticks)
Increase the size of the arrays if this shows that
you are not getting at least 20 clock ticks per test.
-------------------------------------------------------------
WARNING -- The above is only a rough guideline.
For best results, please be sure you know the
precision of your system timer.
-------------------------------------------------------------
Function    Best Rate MB/s  Avg time     Min time     Max time
Copy:            8905.2     0.241482     0.241150     0.241985
Scale:           8819.5     0.243881     0.243492     0.244731
Add:             9199.6     0.350584     0.350147     0.351496
Triad:           9137.0     0.353138     0.352548     0.353779
-------------------------------------------------------------
Solution Validates: avg error less than 1.000000e-13 on all three arrays
-------------------------------------------------------------
1
sched_getaffinity = 1 1 1 1 1 1 1 1 1 1 1 1 1 1 1 1 1 1 1 1 1 1 1 1 1 1 1 1 1 1 1 1 1 1 1 1 1 1 1 1 1 1 1 1 1 1 1 1 1 1 1 1 1 1 1 1 1 1 1 1 1 1 1 1 
sched_getcpu = 39
** RAPL-logger - Process terminated, computing results
Recorded wall time (s):  13.6150
Domain intel-rapl:0 (package-1) energy consumption (j): 518.0657
Domain intel-rapl:0 (package-1) avg. power consumption (W):  38.0511
Domain intel-rapl:0/intel-rapl:0:0 (dram) energy consumption (j):  39.4694
Domain intel-rapl:0/intel-rapl:0:0 (dram) avg. power consumption (W):   2.8990
Domain intel-rapl:1 (package-0) energy consumption (j): 543.7963
Domain intel-rapl:1 (package-0) avg. power consumption (W):  39.9410
Domain intel-rapl:1/intel-rapl:1:0 (dram) energy consumption (j):  21.6460
Domain intel-rapl:1/intel-rapl:1:0 (dram) avg. power consumption (W):   1.5899
