** RAPL-logger - 2 packages - Sampling freq.  10.0 Hz - Logfiles 0-3: /tmp/rapllog+1593936993
** RAPL-logger - Profiling: ../allocator 25 ../stream.bin
-------------------------------------------------------------
STREAM version $Revision: 5.10 $
-------------------------------------------------------------
This system uses 8 bytes per array element.
-------------------------------------------------------------
Array size = 134217728 (elements), Offset = 0 (elements)
Memory per array = 1024.0 MiB (= 1.0 GiB).
Total memory required = 3072.0 MiB (= 3.0 GiB).
Each kernel will be executed 10 times.
 The *best* time for each kernel (excluding the first iteration)
 will be used to compute the reported bandwidth.
-------------------------------------------------------------
Your clock granularity/precision appears to be 1 microseconds.
Each test below will take on the order of 146728 microseconds.
   (= 146728 clock ticks)
Increase the size of the arrays if this shows that
you are not getting at least 20 clock ticks per test.
-------------------------------------------------------------
WARNING -- The above is only a rough guideline.
For best results, please be sure you know the
precision of your system timer.
-------------------------------------------------------------
Function    Best Rate MB/s  Avg time     Min time     Max time
Copy:            8943.0     0.240529     0.240130     0.240891
Scale:           8844.5     0.243068     0.242805     0.244009
Add:             9245.6     0.348897     0.348407     0.349729
Triad:           9180.3     0.351189     0.350886     0.351725
-------------------------------------------------------------
Solution Validates: avg error less than 1.000000e-13 on all three arrays
-------------------------------------------------------------
1
sched_getaffinity = 1 1 1 1 1 1 1 1 1 1 1 1 1 1 1 1 1 1 1 1 1 1 1 1 1 1 1 1 1 1 1 1 1 1 1 1 1 1 1 1 1 1 1 1 1 1 1 1 1 1 1 1 1 1 1 1 1 1 1 1 1 1 1 1 
sched_getcpu = 38
** RAPL-logger - Process terminated, computing results
Recorded wall time (s):  13.5900
Domain intel-rapl:0 (package-1) energy consumption (j): 512.1753
Domain intel-rapl:0 (package-1) avg. power consumption (W):  37.6877
Domain intel-rapl:0/intel-rapl:0:0 (dram) energy consumption (j):  39.9605
Domain intel-rapl:0/intel-rapl:0:0 (dram) avg. power consumption (W):   2.9404
Domain intel-rapl:1 (package-0) energy consumption (j): 541.9816
Domain intel-rapl:1 (package-0) avg. power consumption (W):  39.8809
Domain intel-rapl:1/intel-rapl:1:0 (dram) energy consumption (j):  21.4471
Domain intel-rapl:1/intel-rapl:1:0 (dram) avg. power consumption (W):   1.5782
