** RAPL-logger - 2 packages - Sampling freq.  10.0 Hz - Logfiles 0-3: /tmp/rapllog+1593934760
** RAPL-logger - Profiling: ../allocator 6 ../stream.bin
-------------------------------------------------------------
STREAM version $Revision: 5.10 $
-------------------------------------------------------------
This system uses 8 bytes per array element.
-------------------------------------------------------------
Array size = 536870912 (elements), Offset = 0 (elements)
Memory per array = 4096.0 MiB (= 4.0 GiB).
Total memory required = 12288.0 MiB (= 12.0 GiB).
Each kernel will be executed 10 times.
 The *best* time for each kernel (excluding the first iteration)
 will be used to compute the reported bandwidth.
-------------------------------------------------------------
Your clock granularity/precision appears to be 1 microseconds.
Each test below will take on the order of 637788 microseconds.
   (= 637788 clock ticks)
Increase the size of the arrays if this shows that
you are not getting at least 20 clock ticks per test.
-------------------------------------------------------------
WARNING -- The above is only a rough guideline.
For best results, please be sure you know the
precision of your system timer.
-------------------------------------------------------------
Function    Best Rate MB/s  Avg time     Min time     Max time
Copy:            9179.6     0.955211     0.935768     1.018994
Scale:           9047.0     0.980674     0.949480     1.162195
Add:             9628.1     1.431208     1.338259     1.546719
Triad:           9578.2     1.392193     1.345227     1.545266
-------------------------------------------------------------
Solution Validates: avg error less than 1.000000e-13 on all three arrays
-------------------------------------------------------------
1
sched_getaffinity = 1 1 1 1 1 1 1 1 1 1 1 1 1 1 1 1 1 1 1 1 1 1 1 1 1 1 1 1 1 1 1 1 1 1 1 1 1 1 1 1 1 1 1 1 1 1 1 1 1 1 1 1 1 1 1 1 1 1 1 1 1 1 1 1 
sched_getcpu = 39
** RAPL-logger - Process terminated, computing results
Recorded wall time (s):  56.1730
Domain intel-rapl:0 (package-1) energy consumption (j): 1867.6684
Domain intel-rapl:0 (package-1) avg. power consumption (W):  33.2485
Domain intel-rapl:0/intel-rapl:0:0 (dram) energy consumption (j):  88.4332
Domain intel-rapl:0/intel-rapl:0:0 (dram) avg. power consumption (W):   1.5743
Domain intel-rapl:1 (package-0) energy consumption (j): 2507.2551
Domain intel-rapl:1 (package-0) avg. power consumption (W):  44.6345
Domain intel-rapl:1/intel-rapl:1:0 (dram) energy consumption (j): 168.8932
Domain intel-rapl:1/intel-rapl:1:0 (dram) avg. power consumption (W):   3.0067
