** RAPL-logger - 2 packages - Sampling freq.  10.0 Hz - Logfiles 0-3: /tmp/rapllog+1593933925
** RAPL-logger - Profiling: ../allocator 25 ../stream.bin
-------------------------------------------------------------
STREAM version $Revision: 5.10 $
-------------------------------------------------------------
This system uses 8 bytes per array element.
-------------------------------------------------------------
Array size = 268435456 (elements), Offset = 0 (elements)
Memory per array = 2048.0 MiB (= 2.0 GiB).
Total memory required = 6144.0 MiB (= 6.0 GiB).
Each kernel will be executed 10 times.
 The *best* time for each kernel (excluding the first iteration)
 will be used to compute the reported bandwidth.
-------------------------------------------------------------
Your clock granularity/precision appears to be 1 microseconds.
Each test below will take on the order of 291991 microseconds.
   (= 291991 clock ticks)
Increase the size of the arrays if this shows that
you are not getting at least 20 clock ticks per test.
-------------------------------------------------------------
WARNING -- The above is only a rough guideline.
For best results, please be sure you know the
precision of your system timer.
-------------------------------------------------------------
Function    Best Rate MB/s  Avg time     Min time     Max time
Copy:            8968.1     0.479750     0.478918     0.481419
Scale:           8827.6     0.487910     0.486539     0.490607
Add:             9232.7     0.699131     0.697787     0.703511
Triad:           9169.1     0.704922     0.702624     0.709887
-------------------------------------------------------------
Solution Validates: avg error less than 1.000000e-13 on all three arrays
-------------------------------------------------------------
1
sched_getaffinity = 1 1 1 1 1 1 1 1 1 1 1 1 1 1 1 1 1 1 1 1 1 1 1 1 1 1 1 1 1 1 1 1 1 1 1 1 1 1 1 1 1 1 1 1 1 1 1 1 1 1 1 1 1 1 1 1 1 1 1 1 1 1 1 1 
sched_getcpu = 39
** RAPL-logger - Process terminated, computing results
Recorded wall time (s):  27.2440
Domain intel-rapl:0 (package-1) energy consumption (j): 1030.7377
Domain intel-rapl:0 (package-1) avg. power consumption (W):  37.8336
Domain intel-rapl:0/intel-rapl:0:0 (dram) energy consumption (j):  79.6901
Domain intel-rapl:0/intel-rapl:0:0 (dram) avg. power consumption (W):   2.9251
Domain intel-rapl:1 (package-0) energy consumption (j): 1101.1097
Domain intel-rapl:1 (package-0) avg. power consumption (W):  40.4166
Domain intel-rapl:1/intel-rapl:1:0 (dram) energy consumption (j):  43.2147
Domain intel-rapl:1/intel-rapl:1:0 (dram) avg. power consumption (W):   1.5862
