** RAPL-logger - 2 packages - Sampling freq.  10.0 Hz - Logfiles 0-3: /tmp/rapllog+1593933602
** RAPL-logger - Profiling: ../allocator 22 ../stream.bin
-------------------------------------------------------------
STREAM version $Revision: 5.10 $
-------------------------------------------------------------
This system uses 8 bytes per array element.
-------------------------------------------------------------
Array size = 268435456 (elements), Offset = 0 (elements)
Memory per array = 2048.0 MiB (= 2.0 GiB).
Total memory required = 6144.0 MiB (= 6.0 GiB).
Each kernel will be executed 10 times.
 The *best* time for each kernel (excluding the first iteration)
 will be used to compute the reported bandwidth.
-------------------------------------------------------------
Your clock granularity/precision appears to be 1 microseconds.
Each test below will take on the order of 287713 microseconds.
   (= 287713 clock ticks)
Increase the size of the arrays if this shows that
you are not getting at least 20 clock ticks per test.
-------------------------------------------------------------
WARNING -- The above is only a rough guideline.
For best results, please be sure you know the
precision of your system timer.
-------------------------------------------------------------
Function    Best Rate MB/s  Avg time     Min time     Max time
Copy:            8946.4     0.480696     0.480080     0.481613
Scale:           8811.0     0.488129     0.487456     0.488762
Add:             9207.2     0.700195     0.699722     0.701641
Triad:           9137.9     0.705414     0.705026     0.706540
-------------------------------------------------------------
Solution Validates: avg error less than 1.000000e-13 on all three arrays
-------------------------------------------------------------
1
sched_getaffinity = 1 1 1 1 1 1 1 1 1 1 1 1 1 1 1 1 1 1 1 1 1 1 1 1 1 1 1 1 1 1 1 1 1 1 1 1 1 1 1 1 1 1 1 1 1 1 1 1 1 1 1 1 1 1 1 1 1 1 1 1 1 1 1 1 
sched_getcpu = 38
** RAPL-logger - Process terminated, computing results
Recorded wall time (s):  27.2700
Domain intel-rapl:0 (package-1) energy consumption (j): 899.7951
Domain intel-rapl:0 (package-1) avg. power consumption (W):  32.9958
Domain intel-rapl:0/intel-rapl:0:0 (dram) energy consumption (j):  42.2187
Domain intel-rapl:0/intel-rapl:0:0 (dram) avg. power consumption (W):   1.5482
Domain intel-rapl:1 (package-0) energy consumption (j): 1203.5533
Domain intel-rapl:1 (package-0) avg. power consumption (W):  44.1347
Domain intel-rapl:1/intel-rapl:1:0 (dram) energy consumption (j):  82.9103
Domain intel-rapl:1/intel-rapl:1:0 (dram) avg. power consumption (W):   3.0403
