** RAPL-logger - 2 packages - Sampling freq.  10.0 Hz - Logfiles 0-3: /tmp/rapllog+1593935512
** RAPL-logger - Profiling: ../allocator 15 ../stream.bin
-------------------------------------------------------------
STREAM version $Revision: 5.10 $
-------------------------------------------------------------
This system uses 8 bytes per array element.
-------------------------------------------------------------
Array size = 536870912 (elements), Offset = 0 (elements)
Memory per array = 4096.0 MiB (= 4.0 GiB).
Total memory required = 12288.0 MiB (= 12.0 GiB).
Each kernel will be executed 10 times.
 The *best* time for each kernel (excluding the first iteration)
 will be used to compute the reported bandwidth.
-------------------------------------------------------------
Your clock granularity/precision appears to be 1 microseconds.
Each test below will take on the order of 586590 microseconds.
   (= 586590 clock ticks)
Increase the size of the arrays if this shows that
you are not getting at least 20 clock ticks per test.
-------------------------------------------------------------
WARNING -- The above is only a rough guideline.
For best results, please be sure you know the
precision of your system timer.
-------------------------------------------------------------
Function    Best Rate MB/s  Avg time     Min time     Max time
Copy:            8950.7     0.960171     0.959689     0.960814
Scale:           8812.4     0.975822     0.974756     0.978369
Add:             9211.0     1.400433     1.398862     1.402730
Triad:           9148.0     1.410334     1.408491     1.414859
-------------------------------------------------------------
Solution Validates: avg error less than 1.000000e-13 on all three arrays
-------------------------------------------------------------
1
sched_getaffinity = 1 1 1 1 1 1 1 1 1 1 1 1 1 1 1 1 1 1 1 1 1 1 1 1 1 1 1 1 1 1 1 1 1 1 1 1 1 1 1 1 1 1 1 1 1 1 1 1 1 1 1 1 1 1 1 1 1 1 1 1 1 1 1 1 
sched_getcpu = 39
** RAPL-logger - Process terminated, computing results
Recorded wall time (s):  54.5550
Domain intel-rapl:0 (package-1) energy consumption (j): 2069.4060
Domain intel-rapl:0 (package-1) avg. power consumption (W):  37.9325
Domain intel-rapl:0/intel-rapl:0:0 (dram) energy consumption (j): 159.7280
Domain intel-rapl:0/intel-rapl:0:0 (dram) avg. power consumption (W):   2.9278
Domain intel-rapl:1 (package-0) energy consumption (j): 2189.9114
Domain intel-rapl:1 (package-0) avg. power consumption (W):  40.1414
Domain intel-rapl:1/intel-rapl:1:0 (dram) energy consumption (j):  87.1287
Domain intel-rapl:1/intel-rapl:1:0 (dram) avg. power consumption (W):   1.5971
