** RAPL-logger - 2 packages - Sampling freq.  10.0 Hz - Logfiles 0-3: /tmp/rapllog+1593935625
** RAPL-logger - Profiling: ../allocator 7 ../stream.bin
-------------------------------------------------------------
STREAM version $Revision: 5.10 $
-------------------------------------------------------------
This system uses 8 bytes per array element.
-------------------------------------------------------------
Array size = 536870912 (elements), Offset = 0 (elements)
Memory per array = 4096.0 MiB (= 4.0 GiB).
Total memory required = 12288.0 MiB (= 12.0 GiB).
Each kernel will be executed 10 times.
 The *best* time for each kernel (excluding the first iteration)
 will be used to compute the reported bandwidth.
-------------------------------------------------------------
Your clock granularity/precision appears to be 1 microseconds.
Each test below will take on the order of 578009 microseconds.
   (= 578009 clock ticks)
Increase the size of the arrays if this shows that
you are not getting at least 20 clock ticks per test.
-------------------------------------------------------------
WARNING -- The above is only a rough guideline.
For best results, please be sure you know the
precision of your system timer.
-------------------------------------------------------------
Function    Best Rate MB/s  Avg time     Min time     Max time
Copy:            8942.2     0.961357     0.960603     0.962290
Scale:           8804.0     0.976995     0.975688     0.980605
Add:             9197.2     1.403157     1.400955     1.410666
Triad:           9134.9     1.411874     1.410517     1.415611
-------------------------------------------------------------
Solution Validates: avg error less than 1.000000e-13 on all three arrays
-------------------------------------------------------------
1
sched_getaffinity = 1 1 1 1 1 1 1 1 1 1 1 1 1 1 1 1 1 1 1 1 1 1 1 1 1 1 1 1 1 1 1 1 1 1 1 1 1 1 1 1 1 1 1 1 1 1 1 1 1 1 1 1 1 1 1 1 1 1 1 1 1 1 1 1 
sched_getcpu = 38
** RAPL-logger - Process terminated, computing results
Recorded wall time (s):  54.5890
Domain intel-rapl:0 (package-1) energy consumption (j): 2067.9392
Domain intel-rapl:0 (package-1) avg. power consumption (W):  37.8820
Domain intel-rapl:0/intel-rapl:0:0 (dram) energy consumption (j): 160.3672
Domain intel-rapl:0/intel-rapl:0:0 (dram) avg. power consumption (W):   2.9377
Domain intel-rapl:1 (package-0) energy consumption (j): 2200.6947
Domain intel-rapl:1 (package-0) avg. power consumption (W):  40.3139
Domain intel-rapl:1/intel-rapl:1:0 (dram) energy consumption (j):  86.6952
Domain intel-rapl:1/intel-rapl:1:0 (dram) avg. power consumption (W):   1.5881
