** RAPL-logger - 2 packages - Sampling freq.  10.0 Hz - Logfiles 0-3: /tmp/rapllog+1593936664
** RAPL-logger - Profiling: ../allocator 12 ../stream.bin
-------------------------------------------------------------
STREAM version $Revision: 5.10 $
-------------------------------------------------------------
This system uses 8 bytes per array element.
-------------------------------------------------------------
Array size = 134217728 (elements), Offset = 0 (elements)
Memory per array = 1024.0 MiB (= 1.0 GiB).
Total memory required = 3072.0 MiB (= 3.0 GiB).
Each kernel will be executed 10 times.
 The *best* time for each kernel (excluding the first iteration)
 will be used to compute the reported bandwidth.
-------------------------------------------------------------
Your clock granularity/precision appears to be 1 microseconds.
Each test below will take on the order of 146903 microseconds.
   (= 146903 clock ticks)
Increase the size of the arrays if this shows that
you are not getting at least 20 clock ticks per test.
-------------------------------------------------------------
WARNING -- The above is only a rough guideline.
For best results, please be sure you know the
precision of your system timer.
-------------------------------------------------------------
Function    Best Rate MB/s  Avg time     Min time     Max time
Copy:            8954.2     0.240370     0.239831     0.241432
Scale:           8856.5     0.243040     0.242474     0.244451
Add:             9262.3     0.348300     0.347779     0.349381
Triad:           9188.0     0.351002     0.350590     0.351545
-------------------------------------------------------------
Solution Validates: avg error less than 1.000000e-13 on all three arrays
-------------------------------------------------------------
1
sched_getaffinity = 1 1 1 1 1 1 1 1 1 1 1 1 1 1 1 1 1 1 1 1 1 1 1 1 1 1 1 1 1 1 1 1 1 1 1 1 1 1 1 1 1 1 1 1 1 1 1 1 1 1 1 1 1 1 1 1 1 1 1 1 1 1 1 1 
sched_getcpu = 38
** RAPL-logger - Process terminated, computing results
Recorded wall time (s):  13.5770
Domain intel-rapl:0 (package-1) energy consumption (j): 448.5255
Domain intel-rapl:0 (package-1) avg. power consumption (W):  33.0357
Domain intel-rapl:0/intel-rapl:0:0 (dram) energy consumption (j):  20.9605
Domain intel-rapl:0/intel-rapl:0:0 (dram) avg. power consumption (W):   1.5438
Domain intel-rapl:1 (package-0) energy consumption (j): 598.9109
Domain intel-rapl:1 (package-0) avg. power consumption (W):  44.1122
Domain intel-rapl:1/intel-rapl:1:0 (dram) energy consumption (j):  41.1527
Domain intel-rapl:1/intel-rapl:1:0 (dram) avg. power consumption (W):   3.0311
