** RAPL-logger - 2 packages - Sampling freq.  10.0 Hz - Logfiles 0-3: /tmp/rapllog+1594011458
** RAPL-logger - Profiling: ../allocator 44 ../stream.bin
-------------------------------------------------------------
STREAM version $Revision: 5.10 $
-------------------------------------------------------------
This system uses 8 bytes per array element.
-------------------------------------------------------------
Array size = 134217728 (elements), Offset = 0 (elements)
Memory per array = 1024.0 MiB (= 1.0 GiB).
Total memory required = 3072.0 MiB (= 3.0 GiB).
Each kernel will be executed 10 times.
 The *best* time for each kernel (excluding the first iteration)
 will be used to compute the reported bandwidth.
-------------------------------------------------------------
Your clock granularity/precision appears to be 1 microseconds.
Each test below will take on the order of 149215 microseconds.
   (= 149215 clock ticks)
Increase the size of the arrays if this shows that
you are not getting at least 20 clock ticks per test.
-------------------------------------------------------------
WARNING -- The above is only a rough guideline.
For best results, please be sure you know the
precision of your system timer.
-------------------------------------------------------------
Function    Best Rate MB/s  Avg time     Min time     Max time
Copy:            8951.2     0.240266     0.239909     0.240635
Scale:           8852.1     0.242950     0.242595     0.243526
Add:             9263.2     0.348390     0.347745     0.349671
Triad:           9191.7     0.350932     0.350451     0.351469
-------------------------------------------------------------
Solution Validates: avg error less than 1.000000e-13 on all three arrays
-------------------------------------------------------------
1
sched_getaffinity = 1 1 1 1 1 1 1 1 1 1 1 1 1 1 1 1 1 1 1 1 1 1 1 1 1 1 1 1 1 1 1 1 1 1 1 1 1 1 1 1 1 1 1 1 1 1 1 1 1 1 1 1 1 1 1 1 1 1 1 1 1 1 1 1 
sched_getcpu = 39
** RAPL-logger - Process terminated, computing results
Recorded wall time (s):  13.5410
Domain intel-rapl:0 (package-1) energy consumption (j): 445.5200
Domain intel-rapl:0 (package-1) avg. power consumption (W):  32.9016
Domain intel-rapl:0/intel-rapl:0:0 (dram) energy consumption (j):  20.9552
Domain intel-rapl:0/intel-rapl:0:0 (dram) avg. power consumption (W):   1.5475
Domain intel-rapl:1 (package-0) energy consumption (j): 597.0905
Domain intel-rapl:1 (package-0) avg. power consumption (W):  44.0950
Domain intel-rapl:1/intel-rapl:1:0 (dram) energy consumption (j):  41.2099
Domain intel-rapl:1/intel-rapl:1:0 (dram) avg. power consumption (W):   3.0433
