** RAPL-logger - 2 packages - Sampling freq.  10.0 Hz - Logfiles 0-3: /tmp/rapllog+1593933514
** RAPL-logger - Profiling: ../allocator 28 ../stream.bin
-------------------------------------------------------------
STREAM version $Revision: 5.10 $
-------------------------------------------------------------
This system uses 8 bytes per array element.
-------------------------------------------------------------
Array size = 268435456 (elements), Offset = 0 (elements)
Memory per array = 2048.0 MiB (= 2.0 GiB).
Total memory required = 6144.0 MiB (= 6.0 GiB).
Each kernel will be executed 10 times.
 The *best* time for each kernel (excluding the first iteration)
 will be used to compute the reported bandwidth.
-------------------------------------------------------------
Your clock granularity/precision appears to be 1 microseconds.
Each test below will take on the order of 291419 microseconds.
   (= 291419 clock ticks)
Increase the size of the arrays if this shows that
you are not getting at least 20 clock ticks per test.
-------------------------------------------------------------
WARNING -- The above is only a rough guideline.
For best results, please be sure you know the
precision of your system timer.
-------------------------------------------------------------
Function    Best Rate MB/s  Avg time     Min time     Max time
Copy:            8965.4     0.479564     0.479059     0.480726
Scale:           8823.3     0.487246     0.486773     0.488103
Add:             9225.0     0.698896     0.698372     0.700077
Triad:           9155.6     0.704034     0.703663     0.705034
-------------------------------------------------------------
Solution Validates: avg error less than 1.000000e-13 on all three arrays
-------------------------------------------------------------
1
sched_getaffinity = 1 1 1 1 1 1 1 1 1 1 1 1 1 1 1 1 1 1 1 1 1 1 1 1 1 1 1 1 1 1 1 1 1 1 1 1 1 1 1 1 1 1 1 1 1 1 1 1 1 1 1 1 1 1 1 1 1 1 1 1 1 1 1 1 
sched_getcpu = 39
** RAPL-logger - Process terminated, computing results
Recorded wall time (s):  27.2240
Domain intel-rapl:0 (package-1) energy consumption (j): 898.5456
Domain intel-rapl:0 (package-1) avg. power consumption (W):  33.0056
Domain intel-rapl:0/intel-rapl:0:0 (dram) energy consumption (j):  42.0832
Domain intel-rapl:0/intel-rapl:0:0 (dram) avg. power consumption (W):   1.5458
Domain intel-rapl:1 (package-0) energy consumption (j): 1199.7991
Domain intel-rapl:1 (package-0) avg. power consumption (W):  44.0714
Domain intel-rapl:1/intel-rapl:1:0 (dram) energy consumption (j):  82.6813
Domain intel-rapl:1/intel-rapl:1:0 (dram) avg. power consumption (W):   3.0371
