** RAPL-logger - 2 packages - Sampling freq.  10.0 Hz - Logfiles 0-3: /tmp/rapllog+1593937782
** RAPL-logger - Profiling: ../allocator 14 ../stream.bin
-------------------------------------------------------------
STREAM version $Revision: 5.10 $
-------------------------------------------------------------
This system uses 8 bytes per array element.
-------------------------------------------------------------
Array size = 1073741824 (elements), Offset = 0 (elements)
Memory per array = 8192.0 MiB (= 8.0 GiB).
Total memory required = 24576.0 MiB (= 24.0 GiB).
Each kernel will be executed 10 times.
 The *best* time for each kernel (excluding the first iteration)
 will be used to compute the reported bandwidth.
-------------------------------------------------------------
Your clock granularity/precision appears to be 1 microseconds.
Each test below will take on the order of 2705031 microseconds.
   (= 2705031 clock ticks)
Increase the size of the arrays if this shows that
you are not getting at least 20 clock ticks per test.
-------------------------------------------------------------
WARNING -- The above is only a rough guideline.
For best results, please be sure you know the
precision of your system timer.
-------------------------------------------------------------
Function    Best Rate MB/s  Avg time     Min time     Max time
Copy:            8223.7     2.139021     2.089062     2.389458
Scale:           8195.2     2.285973     2.096343     2.679000
Add:             8541.1     3.693107     3.017151     4.318220
Triad:           8916.4     3.278894     2.890158     3.893017
-------------------------------------------------------------
Solution Validates: avg error less than 1.000000e-13 on all three arrays
-------------------------------------------------------------
1
sched_getaffinity = 1 1 1 1 1 1 1 1 1 1 1 1 1 1 1 1 1 1 1 1 1 1 1 1 1 1 1 1 1 1 1 1 1 1 1 1 1 1 1 1 1 1 1 1 1 1 1 1 1 1 1 1 1 1 1 1 1 1 1 1 1 1 1 1 
sched_getcpu = 37
** RAPL-logger - Process terminated, computing results
Recorded wall time (s): 139.8860
Domain intel-rapl:0 (package-1) energy consumption (j): 4796.5824
Domain intel-rapl:0 (package-1) avg. power consumption (W):  34.2892
Domain intel-rapl:0/intel-rapl:0:0 (dram) energy consumption (j): 316.7484
Domain intel-rapl:0/intel-rapl:0:0 (dram) avg. power consumption (W):   2.2643
Domain intel-rapl:1 (package-0) energy consumption (j): 5995.0613
Domain intel-rapl:1 (package-0) avg. power consumption (W):  42.8568
Domain intel-rapl:1/intel-rapl:1:0 (dram) energy consumption (j): 302.0668
Domain intel-rapl:1/intel-rapl:1:0 (dram) avg. power consumption (W):   2.1594
