** RAPL-logger - 2 packages - Sampling freq.  10.0 Hz - Logfiles 0-3: /tmp/rapllog+1593933338
** RAPL-logger - Profiling: ../allocator 14 ../stream.bin
-------------------------------------------------------------
STREAM version $Revision: 5.10 $
-------------------------------------------------------------
This system uses 8 bytes per array element.
-------------------------------------------------------------
Array size = 268435456 (elements), Offset = 0 (elements)
Memory per array = 2048.0 MiB (= 2.0 GiB).
Total memory required = 6144.0 MiB (= 6.0 GiB).
Each kernel will be executed 10 times.
 The *best* time for each kernel (excluding the first iteration)
 will be used to compute the reported bandwidth.
-------------------------------------------------------------
Your clock granularity/precision appears to be 1 microseconds.
Each test below will take on the order of 292994 microseconds.
   (= 292994 clock ticks)
Increase the size of the arrays if this shows that
you are not getting at least 20 clock ticks per test.
-------------------------------------------------------------
WARNING -- The above is only a rough guideline.
For best results, please be sure you know the
precision of your system timer.
-------------------------------------------------------------
Function    Best Rate MB/s  Avg time     Min time     Max time
Copy:            8958.1     0.481229     0.479452     0.487422
Scale:           8826.7     0.487535     0.486587     0.488490
Add:             9226.6     0.700034     0.698245     0.705738
Triad:           9160.7     0.705682     0.703268     0.710049
-------------------------------------------------------------
Solution Validates: avg error less than 1.000000e-13 on all three arrays
-------------------------------------------------------------
1
sched_getaffinity = 1 1 1 1 1 1 1 1 1 1 1 1 1 1 1 1 1 1 1 1 1 1 1 1 1 1 1 1 1 1 1 1 1 1 1 1 1 1 1 1 1 1 1 1 1 1 1 1 1 1 1 1 1 1 1 1 1 1 1 1 1 1 1 1 
sched_getcpu = 38
** RAPL-logger - Process terminated, computing results
Recorded wall time (s):  27.2530
Domain intel-rapl:0 (package-1) energy consumption (j): 915.8708
Domain intel-rapl:0 (package-1) avg. power consumption (W):  33.6062
Domain intel-rapl:0/intel-rapl:0:0 (dram) energy consumption (j):  42.4485
Domain intel-rapl:0/intel-rapl:0:0 (dram) avg. power consumption (W):   1.5576
Domain intel-rapl:1 (package-0) energy consumption (j): 1221.9033
Domain intel-rapl:1 (package-0) avg. power consumption (W):  44.8356
Domain intel-rapl:1/intel-rapl:1:0 (dram) energy consumption (j):  82.7976
Domain intel-rapl:1/intel-rapl:1:0 (dram) avg. power consumption (W):   3.0381
