** RAPL-logger - 2 packages - Sampling freq.  10.0 Hz - Logfiles 0-3: /tmp/rapllog+1594011646
** RAPL-logger - Profiling: ../allocator 33 ../stream.bin
-------------------------------------------------------------
STREAM version $Revision: 5.10 $
-------------------------------------------------------------
This system uses 8 bytes per array element.
-------------------------------------------------------------
Array size = 134217728 (elements), Offset = 0 (elements)
Memory per array = 1024.0 MiB (= 1.0 GiB).
Total memory required = 3072.0 MiB (= 3.0 GiB).
Each kernel will be executed 10 times.
 The *best* time for each kernel (excluding the first iteration)
 will be used to compute the reported bandwidth.
-------------------------------------------------------------
Your clock granularity/precision appears to be 1 microseconds.
Each test below will take on the order of 150779 microseconds.
   (= 150779 clock ticks)
Increase the size of the arrays if this shows that
you are not getting at least 20 clock ticks per test.
-------------------------------------------------------------
WARNING -- The above is only a rough guideline.
For best results, please be sure you know the
precision of your system timer.
-------------------------------------------------------------
Function    Best Rate MB/s  Avg time     Min time     Max time
Copy:            8928.1     0.241025     0.240530     0.241518
Scale:           8829.2     0.243572     0.243224     0.244198
Add:             9222.7     0.349716     0.349271     0.350585
Triad:           9163.1     0.352190     0.351543     0.352613
-------------------------------------------------------------
Solution Validates: avg error less than 1.000000e-13 on all three arrays
-------------------------------------------------------------
1
sched_getaffinity = 1 1 1 1 1 1 1 1 1 1 1 1 1 1 1 1 1 1 1 1 1 1 1 1 1 1 1 1 1 1 1 1 1 1 1 1 1 1 1 1 1 1 1 1 1 1 1 1 1 1 1 1 1 1 1 1 1 1 1 1 1 1 1 1 
sched_getcpu = 38
** RAPL-logger - Process terminated, computing results
Recorded wall time (s):  13.5980
Domain intel-rapl:0 (package-1) energy consumption (j): 511.6537
Domain intel-rapl:0 (package-1) avg. power consumption (W):  37.6271
Domain intel-rapl:0/intel-rapl:0:0 (dram) energy consumption (j):  39.4783
Domain intel-rapl:0/intel-rapl:0:0 (dram) avg. power consumption (W):   2.9032
Domain intel-rapl:1 (package-0) energy consumption (j): 544.3148
Domain intel-rapl:1 (package-0) avg. power consumption (W):  40.0290
Domain intel-rapl:1/intel-rapl:1:0 (dram) energy consumption (j):  21.5549
Domain intel-rapl:1/intel-rapl:1:0 (dram) avg. power consumption (W):   1.5852
