** RAPL-logger - 2 packages - Sampling freq.  10.0 Hz - Logfiles 0-3: /tmp/rapllog+1593937490
** RAPL-logger - Profiling: ../allocator 8 ../stream.bin
-------------------------------------------------------------
STREAM version $Revision: 5.10 $
-------------------------------------------------------------
This system uses 8 bytes per array element.
-------------------------------------------------------------
Array size = 1073741824 (elements), Offset = 0 (elements)
Memory per array = 8192.0 MiB (= 8.0 GiB).
Total memory required = 24576.0 MiB (= 24.0 GiB).
Each kernel will be executed 10 times.
 The *best* time for each kernel (excluding the first iteration)
 will be used to compute the reported bandwidth.
-------------------------------------------------------------
Your clock granularity/precision appears to be 1 microseconds.
Each test below will take on the order of 2701353 microseconds.
   (= 2701353 clock ticks)
Increase the size of the arrays if this shows that
you are not getting at least 20 clock ticks per test.
-------------------------------------------------------------
WARNING -- The above is only a rough guideline.
For best results, please be sure you know the
precision of your system timer.
-------------------------------------------------------------
Function    Best Rate MB/s  Avg time     Min time     Max time
Copy:            8204.6     2.591565     2.093921     3.285887
Scale:           8191.4     2.289973     2.097296     2.885598
Add:             8893.1     3.573144     2.897718     4.389414
Triad:           8885.6     3.564512     2.900166     4.370130
-------------------------------------------------------------
Solution Validates: avg error less than 1.000000e-13 on all three arrays
-------------------------------------------------------------
1
sched_getaffinity = 1 1 1 1 1 1 1 1 1 1 1 1 1 1 1 1 1 1 1 1 1 1 1 1 1 1 1 1 1 1 1 1 1 1 1 1 1 1 1 1 1 1 1 1 1 1 1 1 1 1 1 1 1 1 1 1 1 1 1 1 1 1 1 1 
sched_getcpu = 38
** RAPL-logger - Process terminated, computing results
Recorded wall time (s): 146.1010
Domain intel-rapl:0 (package-1) energy consumption (j): 5028.0110
Domain intel-rapl:0 (package-1) avg. power consumption (W):  34.4146
Domain intel-rapl:0/intel-rapl:0:0 (dram) energy consumption (j): 329.0257
Domain intel-rapl:0/intel-rapl:0:0 (dram) avg. power consumption (W):   2.2520
Domain intel-rapl:1 (package-0) energy consumption (j): 6286.5202
Domain intel-rapl:1 (package-0) avg. power consumption (W):  43.0286
Domain intel-rapl:1/intel-rapl:1:0 (dram) energy consumption (j): 311.0216
Domain intel-rapl:1/intel-rapl:1:0 (dram) avg. power consumption (W):   2.1288
