** RAPL-logger - 2 packages - Sampling freq.  10.0 Hz - Logfiles 0-3: /tmp/rapllog+1593933309
** RAPL-logger - Profiling: ../allocator 12 ../stream.bin
-------------------------------------------------------------
STREAM version $Revision: 5.10 $
-------------------------------------------------------------
This system uses 8 bytes per array element.
-------------------------------------------------------------
Array size = 268435456 (elements), Offset = 0 (elements)
Memory per array = 2048.0 MiB (= 2.0 GiB).
Total memory required = 6144.0 MiB (= 6.0 GiB).
Each kernel will be executed 10 times.
 The *best* time for each kernel (excluding the first iteration)
 will be used to compute the reported bandwidth.
-------------------------------------------------------------
Your clock granularity/precision appears to be 1 microseconds.
Each test below will take on the order of 291666 microseconds.
   (= 291666 clock ticks)
Increase the size of the arrays if this shows that
you are not getting at least 20 clock ticks per test.
-------------------------------------------------------------
WARNING -- The above is only a rough guideline.
For best results, please be sure you know the
precision of your system timer.
-------------------------------------------------------------
Function    Best Rate MB/s  Avg time     Min time     Max time
Copy:            8978.4     0.479254     0.478368     0.481891
Scale:           8830.9     0.486845     0.486359     0.487235
Add:             9236.4     0.698478     0.697504     0.699785
Triad:           9170.1     0.703610     0.702548     0.707065
-------------------------------------------------------------
Solution Validates: avg error less than 1.000000e-13 on all three arrays
-------------------------------------------------------------
1
sched_getaffinity = 1 1 1 1 1 1 1 1 1 1 1 1 1 1 1 1 1 1 1 1 1 1 1 1 1 1 1 1 1 1 1 1 1 1 1 1 1 1 1 1 1 1 1 1 1 1 1 1 1 1 1 1 1 1 1 1 1 1 1 1 1 1 1 1 
sched_getcpu = 39
** RAPL-logger - Process terminated, computing results
Recorded wall time (s):  27.1920
Domain intel-rapl:0 (package-1) energy consumption (j): 899.5580
Domain intel-rapl:0 (package-1) avg. power consumption (W):  33.0817
Domain intel-rapl:0/intel-rapl:0:0 (dram) energy consumption (j):  42.2981
Domain intel-rapl:0/intel-rapl:0:0 (dram) avg. power consumption (W):   1.5555
Domain intel-rapl:1 (package-0) energy consumption (j): 1210.8421
Domain intel-rapl:1 (package-0) avg. power consumption (W):  44.5293
Domain intel-rapl:1/intel-rapl:1:0 (dram) energy consumption (j):  82.7680
Domain intel-rapl:1/intel-rapl:1:0 (dram) avg. power consumption (W):   3.0438
