** RAPL-logger - 2 packages - Sampling freq.  10.0 Hz - Logfiles 0-3: /tmp/rapllog+1593936773
** RAPL-logger - Profiling: ../allocator 28 ../stream.bin
-------------------------------------------------------------
STREAM version $Revision: 5.10 $
-------------------------------------------------------------
This system uses 8 bytes per array element.
-------------------------------------------------------------
Array size = 134217728 (elements), Offset = 0 (elements)
Memory per array = 1024.0 MiB (= 1.0 GiB).
Total memory required = 3072.0 MiB (= 3.0 GiB).
Each kernel will be executed 10 times.
 The *best* time for each kernel (excluding the first iteration)
 will be used to compute the reported bandwidth.
-------------------------------------------------------------
Your clock granularity/precision appears to be 1 microseconds.
Each test below will take on the order of 143996 microseconds.
   (= 143996 clock ticks)
Increase the size of the arrays if this shows that
you are not getting at least 20 clock ticks per test.
-------------------------------------------------------------
WARNING -- The above is only a rough guideline.
For best results, please be sure you know the
precision of your system timer.
-------------------------------------------------------------
Function    Best Rate MB/s  Avg time     Min time     Max time
Copy:            8937.5     0.240665     0.240279     0.241113
Scale:           8845.0     0.243147     0.242790     0.243869
Add:             9252.8     0.349044     0.348136     0.350247
Triad:           9183.9     0.351499     0.350746     0.352032
-------------------------------------------------------------
Solution Validates: avg error less than 1.000000e-13 on all three arrays
-------------------------------------------------------------
1
sched_getaffinity = 1 1 1 1 1 1 1 1 1 1 1 1 1 1 1 1 1 1 1 1 1 1 1 1 1 1 1 1 1 1 1 1 1 1 1 1 1 1 1 1 1 1 1 1 1 1 1 1 1 1 1 1 1 1 1 1 1 1 1 1 1 1 1 1 
sched_getcpu = 39
** RAPL-logger - Process terminated, computing results
Recorded wall time (s):  13.5970
Domain intel-rapl:0 (package-1) energy consumption (j): 450.7839
Domain intel-rapl:0 (package-1) avg. power consumption (W):  33.1532
Domain intel-rapl:0/intel-rapl:0:0 (dram) energy consumption (j):  20.9687
Domain intel-rapl:0/intel-rapl:0:0 (dram) avg. power consumption (W):   1.5422
Domain intel-rapl:1 (package-0) energy consumption (j): 598.0210
Domain intel-rapl:1 (package-0) avg. power consumption (W):  43.9818
Domain intel-rapl:1/intel-rapl:1:0 (dram) energy consumption (j):  41.1915
Domain intel-rapl:1/intel-rapl:1:0 (dram) avg. power consumption (W):   3.0295
