** RAPL-logger - 2 packages - Sampling freq.  10.0 Hz - Logfiles 0-3: /tmp/rapllog+1593934585
** RAPL-logger - Profiling: ../allocator 12 ../stream.bin
-------------------------------------------------------------
STREAM version $Revision: 5.10 $
-------------------------------------------------------------
This system uses 8 bytes per array element.
-------------------------------------------------------------
Array size = 536870912 (elements), Offset = 0 (elements)
Memory per array = 4096.0 MiB (= 4.0 GiB).
Total memory required = 12288.0 MiB (= 12.0 GiB).
Each kernel will be executed 10 times.
 The *best* time for each kernel (excluding the first iteration)
 will be used to compute the reported bandwidth.
-------------------------------------------------------------
Your clock granularity/precision appears to be 1 microseconds.
Each test below will take on the order of 595696 microseconds.
   (= 595696 clock ticks)
Increase the size of the arrays if this shows that
you are not getting at least 20 clock ticks per test.
-------------------------------------------------------------
WARNING -- The above is only a rough guideline.
For best results, please be sure you know the
precision of your system timer.
-------------------------------------------------------------
Function    Best Rate MB/s  Avg time     Min time     Max time
Copy:            9196.7     0.962146     0.934028     1.055932
Scale:           9063.3     0.977885     0.947766     1.160374
Add:             9652.4     1.419283     1.334892     1.553988
Triad:           9598.9     1.391435     1.342337     1.542596
-------------------------------------------------------------
Solution Validates: avg error less than 1.000000e-13 on all three arrays
-------------------------------------------------------------
1
sched_getaffinity = 1 1 1 1 1 1 1 1 1 1 1 1 1 1 1 1 1 1 1 1 1 1 1 1 1 1 1 1 1 1 1 1 1 1 1 1 1 1 1 1 1 1 1 1 1 1 1 1 1 1 1 1 1 1 1 1 1 1 1 1 1 1 1 1 
sched_getcpu = 39
** RAPL-logger - Process terminated, computing results
Recorded wall time (s):  55.9940
Domain intel-rapl:0 (package-1) energy consumption (j): 1863.0163
Domain intel-rapl:0 (package-1) avg. power consumption (W):  33.2717
Domain intel-rapl:0/intel-rapl:0:0 (dram) energy consumption (j):  87.4401
Domain intel-rapl:0/intel-rapl:0:0 (dram) avg. power consumption (W):   1.5616
Domain intel-rapl:1 (package-0) energy consumption (j): 2462.3128
Domain intel-rapl:1 (package-0) avg. power consumption (W):  43.9746
Domain intel-rapl:1/intel-rapl:1:0 (dram) energy consumption (j): 168.4515
Domain intel-rapl:1/intel-rapl:1:0 (dram) avg. power consumption (W):   3.0084
