** RAPL-logger - 2 packages - Sampling freq.  10.0 Hz - Logfiles 0-3: /tmp/rapllog+1593936079
** RAPL-logger - Profiling: ../allocator 19 ../stream.bin
-------------------------------------------------------------
STREAM version $Revision: 5.10 $
-------------------------------------------------------------
This system uses 8 bytes per array element.
-------------------------------------------------------------
Array size = 536870912 (elements), Offset = 0 (elements)
Memory per array = 4096.0 MiB (= 4.0 GiB).
Total memory required = 12288.0 MiB (= 12.0 GiB).
Each kernel will be executed 10 times.
 The *best* time for each kernel (excluding the first iteration)
 will be used to compute the reported bandwidth.
-------------------------------------------------------------
Your clock granularity/precision appears to be 1 microseconds.
Each test below will take on the order of 576399 microseconds.
   (= 576399 clock ticks)
Increase the size of the arrays if this shows that
you are not getting at least 20 clock ticks per test.
-------------------------------------------------------------
WARNING -- The above is only a rough guideline.
For best results, please be sure you know the
precision of your system timer.
-------------------------------------------------------------
Function    Best Rate MB/s  Avg time     Min time     Max time
Copy:            8927.5     0.962643     0.962186     0.963259
Scale:           8795.4     0.977590     0.976639     0.980193
Add:             9179.4     1.404740     1.403670     1.407149
Triad:           9118.9     1.414378     1.412989     1.418683
-------------------------------------------------------------
Solution Validates: avg error less than 1.000000e-13 on all three arrays
-------------------------------------------------------------
1
sched_getaffinity = 1 1 1 1 1 1 1 1 1 1 1 1 1 1 1 1 1 1 1 1 1 1 1 1 1 1 1 1 1 1 1 1 1 1 1 1 1 1 1 1 1 1 1 1 1 1 1 1 1 1 1 1 1 1 1 1 1 1 1 1 1 1 1 1 
sched_getcpu = 39
** RAPL-logger - Process terminated, computing results
Recorded wall time (s):  54.6890
Domain intel-rapl:0 (package-1) energy consumption (j): 2076.3856
Domain intel-rapl:0 (package-1) avg. power consumption (W):  37.9672
Domain intel-rapl:0/intel-rapl:0:0 (dram) energy consumption (j): 159.6538
Domain intel-rapl:0/intel-rapl:0:0 (dram) avg. power consumption (W):   2.9193
Domain intel-rapl:1 (package-0) energy consumption (j): 2187.7607
Domain intel-rapl:1 (package-0) avg. power consumption (W):  40.0037
Domain intel-rapl:1/intel-rapl:1:0 (dram) energy consumption (j):  86.2409
Domain intel-rapl:1/intel-rapl:1:0 (dram) avg. power consumption (W):   1.5769
