** RAPL-logger - 2 packages - Sampling freq.  10.0 Hz - Logfiles 0-3: /tmp/rapllog+1593936742
** RAPL-logger - Profiling: ../allocator 20 ../stream.bin
-------------------------------------------------------------
STREAM version $Revision: 5.10 $
-------------------------------------------------------------
This system uses 8 bytes per array element.
-------------------------------------------------------------
Array size = 134217728 (elements), Offset = 0 (elements)
Memory per array = 1024.0 MiB (= 1.0 GiB).
Total memory required = 3072.0 MiB (= 3.0 GiB).
Each kernel will be executed 10 times.
 The *best* time for each kernel (excluding the first iteration)
 will be used to compute the reported bandwidth.
-------------------------------------------------------------
Your clock granularity/precision appears to be 1 microseconds.
Each test below will take on the order of 147269 microseconds.
   (= 147269 clock ticks)
Increase the size of the arrays if this shows that
you are not getting at least 20 clock ticks per test.
-------------------------------------------------------------
WARNING -- The above is only a rough guideline.
For best results, please be sure you know the
precision of your system timer.
-------------------------------------------------------------
Function    Best Rate MB/s  Avg time     Min time     Max time
Copy:            8933.4     0.240866     0.240387     0.241288
Scale:           8834.4     0.243364     0.243082     0.243979
Add:             9233.2     0.349505     0.348876     0.350514
Triad:           9165.4     0.352019     0.351454     0.352562
-------------------------------------------------------------
Solution Validates: avg error less than 1.000000e-13 on all three arrays
-------------------------------------------------------------
1
sched_getaffinity = 1 1 1 1 1 1 1 1 1 1 1 1 1 1 1 1 1 1 1 1 1 1 1 1 1 1 1 1 1 1 1 1 1 1 1 1 1 1 1 1 1 1 1 1 1 1 1 1 1 1 1 1 1 1 1 1 1 1 1 1 1 1 1 1 
sched_getcpu = 38
** RAPL-logger - Process terminated, computing results
Recorded wall time (s):  13.6200
Domain intel-rapl:0 (package-1) energy consumption (j): 449.3755
Domain intel-rapl:0 (package-1) avg. power consumption (W):  32.9938
Domain intel-rapl:0/intel-rapl:0:0 (dram) energy consumption (j):  21.1232
Domain intel-rapl:0/intel-rapl:0:0 (dram) avg. power consumption (W):   1.5509
Domain intel-rapl:1 (package-0) energy consumption (j): 597.1453
Domain intel-rapl:1 (package-0) avg. power consumption (W):  43.8433
Domain intel-rapl:1/intel-rapl:1:0 (dram) energy consumption (j):  41.1868
Domain intel-rapl:1/intel-rapl:1:0 (dram) avg. power consumption (W):   3.0240
