** RAPL-logger - 2 packages - Sampling freq.  10.0 Hz - Logfiles 0-3: /tmp/rapllog+1593936930
** RAPL-logger - Profiling: ../allocator 11 ../stream.bin
-------------------------------------------------------------
STREAM version $Revision: 5.10 $
-------------------------------------------------------------
This system uses 8 bytes per array element.
-------------------------------------------------------------
Array size = 134217728 (elements), Offset = 0 (elements)
Memory per array = 1024.0 MiB (= 1.0 GiB).
Total memory required = 3072.0 MiB (= 3.0 GiB).
Each kernel will be executed 10 times.
 The *best* time for each kernel (excluding the first iteration)
 will be used to compute the reported bandwidth.
-------------------------------------------------------------
Your clock granularity/precision appears to be 1 microseconds.
Each test below will take on the order of 150509 microseconds.
   (= 150509 clock ticks)
Increase the size of the arrays if this shows that
you are not getting at least 20 clock ticks per test.
-------------------------------------------------------------
WARNING -- The above is only a rough guideline.
For best results, please be sure you know the
precision of your system timer.
-------------------------------------------------------------
Function    Best Rate MB/s  Avg time     Min time     Max time
Copy:            8938.0     0.240668     0.240264     0.241320
Scale:           8846.4     0.243226     0.242753     0.244343
Add:             9244.3     0.349571     0.348456     0.352115
Triad:           9180.9     0.351607     0.350862     0.353708
-------------------------------------------------------------
Solution Validates: avg error less than 1.000000e-13 on all three arrays
-------------------------------------------------------------
1
sched_getaffinity = 1 1 1 1 1 1 1 1 1 1 1 1 1 1 1 1 1 1 1 1 1 1 1 1 1 1 1 1 1 1 1 1 1 1 1 1 1 1 1 1 1 1 1 1 1 1 1 1 1 1 1 1 1 1 1 1 1 1 1 1 1 1 1 1 
sched_getcpu = 38
** RAPL-logger - Process terminated, computing results
Recorded wall time (s):  13.6080
Domain intel-rapl:0 (package-1) energy consumption (j): 513.5789
Domain intel-rapl:0 (package-1) avg. power consumption (W):  37.7410
Domain intel-rapl:0/intel-rapl:0:0 (dram) energy consumption (j):  39.7950
Domain intel-rapl:0/intel-rapl:0:0 (dram) avg. power consumption (W):   2.9244
Domain intel-rapl:1 (package-0) energy consumption (j): 549.1978
Domain intel-rapl:1 (package-0) avg. power consumption (W):  40.3584
Domain intel-rapl:1/intel-rapl:1:0 (dram) energy consumption (j):  21.4646
Domain intel-rapl:1/intel-rapl:1:0 (dram) avg. power consumption (W):   1.5774
