** RAPL-logger - 2 packages - Sampling freq.  10.0 Hz - Logfiles 0-3: /tmp/rapllog+1593936883
** RAPL-logger - Profiling: ../allocator 9 ../stream.bin
-------------------------------------------------------------
STREAM version $Revision: 5.10 $
-------------------------------------------------------------
This system uses 8 bytes per array element.
-------------------------------------------------------------
Array size = 134217728 (elements), Offset = 0 (elements)
Memory per array = 1024.0 MiB (= 1.0 GiB).
Total memory required = 3072.0 MiB (= 3.0 GiB).
Each kernel will be executed 10 times.
 The *best* time for each kernel (excluding the first iteration)
 will be used to compute the reported bandwidth.
-------------------------------------------------------------
Your clock granularity/precision appears to be 1 microseconds.
Each test below will take on the order of 151239 microseconds.
   (= 151239 clock ticks)
Increase the size of the arrays if this shows that
you are not getting at least 20 clock ticks per test.
-------------------------------------------------------------
WARNING -- The above is only a rough guideline.
For best results, please be sure you know the
precision of your system timer.
-------------------------------------------------------------
Function    Best Rate MB/s  Avg time     Min time     Max time
Copy:            8913.0     0.241289     0.240939     0.241754
Scale:           8822.4     0.243736     0.243412     0.244388
Add:             9198.6     0.350660     0.350186     0.351436
Triad:           9143.2     0.352918     0.352307     0.353468
-------------------------------------------------------------
Solution Validates: avg error less than 1.000000e-13 on all three arrays
-------------------------------------------------------------
1
sched_getaffinity = 1 1 1 1 1 1 1 1 1 1 1 1 1 1 1 1 1 1 1 1 1 1 1 1 1 1 1 1 1 1 1 1 1 1 1 1 1 1 1 1 1 1 1 1 1 1 1 1 1 1 1 1 1 1 1 1 1 1 1 1 1 1 1 1 
sched_getcpu = 39
** RAPL-logger - Process terminated, computing results
Recorded wall time (s):  13.6440
Domain intel-rapl:0 (package-1) energy consumption (j): 515.5037
Domain intel-rapl:0 (package-1) avg. power consumption (W):  37.7824
Domain intel-rapl:0/intel-rapl:0:0 (dram) energy consumption (j):  40.0390
Domain intel-rapl:0/intel-rapl:0:0 (dram) avg. power consumption (W):   2.9346
Domain intel-rapl:1 (package-0) energy consumption (j): 543.7844
Domain intel-rapl:1 (package-0) avg. power consumption (W):  39.8552
Domain intel-rapl:1/intel-rapl:1:0 (dram) energy consumption (j):  21.4827
Domain intel-rapl:1/intel-rapl:1:0 (dram) avg. power consumption (W):   1.5745
