** RAPL-logger - 2 packages - Sampling freq.  10.0 Hz - Logfiles 0-3: /tmp/rapllog+1593933896
** RAPL-logger - Profiling: ../allocator 21 ../stream.bin
-------------------------------------------------------------
STREAM version $Revision: 5.10 $
-------------------------------------------------------------
This system uses 8 bytes per array element.
-------------------------------------------------------------
Array size = 268435456 (elements), Offset = 0 (elements)
Memory per array = 2048.0 MiB (= 2.0 GiB).
Total memory required = 6144.0 MiB (= 6.0 GiB).
Each kernel will be executed 10 times.
 The *best* time for each kernel (excluding the first iteration)
 will be used to compute the reported bandwidth.
-------------------------------------------------------------
Your clock granularity/precision appears to be 1 microseconds.
Each test below will take on the order of 295279 microseconds.
   (= 295279 clock ticks)
Increase the size of the arrays if this shows that
you are not getting at least 20 clock ticks per test.
-------------------------------------------------------------
WARNING -- The above is only a rough guideline.
For best results, please be sure you know the
precision of your system timer.
-------------------------------------------------------------
Function    Best Rate MB/s  Avg time     Min time     Max time
Copy:            8956.0     0.480239     0.479562     0.481308
Scale:           8809.4     0.488064     0.487541     0.488729
Add:             9205.0     0.701045     0.699889     0.704411
Triad:           9142.2     0.706043     0.704692     0.707520
-------------------------------------------------------------
Solution Validates: avg error less than 1.000000e-13 on all three arrays
-------------------------------------------------------------
1
sched_getaffinity = 1 1 1 1 1 1 1 1 1 1 1 1 1 1 1 1 1 1 1 1 1 1 1 1 1 1 1 1 1 1 1 1 1 1 1 1 1 1 1 1 1 1 1 1 1 1 1 1 1 1 1 1 1 1 1 1 1 1 1 1 1 1 1 1 
sched_getcpu = 39
** RAPL-logger - Process terminated, computing results
Recorded wall time (s):  27.3040
Domain intel-rapl:0 (package-1) energy consumption (j): 1032.1866
Domain intel-rapl:0 (package-1) avg. power consumption (W):  37.8035
Domain intel-rapl:0/intel-rapl:0:0 (dram) energy consumption (j):  80.1078
Domain intel-rapl:0/intel-rapl:0:0 (dram) avg. power consumption (W):   2.9339
Domain intel-rapl:1 (package-0) energy consumption (j): 1098.0070
Domain intel-rapl:1 (package-0) avg. power consumption (W):  40.2141
Domain intel-rapl:1/intel-rapl:1:0 (dram) energy consumption (j):  43.2295
Domain intel-rapl:1/intel-rapl:1:0 (dram) avg. power consumption (W):   1.5833
