** RAPL-logger - 2 packages - Sampling freq.  10.0 Hz - Logfiles 0-3: /tmp/rapllog+1593934877
** RAPL-logger - Profiling: ../allocator 20 ../stream.bin
-------------------------------------------------------------
STREAM version $Revision: 5.10 $
-------------------------------------------------------------
This system uses 8 bytes per array element.
-------------------------------------------------------------
Array size = 536870912 (elements), Offset = 0 (elements)
Memory per array = 4096.0 MiB (= 4.0 GiB).
Total memory required = 12288.0 MiB (= 12.0 GiB).
Each kernel will be executed 10 times.
 The *best* time for each kernel (excluding the first iteration)
 will be used to compute the reported bandwidth.
-------------------------------------------------------------
Your clock granularity/precision appears to be 1 microseconds.
Each test below will take on the order of 656710 microseconds.
   (= 656710 clock ticks)
Increase the size of the arrays if this shows that
you are not getting at least 20 clock ticks per test.
-------------------------------------------------------------
WARNING -- The above is only a rough guideline.
For best results, please be sure you know the
precision of your system timer.
-------------------------------------------------------------
Function    Best Rate MB/s  Avg time     Min time     Max time
Copy:            9174.0     0.957388     0.936336     1.031161
Scale:           9038.8     0.981120     0.950343     1.161128
Add:             9617.5     1.431495     1.339729     1.549258
Triad:           9567.9     1.393074     1.346681     1.541973
-------------------------------------------------------------
Solution Validates: avg error less than 1.000000e-13 on all three arrays
-------------------------------------------------------------
1
sched_getaffinity = 1 1 1 1 1 1 1 1 1 1 1 1 1 1 1 1 1 1 1 1 1 1 1 1 1 1 1 1 1 1 1 1 1 1 1 1 1 1 1 1 1 1 1 1 1 1 1 1 1 1 1 1 1 1 1 1 1 1 1 1 1 1 1 1 
sched_getcpu = 38
** RAPL-logger - Process terminated, computing results
Recorded wall time (s):  56.2040
Domain intel-rapl:0 (package-1) energy consumption (j): 1852.8477
Domain intel-rapl:0 (package-1) avg. power consumption (W):  32.9665
Domain intel-rapl:0/intel-rapl:0:0 (dram) energy consumption (j):  87.8155
Domain intel-rapl:0/intel-rapl:0:0 (dram) avg. power consumption (W):   1.5624
Domain intel-rapl:1 (package-0) energy consumption (j): 2478.4503
Domain intel-rapl:1 (package-0) avg. power consumption (W):  44.0974
Domain intel-rapl:1/intel-rapl:1:0 (dram) energy consumption (j): 168.9506
Domain intel-rapl:1/intel-rapl:1:0 (dram) avg. power consumption (W):   3.0060
