** RAPL-logger - 2 packages - Sampling freq.  10.0 Hz - Logfiles 0-3: /tmp/rapllog+1593937072
** RAPL-logger - Profiling: ../allocator 19 ../stream.bin
-------------------------------------------------------------
STREAM version $Revision: 5.10 $
-------------------------------------------------------------
This system uses 8 bytes per array element.
-------------------------------------------------------------
Array size = 134217728 (elements), Offset = 0 (elements)
Memory per array = 1024.0 MiB (= 1.0 GiB).
Total memory required = 3072.0 MiB (= 3.0 GiB).
Each kernel will be executed 10 times.
 The *best* time for each kernel (excluding the first iteration)
 will be used to compute the reported bandwidth.
-------------------------------------------------------------
Your clock granularity/precision appears to be 1 microseconds.
Each test below will take on the order of 152406 microseconds.
   (= 152406 clock ticks)
Increase the size of the arrays if this shows that
you are not getting at least 20 clock ticks per test.
-------------------------------------------------------------
WARNING -- The above is only a rough guideline.
For best results, please be sure you know the
precision of your system timer.
-------------------------------------------------------------
Function    Best Rate MB/s  Avg time     Min time     Max time
Copy:            8913.8     0.241183     0.240917     0.241555
Scale:           8832.8     0.243578     0.243125     0.244221
Add:             9213.6     0.350077     0.349617     0.350961
Triad:           9158.2     0.352332     0.351733     0.352929
-------------------------------------------------------------
Solution Validates: avg error less than 1.000000e-13 on all three arrays
-------------------------------------------------------------
1
sched_getaffinity = 1 1 1 1 1 1 1 1 1 1 1 1 1 1 1 1 1 1 1 1 1 1 1 1 1 1 1 1 1 1 1 1 1 1 1 1 1 1 1 1 1 1 1 1 1 1 1 1 1 1 1 1 1 1 1 1 1 1 1 1 1 1 1 1 
sched_getcpu = 39
** RAPL-logger - Process terminated, computing results
Recorded wall time (s):  13.6150
Domain intel-rapl:0 (package-1) energy consumption (j): 511.3930
Domain intel-rapl:0 (package-1) avg. power consumption (W):  37.5610
Domain intel-rapl:0/intel-rapl:0:0 (dram) energy consumption (j):  39.7655
Domain intel-rapl:0/intel-rapl:0:0 (dram) avg. power consumption (W):   2.9207
Domain intel-rapl:1 (package-0) energy consumption (j): 540.4227
Domain intel-rapl:1 (package-0) avg. power consumption (W):  39.6932
Domain intel-rapl:1/intel-rapl:1:0 (dram) energy consumption (j):  21.3860
Domain intel-rapl:1/intel-rapl:1:0 (dram) avg. power consumption (W):   1.5708
