** RAPL-logger - 2 packages - Sampling freq.  10.0 Hz - Logfiles 0-3: /tmp/rapllog+1593936836
** RAPL-logger - Profiling: ../allocator 18 ../stream.bin
-------------------------------------------------------------
STREAM version $Revision: 5.10 $
-------------------------------------------------------------
This system uses 8 bytes per array element.
-------------------------------------------------------------
Array size = 134217728 (elements), Offset = 0 (elements)
Memory per array = 1024.0 MiB (= 1.0 GiB).
Total memory required = 3072.0 MiB (= 3.0 GiB).
Each kernel will be executed 10 times.
 The *best* time for each kernel (excluding the first iteration)
 will be used to compute the reported bandwidth.
-------------------------------------------------------------
Your clock granularity/precision appears to be 1 microseconds.
Each test below will take on the order of 149979 microseconds.
   (= 149979 clock ticks)
Increase the size of the arrays if this shows that
you are not getting at least 20 clock ticks per test.
-------------------------------------------------------------
WARNING -- The above is only a rough guideline.
For best results, please be sure you know the
precision of your system timer.
-------------------------------------------------------------
Function    Best Rate MB/s  Avg time     Min time     Max time
Copy:            8915.4     0.241206     0.240874     0.241617
Scale:           8830.0     0.243666     0.243203     0.244271
Add:             9221.9     0.349931     0.349301     0.350879
Triad:           9158.6     0.352492     0.351717     0.352841
-------------------------------------------------------------
Solution Validates: avg error less than 1.000000e-13 on all three arrays
-------------------------------------------------------------
1
sched_getaffinity = 1 1 1 1 1 1 1 1 1 1 1 1 1 1 1 1 1 1 1 1 1 1 1 1 1 1 1 1 1 1 1 1 1 1 1 1 1 1 1 1 1 1 1 1 1 1 1 1 1 1 1 1 1 1 1 1 1 1 1 1 1 1 1 1 
sched_getcpu = 38
** RAPL-logger - Process terminated, computing results
Recorded wall time (s):  13.6270
Domain intel-rapl:0 (package-1) energy consumption (j): 449.8115
Domain intel-rapl:0 (package-1) avg. power consumption (W):  33.0088
Domain intel-rapl:0/intel-rapl:0:0 (dram) energy consumption (j):  21.1179
Domain intel-rapl:0/intel-rapl:0:0 (dram) avg. power consumption (W):   1.5497
Domain intel-rapl:1 (package-0) energy consumption (j): 601.6363
Domain intel-rapl:1 (package-0) avg. power consumption (W):  44.1503
Domain intel-rapl:1/intel-rapl:1:0 (dram) energy consumption (j):  41.4524
Domain intel-rapl:1/intel-rapl:1:0 (dram) avg. power consumption (W):   3.0419
