** RAPL-logger - 2 packages - Sampling freq.  10.0 Hz - Logfiles 0-3: /tmp/rapllog+1593938214
** RAPL-logger - Profiling: ../allocator 2 ../stream.bin
-------------------------------------------------------------
STREAM version $Revision: 5.10 $
-------------------------------------------------------------
This system uses 8 bytes per array element.
-------------------------------------------------------------
Array size = 1073741824 (elements), Offset = 0 (elements)
Memory per array = 8192.0 MiB (= 8.0 GiB).
Total memory required = 24576.0 MiB (= 24.0 GiB).
Each kernel will be executed 10 times.
 The *best* time for each kernel (excluding the first iteration)
 will be used to compute the reported bandwidth.
-------------------------------------------------------------
Your clock granularity/precision appears to be 1 microseconds.
Each test below will take on the order of 2663735 microseconds.
   (= 2663735 clock ticks)
Increase the size of the arrays if this shows that
you are not getting at least 20 clock ticks per test.
-------------------------------------------------------------
WARNING -- The above is only a rough guideline.
For best results, please be sure you know the
precision of your system timer.
-------------------------------------------------------------
Function    Best Rate MB/s  Avg time     Min time     Max time
Copy:            8184.0     2.605401     2.099205     3.365657
Scale:           8165.2     2.266808     2.104027     2.661396
Add:             8835.2     3.576220     2.916724     4.420144
Triad:           8829.0     3.632832     2.918769     4.394774
-------------------------------------------------------------
Solution Validates: avg error less than 1.000000e-13 on all three arrays
-------------------------------------------------------------
1
sched_getaffinity = 1 1 1 1 1 1 1 1 1 1 1 1 1 1 1 1 1 1 1 1 1 1 1 1 1 1 1 1 1 1 1 1 1 1 1 1 1 1 1 1 1 1 1 1 1 1 1 1 1 1 1 1 1 1 1 1 1 1 1 1 1 1 1 1 
sched_getcpu = 38
** RAPL-logger - Process terminated, computing results
Recorded wall time (s): 146.5500
Domain intel-rapl:0 (package-1) energy consumption (j): 5020.8056
Domain intel-rapl:0 (package-1) avg. power consumption (W):  34.2600
Domain intel-rapl:0/intel-rapl:0:0 (dram) energy consumption (j): 329.5948
Domain intel-rapl:0/intel-rapl:0:0 (dram) avg. power consumption (W):   2.2490
Domain intel-rapl:1 (package-0) energy consumption (j): 6296.8872
Domain intel-rapl:1 (package-0) avg. power consumption (W):  42.9675
Domain intel-rapl:1/intel-rapl:1:0 (dram) energy consumption (j): 313.3967
Domain intel-rapl:1/intel-rapl:1:0 (dram) avg. power consumption (W):   2.1385
