** RAPL-logger - 2 packages - Sampling freq.  10.0 Hz - Logfiles 0-3: /tmp/rapllog+1593933720
** RAPL-logger - Profiling: ../allocator 9 ../stream.bin
-------------------------------------------------------------
STREAM version $Revision: 5.10 $
-------------------------------------------------------------
This system uses 8 bytes per array element.
-------------------------------------------------------------
Array size = 268435456 (elements), Offset = 0 (elements)
Memory per array = 2048.0 MiB (= 2.0 GiB).
Total memory required = 6144.0 MiB (= 6.0 GiB).
Each kernel will be executed 10 times.
 The *best* time for each kernel (excluding the first iteration)
 will be used to compute the reported bandwidth.
-------------------------------------------------------------
Your clock granularity/precision appears to be 1 microseconds.
Each test below will take on the order of 293377 microseconds.
   (= 293377 clock ticks)
Increase the size of the arrays if this shows that
you are not getting at least 20 clock ticks per test.
-------------------------------------------------------------
WARNING -- The above is only a rough guideline.
For best results, please be sure you know the
precision of your system timer.
-------------------------------------------------------------
Function    Best Rate MB/s  Avg time     Min time     Max time
Copy:            8942.0     0.480903     0.480314     0.482024
Scale:           8797.6     0.488654     0.488195     0.489202
Add:             9186.8     0.702134     0.701274     0.703625
Triad:           9120.4     0.707279     0.706380     0.708443
-------------------------------------------------------------
Solution Validates: avg error less than 1.000000e-13 on all three arrays
-------------------------------------------------------------
1
sched_getaffinity = 1 1 1 1 1 1 1 1 1 1 1 1 1 1 1 1 1 1 1 1 1 1 1 1 1 1 1 1 1 1 1 1 1 1 1 1 1 1 1 1 1 1 1 1 1 1 1 1 1 1 1 1 1 1 1 1 1 1 1 1 1 1 1 1 
sched_getcpu = 39
** RAPL-logger - Process terminated, computing results
Recorded wall time (s):  27.3550
Domain intel-rapl:0 (package-1) energy consumption (j): 1035.2115
Domain intel-rapl:0 (package-1) avg. power consumption (W):  37.8436
Domain intel-rapl:0/intel-rapl:0:0 (dram) energy consumption (j):  80.3605
Domain intel-rapl:0/intel-rapl:0:0 (dram) avg. power consumption (W):   2.9377
Domain intel-rapl:1 (package-0) energy consumption (j): 1094.8029
Domain intel-rapl:1 (package-0) avg. power consumption (W):  40.0220
Domain intel-rapl:1/intel-rapl:1:0 (dram) energy consumption (j):  43.4082
Domain intel-rapl:1/intel-rapl:1:0 (dram) avg. power consumption (W):   1.5868
