** RAPL-logger - 2 packages - Sampling freq.  10.0 Hz - Logfiles 0-3: /tmp/rapllog+1593940958
** RAPL-logger - Profiling: ../allocator 27 ../stream.bin
-------------------------------------------------------------
STREAM version $Revision: 5.10 $
-------------------------------------------------------------
This system uses 8 bytes per array element.
-------------------------------------------------------------
Array size = 1073741824 (elements), Offset = 0 (elements)
Memory per array = 8192.0 MiB (= 8.0 GiB).
Total memory required = 24576.0 MiB (= 24.0 GiB).
Each kernel will be executed 10 times.
 The *best* time for each kernel (excluding the first iteration)
 will be used to compute the reported bandwidth.
-------------------------------------------------------------
Your clock granularity/precision appears to be 1 microseconds.
Each test below will take on the order of 2143392 microseconds.
   (= 2143392 clock ticks)
Increase the size of the arrays if this shows that
you are not getting at least 20 clock ticks per test.
-------------------------------------------------------------
WARNING -- The above is only a rough guideline.
For best results, please be sure you know the
precision of your system timer.
-------------------------------------------------------------
Function    Best Rate MB/s  Avg time     Min time     Max time
Copy:            8243.9     2.266296     2.083961     2.588685
Scale:           8194.9     2.426254     2.096399     2.717101
Add:             8872.2     3.126548     2.904562     3.370402
Triad:           8839.7     3.012574     2.915224     3.321685
-------------------------------------------------------------
Solution Validates: avg error less than 1.000000e-13 on all three arrays
-------------------------------------------------------------
1
sched_getaffinity = 1 1 1 1 1 1 1 1 1 1 1 1 1 1 1 1 1 1 1 1 1 1 1 1 1 1 1 1 1 1 1 1 1 1 1 1 1 1 1 1 1 1 1 1 1 1 1 1 1 1 1 1 1 1 1 1 1 1 1 1 1 1 1 1 
sched_getcpu = 39
** RAPL-logger - Process terminated, computing results
Recorded wall time (s): 130.8160
Domain intel-rapl:0 (package-1) energy consumption (j): 4848.7449
Domain intel-rapl:0 (package-1) avg. power consumption (W):  37.0654
Domain intel-rapl:0/intel-rapl:0:0 (dram) energy consumption (j): 289.1265
Domain intel-rapl:0/intel-rapl:0:0 (dram) avg. power consumption (W):   2.2102
Domain intel-rapl:1 (package-0) energy consumption (j): 5336.1013
Domain intel-rapl:1 (package-0) avg. power consumption (W):  40.7909
Domain intel-rapl:1/intel-rapl:1:0 (dram) energy consumption (j): 297.4925
Domain intel-rapl:1/intel-rapl:1:0 (dram) avg. power consumption (W):   2.2741
