** RAPL-logger - 2 packages - Sampling freq.  10.0 Hz - Logfiles 0-3: /tmp/rapllog+1593934818
** RAPL-logger - Profiling: ../allocator 2 ../stream.bin
-------------------------------------------------------------
STREAM version $Revision: 5.10 $
-------------------------------------------------------------
This system uses 8 bytes per array element.
-------------------------------------------------------------
Array size = 536870912 (elements), Offset = 0 (elements)
Memory per array = 4096.0 MiB (= 4.0 GiB).
Total memory required = 12288.0 MiB (= 12.0 GiB).
Each kernel will be executed 10 times.
 The *best* time for each kernel (excluding the first iteration)
 will be used to compute the reported bandwidth.
-------------------------------------------------------------
Your clock granularity/precision appears to be 1 microseconds.
Each test below will take on the order of 628521 microseconds.
   (= 628521 clock ticks)
Increase the size of the arrays if this shows that
you are not getting at least 20 clock ticks per test.
-------------------------------------------------------------
WARNING -- The above is only a rough guideline.
For best results, please be sure you know the
precision of your system timer.
-------------------------------------------------------------
Function    Best Rate MB/s  Avg time     Min time     Max time
Copy:            9156.2     0.963238     0.938154     1.067402
Scale:           9020.5     0.987204     0.952266     1.164667
Add:             9594.8     1.428314     1.342902     1.553026
Triad:           9541.5     1.397604     1.350406     1.551137
-------------------------------------------------------------
Solution Validates: avg error less than 1.000000e-13 on all three arrays
-------------------------------------------------------------
1
sched_getaffinity = 1 1 1 1 1 1 1 1 1 1 1 1 1 1 1 1 1 1 1 1 1 1 1 1 1 1 1 1 1 1 1 1 1 1 1 1 1 1 1 1 1 1 1 1 1 1 1 1 1 1 1 1 1 1 1 1 1 1 1 1 1 1 1 1 
sched_getcpu = 38
** RAPL-logger - Process terminated, computing results
Recorded wall time (s):  56.3150
Domain intel-rapl:0 (package-1) energy consumption (j): 1863.8666
Domain intel-rapl:0 (package-1) avg. power consumption (W):  33.0972
Domain intel-rapl:0/intel-rapl:0:0 (dram) energy consumption (j):  87.9473
Domain intel-rapl:0/intel-rapl:0:0 (dram) avg. power consumption (W):   1.5617
Domain intel-rapl:1 (package-0) energy consumption (j): 2490.9910
Domain intel-rapl:1 (package-0) avg. power consumption (W):  44.2332
Domain intel-rapl:1/intel-rapl:1:0 (dram) energy consumption (j): 169.3517
Domain intel-rapl:1/intel-rapl:1:0 (dram) avg. power consumption (W):   3.0072
