** RAPL-logger - 2 packages - Sampling freq.  10.0 Hz - Logfiles 0-3: /tmp/rapllog+1593934072
** RAPL-logger - Profiling: ../allocator 19 ../stream.bin
-------------------------------------------------------------
STREAM version $Revision: 5.10 $
-------------------------------------------------------------
This system uses 8 bytes per array element.
-------------------------------------------------------------
Array size = 268435456 (elements), Offset = 0 (elements)
Memory per array = 2048.0 MiB (= 2.0 GiB).
Total memory required = 6144.0 MiB (= 6.0 GiB).
Each kernel will be executed 10 times.
 The *best* time for each kernel (excluding the first iteration)
 will be used to compute the reported bandwidth.
-------------------------------------------------------------
Your clock granularity/precision appears to be 1 microseconds.
Each test below will take on the order of 291181 microseconds.
   (= 291181 clock ticks)
Increase the size of the arrays if this shows that
you are not getting at least 20 clock ticks per test.
-------------------------------------------------------------
WARNING -- The above is only a rough guideline.
For best results, please be sure you know the
precision of your system timer.
-------------------------------------------------------------
Function    Best Rate MB/s  Avg time     Min time     Max time
Copy:            8942.4     0.480869     0.480292     0.482340
Scale:           8804.8     0.488268     0.487800     0.488891
Add:             9198.8     0.700948     0.700354     0.701968
Triad:           9136.6     0.706037     0.705126     0.706813
-------------------------------------------------------------
Solution Validates: avg error less than 1.000000e-13 on all three arrays
-------------------------------------------------------------
1
sched_getaffinity = 1 1 1 1 1 1 1 1 1 1 1 1 1 1 1 1 1 1 1 1 1 1 1 1 1 1 1 1 1 1 1 1 1 1 1 1 1 1 1 1 1 1 1 1 1 1 1 1 1 1 1 1 1 1 1 1 1 1 1 1 1 1 1 1 
sched_getcpu = 38
** RAPL-logger - Process terminated, computing results
Recorded wall time (s):  27.2910
Domain intel-rapl:0 (package-1) energy consumption (j): 1038.4105
Domain intel-rapl:0 (package-1) avg. power consumption (W):  38.0496
Domain intel-rapl:0/intel-rapl:0:0 (dram) energy consumption (j):  79.7565
Domain intel-rapl:0/intel-rapl:0:0 (dram) avg. power consumption (W):   2.9224
Domain intel-rapl:1 (package-0) energy consumption (j): 1090.4595
Domain intel-rapl:1 (package-0) avg. power consumption (W):  39.9567
Domain intel-rapl:1/intel-rapl:1:0 (dram) energy consumption (j):  42.9051
Domain intel-rapl:1/intel-rapl:1:0 (dram) avg. power consumption (W):   1.5721
