** RAPL-logger - 2 packages - Sampling freq.  10.0 Hz - Logfiles 0-3: /tmp/rapllog+1593937040
** RAPL-logger - Profiling: ../allocator 27 ../stream.bin
-------------------------------------------------------------
STREAM version $Revision: 5.10 $
-------------------------------------------------------------
This system uses 8 bytes per array element.
-------------------------------------------------------------
Array size = 134217728 (elements), Offset = 0 (elements)
Memory per array = 1024.0 MiB (= 1.0 GiB).
Total memory required = 3072.0 MiB (= 3.0 GiB).
Each kernel will be executed 10 times.
 The *best* time for each kernel (excluding the first iteration)
 will be used to compute the reported bandwidth.
-------------------------------------------------------------
Your clock granularity/precision appears to be 1 microseconds.
Each test below will take on the order of 150959 microseconds.
   (= 150959 clock ticks)
Increase the size of the arrays if this shows that
you are not getting at least 20 clock ticks per test.
-------------------------------------------------------------
WARNING -- The above is only a rough guideline.
For best results, please be sure you know the
precision of your system timer.
-------------------------------------------------------------
Function    Best Rate MB/s  Avg time     Min time     Max time
Copy:            8922.3     0.241033     0.240686     0.241459
Scale:           8833.9     0.243399     0.243097     0.244101
Add:             9221.0     0.349778     0.349336     0.350495
Triad:           9162.8     0.352117     0.351556     0.352643
-------------------------------------------------------------
Solution Validates: avg error less than 1.000000e-13 on all three arrays
-------------------------------------------------------------
1
sched_getaffinity = 1 1 1 1 1 1 1 1 1 1 1 1 1 1 1 1 1 1 1 1 1 1 1 1 1 1 1 1 1 1 1 1 1 1 1 1 1 1 1 1 1 1 1 1 1 1 1 1 1 1 1 1 1 1 1 1 1 1 1 1 1 1 1 1 
sched_getcpu = 38
** RAPL-logger - Process terminated, computing results
Recorded wall time (s):  13.6200
Domain intel-rapl:0 (package-1) energy consumption (j): 516.4366
Domain intel-rapl:0 (package-1) avg. power consumption (W):  37.9175
Domain intel-rapl:0/intel-rapl:0:0 (dram) energy consumption (j):  40.0206
Domain intel-rapl:0/intel-rapl:0:0 (dram) avg. power consumption (W):   2.9384
Domain intel-rapl:1 (package-0) energy consumption (j): 543.7515
Domain intel-rapl:1 (package-0) avg. power consumption (W):  39.9230
Domain intel-rapl:1/intel-rapl:1:0 (dram) energy consumption (j):  21.3693
Domain intel-rapl:1/intel-rapl:1:0 (dram) avg. power consumption (W):   1.5690
