** RAPL-logger - 2 packages - Sampling freq.  10.0 Hz - Logfiles 0-3: /tmp/rapllog+1594011677
** RAPL-logger - Profiling: ../allocator 41 ../stream.bin
-------------------------------------------------------------
STREAM version $Revision: 5.10 $
-------------------------------------------------------------
This system uses 8 bytes per array element.
-------------------------------------------------------------
Array size = 134217728 (elements), Offset = 0 (elements)
Memory per array = 1024.0 MiB (= 1.0 GiB).
Total memory required = 3072.0 MiB (= 3.0 GiB).
Each kernel will be executed 10 times.
 The *best* time for each kernel (excluding the first iteration)
 will be used to compute the reported bandwidth.
-------------------------------------------------------------
Your clock granularity/precision appears to be 1 microseconds.
Each test below will take on the order of 149335 microseconds.
   (= 149335 clock ticks)
Increase the size of the arrays if this shows that
you are not getting at least 20 clock ticks per test.
-------------------------------------------------------------
WARNING -- The above is only a rough guideline.
For best results, please be sure you know the
precision of your system timer.
-------------------------------------------------------------
Function    Best Rate MB/s  Avg time     Min time     Max time
Copy:            8912.8     0.241259     0.240944     0.241684
Scale:           8821.0     0.243862     0.243451     0.244628
Add:             9198.5     0.350656     0.350192     0.351423
Triad:           9140.8     0.352935     0.352399     0.353496
-------------------------------------------------------------
Solution Validates: avg error less than 1.000000e-13 on all three arrays
-------------------------------------------------------------
1
sched_getaffinity = 1 1 1 1 1 1 1 1 1 1 1 1 1 1 1 1 1 1 1 1 1 1 1 1 1 1 1 1 1 1 1 1 1 1 1 1 1 1 1 1 1 1 1 1 1 1 1 1 1 1 1 1 1 1 1 1 1 1 1 1 1 1 1 1 
sched_getcpu = 38
** RAPL-logger - Process terminated, computing results
Recorded wall time (s):  13.6320
Domain intel-rapl:0 (package-1) energy consumption (j): 518.2981
Domain intel-rapl:0 (package-1) avg. power consumption (W):  38.0207
Domain intel-rapl:0/intel-rapl:0:0 (dram) energy consumption (j):  39.8219
Domain intel-rapl:0/intel-rapl:0:0 (dram) avg. power consumption (W):   2.9212
Domain intel-rapl:1 (package-0) energy consumption (j): 548.0950
Domain intel-rapl:1 (package-0) avg. power consumption (W):  40.2065
Domain intel-rapl:1/intel-rapl:1:0 (dram) energy consumption (j):  21.7672
Domain intel-rapl:1/intel-rapl:1:0 (dram) avg. power consumption (W):   1.5968
