** RAPL-logger - 2 packages - Sampling freq.  10.0 Hz - Logfiles 0-3: /tmp/rapllog+1593936868
** RAPL-logger - Profiling: ../allocator 5 ../stream.bin
-------------------------------------------------------------
STREAM version $Revision: 5.10 $
-------------------------------------------------------------
This system uses 8 bytes per array element.
-------------------------------------------------------------
Array size = 134217728 (elements), Offset = 0 (elements)
Memory per array = 1024.0 MiB (= 1.0 GiB).
Total memory required = 3072.0 MiB (= 3.0 GiB).
Each kernel will be executed 10 times.
 The *best* time for each kernel (excluding the first iteration)
 will be used to compute the reported bandwidth.
-------------------------------------------------------------
Your clock granularity/precision appears to be 1 microseconds.
Each test below will take on the order of 147566 microseconds.
   (= 147566 clock ticks)
Increase the size of the arrays if this shows that
you are not getting at least 20 clock ticks per test.
-------------------------------------------------------------
WARNING -- The above is only a rough guideline.
For best results, please be sure you know the
precision of your system timer.
-------------------------------------------------------------
Function    Best Rate MB/s  Avg time     Min time     Max time
Copy:            8936.5     0.240683     0.240306     0.241161
Scale:           8837.3     0.243212     0.243001     0.243978
Add:             9230.1     0.349410     0.348990     0.350367
Triad:           9170.8     0.351704     0.351249     0.352265
-------------------------------------------------------------
Solution Validates: avg error less than 1.000000e-13 on all three arrays
-------------------------------------------------------------
1
sched_getaffinity = 1 1 1 1 1 1 1 1 1 1 1 1 1 1 1 1 1 1 1 1 1 1 1 1 1 1 1 1 1 1 1 1 1 1 1 1 1 1 1 1 1 1 1 1 1 1 1 1 1 1 1 1 1 1 1 1 1 1 1 1 1 1 1 1 
sched_getcpu = 38
** RAPL-logger - Process terminated, computing results
Recorded wall time (s):  13.6020
Domain intel-rapl:0 (package-1) energy consumption (j): 511.6349
Domain intel-rapl:0 (package-1) avg. power consumption (W):  37.6147
Domain intel-rapl:0/intel-rapl:0:0 (dram) energy consumption (j):  39.9386
Domain intel-rapl:0/intel-rapl:0:0 (dram) avg. power consumption (W):   2.9362
Domain intel-rapl:1 (package-0) energy consumption (j): 541.7886
Domain intel-rapl:1 (package-0) avg. power consumption (W):  39.8315
Domain intel-rapl:1/intel-rapl:1:0 (dram) energy consumption (j):  21.4411
Domain intel-rapl:1/intel-rapl:1:0 (dram) avg. power consumption (W):   1.5763
