** RAPL-logger - 2 packages - Sampling freq.  10.0 Hz - Logfiles 0-3: /tmp/rapllog+1594011630
** RAPL-logger - Profiling: ../allocator 50 ../stream.bin
-------------------------------------------------------------
STREAM version $Revision: 5.10 $
-------------------------------------------------------------
This system uses 8 bytes per array element.
-------------------------------------------------------------
Array size = 134217728 (elements), Offset = 0 (elements)
Memory per array = 1024.0 MiB (= 1.0 GiB).
Total memory required = 3072.0 MiB (= 3.0 GiB).
Each kernel will be executed 10 times.
 The *best* time for each kernel (excluding the first iteration)
 will be used to compute the reported bandwidth.
-------------------------------------------------------------
Your clock granularity/precision appears to be 1 microseconds.
Each test below will take on the order of 147508 microseconds.
   (= 147508 clock ticks)
Increase the size of the arrays if this shows that
you are not getting at least 20 clock ticks per test.
-------------------------------------------------------------
WARNING -- The above is only a rough guideline.
For best results, please be sure you know the
precision of your system timer.
-------------------------------------------------------------
Function    Best Rate MB/s  Avg time     Min time     Max time
Copy:            8910.9     0.241269     0.240996     0.241742
Scale:           8822.6     0.243662     0.243407     0.244212
Add:             9225.2     0.349940     0.349177     0.351045
Triad:           9156.0     0.352549     0.351817     0.353246
-------------------------------------------------------------
Solution Validates: avg error less than 1.000000e-13 on all three arrays
-------------------------------------------------------------
1
sched_getaffinity = 1 1 1 1 1 1 1 1 1 1 1 1 1 1 1 1 1 1 1 1 1 1 1 1 1 1 1 1 1 1 1 1 1 1 1 1 1 1 1 1 1 1 1 1 1 1 1 1 1 1 1 1 1 1 1 1 1 1 1 1 1 1 1 1 
sched_getcpu = 39
** RAPL-logger - Process terminated, computing results
Recorded wall time (s):  13.6010
Domain intel-rapl:0 (package-1) energy consumption (j): 445.4417
Domain intel-rapl:0 (package-1) avg. power consumption (W):  32.7507
Domain intel-rapl:0/intel-rapl:0:0 (dram) energy consumption (j):  20.9556
Domain intel-rapl:0/intel-rapl:0:0 (dram) avg. power consumption (W):   1.5407
Domain intel-rapl:1 (package-0) energy consumption (j): 598.6635
Domain intel-rapl:1 (package-0) avg. power consumption (W):  44.0161
Domain intel-rapl:1/intel-rapl:1:0 (dram) energy consumption (j):  41.2255
Domain intel-rapl:1/intel-rapl:1:0 (dram) avg. power consumption (W):   3.0311
