** RAPL-logger - 2 packages - Sampling freq.  10.0 Hz - Logfiles 0-3: /tmp/rapllog+1594011724
** RAPL-logger - Profiling: ../allocator 43 ../stream.bin
-------------------------------------------------------------
STREAM version $Revision: 5.10 $
-------------------------------------------------------------
This system uses 8 bytes per array element.
-------------------------------------------------------------
Array size = 134217728 (elements), Offset = 0 (elements)
Memory per array = 1024.0 MiB (= 1.0 GiB).
Total memory required = 3072.0 MiB (= 3.0 GiB).
Each kernel will be executed 10 times.
 The *best* time for each kernel (excluding the first iteration)
 will be used to compute the reported bandwidth.
-------------------------------------------------------------
Your clock granularity/precision appears to be 1 microseconds.
Each test below will take on the order of 143599 microseconds.
   (= 143599 clock ticks)
Increase the size of the arrays if this shows that
you are not getting at least 20 clock ticks per test.
-------------------------------------------------------------
WARNING -- The above is only a rough guideline.
For best results, please be sure you know the
precision of your system timer.
-------------------------------------------------------------
Function    Best Rate MB/s  Avg time     Min time     Max time
Copy:            8934.9     0.240595     0.240347     0.241000
Scale:           8845.0     0.243150     0.242790     0.244153
Add:             9248.9     0.348746     0.348281     0.349680
Triad:           9184.4     0.351385     0.350727     0.352108
-------------------------------------------------------------
Solution Validates: avg error less than 1.000000e-13 on all three arrays
-------------------------------------------------------------
1
sched_getaffinity = 1 1 1 1 1 1 1 1 1 1 1 1 1 1 1 1 1 1 1 1 1 1 1 1 1 1 1 1 1 1 1 1 1 1 1 1 1 1 1 1 1 1 1 1 1 1 1 1 1 1 1 1 1 1 1 1 1 1 1 1 1 1 1 1 
sched_getcpu = 39
** RAPL-logger - Process terminated, computing results
Recorded wall time (s):  13.5620
Domain intel-rapl:0 (package-1) energy consumption (j): 512.4281
Domain intel-rapl:0 (package-1) avg. power consumption (W):  37.7841
Domain intel-rapl:0/intel-rapl:0:0 (dram) energy consumption (j):  39.5695
Domain intel-rapl:0/intel-rapl:0:0 (dram) avg. power consumption (W):   2.9177
Domain intel-rapl:1 (package-0) energy consumption (j): 538.6245
Domain intel-rapl:1 (package-0) avg. power consumption (W):  39.7157
Domain intel-rapl:1/intel-rapl:1:0 (dram) energy consumption (j):  21.6495
Domain intel-rapl:1/intel-rapl:1:0 (dram) avg. power consumption (W):   1.5963
