** RAPL-logger - 2 packages - Sampling freq.  10.0 Hz - Logfiles 0-3: /tmp/rapllog+1593940163
** RAPL-logger - Profiling: ../allocator 7 ../stream.bin
-------------------------------------------------------------
STREAM version $Revision: 5.10 $
-------------------------------------------------------------
This system uses 8 bytes per array element.
-------------------------------------------------------------
Array size = 1073741824 (elements), Offset = 0 (elements)
Memory per array = 8192.0 MiB (= 8.0 GiB).
Total memory required = 24576.0 MiB (= 24.0 GiB).
Each kernel will be executed 10 times.
 The *best* time for each kernel (excluding the first iteration)
 will be used to compute the reported bandwidth.
-------------------------------------------------------------
Your clock granularity/precision appears to be 1 microseconds.
Each test below will take on the order of 2150178 microseconds.
   (= 2150178 clock ticks)
Increase the size of the arrays if this shows that
you are not getting at least 20 clock ticks per test.
-------------------------------------------------------------
WARNING -- The above is only a rough guideline.
For best results, please be sure you know the
precision of your system timer.
-------------------------------------------------------------
Function    Best Rate MB/s  Avg time     Min time     Max time
Copy:            8265.0     2.264122     2.078636     2.587601
Scale:           8203.1     2.412817     2.094323     2.718518
Add:             8894.7     3.128508     2.897207     3.372124
Triad:           8865.8     3.003271     2.906661     3.317619
-------------------------------------------------------------
Solution Validates: avg error less than 1.000000e-13 on all three arrays
-------------------------------------------------------------
1
sched_getaffinity = 1 1 1 1 1 1 1 1 1 1 1 1 1 1 1 1 1 1 1 1 1 1 1 1 1 1 1 1 1 1 1 1 1 1 1 1 1 1 1 1 1 1 1 1 1 1 1 1 1 1 1 1 1 1 1 1 1 1 1 1 1 1 1 1 
sched_getcpu = 39
** RAPL-logger - Process terminated, computing results
Recorded wall time (s): 130.5900
Domain intel-rapl:0 (package-1) energy consumption (j): 4865.2081
Domain intel-rapl:0 (package-1) avg. power consumption (W):  37.2556
Domain intel-rapl:0/intel-rapl:0:0 (dram) energy consumption (j): 289.2929
Domain intel-rapl:0/intel-rapl:0:0 (dram) avg. power consumption (W):   2.2153
Domain intel-rapl:1 (package-0) energy consumption (j): 5352.4763
Domain intel-rapl:1 (package-0) avg. power consumption (W):  40.9869
Domain intel-rapl:1/intel-rapl:1:0 (dram) energy consumption (j): 296.9616
Domain intel-rapl:1/intel-rapl:1:0 (dram) avg. power consumption (W):   2.2740
