** RAPL-logger - 2 packages - Sampling freq.  10.0 Hz - Logfiles 0-3: /tmp/rapllog+1593933456
** RAPL-logger - Profiling: ../allocator 20 ../stream.bin
-------------------------------------------------------------
STREAM version $Revision: 5.10 $
-------------------------------------------------------------
This system uses 8 bytes per array element.
-------------------------------------------------------------
Array size = 268435456 (elements), Offset = 0 (elements)
Memory per array = 2048.0 MiB (= 2.0 GiB).
Total memory required = 6144.0 MiB (= 6.0 GiB).
Each kernel will be executed 10 times.
 The *best* time for each kernel (excluding the first iteration)
 will be used to compute the reported bandwidth.
-------------------------------------------------------------
Your clock granularity/precision appears to be 1 microseconds.
Each test below will take on the order of 294793 microseconds.
   (= 294793 clock ticks)
Increase the size of the arrays if this shows that
you are not getting at least 20 clock ticks per test.
-------------------------------------------------------------
WARNING -- The above is only a rough guideline.
For best results, please be sure you know the
precision of your system timer.
-------------------------------------------------------------
Function    Best Rate MB/s  Avg time     Min time     Max time
Copy:            8959.6     0.479851     0.479371     0.480851
Scale:           8816.1     0.487623     0.487175     0.488517
Add:             9210.2     0.699899     0.699493     0.701323
Triad:           9144.1     0.705040     0.704551     0.705847
-------------------------------------------------------------
Solution Validates: avg error less than 1.000000e-13 on all three arrays
-------------------------------------------------------------
1
sched_getaffinity = 1 1 1 1 1 1 1 1 1 1 1 1 1 1 1 1 1 1 1 1 1 1 1 1 1 1 1 1 1 1 1 1 1 1 1 1 1 1 1 1 1 1 1 1 1 1 1 1 1 1 1 1 1 1 1 1 1 1 1 1 1 1 1 1 
sched_getcpu = 38
** RAPL-logger - Process terminated, computing results
Recorded wall time (s):  27.2730
Domain intel-rapl:0 (package-1) energy consumption (j): 898.8389
Domain intel-rapl:0 (package-1) avg. power consumption (W):  32.9571
Domain intel-rapl:0/intel-rapl:0:0 (dram) energy consumption (j):  42.2319
Domain intel-rapl:0/intel-rapl:0:0 (dram) avg. power consumption (W):   1.5485
Domain intel-rapl:1 (package-0) energy consumption (j): 1202.9181
Domain intel-rapl:1 (package-0) avg. power consumption (W):  44.1066
Domain intel-rapl:1/intel-rapl:1:0 (dram) energy consumption (j):  82.9897
Domain intel-rapl:1/intel-rapl:1:0 (dram) avg. power consumption (W):   3.0429
