** RAPL-logger - 2 packages - Sampling freq.  10.0 Hz - Logfiles 0-3: /tmp/rapllog+1593935455
** RAPL-logger - Profiling: ../allocator 13 ../stream.bin
-------------------------------------------------------------
STREAM version $Revision: 5.10 $
-------------------------------------------------------------
This system uses 8 bytes per array element.
-------------------------------------------------------------
Array size = 536870912 (elements), Offset = 0 (elements)
Memory per array = 4096.0 MiB (= 4.0 GiB).
Total memory required = 12288.0 MiB (= 12.0 GiB).
Each kernel will be executed 10 times.
 The *best* time for each kernel (excluding the first iteration)
 will be used to compute the reported bandwidth.
-------------------------------------------------------------
Your clock granularity/precision appears to be 1 microseconds.
Each test below will take on the order of 580978 microseconds.
   (= 580978 clock ticks)
Increase the size of the arrays if this shows that
you are not getting at least 20 clock ticks per test.
-------------------------------------------------------------
WARNING -- The above is only a rough guideline.
For best results, please be sure you know the
precision of your system timer.
-------------------------------------------------------------
Function    Best Rate MB/s  Avg time     Min time     Max time
Copy:            8966.1     0.958491     0.958044     0.959218
Scale:           8824.5     0.974750     0.973422     0.977391
Add:             9220.9     1.398654     1.397351     1.400996
Triad:           9163.4     1.408174     1.406122     1.412937
-------------------------------------------------------------
Solution Validates: avg error less than 1.000000e-13 on all three arrays
-------------------------------------------------------------
1
sched_getaffinity = 1 1 1 1 1 1 1 1 1 1 1 1 1 1 1 1 1 1 1 1 1 1 1 1 1 1 1 1 1 1 1 1 1 1 1 1 1 1 1 1 1 1 1 1 1 1 1 1 1 1 1 1 1 1 1 1 1 1 1 1 1 1 1 1 
sched_getcpu = 39
** RAPL-logger - Process terminated, computing results
Recorded wall time (s):  54.4630
Domain intel-rapl:0 (package-1) energy consumption (j): 2059.4459
Domain intel-rapl:0 (package-1) avg. power consumption (W):  37.8137
Domain intel-rapl:0/intel-rapl:0:0 (dram) energy consumption (j): 160.1254
Domain intel-rapl:0/intel-rapl:0:0 (dram) avg. power consumption (W):   2.9401
Domain intel-rapl:1 (package-0) energy consumption (j): 2184.6562
Domain intel-rapl:1 (package-0) avg. power consumption (W):  40.1127
Domain intel-rapl:1/intel-rapl:1:0 (dram) energy consumption (j):  86.5900
Domain intel-rapl:1/intel-rapl:1:0 (dram) avg. power consumption (W):   1.5899
