** RAPL-logger - 2 packages - Sampling freq.  10.0 Hz - Logfiles 0-3: /tmp/rapllog+1593939227
** RAPL-logger - Profiling: ../allocator 18 ../stream.bin
-------------------------------------------------------------
STREAM version $Revision: 5.10 $
-------------------------------------------------------------
This system uses 8 bytes per array element.
-------------------------------------------------------------
Array size = 1073741824 (elements), Offset = 0 (elements)
Memory per array = 8192.0 MiB (= 8.0 GiB).
Total memory required = 24576.0 MiB (= 24.0 GiB).
Each kernel will be executed 10 times.
 The *best* time for each kernel (excluding the first iteration)
 will be used to compute the reported bandwidth.
-------------------------------------------------------------
Your clock granularity/precision appears to be 1 microseconds.
Each test below will take on the order of 2672991 microseconds.
   (= 2672991 clock ticks)
Increase the size of the arrays if this shows that
you are not getting at least 20 clock ticks per test.
-------------------------------------------------------------
WARNING -- The above is only a rough guideline.
For best results, please be sure you know the
precision of your system timer.
-------------------------------------------------------------
Function    Best Rate MB/s  Avg time     Min time     Max time
Copy:            8158.3     2.446752     2.105826     2.917881
Scale:           8141.5     2.630510     2.110169     3.490490
Add:             8856.4     3.325433     2.909748     3.813677
Triad:           8817.5     3.273150     2.922569     4.239048
-------------------------------------------------------------
Solution Validates: avg error less than 1.000000e-13 on all three arrays
-------------------------------------------------------------
1
sched_getaffinity = 1 1 1 1 1 1 1 1 1 1 1 1 1 1 1 1 1 1 1 1 1 1 1 1 1 1 1 1 1 1 1 1 1 1 1 1 1 1 1 1 1 1 1 1 1 1 1 1 1 1 1 1 1 1 1 1 1 1 1 1 1 1 1 1 
sched_getcpu = 38
** RAPL-logger - Process terminated, computing results
Recorded wall time (s): 143.4570
Domain intel-rapl:0 (package-1) energy consumption (j): 4944.7458
Domain intel-rapl:0 (package-1) avg. power consumption (W):  34.4685
Domain intel-rapl:0/intel-rapl:0:0 (dram) energy consumption (j): 324.9254
Domain intel-rapl:0/intel-rapl:0:0 (dram) avg. power consumption (W):   2.2650
Domain intel-rapl:1 (package-0) energy consumption (j): 6190.0186
Domain intel-rapl:1 (package-0) avg. power consumption (W):  43.1489
Domain intel-rapl:1/intel-rapl:1:0 (dram) energy consumption (j): 308.0545
Domain intel-rapl:1/intel-rapl:1:0 (dram) avg. power consumption (W):   2.1474
