** RAPL-logger - 2 packages - Sampling freq.  10.0 Hz - Logfiles 0-3: /tmp/rapllog+1593939082
** RAPL-logger - Profiling: ../allocator 22 ../stream.bin
-------------------------------------------------------------
STREAM version $Revision: 5.10 $
-------------------------------------------------------------
This system uses 8 bytes per array element.
-------------------------------------------------------------
Array size = 1073741824 (elements), Offset = 0 (elements)
Memory per array = 8192.0 MiB (= 8.0 GiB).
Total memory required = 24576.0 MiB (= 24.0 GiB).
Each kernel will be executed 10 times.
 The *best* time for each kernel (excluding the first iteration)
 will be used to compute the reported bandwidth.
-------------------------------------------------------------
Your clock granularity/precision appears to be 1 microseconds.
Each test below will take on the order of 2688004 microseconds.
   (= 2688004 clock ticks)
Increase the size of the arrays if this shows that
you are not getting at least 20 clock ticks per test.
-------------------------------------------------------------
WARNING -- The above is only a rough guideline.
For best results, please be sure you know the
precision of your system timer.
-------------------------------------------------------------
Function    Best Rate MB/s  Avg time     Min time     Max time
Copy:            8169.6     2.429673     2.102895     2.915608
Scale:           8154.4     2.637001     2.106827     3.478739
Add:             8885.1     3.320139     2.900325     3.805215
Triad:           8836.6     3.246405     2.916273     4.231163
-------------------------------------------------------------
Solution Validates: avg error less than 1.000000e-13 on all three arrays
-------------------------------------------------------------
1
sched_getaffinity = 1 1 1 1 1 1 1 1 1 1 1 1 1 1 1 1 1 1 1 1 1 1 1 1 1 1 1 1 1 1 1 1 1 1 1 1 1 1 1 1 1 1 1 1 1 1 1 1 1 1 1 1 1 1 1 1 1 1 1 1 1 1 1 1 
sched_getcpu = 38
** RAPL-logger - Process terminated, computing results
Recorded wall time (s): 143.0890
Domain intel-rapl:0 (package-1) energy consumption (j): 4908.4222
Domain intel-rapl:0 (package-1) avg. power consumption (W):  34.3033
Domain intel-rapl:0/intel-rapl:0:0 (dram) energy consumption (j): 323.5981
Domain intel-rapl:0/intel-rapl:0:0 (dram) avg. power consumption (W):   2.2615
Domain intel-rapl:1 (package-0) energy consumption (j): 6131.8608
Domain intel-rapl:1 (package-0) avg. power consumption (W):  42.8535
Domain intel-rapl:1/intel-rapl:1:0 (dram) energy consumption (j): 308.2245
Domain intel-rapl:1/intel-rapl:1:0 (dram) avg. power consumption (W):   2.1541
