** RAPL-logger - 2 packages - Sampling freq.  10.0 Hz - Logfiles 0-3: /tmp/rapllog+1594011536
** RAPL-logger - Profiling: ../allocator 52 ../stream.bin
-------------------------------------------------------------
STREAM version $Revision: 5.10 $
-------------------------------------------------------------
This system uses 8 bytes per array element.
-------------------------------------------------------------
Array size = 134217728 (elements), Offset = 0 (elements)
Memory per array = 1024.0 MiB (= 1.0 GiB).
Total memory required = 3072.0 MiB (= 3.0 GiB).
Each kernel will be executed 10 times.
 The *best* time for each kernel (excluding the first iteration)
 will be used to compute the reported bandwidth.
-------------------------------------------------------------
Your clock granularity/precision appears to be 1 microseconds.
Each test below will take on the order of 149826 microseconds.
   (= 149826 clock ticks)
Increase the size of the arrays if this shows that
you are not getting at least 20 clock ticks per test.
-------------------------------------------------------------
WARNING -- The above is only a rough guideline.
For best results, please be sure you know the
precision of your system timer.
-------------------------------------------------------------
Function    Best Rate MB/s  Avg time     Min time     Max time
Copy:            8934.2     0.240732     0.240366     0.241242
Scale:           8835.5     0.243450     0.243051     0.244212
Add:             9235.2     0.349431     0.348798     0.350291
Triad:           9165.8     0.351946     0.351441     0.352348
-------------------------------------------------------------
Solution Validates: avg error less than 1.000000e-13 on all three arrays
-------------------------------------------------------------
1
sched_getaffinity = 1 1 1 1 1 1 1 1 1 1 1 1 1 1 1 1 1 1 1 1 1 1 1 1 1 1 1 1 1 1 1 1 1 1 1 1 1 1 1 1 1 1 1 1 1 1 1 1 1 1 1 1 1 1 1 1 1 1 1 1 1 1 1 1 
sched_getcpu = 39
** RAPL-logger - Process terminated, computing results
Recorded wall time (s):  13.5880
Domain intel-rapl:0 (package-1) energy consumption (j): 445.6353
Domain intel-rapl:0 (package-1) avg. power consumption (W):  32.7962
Domain intel-rapl:0/intel-rapl:0:0 (dram) energy consumption (j):  20.9498
Domain intel-rapl:0/intel-rapl:0:0 (dram) avg. power consumption (W):   1.5418
Domain intel-rapl:1 (package-0) energy consumption (j): 596.6539
Domain intel-rapl:1 (package-0) avg. power consumption (W):  43.9104
Domain intel-rapl:1/intel-rapl:1:0 (dram) energy consumption (j):  41.2929
Domain intel-rapl:1/intel-rapl:1:0 (dram) avg. power consumption (W):   3.0389
