** RAPL-logger - 2 packages - Sampling freq.  10.0 Hz - Logfiles 0-3: /tmp/rapllog+1593933368
** RAPL-logger - Profiling: ../allocator 10 ../stream.bin
-------------------------------------------------------------
STREAM version $Revision: 5.10 $
-------------------------------------------------------------
This system uses 8 bytes per array element.
-------------------------------------------------------------
Array size = 268435456 (elements), Offset = 0 (elements)
Memory per array = 2048.0 MiB (= 2.0 GiB).
Total memory required = 6144.0 MiB (= 6.0 GiB).
Each kernel will be executed 10 times.
 The *best* time for each kernel (excluding the first iteration)
 will be used to compute the reported bandwidth.
-------------------------------------------------------------
Your clock granularity/precision appears to be 1 microseconds.
Each test below will take on the order of 288644 microseconds.
   (= 288644 clock ticks)
Increase the size of the arrays if this shows that
you are not getting at least 20 clock ticks per test.
-------------------------------------------------------------
WARNING -- The above is only a rough guideline.
For best results, please be sure you know the
precision of your system timer.
-------------------------------------------------------------
Function    Best Rate MB/s  Avg time     Min time     Max time
Copy:            8945.9     0.480693     0.480103     0.481584
Scale:           8812.0     0.487995     0.487400     0.488689
Add:             9206.8     0.700274     0.699746     0.701670
Triad:           9140.3     0.705632     0.704838     0.706921
-------------------------------------------------------------
Solution Validates: avg error less than 1.000000e-13 on all three arrays
-------------------------------------------------------------
1
sched_getaffinity = 1 1 1 1 1 1 1 1 1 1 1 1 1 1 1 1 1 1 1 1 1 1 1 1 1 1 1 1 1 1 1 1 1 1 1 1 1 1 1 1 1 1 1 1 1 1 1 1 1 1 1 1 1 1 1 1 1 1 1 1 1 1 1 1 
sched_getcpu = 39
** RAPL-logger - Process terminated, computing results
Recorded wall time (s):  27.2800
Domain intel-rapl:0 (package-1) energy consumption (j): 900.8584
Domain intel-rapl:0 (package-1) avg. power consumption (W):  33.0227
Domain intel-rapl:0/intel-rapl:0:0 (dram) energy consumption (j):  42.3108
Domain intel-rapl:0/intel-rapl:0:0 (dram) avg. power consumption (W):   1.5510
Domain intel-rapl:1 (package-0) energy consumption (j): 1205.3063
Domain intel-rapl:1 (package-0) avg. power consumption (W):  44.1828
Domain intel-rapl:1/intel-rapl:1:0 (dram) energy consumption (j):  83.0020
Domain intel-rapl:1/intel-rapl:1:0 (dram) avg. power consumption (W):   3.0426
