** RAPL-logger - 2 packages - Sampling freq.  10.0 Hz - Logfiles 0-3: /tmp/rapllog+1593936962
** RAPL-logger - Profiling: ../allocator 3 ../stream.bin
-------------------------------------------------------------
STREAM version $Revision: 5.10 $
-------------------------------------------------------------
This system uses 8 bytes per array element.
-------------------------------------------------------------
Array size = 134217728 (elements), Offset = 0 (elements)
Memory per array = 1024.0 MiB (= 1.0 GiB).
Total memory required = 3072.0 MiB (= 3.0 GiB).
Each kernel will be executed 10 times.
 The *best* time for each kernel (excluding the first iteration)
 will be used to compute the reported bandwidth.
-------------------------------------------------------------
Your clock granularity/precision appears to be 1 microseconds.
Each test below will take on the order of 149069 microseconds.
   (= 149069 clock ticks)
Increase the size of the arrays if this shows that
you are not getting at least 20 clock ticks per test.
-------------------------------------------------------------
WARNING -- The above is only a rough guideline.
For best results, please be sure you know the
precision of your system timer.
-------------------------------------------------------------
Function    Best Rate MB/s  Avg time     Min time     Max time
Copy:            8909.5     0.241598     0.241034     0.242202
Scale:           8819.5     0.243896     0.243494     0.244279
Add:             9196.8     0.351241     0.350254     0.352437
Triad:           9135.4     0.353456     0.352610     0.356536
-------------------------------------------------------------
Solution Validates: avg error less than 1.000000e-13 on all three arrays
-------------------------------------------------------------
1
sched_getaffinity = 1 1 1 1 1 1 1 1 1 1 1 1 1 1 1 1 1 1 1 1 1 1 1 1 1 1 1 1 1 1 1 1 1 1 1 1 1 1 1 1 1 1 1 1 1 1 1 1 1 1 1 1 1 1 1 1 1 1 1 1 1 1 1 1 
sched_getcpu = 38
** RAPL-logger - Process terminated, computing results
Recorded wall time (s):  13.6490
Domain intel-rapl:0 (package-1) energy consumption (j): 523.1955
Domain intel-rapl:0 (package-1) avg. power consumption (W):  38.3321
Domain intel-rapl:0/intel-rapl:0:0 (dram) energy consumption (j):  40.1500
Domain intel-rapl:0/intel-rapl:0:0 (dram) avg. power consumption (W):   2.9416
Domain intel-rapl:1 (package-0) energy consumption (j): 550.4017
Domain intel-rapl:1 (package-0) avg. power consumption (W):  40.3254
Domain intel-rapl:1/intel-rapl:1:0 (dram) energy consumption (j):  21.7148
Domain intel-rapl:1/intel-rapl:1:0 (dram) avg. power consumption (W):   1.5909
