** RAPL-logger - 2 packages - Sampling freq.  10.0 Hz - Logfiles 0-3: /tmp/rapllog+1593939767
** RAPL-logger - Profiling: ../allocator 13 ../stream.bin
-------------------------------------------------------------
STREAM version $Revision: 5.10 $
-------------------------------------------------------------
This system uses 8 bytes per array element.
-------------------------------------------------------------
Array size = 1073741824 (elements), Offset = 0 (elements)
Memory per array = 8192.0 MiB (= 8.0 GiB).
Total memory required = 24576.0 MiB (= 24.0 GiB).
Each kernel will be executed 10 times.
 The *best* time for each kernel (excluding the first iteration)
 will be used to compute the reported bandwidth.
-------------------------------------------------------------
Your clock granularity/precision appears to be 1 microseconds.
Each test below will take on the order of 2157135 microseconds.
   (= 2157135 clock ticks)
Increase the size of the arrays if this shows that
you are not getting at least 20 clock ticks per test.
-------------------------------------------------------------
WARNING -- The above is only a rough guideline.
For best results, please be sure you know the
precision of your system timer.
-------------------------------------------------------------
Function    Best Rate MB/s  Avg time     Min time     Max time
Copy:            8298.4     2.237816     2.070257     2.492992
Scale:           8219.4     2.418058     2.090163     2.785464
Add:             8946.1     3.136084     2.880549     3.388436
Triad:           8914.9     2.970497     2.890628     3.328625
-------------------------------------------------------------
Solution Validates: avg error less than 1.000000e-13 on all three arrays
-------------------------------------------------------------
1
sched_getaffinity = 1 1 1 1 1 1 1 1 1 1 1 1 1 1 1 1 1 1 1 1 1 1 1 1 1 1 1 1 1 1 1 1 1 1 1 1 1 1 1 1 1 1 1 1 1 1 1 1 1 1 1 1 1 1 1 1 1 1 1 1 1 1 1 1 
sched_getcpu = 39
** RAPL-logger - Process terminated, computing results
Recorded wall time (s): 130.0630
Domain intel-rapl:0 (package-1) energy consumption (j): 4858.3720
Domain intel-rapl:0 (package-1) avg. power consumption (W):  37.3540
Domain intel-rapl:0/intel-rapl:0:0 (dram) energy consumption (j): 287.1861
Domain intel-rapl:0/intel-rapl:0:0 (dram) avg. power consumption (W):   2.2081
Domain intel-rapl:1 (package-0) energy consumption (j): 5302.2098
Domain intel-rapl:1 (package-0) avg. power consumption (W):  40.7665
Domain intel-rapl:1/intel-rapl:1:0 (dram) energy consumption (j): 295.2685
Domain intel-rapl:1/intel-rapl:1:0 (dram) avg. power consumption (W):   2.2702
