** RAPL-logger - 2 packages - Sampling freq.  10.0 Hz - Logfiles 0-3: /tmp/rapllog+1593933280
** RAPL-logger - Profiling: ../allocator 8 ../stream.bin
-------------------------------------------------------------
STREAM version $Revision: 5.10 $
-------------------------------------------------------------
This system uses 8 bytes per array element.
-------------------------------------------------------------
Array size = 268435456 (elements), Offset = 0 (elements)
Memory per array = 2048.0 MiB (= 2.0 GiB).
Total memory required = 6144.0 MiB (= 6.0 GiB).
Each kernel will be executed 10 times.
 The *best* time for each kernel (excluding the first iteration)
 will be used to compute the reported bandwidth.
-------------------------------------------------------------
Your clock granularity/precision appears to be 1 microseconds.
Each test below will take on the order of 296808 microseconds.
   (= 296808 clock ticks)
Increase the size of the arrays if this shows that
you are not getting at least 20 clock ticks per test.
-------------------------------------------------------------
WARNING -- The above is only a rough guideline.
For best results, please be sure you know the
precision of your system timer.
-------------------------------------------------------------
Function    Best Rate MB/s  Avg time     Min time     Max time
Copy:            8958.7     0.479980     0.479420     0.481294
Scale:           8813.2     0.487748     0.487331     0.488335
Add:             9208.6     0.700175     0.699614     0.701576
Triad:           9142.4     0.705256     0.704678     0.705970
-------------------------------------------------------------
Solution Validates: avg error less than 1.000000e-13 on all three arrays
-------------------------------------------------------------
1
sched_getaffinity = 1 1 1 1 1 1 1 1 1 1 1 1 1 1 1 1 1 1 1 1 1 1 1 1 1 1 1 1 1 1 1 1 1 1 1 1 1 1 1 1 1 1 1 1 1 1 1 1 1 1 1 1 1 1 1 1 1 1 1 1 1 1 1 1 
sched_getcpu = 39
** RAPL-logger - Process terminated, computing results
Recorded wall time (s):  27.2840
Domain intel-rapl:0 (package-1) energy consumption (j): 896.5835
Domain intel-rapl:0 (package-1) avg. power consumption (W):  32.8611
Domain intel-rapl:0/intel-rapl:0:0 (dram) energy consumption (j):  42.2403
Domain intel-rapl:0/intel-rapl:0:0 (dram) avg. power consumption (W):   1.5482
Domain intel-rapl:1 (package-0) energy consumption (j): 1201.2649
Domain intel-rapl:1 (package-0) avg. power consumption (W):  44.0282
Domain intel-rapl:1/intel-rapl:1:0 (dram) energy consumption (j):  82.9456
Domain intel-rapl:1/intel-rapl:1:0 (dram) avg. power consumption (W):   3.0401
