** RAPL-logger - 2 packages - Sampling freq.  10.0 Hz - Logfiles 0-3: /tmp/rapllog+1594011693
** RAPL-logger - Profiling: ../allocator 45 ../stream.bin
-------------------------------------------------------------
STREAM version $Revision: 5.10 $
-------------------------------------------------------------
This system uses 8 bytes per array element.
-------------------------------------------------------------
Array size = 134217728 (elements), Offset = 0 (elements)
Memory per array = 1024.0 MiB (= 1.0 GiB).
Total memory required = 3072.0 MiB (= 3.0 GiB).
Each kernel will be executed 10 times.
 The *best* time for each kernel (excluding the first iteration)
 will be used to compute the reported bandwidth.
-------------------------------------------------------------
Your clock granularity/precision appears to be 1 microseconds.
Each test below will take on the order of 143865 microseconds.
   (= 143865 clock ticks)
Increase the size of the arrays if this shows that
you are not getting at least 20 clock ticks per test.
-------------------------------------------------------------
WARNING -- The above is only a rough guideline.
For best results, please be sure you know the
precision of your system timer.
-------------------------------------------------------------
Function    Best Rate MB/s  Avg time     Min time     Max time
Copy:            8951.3     0.240262     0.239908     0.240788
Scale:           8861.4     0.242802     0.242341     0.243540
Add:             9261.1     0.348228     0.347823     0.349162
Triad:           9196.6     0.350831     0.350261     0.351351
-------------------------------------------------------------
Solution Validates: avg error less than 1.000000e-13 on all three arrays
-------------------------------------------------------------
1
sched_getaffinity = 1 1 1 1 1 1 1 1 1 1 1 1 1 1 1 1 1 1 1 1 1 1 1 1 1 1 1 1 1 1 1 1 1 1 1 1 1 1 1 1 1 1 1 1 1 1 1 1 1 1 1 1 1 1 1 1 1 1 1 1 1 1 1 1 
sched_getcpu = 38
** RAPL-logger - Process terminated, computing results
Recorded wall time (s):  13.5270
Domain intel-rapl:0 (package-1) energy consumption (j): 514.3267
Domain intel-rapl:0 (package-1) avg. power consumption (W):  38.0222
Domain intel-rapl:0/intel-rapl:0:0 (dram) energy consumption (j):  39.8239
Domain intel-rapl:0/intel-rapl:0:0 (dram) avg. power consumption (W):   2.9440
Domain intel-rapl:1 (package-0) energy consumption (j): 544.8022
Domain intel-rapl:1 (package-0) avg. power consumption (W):  40.2752
Domain intel-rapl:1/intel-rapl:1:0 (dram) energy consumption (j):  21.6179
Domain intel-rapl:1/intel-rapl:1:0 (dram) avg. power consumption (W):   1.5981
