** RAPL-logger - 2 packages - Sampling freq.  10.0 Hz - Logfiles 0-3: /tmp/rapllog+1593940561
** RAPL-logger - Profiling: ../allocator 25 ../stream.bin
-------------------------------------------------------------
STREAM version $Revision: 5.10 $
-------------------------------------------------------------
This system uses 8 bytes per array element.
-------------------------------------------------------------
Array size = 1073741824 (elements), Offset = 0 (elements)
Memory per array = 8192.0 MiB (= 8.0 GiB).
Total memory required = 24576.0 MiB (= 24.0 GiB).
Each kernel will be executed 10 times.
 The *best* time for each kernel (excluding the first iteration)
 will be used to compute the reported bandwidth.
-------------------------------------------------------------
Your clock granularity/precision appears to be 1 microseconds.
Each test below will take on the order of 2165993 microseconds.
   (= 2165993 clock ticks)
Increase the size of the arrays if this shows that
you are not getting at least 20 clock ticks per test.
-------------------------------------------------------------
WARNING -- The above is only a rough guideline.
For best results, please be sure you know the
precision of your system timer.
-------------------------------------------------------------
Function    Best Rate MB/s  Avg time     Min time     Max time
Copy:            8278.8     2.245691     2.075170     2.538721
Scale:           8212.9     2.414342     2.091816     2.751893
Add:             8913.2     3.132888     2.891190     3.391908
Triad:           8882.7     2.994881     2.901135     3.327853
-------------------------------------------------------------
Solution Validates: avg error less than 1.000000e-13 on all three arrays
-------------------------------------------------------------
1
sched_getaffinity = 1 1 1 1 1 1 1 1 1 1 1 1 1 1 1 1 1 1 1 1 1 1 1 1 1 1 1 1 1 1 1 1 1 1 1 1 1 1 1 1 1 1 1 1 1 1 1 1 1 1 1 1 1 1 1 1 1 1 1 1 1 1 1 1 
sched_getcpu = 38
** RAPL-logger - Process terminated, computing results
Recorded wall time (s): 130.3150
Domain intel-rapl:0 (package-1) energy consumption (j): 4823.8182
Domain intel-rapl:0 (package-1) avg. power consumption (W):  37.0166
Domain intel-rapl:0/intel-rapl:0:0 (dram) energy consumption (j): 287.6678
Domain intel-rapl:0/intel-rapl:0:0 (dram) avg. power consumption (W):   2.2075
Domain intel-rapl:1 (package-0) energy consumption (j): 5309.5225
Domain intel-rapl:1 (package-0) avg. power consumption (W):  40.7438
Domain intel-rapl:1/intel-rapl:1:0 (dram) energy consumption (j): 296.0864
Domain intel-rapl:1/intel-rapl:1:0 (dram) avg. power consumption (W):   2.2721
