** RAPL-logger - 2 packages - Sampling freq.  10.0 Hz - Logfiles 0-3: /tmp/rapllog+1593933632
** RAPL-logger - Profiling: ../allocator 18 ../stream.bin
-------------------------------------------------------------
STREAM version $Revision: 5.10 $
-------------------------------------------------------------
This system uses 8 bytes per array element.
-------------------------------------------------------------
Array size = 268435456 (elements), Offset = 0 (elements)
Memory per array = 2048.0 MiB (= 2.0 GiB).
Total memory required = 6144.0 MiB (= 6.0 GiB).
Each kernel will be executed 10 times.
 The *best* time for each kernel (excluding the first iteration)
 will be used to compute the reported bandwidth.
-------------------------------------------------------------
Your clock granularity/precision appears to be 1 microseconds.
Each test below will take on the order of 289032 microseconds.
   (= 289032 clock ticks)
Increase the size of the arrays if this shows that
you are not getting at least 20 clock ticks per test.
-------------------------------------------------------------
WARNING -- The above is only a rough guideline.
For best results, please be sure you know the
precision of your system timer.
-------------------------------------------------------------
Function    Best Rate MB/s  Avg time     Min time     Max time
Copy:            8941.9     0.480996     0.480321     0.481792
Scale:           8803.5     0.488264     0.487873     0.488934
Add:             9197.9     0.700933     0.700425     0.702294
Triad:           9130.7     0.706148     0.705585     0.707226
-------------------------------------------------------------
Solution Validates: avg error less than 1.000000e-13 on all three arrays
-------------------------------------------------------------
1
sched_getaffinity = 1 1 1 1 1 1 1 1 1 1 1 1 1 1 1 1 1 1 1 1 1 1 1 1 1 1 1 1 1 1 1 1 1 1 1 1 1 1 1 1 1 1 1 1 1 1 1 1 1 1 1 1 1 1 1 1 1 1 1 1 1 1 1 1 
sched_getcpu = 38
** RAPL-logger - Process terminated, computing results
Recorded wall time (s):  27.2910
Domain intel-rapl:0 (package-1) energy consumption (j): 904.3503
Domain intel-rapl:0 (package-1) avg. power consumption (W):  33.1373
Domain intel-rapl:0/intel-rapl:0:0 (dram) energy consumption (j):  42.2297
Domain intel-rapl:0/intel-rapl:0:0 (dram) avg. power consumption (W):   1.5474
Domain intel-rapl:1 (package-0) energy consumption (j): 1203.5467
Domain intel-rapl:1 (package-0) avg. power consumption (W):  44.1005
Domain intel-rapl:1/intel-rapl:1:0 (dram) energy consumption (j):  82.9546
Domain intel-rapl:1/intel-rapl:1:0 (dram) avg. power consumption (W):   3.0396
