** RAPL-logger - 2 packages - Sampling freq.  10.0 Hz - Logfiles 0-3: /tmp/rapllog+1593936022
** RAPL-logger - Profiling: ../allocator 23 ../stream.bin
-------------------------------------------------------------
STREAM version $Revision: 5.10 $
-------------------------------------------------------------
This system uses 8 bytes per array element.
-------------------------------------------------------------
Array size = 536870912 (elements), Offset = 0 (elements)
Memory per array = 4096.0 MiB (= 4.0 GiB).
Total memory required = 12288.0 MiB (= 12.0 GiB).
Each kernel will be executed 10 times.
 The *best* time for each kernel (excluding the first iteration)
 will be used to compute the reported bandwidth.
-------------------------------------------------------------
Your clock granularity/precision appears to be 1 microseconds.
Each test below will take on the order of 582248 microseconds.
   (= 582248 clock ticks)
Increase the size of the arrays if this shows that
you are not getting at least 20 clock ticks per test.
-------------------------------------------------------------
WARNING -- The above is only a rough guideline.
For best results, please be sure you know the
precision of your system timer.
-------------------------------------------------------------
Function    Best Rate MB/s  Avg time     Min time     Max time
Copy:            8930.7     0.962427     0.961843     0.963303
Scale:           8798.0     0.977868     0.976351     0.980765
Add:             9186.8     1.403805     1.402544     1.405576
Triad:           9128.1     1.413194     1.411559     1.417628
-------------------------------------------------------------
Solution Validates: avg error less than 1.000000e-13 on all three arrays
-------------------------------------------------------------
1
sched_getaffinity = 1 1 1 1 1 1 1 1 1 1 1 1 1 1 1 1 1 1 1 1 1 1 1 1 1 1 1 1 1 1 1 1 1 1 1 1 1 1 1 1 1 1 1 1 1 1 1 1 1 1 1 1 1 1 1 1 1 1 1 1 1 1 1 1 
sched_getcpu = 39
** RAPL-logger - Process terminated, computing results
Recorded wall time (s):  54.6520
Domain intel-rapl:0 (package-1) energy consumption (j): 2078.7373
Domain intel-rapl:0 (package-1) avg. power consumption (W):  38.0359
Domain intel-rapl:0/intel-rapl:0:0 (dram) energy consumption (j): 160.0230
Domain intel-rapl:0/intel-rapl:0:0 (dram) avg. power consumption (W):   2.9280
Domain intel-rapl:1 (package-0) energy consumption (j): 2198.7535
Domain intel-rapl:1 (package-0) avg. power consumption (W):  40.2319
Domain intel-rapl:1/intel-rapl:1:0 (dram) energy consumption (j):  86.4393
Domain intel-rapl:1/intel-rapl:1:0 (dram) avg. power consumption (W):   1.5816
