** RAPL-logger - 2 packages - Sampling freq.  10.0 Hz - Logfiles 0-3: /tmp/rapllog+1594011489
** RAPL-logger - Profiling: ../allocator 42 ../stream.bin
-------------------------------------------------------------
STREAM version $Revision: 5.10 $
-------------------------------------------------------------
This system uses 8 bytes per array element.
-------------------------------------------------------------
Array size = 134217728 (elements), Offset = 0 (elements)
Memory per array = 1024.0 MiB (= 1.0 GiB).
Total memory required = 3072.0 MiB (= 3.0 GiB).
Each kernel will be executed 10 times.
 The *best* time for each kernel (excluding the first iteration)
 will be used to compute the reported bandwidth.
-------------------------------------------------------------
Your clock granularity/precision appears to be 1 microseconds.
Each test below will take on the order of 143908 microseconds.
   (= 143908 clock ticks)
Increase the size of the arrays if this shows that
you are not getting at least 20 clock ticks per test.
-------------------------------------------------------------
WARNING -- The above is only a rough guideline.
For best results, please be sure you know the
precision of your system timer.
-------------------------------------------------------------
Function    Best Rate MB/s  Avg time     Min time     Max time
Copy:            8915.5     0.241149     0.240871     0.241507
Scale:           8828.8     0.243595     0.243237     0.244336
Add:             9232.6     0.349592     0.348896     0.350637
Triad:           9163.9     0.352200     0.351513     0.352574
-------------------------------------------------------------
Solution Validates: avg error less than 1.000000e-13 on all three arrays
-------------------------------------------------------------
1
sched_getaffinity = 1 1 1 1 1 1 1 1 1 1 1 1 1 1 1 1 1 1 1 1 1 1 1 1 1 1 1 1 1 1 1 1 1 1 1 1 1 1 1 1 1 1 1 1 1 1 1 1 1 1 1 1 1 1 1 1 1 1 1 1 1 1 1 1 
sched_getcpu = 39
** RAPL-logger - Process terminated, computing results
Recorded wall time (s):  13.5880
Domain intel-rapl:0 (package-1) energy consumption (j): 449.2824
Domain intel-rapl:0 (package-1) avg. power consumption (W):  33.0646
Domain intel-rapl:0/intel-rapl:0:0 (dram) energy consumption (j):  20.9470
Domain intel-rapl:0/intel-rapl:0:0 (dram) avg. power consumption (W):   1.5416
Domain intel-rapl:1 (package-0) energy consumption (j): 598.1307
Domain intel-rapl:1 (package-0) avg. power consumption (W):  44.0190
Domain intel-rapl:1/intel-rapl:1:0 (dram) energy consumption (j):  41.2484
Domain intel-rapl:1/intel-rapl:1:0 (dram) avg. power consumption (W):   3.0356
