** RAPL-logger - 2 packages - Sampling freq.  10.0 Hz - Logfiles 0-3: /tmp/rapllog+1593938362
** RAPL-logger - Profiling: ../allocator 20 ../stream.bin
-------------------------------------------------------------
STREAM version $Revision: 5.10 $
-------------------------------------------------------------
This system uses 8 bytes per array element.
-------------------------------------------------------------
Array size = 1073741824 (elements), Offset = 0 (elements)
Memory per array = 8192.0 MiB (= 8.0 GiB).
Total memory required = 24576.0 MiB (= 24.0 GiB).
Each kernel will be executed 10 times.
 The *best* time for each kernel (excluding the first iteration)
 will be used to compute the reported bandwidth.
-------------------------------------------------------------
Your clock granularity/precision appears to be 1 microseconds.
Each test below will take on the order of 2743388 microseconds.
   (= 2743388 clock ticks)
Increase the size of the arrays if this shows that
you are not getting at least 20 clock ticks per test.
-------------------------------------------------------------
WARNING -- The above is only a rough guideline.
For best results, please be sure you know the
precision of your system timer.
-------------------------------------------------------------
Function    Best Rate MB/s  Avg time     Min time     Max time
Copy:            8201.9     2.164196     2.094625     2.613197
Scale:           8184.0     2.257472     2.099200     2.617178
Add:             8604.7     3.674005     2.994860     4.277177
Triad:           8887.9     3.372206     2.899437     4.163690
-------------------------------------------------------------
Solution Validates: avg error less than 1.000000e-13 on all three arrays
-------------------------------------------------------------
1
sched_getaffinity = 1 1 1 1 1 1 1 1 1 1 1 1 1 1 1 1 1 1 1 1 1 1 1 1 1 1 1 1 1 1 1 1 1 1 1 1 1 1 1 1 1 1 1 1 1 1 1 1 1 1 1 1 1 1 1 1 1 1 1 1 1 1 1 1 
sched_getcpu = 38
** RAPL-logger - Process terminated, computing results
Recorded wall time (s): 140.6130
Domain intel-rapl:0 (package-1) energy consumption (j): 4840.0575
Domain intel-rapl:0 (package-1) avg. power consumption (W):  34.4211
Domain intel-rapl:0/intel-rapl:0:0 (dram) energy consumption (j): 318.7834
Domain intel-rapl:0/intel-rapl:0:0 (dram) avg. power consumption (W):   2.2671
Domain intel-rapl:1 (package-0) energy consumption (j): 6067.8148
Domain intel-rapl:1 (package-0) avg. power consumption (W):  43.1526
Domain intel-rapl:1/intel-rapl:1:0 (dram) energy consumption (j): 304.5827
Domain intel-rapl:1/intel-rapl:1:0 (dram) avg. power consumption (W):   2.1661
