** RAPL-logger - 2 packages - Sampling freq.  10.0 Hz - Logfiles 0-3: /tmp/rapllog+1594011614
** RAPL-logger - Profiling: ../allocator 54 ../stream.bin
-------------------------------------------------------------
STREAM version $Revision: 5.10 $
-------------------------------------------------------------
This system uses 8 bytes per array element.
-------------------------------------------------------------
Array size = 134217728 (elements), Offset = 0 (elements)
Memory per array = 1024.0 MiB (= 1.0 GiB).
Total memory required = 3072.0 MiB (= 3.0 GiB).
Each kernel will be executed 10 times.
 The *best* time for each kernel (excluding the first iteration)
 will be used to compute the reported bandwidth.
-------------------------------------------------------------
Your clock granularity/precision appears to be 1 microseconds.
Each test below will take on the order of 148026 microseconds.
   (= 148026 clock ticks)
Increase the size of the arrays if this shows that
you are not getting at least 20 clock ticks per test.
-------------------------------------------------------------
WARNING -- The above is only a rough guideline.
For best results, please be sure you know the
precision of your system timer.
-------------------------------------------------------------
Function    Best Rate MB/s  Avg time     Min time     Max time
Copy:            8920.9     0.241162     0.240726     0.241815
Scale:           8827.4     0.243549     0.243274     0.244290
Add:             9233.5     0.349680     0.348863     0.352434
Triad:           9162.8     0.352368     0.351553     0.353691
-------------------------------------------------------------
Solution Validates: avg error less than 1.000000e-13 on all three arrays
-------------------------------------------------------------
1
sched_getaffinity = 1 1 1 1 1 1 1 1 1 1 1 1 1 1 1 1 1 1 1 1 1 1 1 1 1 1 1 1 1 1 1 1 1 1 1 1 1 1 1 1 1 1 1 1 1 1 1 1 1 1 1 1 1 1 1 1 1 1 1 1 1 1 1 1 
sched_getcpu = 38
** RAPL-logger - Process terminated, computing results
Recorded wall time (s):  13.5840
Domain intel-rapl:0 (package-1) energy consumption (j): 445.4177
Domain intel-rapl:0 (package-1) avg. power consumption (W):  32.7899
Domain intel-rapl:0/intel-rapl:0:0 (dram) energy consumption (j):  20.9575
Domain intel-rapl:0/intel-rapl:0:0 (dram) avg. power consumption (W):   1.5428
Domain intel-rapl:1 (package-0) energy consumption (j): 598.8403
Domain intel-rapl:1 (package-0) avg. power consumption (W):  44.0842
Domain intel-rapl:1/intel-rapl:1:0 (dram) energy consumption (j):  41.2745
Domain intel-rapl:1/intel-rapl:1:0 (dram) avg. power consumption (W):   3.0385
