** RAPL-logger - 2 packages - Sampling freq.  10.0 Hz - Logfiles 0-3: /tmp/rapllog+1593933573
** RAPL-logger - Profiling: ../allocator 26 ../stream.bin
-------------------------------------------------------------
STREAM version $Revision: 5.10 $
-------------------------------------------------------------
This system uses 8 bytes per array element.
-------------------------------------------------------------
Array size = 268435456 (elements), Offset = 0 (elements)
Memory per array = 2048.0 MiB (= 2.0 GiB).
Total memory required = 6144.0 MiB (= 6.0 GiB).
Each kernel will be executed 10 times.
 The *best* time for each kernel (excluding the first iteration)
 will be used to compute the reported bandwidth.
-------------------------------------------------------------
Your clock granularity/precision appears to be 1 microseconds.
Each test below will take on the order of 293319 microseconds.
   (= 293319 clock ticks)
Increase the size of the arrays if this shows that
you are not getting at least 20 clock ticks per test.
-------------------------------------------------------------
WARNING -- The above is only a rough guideline.
For best results, please be sure you know the
precision of your system timer.
-------------------------------------------------------------
Function    Best Rate MB/s  Avg time     Min time     Max time
Copy:            8952.0     0.480153     0.479776     0.481126
Scale:           8818.3     0.487598     0.487049     0.488331
Add:             9220.4     0.699292     0.698717     0.700886
Triad:           9153.3     0.704485     0.703838     0.705696
-------------------------------------------------------------
Solution Validates: avg error less than 1.000000e-13 on all three arrays
-------------------------------------------------------------
1
sched_getaffinity = 1 1 1 1 1 1 1 1 1 1 1 1 1 1 1 1 1 1 1 1 1 1 1 1 1 1 1 1 1 1 1 1 1 1 1 1 1 1 1 1 1 1 1 1 1 1 1 1 1 1 1 1 1 1 1 1 1 1 1 1 1 1 1 1 
sched_getcpu = 39
** RAPL-logger - Process terminated, computing results
Recorded wall time (s):  27.2400
Domain intel-rapl:0 (package-1) energy consumption (j): 900.0426
Domain intel-rapl:0 (package-1) avg. power consumption (W):  33.0412
Domain intel-rapl:0/intel-rapl:0:0 (dram) energy consumption (j):  42.2275
Domain intel-rapl:0/intel-rapl:0:0 (dram) avg. power consumption (W):   1.5502
Domain intel-rapl:1 (package-0) energy consumption (j): 1203.2652
Domain intel-rapl:1 (package-0) avg. power consumption (W):  44.1727
Domain intel-rapl:1/intel-rapl:1:0 (dram) energy consumption (j):  82.8905
Domain intel-rapl:1/intel-rapl:1:0 (dram) avg. power consumption (W):   3.0430
