** RAPL-logger - 2 packages - Sampling freq.  10.0 Hz - Logfiles 0-3: /tmp/rapllog+1593935341
** RAPL-logger - Profiling: ../allocator 5 ../stream.bin
-------------------------------------------------------------
STREAM version $Revision: 5.10 $
-------------------------------------------------------------
This system uses 8 bytes per array element.
-------------------------------------------------------------
Array size = 536870912 (elements), Offset = 0 (elements)
Memory per array = 4096.0 MiB (= 4.0 GiB).
Total memory required = 12288.0 MiB (= 12.0 GiB).
Each kernel will be executed 10 times.
 The *best* time for each kernel (excluding the first iteration)
 will be used to compute the reported bandwidth.
-------------------------------------------------------------
Your clock granularity/precision appears to be 1 microseconds.
Each test below will take on the order of 587186 microseconds.
   (= 587186 clock ticks)
Increase the size of the arrays if this shows that
you are not getting at least 20 clock ticks per test.
-------------------------------------------------------------
WARNING -- The above is only a rough guideline.
For best results, please be sure you know the
precision of your system timer.
-------------------------------------------------------------
Function    Best Rate MB/s  Avg time     Min time     Max time
Copy:            8947.0     0.961863     0.960091     0.972466
Scale:           8805.7     0.979125     0.975498     0.999065
Add:             9197.1     1.404234     1.400968     1.414748
Triad:           9135.9     1.413873     1.410358     1.420487
-------------------------------------------------------------
Solution Validates: avg error less than 1.000000e-13 on all three arrays
-------------------------------------------------------------
1
sched_getaffinity = 1 1 1 1 1 1 1 1 1 1 1 1 1 1 1 1 1 1 1 1 1 1 1 1 1 1 1 1 1 1 1 1 1 1 1 1 1 1 1 1 1 1 1 1 1 1 1 1 1 1 1 1 1 1 1 1 1 1 1 1 1 1 1 1 
sched_getcpu = 39
** RAPL-logger - Process terminated, computing results
Recorded wall time (s):  54.7170
Domain intel-rapl:0 (package-1) energy consumption (j): 2080.2149
Domain intel-rapl:0 (package-1) avg. power consumption (W):  38.0177
Domain intel-rapl:0/intel-rapl:0:0 (dram) energy consumption (j): 161.1159
Domain intel-rapl:0/intel-rapl:0:0 (dram) avg. power consumption (W):   2.9445
Domain intel-rapl:1 (package-0) energy consumption (j): 2224.9872
Domain intel-rapl:1 (package-0) avg. power consumption (W):  40.6635
Domain intel-rapl:1/intel-rapl:1:0 (dram) energy consumption (j):  87.4832
Domain intel-rapl:1/intel-rapl:1:0 (dram) avg. power consumption (W):   1.5988
