** RAPL-logger - 2 packages - Sampling freq.  10.0 Hz - Logfiles 0-3: /tmp/rapllog+1593935168
** RAPL-logger - Profiling: ../allocator 22 ../stream.bin
-------------------------------------------------------------
STREAM version $Revision: 5.10 $
-------------------------------------------------------------
This system uses 8 bytes per array element.
-------------------------------------------------------------
Array size = 536870912 (elements), Offset = 0 (elements)
Memory per array = 4096.0 MiB (= 4.0 GiB).
Total memory required = 12288.0 MiB (= 12.0 GiB).
Each kernel will be executed 10 times.
 The *best* time for each kernel (excluding the first iteration)
 will be used to compute the reported bandwidth.
-------------------------------------------------------------
Your clock granularity/precision appears to be 1 microseconds.
Each test below will take on the order of 614736 microseconds.
   (= 614736 clock ticks)
Increase the size of the arrays if this shows that
you are not getting at least 20 clock ticks per test.
-------------------------------------------------------------
WARNING -- The above is only a rough guideline.
For best results, please be sure you know the
precision of your system timer.
-------------------------------------------------------------
Function    Best Rate MB/s  Avg time     Min time     Max time
Copy:            9170.5     0.960787     0.936688     1.045789
Scale:           9035.8     0.981074     0.950656     1.162864
Add:             9612.9     1.430001     1.340380     1.558835
Triad:           9562.0     1.394811     1.347513     1.547009
-------------------------------------------------------------
Solution Validates: avg error less than 1.000000e-13 on all three arrays
-------------------------------------------------------------
1
sched_getaffinity = 1 1 1 1 1 1 1 1 1 1 1 1 1 1 1 1 1 1 1 1 1 1 1 1 1 1 1 1 1 1 1 1 1 1 1 1 1 1 1 1 1 1 1 1 1 1 1 1 1 1 1 1 1 1 1 1 1 1 1 1 1 1 1 1 
sched_getcpu = 38
** RAPL-logger - Process terminated, computing results
Recorded wall time (s):  56.1890
Domain intel-rapl:0 (package-1) energy consumption (j): 1854.6194
Domain intel-rapl:0 (package-1) avg. power consumption (W):  33.0068
Domain intel-rapl:0/intel-rapl:0:0 (dram) energy consumption (j):  87.8724
Domain intel-rapl:0/intel-rapl:0:0 (dram) avg. power consumption (W):   1.5639
Domain intel-rapl:1 (package-0) energy consumption (j): 2478.2504
Domain intel-rapl:1 (package-0) avg. power consumption (W):  44.1056
Domain intel-rapl:1/intel-rapl:1:0 (dram) energy consumption (j): 168.9780
Domain intel-rapl:1/intel-rapl:1:0 (dram) avg. power consumption (W):   3.0073
