** RAPL-logger - 2 packages - Sampling freq.  10.0 Hz - Logfiles 0-3: /tmp/rapllog+1593933955
** RAPL-logger - Profiling: ../allocator 29 ../stream.bin
-------------------------------------------------------------
STREAM version $Revision: 5.10 $
-------------------------------------------------------------
This system uses 8 bytes per array element.
-------------------------------------------------------------
Array size = 268435456 (elements), Offset = 0 (elements)
Memory per array = 2048.0 MiB (= 2.0 GiB).
Total memory required = 6144.0 MiB (= 6.0 GiB).
Each kernel will be executed 10 times.
 The *best* time for each kernel (excluding the first iteration)
 will be used to compute the reported bandwidth.
-------------------------------------------------------------
Your clock granularity/precision appears to be 1 microseconds.
Each test below will take on the order of 288228 microseconds.
   (= 288228 clock ticks)
Increase the size of the arrays if this shows that
you are not getting at least 20 clock ticks per test.
-------------------------------------------------------------
WARNING -- The above is only a rough guideline.
For best results, please be sure you know the
precision of your system timer.
-------------------------------------------------------------
Function    Best Rate MB/s  Avg time     Min time     Max time
Copy:            8957.0     0.480840     0.479512     0.484058
Scale:           8808.5     0.488267     0.487592     0.490239
Add:             9214.6     0.700371     0.699157     0.703190
Triad:           9151.6     0.705504     0.703972     0.707214
-------------------------------------------------------------
Solution Validates: avg error less than 1.000000e-13 on all three arrays
-------------------------------------------------------------
1
sched_getaffinity = 1 1 1 1 1 1 1 1 1 1 1 1 1 1 1 1 1 1 1 1 1 1 1 1 1 1 1 1 1 1 1 1 1 1 1 1 1 1 1 1 1 1 1 1 1 1 1 1 1 1 1 1 1 1 1 1 1 1 1 1 1 1 1 1 
sched_getcpu = 39
** RAPL-logger - Process terminated, computing results
Recorded wall time (s):  27.2980
Domain intel-rapl:0 (package-1) energy consumption (j): 1039.3242
Domain intel-rapl:0 (package-1) avg. power consumption (W):  38.0733
Domain intel-rapl:0/intel-rapl:0:0 (dram) energy consumption (j):  80.0687
Domain intel-rapl:0/intel-rapl:0:0 (dram) avg. power consumption (W):   2.9331
Domain intel-rapl:1 (package-0) energy consumption (j): 1108.1278
Domain intel-rapl:1 (package-0) avg. power consumption (W):  40.5937
Domain intel-rapl:1/intel-rapl:1:0 (dram) energy consumption (j):  43.4411
Domain intel-rapl:1/intel-rapl:1:0 (dram) avg. power consumption (W):   1.5914
