** RAPL-logger - 2 packages - Sampling freq.  10.0 Hz - Logfiles 0-3: /tmp/rapllog+1594011802
** RAPL-logger - Profiling: ../allocator 61 ../stream.bin
-------------------------------------------------------------
STREAM version $Revision: 5.10 $
-------------------------------------------------------------
This system uses 8 bytes per array element.
-------------------------------------------------------------
Array size = 134217728 (elements), Offset = 0 (elements)
Memory per array = 1024.0 MiB (= 1.0 GiB).
Total memory required = 3072.0 MiB (= 3.0 GiB).
Each kernel will be executed 10 times.
 The *best* time for each kernel (excluding the first iteration)
 will be used to compute the reported bandwidth.
-------------------------------------------------------------
Your clock granularity/precision appears to be 1 microseconds.
Each test below will take on the order of 144752 microseconds.
   (= 144752 clock ticks)
Increase the size of the arrays if this shows that
you are not getting at least 20 clock ticks per test.
-------------------------------------------------------------
WARNING -- The above is only a rough guideline.
For best results, please be sure you know the
precision of your system timer.
-------------------------------------------------------------
Function    Best Rate MB/s  Avg time     Min time     Max time
Copy:            8925.2     0.240897     0.240610     0.241451
Scale:           8833.9     0.243423     0.243097     0.244336
Add:             9229.6     0.349451     0.349011     0.350283
Triad:           9168.6     0.352035     0.351331     0.352549
-------------------------------------------------------------
Solution Validates: avg error less than 1.000000e-13 on all three arrays
-------------------------------------------------------------
1
sched_getaffinity = 1 1 1 1 1 1 1 1 1 1 1 1 1 1 1 1 1 1 1 1 1 1 1 1 1 1 1 1 1 1 1 1 1 1 1 1 1 1 1 1 1 1 1 1 1 1 1 1 1 1 1 1 1 1 1 1 1 1 1 1 1 1 1 1 
sched_getcpu = 39
** RAPL-logger - Process terminated, computing results
Recorded wall time (s):  13.5870
Domain intel-rapl:0 (package-1) energy consumption (j): 512.2151
Domain intel-rapl:0 (package-1) avg. power consumption (W):  37.6989
Domain intel-rapl:0/intel-rapl:0:0 (dram) energy consumption (j):  39.5079
Domain intel-rapl:0/intel-rapl:0:0 (dram) avg. power consumption (W):   2.9078
Domain intel-rapl:1 (package-0) energy consumption (j): 544.1876
Domain intel-rapl:1 (package-0) avg. power consumption (W):  40.0521
Domain intel-rapl:1/intel-rapl:1:0 (dram) energy consumption (j):  21.5696
Domain intel-rapl:1/intel-rapl:1:0 (dram) avg. power consumption (W):   1.5875
