** RAPL-logger - 2 packages - Sampling freq.  10.0 Hz - Logfiles 0-3: /tmp/rapllog+1593934701
** RAPL-logger - Profiling: ../allocator 10 ../stream.bin
-------------------------------------------------------------
STREAM version $Revision: 5.10 $
-------------------------------------------------------------
This system uses 8 bytes per array element.
-------------------------------------------------------------
Array size = 536870912 (elements), Offset = 0 (elements)
Memory per array = 4096.0 MiB (= 4.0 GiB).
Total memory required = 12288.0 MiB (= 12.0 GiB).
Each kernel will be executed 10 times.
 The *best* time for each kernel (excluding the first iteration)
 will be used to compute the reported bandwidth.
-------------------------------------------------------------
Your clock granularity/precision appears to be 1 microseconds.
Each test below will take on the order of 639060 microseconds.
   (= 639060 clock ticks)
Increase the size of the arrays if this shows that
you are not getting at least 20 clock ticks per test.
-------------------------------------------------------------
WARNING -- The above is only a rough guideline.
For best results, please be sure you know the
precision of your system timer.
-------------------------------------------------------------
Function    Best Rate MB/s  Avg time     Min time     Max time
Copy:            9169.7     0.962017     0.936772     1.066248
Scale:           9032.5     0.983988     0.951006     1.165062
Add:             9614.3     1.428679     1.340182     1.551324
Triad:           9559.7     1.393962     1.347838     1.543168
-------------------------------------------------------------
Solution Validates: avg error less than 1.000000e-13 on all three arrays
-------------------------------------------------------------
1
sched_getaffinity = 1 1 1 1 1 1 1 1 1 1 1 1 1 1 1 1 1 1 1 1 1 1 1 1 1 1 1 1 1 1 1 1 1 1 1 1 1 1 1 1 1 1 1 1 1 1 1 1 1 1 1 1 1 1 1 1 1 1 1 1 1 1 1 1 
sched_getcpu = 38
** RAPL-logger - Process terminated, computing results
Recorded wall time (s):  56.2610
Domain intel-rapl:0 (package-1) energy consumption (j): 1860.3304
Domain intel-rapl:0 (package-1) avg. power consumption (W):  33.0661
Domain intel-rapl:0/intel-rapl:0:0 (dram) energy consumption (j):  87.8916
Domain intel-rapl:0/intel-rapl:0:0 (dram) avg. power consumption (W):   1.5622
Domain intel-rapl:1 (package-0) energy consumption (j): 2475.1230
Domain intel-rapl:1 (package-0) avg. power consumption (W):  43.9936
Domain intel-rapl:1/intel-rapl:1:0 (dram) energy consumption (j): 168.9344
Domain intel-rapl:1/intel-rapl:1:0 (dram) avg. power consumption (W):   3.0027
