** RAPL-logger - 2 packages - Sampling freq.  10.0 Hz - Logfiles 0-3: /tmp/rapllog+1593936946
** RAPL-logger - Profiling: ../allocator 7 ../stream.bin
-------------------------------------------------------------
STREAM version $Revision: 5.10 $
-------------------------------------------------------------
This system uses 8 bytes per array element.
-------------------------------------------------------------
Array size = 134217728 (elements), Offset = 0 (elements)
Memory per array = 1024.0 MiB (= 1.0 GiB).
Total memory required = 3072.0 MiB (= 3.0 GiB).
Each kernel will be executed 10 times.
 The *best* time for each kernel (excluding the first iteration)
 will be used to compute the reported bandwidth.
-------------------------------------------------------------
Your clock granularity/precision appears to be 1 microseconds.
Each test below will take on the order of 142993 microseconds.
   (= 142993 clock ticks)
Increase the size of the arrays if this shows that
you are not getting at least 20 clock ticks per test.
-------------------------------------------------------------
WARNING -- The above is only a rough guideline.
For best results, please be sure you know the
precision of your system timer.
-------------------------------------------------------------
Function    Best Rate MB/s  Avg time     Min time     Max time
Copy:            8913.8     0.241867     0.240916     0.244220
Scale:           8837.4     0.244478     0.243000     0.248158
Add:             9224.4     0.351179     0.349208     0.354935
Triad:           9159.5     0.353260     0.351682     0.356890
-------------------------------------------------------------
Solution Validates: avg error less than 1.000000e-13 on all three arrays
-------------------------------------------------------------
1
sched_getaffinity = 1 1 1 1 1 1 1 1 1 1 1 1 1 1 1 1 1 1 1 1 1 1 1 1 1 1 1 1 1 1 1 1 1 1 1 1 1 1 1 1 1 1 1 1 1 1 1 1 1 1 1 1 1 1 1 1 1 1 1 1 1 1 1 1 
sched_getcpu = 39
** RAPL-logger - Process terminated, computing results
Recorded wall time (s):  13.6470
Domain intel-rapl:0 (package-1) energy consumption (j): 522.6942
Domain intel-rapl:0 (package-1) avg. power consumption (W):  38.3010
Domain intel-rapl:0/intel-rapl:0:0 (dram) energy consumption (j):  40.1903
Domain intel-rapl:0/intel-rapl:0:0 (dram) avg. power consumption (W):   2.9450
Domain intel-rapl:1 (package-0) energy consumption (j): 566.3705
Domain intel-rapl:1 (package-0) avg. power consumption (W):  41.5015
Domain intel-rapl:1/intel-rapl:1:0 (dram) energy consumption (j):  21.9302
Domain intel-rapl:1/intel-rapl:1:0 (dram) avg. power consumption (W):   1.6070
