** RAPL-logger - 2 packages - Sampling freq.  10.0 Hz - Logfiles 0-3: /tmp/rapllog+1593938069
** RAPL-logger - Profiling: ../allocator 6 ../stream.bin
-------------------------------------------------------------
STREAM version $Revision: 5.10 $
-------------------------------------------------------------
This system uses 8 bytes per array element.
-------------------------------------------------------------
Array size = 1073741824 (elements), Offset = 0 (elements)
Memory per array = 8192.0 MiB (= 8.0 GiB).
Total memory required = 24576.0 MiB (= 24.0 GiB).
Each kernel will be executed 10 times.
 The *best* time for each kernel (excluding the first iteration)
 will be used to compute the reported bandwidth.
-------------------------------------------------------------
Your clock granularity/precision appears to be 1 microseconds.
Each test below will take on the order of 2676796 microseconds.
   (= 2676796 clock ticks)
Increase the size of the arrays if this shows that
you are not getting at least 20 clock ticks per test.
-------------------------------------------------------------
WARNING -- The above is only a rough guideline.
For best results, please be sure you know the
precision of your system timer.
-------------------------------------------------------------
Function    Best Rate MB/s  Avg time     Min time     Max time
Copy:            8185.4     2.429414     2.098838     2.916672
Scale:           8169.6     2.637110     2.102910     3.471161
Add:             8915.2     3.336424     2.890549     3.859722
Triad:           8873.3     3.204733     2.904209     4.137967
-------------------------------------------------------------
Solution Validates: avg error less than 1.000000e-13 on all three arrays
-------------------------------------------------------------
1
sched_getaffinity = 1 1 1 1 1 1 1 1 1 1 1 1 1 1 1 1 1 1 1 1 1 1 1 1 1 1 1 1 1 1 1 1 1 1 1 1 1 1 1 1 1 1 1 1 1 1 1 1 1 1 1 1 1 1 1 1 1 1 1 1 1 1 1 1 
sched_getcpu = 39
** RAPL-logger - Process terminated, computing results
Recorded wall time (s): 142.7250
Domain intel-rapl:0 (package-1) energy consumption (j): 4929.6763
Domain intel-rapl:0 (package-1) avg. power consumption (W):  34.5397
Domain intel-rapl:0/intel-rapl:0:0 (dram) energy consumption (j): 322.9887
Domain intel-rapl:0/intel-rapl:0:0 (dram) avg. power consumption (W):   2.2630
Domain intel-rapl:1 (package-0) energy consumption (j): 6151.6261
Domain intel-rapl:1 (package-0) avg. power consumption (W):  43.1013
Domain intel-rapl:1/intel-rapl:1:0 (dram) energy consumption (j): 307.2479
Domain intel-rapl:1/intel-rapl:1:0 (dram) avg. power consumption (W):   2.1527
