** RAPL-logger - 2 packages - Sampling freq.  10.0 Hz - Logfiles 0-3: /tmp/rapllog+1594011567
** RAPL-logger - Profiling: ../allocator 60 ../stream.bin
-------------------------------------------------------------
STREAM version $Revision: 5.10 $
-------------------------------------------------------------
This system uses 8 bytes per array element.
-------------------------------------------------------------
Array size = 134217728 (elements), Offset = 0 (elements)
Memory per array = 1024.0 MiB (= 1.0 GiB).
Total memory required = 3072.0 MiB (= 3.0 GiB).
Each kernel will be executed 10 times.
 The *best* time for each kernel (excluding the first iteration)
 will be used to compute the reported bandwidth.
-------------------------------------------------------------
Your clock granularity/precision appears to be 1 microseconds.
Each test below will take on the order of 146471 microseconds.
   (= 146471 clock ticks)
Increase the size of the arrays if this shows that
you are not getting at least 20 clock ticks per test.
-------------------------------------------------------------
WARNING -- The above is only a rough guideline.
For best results, please be sure you know the
precision of your system timer.
-------------------------------------------------------------
Function    Best Rate MB/s  Avg time     Min time     Max time
Copy:            8930.7     0.241089     0.240460     0.242704
Scale:           8835.2     0.243445     0.243060     0.244784
Add:             9252.1     0.349765     0.348163     0.356243
Triad:           9182.4     0.351598     0.350803     0.352904
-------------------------------------------------------------
Solution Validates: avg error less than 1.000000e-13 on all three arrays
-------------------------------------------------------------
1
sched_getaffinity = 1 1 1 1 1 1 1 1 1 1 1 1 1 1 1 1 1 1 1 1 1 1 1 1 1 1 1 1 1 1 1 1 1 1 1 1 1 1 1 1 1 1 1 1 1 1 1 1 1 1 1 1 1 1 1 1 1 1 1 1 1 1 1 1 
sched_getcpu = 55
** RAPL-logger - Process terminated, computing results
Recorded wall time (s):  13.5940
Domain intel-rapl:0 (package-1) energy consumption (j): 453.7280
Domain intel-rapl:0 (package-1) avg. power consumption (W):  33.3771
Domain intel-rapl:0/intel-rapl:0:0 (dram) energy consumption (j):  21.3180
Domain intel-rapl:0/intel-rapl:0:0 (dram) avg. power consumption (W):   1.5682
Domain intel-rapl:1 (package-0) energy consumption (j): 609.6547
Domain intel-rapl:1 (package-0) avg. power consumption (W):  44.8473
Domain intel-rapl:1/intel-rapl:1:0 (dram) energy consumption (j):  41.4497
Domain intel-rapl:1/intel-rapl:1:0 (dram) avg. power consumption (W):   3.0491
