** RAPL-logger - 2 packages - Sampling freq.  10.0 Hz - Logfiles 0-3: /tmp/rapllog+1593934043
** RAPL-logger - Profiling: ../allocator 23 ../stream.bin
-------------------------------------------------------------
STREAM version $Revision: 5.10 $
-------------------------------------------------------------
This system uses 8 bytes per array element.
-------------------------------------------------------------
Array size = 268435456 (elements), Offset = 0 (elements)
Memory per array = 2048.0 MiB (= 2.0 GiB).
Total memory required = 6144.0 MiB (= 6.0 GiB).
Each kernel will be executed 10 times.
 The *best* time for each kernel (excluding the first iteration)
 will be used to compute the reported bandwidth.
-------------------------------------------------------------
Your clock granularity/precision appears to be 1 microseconds.
Each test below will take on the order of 292901 microseconds.
   (= 292901 clock ticks)
Increase the size of the arrays if this shows that
you are not getting at least 20 clock ticks per test.
-------------------------------------------------------------
WARNING -- The above is only a rough guideline.
For best results, please be sure you know the
precision of your system timer.
-------------------------------------------------------------
Function    Best Rate MB/s  Avg time     Min time     Max time
Copy:            8945.6     0.480719     0.480120     0.481808
Scale:           8807.7     0.488010     0.487640     0.488507
Add:             9205.9     0.700304     0.699820     0.701600
Triad:           9145.8     0.705397     0.704416     0.706627
-------------------------------------------------------------
Solution Validates: avg error less than 1.000000e-13 on all three arrays
-------------------------------------------------------------
1
sched_getaffinity = 1 1 1 1 1 1 1 1 1 1 1 1 1 1 1 1 1 1 1 1 1 1 1 1 1 1 1 1 1 1 1 1 1 1 1 1 1 1 1 1 1 1 1 1 1 1 1 1 1 1 1 1 1 1 1 1 1 1 1 1 1 1 1 1 
sched_getcpu = 39
** RAPL-logger - Process terminated, computing results
Recorded wall time (s):  27.2620
Domain intel-rapl:0 (package-1) energy consumption (j): 1032.8388
Domain intel-rapl:0 (package-1) avg. power consumption (W):  37.8857
Domain intel-rapl:0/intel-rapl:0:0 (dram) energy consumption (j):  79.5004
Domain intel-rapl:0/intel-rapl:0:0 (dram) avg. power consumption (W):   2.9162
Domain intel-rapl:1 (package-0) energy consumption (j): 1092.1713
Domain intel-rapl:1 (package-0) avg. power consumption (W):  40.0620
Domain intel-rapl:1/intel-rapl:1:0 (dram) energy consumption (j):  42.9537
Domain intel-rapl:1/intel-rapl:1:0 (dram) avg. power consumption (W):   1.5756
