** RAPL-logger - 2 packages - Sampling freq.  10.0 Hz - Logfiles 0-3: /tmp/rapllog+1593934524
** RAPL-logger - Profiling: ../allocator 8 ../stream.bin
-------------------------------------------------------------
STREAM version $Revision: 5.10 $
-------------------------------------------------------------
This system uses 8 bytes per array element.
-------------------------------------------------------------
Array size = 536870912 (elements), Offset = 0 (elements)
Memory per array = 4096.0 MiB (= 4.0 GiB).
Total memory required = 12288.0 MiB (= 12.0 GiB).
Each kernel will be executed 10 times.
 The *best* time for each kernel (excluding the first iteration)
 will be used to compute the reported bandwidth.
-------------------------------------------------------------
Your clock granularity/precision appears to be 1 microseconds.
Each test below will take on the order of 646097 microseconds.
   (= 646097 clock ticks)
Increase the size of the arrays if this shows that
you are not getting at least 20 clock ticks per test.
-------------------------------------------------------------
WARNING -- The above is only a rough guideline.
For best results, please be sure you know the
precision of your system timer.
-------------------------------------------------------------
Function    Best Rate MB/s  Avg time     Min time     Max time
Copy:            9171.3     0.963057     0.936610     1.065545
Scale:           9032.7     0.983548     0.950984     1.162200
Add:             9616.4     1.427833     1.339884     1.549447
Triad:           9566.0     1.394049     1.346954     1.542560
-------------------------------------------------------------
Solution Validates: avg error less than 1.000000e-13 on all three arrays
-------------------------------------------------------------
1
sched_getaffinity = 1 1 1 1 1 1 1 1 1 1 1 1 1 1 1 1 1 1 1 1 1 1 1 1 1 1 1 1 1 1 1 1 1 1 1 1 1 1 1 1 1 1 1 1 1 1 1 1 1 1 1 1 1 1 1 1 1 1 1 1 1 1 1 1 
sched_getcpu = 38
** RAPL-logger - Process terminated, computing results
Recorded wall time (s):  58.9250
Domain intel-rapl:0 (package-1) energy consumption (j): 1966.0482
Domain intel-rapl:0 (package-1) avg. power consumption (W):  33.3653
Domain intel-rapl:0/intel-rapl:0:0 (dram) energy consumption (j):  92.6425
Domain intel-rapl:0/intel-rapl:0:0 (dram) avg. power consumption (W):   1.5722
Domain intel-rapl:1 (package-0) energy consumption (j): 2610.7661
Domain intel-rapl:1 (package-0) avg. power consumption (W):  44.3066
Domain intel-rapl:1/intel-rapl:1:0 (dram) energy consumption (j): 173.8816
Domain intel-rapl:1/intel-rapl:1:0 (dram) avg. power consumption (W):   2.9509
