** RAPL-logger - 2 packages - Sampling freq.  10.0 Hz - Logfiles 0-3: /tmp/rapllog+1593933779
** RAPL-logger - Profiling: ../allocator 15 ../stream.bin
-------------------------------------------------------------
STREAM version $Revision: 5.10 $
-------------------------------------------------------------
This system uses 8 bytes per array element.
-------------------------------------------------------------
Array size = 268435456 (elements), Offset = 0 (elements)
Memory per array = 2048.0 MiB (= 2.0 GiB).
Total memory required = 6144.0 MiB (= 6.0 GiB).
Each kernel will be executed 10 times.
 The *best* time for each kernel (excluding the first iteration)
 will be used to compute the reported bandwidth.
-------------------------------------------------------------
Your clock granularity/precision appears to be 1 microseconds.
Each test below will take on the order of 293648 microseconds.
   (= 293648 clock ticks)
Increase the size of the arrays if this shows that
you are not getting at least 20 clock ticks per test.
-------------------------------------------------------------
WARNING -- The above is only a rough guideline.
For best results, please be sure you know the
precision of your system timer.
-------------------------------------------------------------
Function    Best Rate MB/s  Avg time     Min time     Max time
Copy:            8965.7     0.479549     0.479043     0.480769
Scale:           8825.5     0.487206     0.486653     0.487806
Add:             9230.8     0.698710     0.697928     0.700254
Triad:           9169.6     0.703918     0.702590     0.705164
-------------------------------------------------------------
Solution Validates: avg error less than 1.000000e-13 on all three arrays
-------------------------------------------------------------
1
sched_getaffinity = 1 1 1 1 1 1 1 1 1 1 1 1 1 1 1 1 1 1 1 1 1 1 1 1 1 1 1 1 1 1 1 1 1 1 1 1 1 1 1 1 1 1 1 1 1 1 1 1 1 1 1 1 1 1 1 1 1 1 1 1 1 1 1 1 
sched_getcpu = 38
** RAPL-logger - Process terminated, computing results
Recorded wall time (s):  27.2080
Domain intel-rapl:0 (package-1) energy consumption (j): 1026.4396
Domain intel-rapl:0 (package-1) avg. power consumption (W):  37.7257
Domain intel-rapl:0/intel-rapl:0:0 (dram) energy consumption (j):  80.1120
Domain intel-rapl:0/intel-rapl:0:0 (dram) avg. power consumption (W):   2.9444
Domain intel-rapl:1 (package-0) energy consumption (j): 1095.9230
Domain intel-rapl:1 (package-0) avg. power consumption (W):  40.2794
Domain intel-rapl:1/intel-rapl:1:0 (dram) energy consumption (j):  42.9650
Domain intel-rapl:1/intel-rapl:1:0 (dram) avg. power consumption (W):   1.5791
