** RAPL-logger - 2 packages - Sampling freq.  10.0 Hz - Logfiles 0-3: /tmp/rapllog+1593940827
** RAPL-logger - Profiling: ../allocator 31 ../stream.bin
-------------------------------------------------------------
STREAM version $Revision: 5.10 $
-------------------------------------------------------------
This system uses 8 bytes per array element.
-------------------------------------------------------------
Array size = 1073741824 (elements), Offset = 0 (elements)
Memory per array = 8192.0 MiB (= 8.0 GiB).
Total memory required = 24576.0 MiB (= 24.0 GiB).
Each kernel will be executed 10 times.
 The *best* time for each kernel (excluding the first iteration)
 will be used to compute the reported bandwidth.
-------------------------------------------------------------
Your clock granularity/precision appears to be 1 microseconds.
Each test below will take on the order of 1657224 microseconds.
   (= 1657224 clock ticks)
Increase the size of the arrays if this shows that
you are not getting at least 20 clock ticks per test.
-------------------------------------------------------------
WARNING -- The above is only a rough guideline.
For best results, please be sure you know the
precision of your system timer.
-------------------------------------------------------------
Function    Best Rate MB/s  Avg time     Min time     Max time
Copy:            8285.4     2.245570     2.073508     2.548741
Scale:           8256.9     2.344718     2.080658     2.823393
Add:             8930.1     3.130062     2.885721     3.593556
Triad:           8892.5     2.999991     2.897930     3.228581
-------------------------------------------------------------
Solution Validates: avg error less than 1.000000e-13 on all three arrays
-------------------------------------------------------------
1
sched_getaffinity = 1 1 1 1 1 1 1 1 1 1 1 1 1 1 1 1 1 1 1 1 1 1 1 1 1 1 1 1 1 1 1 1 1 1 1 1 1 1 1 1 1 1 1 1 1 1 1 1 1 1 1 1 1 1 1 1 1 1 1 1 1 1 1 1 
sched_getcpu = 39
** RAPL-logger - Process terminated, computing results
Recorded wall time (s): 129.4900
Domain intel-rapl:0 (package-1) energy consumption (j): 4790.8146
Domain intel-rapl:0 (package-1) avg. power consumption (W):  36.9976
Domain intel-rapl:0/intel-rapl:0:0 (dram) energy consumption (j): 286.5332
Domain intel-rapl:0/intel-rapl:0:0 (dram) avg. power consumption (W):   2.2128
Domain intel-rapl:1 (package-0) energy consumption (j): 5276.0755
Domain intel-rapl:1 (package-0) avg. power consumption (W):  40.7450
Domain intel-rapl:1/intel-rapl:1:0 (dram) energy consumption (j): 294.0058
Domain intel-rapl:1/intel-rapl:1:0 (dram) avg. power consumption (W):   2.2705
