** RAPL-logger - 2 packages - Sampling freq.  10.0 Hz - Logfiles 0-3: /tmp/rapllog+1593941223
** RAPL-logger - Profiling: ../allocator 19 ../stream.bin
-------------------------------------------------------------
STREAM version $Revision: 5.10 $
-------------------------------------------------------------
This system uses 8 bytes per array element.
-------------------------------------------------------------
Array size = 1073741824 (elements), Offset = 0 (elements)
Memory per array = 8192.0 MiB (= 8.0 GiB).
Total memory required = 24576.0 MiB (= 24.0 GiB).
Each kernel will be executed 10 times.
 The *best* time for each kernel (excluding the first iteration)
 will be used to compute the reported bandwidth.
-------------------------------------------------------------
Your clock granularity/precision appears to be 1 microseconds.
Each test below will take on the order of 2135815 microseconds.
   (= 2135815 clock ticks)
Increase the size of the arrays if this shows that
you are not getting at least 20 clock ticks per test.
-------------------------------------------------------------
WARNING -- The above is only a rough guideline.
For best results, please be sure you know the
precision of your system timer.
-------------------------------------------------------------
Function    Best Rate MB/s  Avg time     Min time     Max time
Copy:            8236.4     2.272576     2.085858     2.591454
Scale:           8182.4     2.421704     2.099618     2.703129
Add:             8854.0     3.127116     2.910541     3.373453
Triad:           8823.2     3.023943     2.920698     3.327860
-------------------------------------------------------------
Solution Validates: avg error less than 1.000000e-13 on all three arrays
-------------------------------------------------------------
1
sched_getaffinity = 1 1 1 1 1 1 1 1 1 1 1 1 1 1 1 1 1 1 1 1 1 1 1 1 1 1 1 1 1 1 1 1 1 1 1 1 1 1 1 1 1 1 1 1 1 1 1 1 1 1 1 1 1 1 1 1 1 1 1 1 1 1 1 1 
sched_getcpu = 38
** RAPL-logger - Process terminated, computing results
Recorded wall time (s): 130.9140
Domain intel-rapl:0 (package-1) energy consumption (j): 4846.3686
Domain intel-rapl:0 (package-1) avg. power consumption (W):  37.0195
Domain intel-rapl:0/intel-rapl:0:0 (dram) energy consumption (j): 288.8831
Domain intel-rapl:0/intel-rapl:0:0 (dram) avg. power consumption (W):   2.2067
Domain intel-rapl:1 (package-0) energy consumption (j): 5325.7763
Domain intel-rapl:1 (package-0) avg. power consumption (W):  40.6815
Domain intel-rapl:1/intel-rapl:1:0 (dram) energy consumption (j): 297.2375
Domain intel-rapl:1/intel-rapl:1:0 (dram) avg. power consumption (W):   2.2705
