** RAPL-logger - 2 packages - Sampling freq.  10.0 Hz - Logfiles 0-3: /tmp/rapllog+1593937025
** RAPL-logger - Profiling: ../allocator 31 ../stream.bin
-------------------------------------------------------------
STREAM version $Revision: 5.10 $
-------------------------------------------------------------
This system uses 8 bytes per array element.
-------------------------------------------------------------
Array size = 134217728 (elements), Offset = 0 (elements)
Memory per array = 1024.0 MiB (= 1.0 GiB).
Total memory required = 3072.0 MiB (= 3.0 GiB).
Each kernel will be executed 10 times.
 The *best* time for each kernel (excluding the first iteration)
 will be used to compute the reported bandwidth.
-------------------------------------------------------------
Your clock granularity/precision appears to be 1 microseconds.
Each test below will take on the order of 143126 microseconds.
   (= 143126 clock ticks)
Increase the size of the arrays if this shows that
you are not getting at least 20 clock ticks per test.
-------------------------------------------------------------
WARNING -- The above is only a rough guideline.
For best results, please be sure you know the
precision of your system timer.
-------------------------------------------------------------
Function    Best Rate MB/s  Avg time     Min time     Max time
Copy:            8947.4     0.240241     0.240011     0.240661
Scale:           8854.5     0.242901     0.242529     0.244000
Add:             9261.0     0.348283     0.347827     0.349393
Triad:           9198.4     0.350955     0.350196     0.351438
-------------------------------------------------------------
Solution Validates: avg error less than 1.000000e-13 on all three arrays
-------------------------------------------------------------
1
sched_getaffinity = 1 1 1 1 1 1 1 1 1 1 1 1 1 1 1 1 1 1 1 1 1 1 1 1 1 1 1 1 1 1 1 1 1 1 1 1 1 1 1 1 1 1 1 1 1 1 1 1 1 1 1 1 1 1 1 1 1 1 1 1 1 1 1 1 
sched_getcpu = 38
** RAPL-logger - Process terminated, computing results
Recorded wall time (s):  13.5620
Domain intel-rapl:0 (package-1) energy consumption (j): 514.1469
Domain intel-rapl:0 (package-1) avg. power consumption (W):  37.9108
Domain intel-rapl:0/intel-rapl:0:0 (dram) energy consumption (j):  39.8837
Domain intel-rapl:0/intel-rapl:0:0 (dram) avg. power consumption (W):   2.9408
Domain intel-rapl:1 (package-0) energy consumption (j): 535.9427
Domain intel-rapl:1 (package-0) avg. power consumption (W):  39.5180
Domain intel-rapl:1/intel-rapl:1:0 (dram) energy consumption (j):  21.3845
Domain intel-rapl:1/intel-rapl:1:0 (dram) avg. power consumption (W):   1.5768
