** RAPL-logger - 2 packages - Sampling freq.  10.0 Hz - Logfiles 0-3: /tmp/rapllog+1593940694
** RAPL-logger - Profiling: ../allocator 29 ../stream.bin
-------------------------------------------------------------
STREAM version $Revision: 5.10 $
-------------------------------------------------------------
This system uses 8 bytes per array element.
-------------------------------------------------------------
Array size = 1073741824 (elements), Offset = 0 (elements)
Memory per array = 8192.0 MiB (= 8.0 GiB).
Total memory required = 24576.0 MiB (= 24.0 GiB).
Each kernel will be executed 10 times.
 The *best* time for each kernel (excluding the first iteration)
 will be used to compute the reported bandwidth.
-------------------------------------------------------------
Your clock granularity/precision appears to be 1 microseconds.
Each test below will take on the order of 2165439 microseconds.
   (= 2165439 clock ticks)
Increase the size of the arrays if this shows that
you are not getting at least 20 clock ticks per test.
-------------------------------------------------------------
WARNING -- The above is only a rough guideline.
For best results, please be sure you know the
precision of your system timer.
-------------------------------------------------------------
Function    Best Rate MB/s  Avg time     Min time     Max time
Copy:            8255.4     2.263669     2.081055     2.584383
Scale:           8202.3     2.417064     2.094522     2.715272
Add:             8883.7     3.125951     2.900793     3.381576
Triad:           8855.9     3.013118     2.909914     3.323480
-------------------------------------------------------------
Solution Validates: avg error less than 1.000000e-13 on all three arrays
-------------------------------------------------------------
1
sched_getaffinity = 1 1 1 1 1 1 1 1 1 1 1 1 1 1 1 1 1 1 1 1 1 1 1 1 1 1 1 1 1 1 1 1 1 1 1 1 1 1 1 1 1 1 1 1 1 1 1 1 1 1 1 1 1 1 1 1 1 1 1 1 1 1 1 1 
sched_getcpu = 39
** RAPL-logger - Process terminated, computing results
Recorded wall time (s): 130.6780
Domain intel-rapl:0 (package-1) energy consumption (j): 4893.5400
Domain intel-rapl:0 (package-1) avg. power consumption (W):  37.4473
Domain intel-rapl:0/intel-rapl:0:0 (dram) energy consumption (j): 287.6349
Domain intel-rapl:0/intel-rapl:0:0 (dram) avg. power consumption (W):   2.2011
Domain intel-rapl:1 (package-0) energy consumption (j): 5349.1574
Domain intel-rapl:1 (package-0) avg. power consumption (W):  40.9339
Domain intel-rapl:1/intel-rapl:1:0 (dram) energy consumption (j): 297.3460
Domain intel-rapl:1/intel-rapl:1:0 (dram) avg. power consumption (W):   2.2754
