** RAPL-logger - 2 packages - Sampling freq.  10.0 Hz - Logfiles 0-3: /tmp/rapllog+1593933426
** RAPL-logger - Profiling: ../allocator 2 ../stream.bin
-------------------------------------------------------------
STREAM version $Revision: 5.10 $
-------------------------------------------------------------
This system uses 8 bytes per array element.
-------------------------------------------------------------
Array size = 268435456 (elements), Offset = 0 (elements)
Memory per array = 2048.0 MiB (= 2.0 GiB).
Total memory required = 6144.0 MiB (= 6.0 GiB).
Each kernel will be executed 10 times.
 The *best* time for each kernel (excluding the first iteration)
 will be used to compute the reported bandwidth.
-------------------------------------------------------------
Your clock granularity/precision appears to be 1 microseconds.
Each test below will take on the order of 287614 microseconds.
   (= 287614 clock ticks)
Increase the size of the arrays if this shows that
you are not getting at least 20 clock ticks per test.
-------------------------------------------------------------
WARNING -- The above is only a rough guideline.
For best results, please be sure you know the
precision of your system timer.
-------------------------------------------------------------
Function    Best Rate MB/s  Avg time     Min time     Max time
Copy:            8934.4     0.481226     0.480725     0.482304
Scale:           8799.4     0.488516     0.488100     0.489472
Add:             9192.6     0.701450     0.700832     0.703074
Triad:           9123.5     0.706786     0.706142     0.707800
-------------------------------------------------------------
Solution Validates: avg error less than 1.000000e-13 on all three arrays
-------------------------------------------------------------
1
sched_getaffinity = 1 1 1 1 1 1 1 1 1 1 1 1 1 1 1 1 1 1 1 1 1 1 1 1 1 1 1 1 1 1 1 1 1 1 1 1 1 1 1 1 1 1 1 1 1 1 1 1 1 1 1 1 1 1 1 1 1 1 1 1 1 1 1 1 
sched_getcpu = 38
** RAPL-logger - Process terminated, computing results
Recorded wall time (s):  27.3100
Domain intel-rapl:0 (package-1) energy consumption (j): 901.1703
Domain intel-rapl:0 (package-1) avg. power consumption (W):  32.9978
Domain intel-rapl:0/intel-rapl:0:0 (dram) energy consumption (j):  42.2064
Domain intel-rapl:0/intel-rapl:0:0 (dram) avg. power consumption (W):   1.5455
Domain intel-rapl:1 (package-0) energy consumption (j): 1205.7779
Domain intel-rapl:1 (package-0) avg. power consumption (W):  44.1515
Domain intel-rapl:1/intel-rapl:1:0 (dram) energy consumption (j):  83.0307
Domain intel-rapl:1/intel-rapl:1:0 (dram) avg. power consumption (W):   3.0403
