** RAPL-logger - 2 packages - Sampling freq.  10.0 Hz - Logfiles 0-3: /tmp/rapllog+1594011599
** RAPL-logger - Profiling: ../allocator 58 ../stream.bin
-------------------------------------------------------------
STREAM version $Revision: 5.10 $
-------------------------------------------------------------
This system uses 8 bytes per array element.
-------------------------------------------------------------
Array size = 134217728 (elements), Offset = 0 (elements)
Memory per array = 1024.0 MiB (= 1.0 GiB).
Total memory required = 3072.0 MiB (= 3.0 GiB).
Each kernel will be executed 10 times.
 The *best* time for each kernel (excluding the first iteration)
 will be used to compute the reported bandwidth.
-------------------------------------------------------------
Your clock granularity/precision appears to be 1 microseconds.
Each test below will take on the order of 151032 microseconds.
   (= 151032 clock ticks)
Increase the size of the arrays if this shows that
you are not getting at least 20 clock ticks per test.
-------------------------------------------------------------
WARNING -- The above is only a rough guideline.
For best results, please be sure you know the
precision of your system timer.
-------------------------------------------------------------
Function    Best Rate MB/s  Avg time     Min time     Max time
Copy:            8932.1     0.240755     0.240423     0.241233
Scale:           8837.1     0.243391     0.243007     0.244035
Add:             9246.2     0.348940     0.348384     0.350035
Triad:           9175.9     0.351618     0.351052     0.352038
-------------------------------------------------------------
Solution Validates: avg error less than 1.000000e-13 on all three arrays
-------------------------------------------------------------
1
sched_getaffinity = 1 1 1 1 1 1 1 1 1 1 1 1 1 1 1 1 1 1 1 1 1 1 1 1 1 1 1 1 1 1 1 1 1 1 1 1 1 1 1 1 1 1 1 1 1 1 1 1 1 1 1 1 1 1 1 1 1 1 1 1 1 1 1 1 
sched_getcpu = 38
** RAPL-logger - Process terminated, computing results
Recorded wall time (s):  13.5830
Domain intel-rapl:0 (package-1) energy consumption (j): 446.1275
Domain intel-rapl:0 (package-1) avg. power consumption (W):  32.8445
Domain intel-rapl:0/intel-rapl:0:0 (dram) energy consumption (j):  20.9581
Domain intel-rapl:0/intel-rapl:0:0 (dram) avg. power consumption (W):   1.5430
Domain intel-rapl:1 (package-0) energy consumption (j): 600.5818
Domain intel-rapl:1 (package-0) avg. power consumption (W):  44.2157
Domain intel-rapl:1/intel-rapl:1:0 (dram) energy consumption (j):  41.2283
Domain intel-rapl:1/intel-rapl:1:0 (dram) avg. power consumption (W):   3.0353
