** RAPL-logger - 2 packages - Sampling freq.  10.0 Hz - Logfiles 0-3: /tmp/rapllog+1594011473
** RAPL-logger - Profiling: ../allocator 46 ../stream.bin
-------------------------------------------------------------
STREAM version $Revision: 5.10 $
-------------------------------------------------------------
This system uses 8 bytes per array element.
-------------------------------------------------------------
Array size = 134217728 (elements), Offset = 0 (elements)
Memory per array = 1024.0 MiB (= 1.0 GiB).
Total memory required = 3072.0 MiB (= 3.0 GiB).
Each kernel will be executed 10 times.
 The *best* time for each kernel (excluding the first iteration)
 will be used to compute the reported bandwidth.
-------------------------------------------------------------
Your clock granularity/precision appears to be 1 microseconds.
Each test below will take on the order of 147446 microseconds.
   (= 147446 clock ticks)
Increase the size of the arrays if this shows that
you are not getting at least 20 clock ticks per test.
-------------------------------------------------------------
WARNING -- The above is only a rough guideline.
For best results, please be sure you know the
precision of your system timer.
-------------------------------------------------------------
Function    Best Rate MB/s  Avg time     Min time     Max time
Copy:            8941.3     0.240535     0.240176     0.241088
Scale:           8847.1     0.243165     0.242732     0.244022
Add:             9251.3     0.348703     0.348191     0.349682
Triad:           9184.3     0.351221     0.350731     0.351622
-------------------------------------------------------------
Solution Validates: avg error less than 1.000000e-13 on all three arrays
-------------------------------------------------------------
1
sched_getaffinity = 1 1 1 1 1 1 1 1 1 1 1 1 1 1 1 1 1 1 1 1 1 1 1 1 1 1 1 1 1 1 1 1 1 1 1 1 1 1 1 1 1 1 1 1 1 1 1 1 1 1 1 1 1 1 1 1 1 1 1 1 1 1 1 1 
sched_getcpu = 38
** RAPL-logger - Process terminated, computing results
Recorded wall time (s):  13.5560
Domain intel-rapl:0 (package-1) energy consumption (j): 445.3146
Domain intel-rapl:0 (package-1) avg. power consumption (W):  32.8500
Domain intel-rapl:0/intel-rapl:0:0 (dram) energy consumption (j):  20.9655
Domain intel-rapl:0/intel-rapl:0:0 (dram) avg. power consumption (W):   1.5466
Domain intel-rapl:1 (package-0) energy consumption (j): 598.7745
Domain intel-rapl:1 (package-0) avg. power consumption (W):  44.1704
Domain intel-rapl:1/intel-rapl:1:0 (dram) energy consumption (j):  41.2376
Domain intel-rapl:1/intel-rapl:1:0 (dram) avg. power consumption (W):   3.0420
