** RAPL-logger - 2 packages - Sampling freq.  10.0 Hz - Logfiles 0-3: /tmp/rapllog+1594011740
** RAPL-logger - Profiling: ../allocator 39 ../stream.bin
-------------------------------------------------------------
STREAM version $Revision: 5.10 $
-------------------------------------------------------------
This system uses 8 bytes per array element.
-------------------------------------------------------------
Array size = 134217728 (elements), Offset = 0 (elements)
Memory per array = 1024.0 MiB (= 1.0 GiB).
Total memory required = 3072.0 MiB (= 3.0 GiB).
Each kernel will be executed 10 times.
 The *best* time for each kernel (excluding the first iteration)
 will be used to compute the reported bandwidth.
-------------------------------------------------------------
Your clock granularity/precision appears to be 1 microseconds.
Each test below will take on the order of 148123 microseconds.
   (= 148123 clock ticks)
Increase the size of the arrays if this shows that
you are not getting at least 20 clock ticks per test.
-------------------------------------------------------------
WARNING -- The above is only a rough guideline.
For best results, please be sure you know the
precision of your system timer.
-------------------------------------------------------------
Function    Best Rate MB/s  Avg time     Min time     Max time
Copy:            8925.1     0.240924     0.240613     0.241367
Scale:           8836.3     0.243465     0.243029     0.244436
Add:             9235.6     0.349240     0.348784     0.350169
Triad:           9175.5     0.351729     0.351067     0.352236
-------------------------------------------------------------
Solution Validates: avg error less than 1.000000e-13 on all three arrays
-------------------------------------------------------------
1
sched_getaffinity = 1 1 1 1 1 1 1 1 1 1 1 1 1 1 1 1 1 1 1 1 1 1 1 1 1 1 1 1 1 1 1 1 1 1 1 1 1 1 1 1 1 1 1 1 1 1 1 1 1 1 1 1 1 1 1 1 1 1 1 1 1 1 1 1 
sched_getcpu = 39
** RAPL-logger - Process terminated, computing results
Recorded wall time (s):  13.5670
Domain intel-rapl:0 (package-1) energy consumption (j): 511.9705
Domain intel-rapl:0 (package-1) avg. power consumption (W):  37.7365
Domain intel-rapl:0/intel-rapl:0:0 (dram) energy consumption (j):  39.6153
Domain intel-rapl:0/intel-rapl:0:0 (dram) avg. power consumption (W):   2.9200
Domain intel-rapl:1 (package-0) energy consumption (j): 543.4168
Domain intel-rapl:1 (package-0) avg. power consumption (W):  40.0543
Domain intel-rapl:1/intel-rapl:1:0 (dram) energy consumption (j):  21.6041
Domain intel-rapl:1/intel-rapl:1:0 (dram) avg. power consumption (W):   1.5924
