** RAPL-logger - 2 packages - Sampling freq.  10.0 Hz - Logfiles 0-3: /tmp/rapllog+1594011583
** RAPL-logger - Profiling: ../allocator 62 ../stream.bin
-------------------------------------------------------------
STREAM version $Revision: 5.10 $
-------------------------------------------------------------
This system uses 8 bytes per array element.
-------------------------------------------------------------
Array size = 134217728 (elements), Offset = 0 (elements)
Memory per array = 1024.0 MiB (= 1.0 GiB).
Total memory required = 3072.0 MiB (= 3.0 GiB).
Each kernel will be executed 10 times.
 The *best* time for each kernel (excluding the first iteration)
 will be used to compute the reported bandwidth.
-------------------------------------------------------------
Your clock granularity/precision appears to be 1 microseconds.
Each test below will take on the order of 144990 microseconds.
   (= 144990 clock ticks)
Increase the size of the arrays if this shows that
you are not getting at least 20 clock ticks per test.
-------------------------------------------------------------
WARNING -- The above is only a rough guideline.
For best results, please be sure you know the
precision of your system timer.
-------------------------------------------------------------
Function    Best Rate MB/s  Avg time     Min time     Max time
Copy:            8934.5     0.240676     0.240358     0.241096
Scale:           8842.8     0.243239     0.242850     0.244288
Add:             9247.4     0.348859     0.348339     0.349852
Triad:           9178.2     0.351440     0.350966     0.351948
-------------------------------------------------------------
Solution Validates: avg error less than 1.000000e-13 on all three arrays
-------------------------------------------------------------
1
sched_getaffinity = 1 1 1 1 1 1 1 1 1 1 1 1 1 1 1 1 1 1 1 1 1 1 1 1 1 1 1 1 1 1 1 1 1 1 1 1 1 1 1 1 1 1 1 1 1 1 1 1 1 1 1 1 1 1 1 1 1 1 1 1 1 1 1 1 
sched_getcpu = 38
** RAPL-logger - Process terminated, computing results
Recorded wall time (s):  13.5620
Domain intel-rapl:0 (package-1) energy consumption (j): 444.5229
Domain intel-rapl:0 (package-1) avg. power consumption (W):  32.7771
Domain intel-rapl:0/intel-rapl:0:0 (dram) energy consumption (j):  20.9516
Domain intel-rapl:0/intel-rapl:0:0 (dram) avg. power consumption (W):   1.5449
Domain intel-rapl:1 (package-0) energy consumption (j): 599.8170
Domain intel-rapl:1 (package-0) avg. power consumption (W):  44.2278
Domain intel-rapl:1/intel-rapl:1:0 (dram) energy consumption (j):  41.2522
Domain intel-rapl:1/intel-rapl:1:0 (dram) avg. power consumption (W):   3.0417
