** RAPL-logger - 2 packages - Sampling freq.  10.0 Hz - Logfiles 0-3: /tmp/rapllog+1593933984
** RAPL-logger - Profiling: ../allocator 31 ../stream.bin
-------------------------------------------------------------
STREAM version $Revision: 5.10 $
-------------------------------------------------------------
This system uses 8 bytes per array element.
-------------------------------------------------------------
Array size = 268435456 (elements), Offset = 0 (elements)
Memory per array = 2048.0 MiB (= 2.0 GiB).
Total memory required = 6144.0 MiB (= 6.0 GiB).
Each kernel will be executed 10 times.
 The *best* time for each kernel (excluding the first iteration)
 will be used to compute the reported bandwidth.
-------------------------------------------------------------
Your clock granularity/precision appears to be 1 microseconds.
Each test below will take on the order of 287920 microseconds.
   (= 287920 clock ticks)
Increase the size of the arrays if this shows that
you are not getting at least 20 clock ticks per test.
-------------------------------------------------------------
WARNING -- The above is only a rough guideline.
For best results, please be sure you know the
precision of your system timer.
-------------------------------------------------------------
Function    Best Rate MB/s  Avg time     Min time     Max time
Copy:            8980.2     0.478730     0.478268     0.479845
Scale:           8839.1     0.486567     0.485905     0.487307
Add:             9242.7     0.697706     0.697031     0.699317
Triad:           9176.9     0.702891     0.702026     0.704221
-------------------------------------------------------------
Solution Validates: avg error less than 1.000000e-13 on all three arrays
-------------------------------------------------------------
1
sched_getaffinity = 1 1 1 1 1 1 1 1 1 1 1 1 1 1 1 1 1 1 1 1 1 1 1 1 1 1 1 1 1 1 1 1 1 1 1 1 1 1 1 1 1 1 1 1 1 1 1 1 1 1 1 1 1 1 1 1 1 1 1 1 1 1 1 1 
sched_getcpu = 39
** RAPL-logger - Process terminated, computing results
Recorded wall time (s):  27.1630
Domain intel-rapl:0 (package-1) energy consumption (j): 1028.1128
Domain intel-rapl:0 (package-1) avg. power consumption (W):  37.8498
Domain intel-rapl:0/intel-rapl:0:0 (dram) energy consumption (j):  79.5499
Domain intel-rapl:0/intel-rapl:0:0 (dram) avg. power consumption (W):   2.9286
Domain intel-rapl:1 (package-0) energy consumption (j): 1088.6544
Domain intel-rapl:1 (package-0) avg. power consumption (W):  40.0786
Domain intel-rapl:1/intel-rapl:1:0 (dram) energy consumption (j):  42.8093
Domain intel-rapl:1/intel-rapl:1:0 (dram) avg. power consumption (W):   1.5760
