** RAPL-logger - 2 packages - Sampling freq.  10.0 Hz - Logfiles 0-3: /tmp/rapllog+1593935738
** RAPL-logger - Profiling: ../allocator 21 ../stream.bin
-------------------------------------------------------------
STREAM version $Revision: 5.10 $
-------------------------------------------------------------
This system uses 8 bytes per array element.
-------------------------------------------------------------
Array size = 536870912 (elements), Offset = 0 (elements)
Memory per array = 4096.0 MiB (= 4.0 GiB).
Total memory required = 12288.0 MiB (= 12.0 GiB).
Each kernel will be executed 10 times.
 The *best* time for each kernel (excluding the first iteration)
 will be used to compute the reported bandwidth.
-------------------------------------------------------------
Your clock granularity/precision appears to be 1 microseconds.
Each test below will take on the order of 588010 microseconds.
   (= 588010 clock ticks)
Increase the size of the arrays if this shows that
you are not getting at least 20 clock ticks per test.
-------------------------------------------------------------
WARNING -- The above is only a rough guideline.
For best results, please be sure you know the
precision of your system timer.
-------------------------------------------------------------
Function    Best Rate MB/s  Avg time     Min time     Max time
Copy:            8940.0     0.962649     0.960840     0.971503
Scale:           8799.5     0.979560     0.976183     0.986934
Add:             9181.5     1.405829     1.403361     1.414408
Triad:           9122.4     1.415217     1.412445     1.420367
-------------------------------------------------------------
Solution Validates: avg error less than 1.000000e-13 on all three arrays
-------------------------------------------------------------
1
sched_getaffinity = 1 1 1 1 1 1 1 1 1 1 1 1 1 1 1 1 1 1 1 1 1 1 1 1 1 1 1 1 1 1 1 1 1 1 1 1 1 1 1 1 1 1 1 1 1 1 1 1 1 1 1 1 1 1 1 1 1 1 1 1 1 1 1 1 
sched_getcpu = 39
** RAPL-logger - Process terminated, computing results
Recorded wall time (s):  54.7760
Domain intel-rapl:0 (package-1) energy consumption (j): 2090.3534
Domain intel-rapl:0 (package-1) avg. power consumption (W):  38.1618
Domain intel-rapl:0/intel-rapl:0:0 (dram) energy consumption (j): 160.1243
Domain intel-rapl:0/intel-rapl:0:0 (dram) avg. power consumption (W):   2.9233
Domain intel-rapl:1 (package-0) energy consumption (j): 2215.8671
Domain intel-rapl:1 (package-0) avg. power consumption (W):  40.4532
Domain intel-rapl:1/intel-rapl:1:0 (dram) energy consumption (j):  88.5845
Domain intel-rapl:1/intel-rapl:1:0 (dram) avg. power consumption (W):   1.6172
