** RAPL-logger - 2 packages - Sampling freq.  10.0 Hz - Logfiles 0-3: /tmp/rapllog+1593937924
** RAPL-logger - Profiling: ../allocator 10 ../stream.bin
-------------------------------------------------------------
STREAM version $Revision: 5.10 $
-------------------------------------------------------------
This system uses 8 bytes per array element.
-------------------------------------------------------------
Array size = 1073741824 (elements), Offset = 0 (elements)
Memory per array = 8192.0 MiB (= 8.0 GiB).
Total memory required = 24576.0 MiB (= 24.0 GiB).
Each kernel will be executed 10 times.
 The *best* time for each kernel (excluding the first iteration)
 will be used to compute the reported bandwidth.
-------------------------------------------------------------
Your clock granularity/precision appears to be 1 microseconds.
Each test below will take on the order of 2670428 microseconds.
   (= 2670428 clock ticks)
Increase the size of the arrays if this shows that
you are not getting at least 20 clock ticks per test.
-------------------------------------------------------------
WARNING -- The above is only a rough guideline.
For best results, please be sure you know the
precision of your system timer.
-------------------------------------------------------------
Function    Best Rate MB/s  Avg time     Min time     Max time
Copy:            8181.9     2.418016     2.099744     2.912025
Scale:           8160.2     2.655783     2.105330     3.475203
Add:             8898.1     3.346403     2.896115     3.860096
Triad:           8856.3     3.188757     2.909764     4.138843
-------------------------------------------------------------
Solution Validates: avg error less than 1.000000e-13 on all three arrays
-------------------------------------------------------------
1
sched_getaffinity = 1 1 1 1 1 1 1 1 1 1 1 1 1 1 1 1 1 1 1 1 1 1 1 1 1 1 1 1 1 1 1 1 1 1 1 1 1 1 1 1 1 1 1 1 1 1 1 1 1 1 1 1 1 1 1 1 1 1 1 1 1 1 1 1 
sched_getcpu = 38
** RAPL-logger - Process terminated, computing results
Recorded wall time (s): 142.6670
Domain intel-rapl:0 (package-1) energy consumption (j): 4901.7199
Domain intel-rapl:0 (package-1) avg. power consumption (W):  34.3578
Domain intel-rapl:0/intel-rapl:0:0 (dram) energy consumption (j): 322.4947
Domain intel-rapl:0/intel-rapl:0:0 (dram) avg. power consumption (W):   2.2605
Domain intel-rapl:1 (package-0) energy consumption (j): 6141.4289
Domain intel-rapl:1 (package-0) avg. power consumption (W):  43.0473
Domain intel-rapl:1/intel-rapl:1:0 (dram) energy consumption (j): 307.9712
Domain intel-rapl:1/intel-rapl:1:0 (dram) avg. power consumption (W):   2.1587
