** RAPL-logger - 2 packages - Sampling freq.  10.0 Hz - Logfiles 0-3: /tmp/rapllog+1593936852
** RAPL-logger - Profiling: ../allocator 1 ../stream.bin
-------------------------------------------------------------
STREAM version $Revision: 5.10 $
-------------------------------------------------------------
This system uses 8 bytes per array element.
-------------------------------------------------------------
Array size = 134217728 (elements), Offset = 0 (elements)
Memory per array = 1024.0 MiB (= 1.0 GiB).
Total memory required = 3072.0 MiB (= 3.0 GiB).
Each kernel will be executed 10 times.
 The *best* time for each kernel (excluding the first iteration)
 will be used to compute the reported bandwidth.
-------------------------------------------------------------
Your clock granularity/precision appears to be 1 microseconds.
Each test below will take on the order of 150784 microseconds.
   (= 150784 clock ticks)
Increase the size of the arrays if this shows that
you are not getting at least 20 clock ticks per test.
-------------------------------------------------------------
WARNING -- The above is only a rough guideline.
For best results, please be sure you know the
precision of your system timer.
-------------------------------------------------------------
Function    Best Rate MB/s  Avg time     Min time     Max time
Copy:            8927.2     0.240867     0.240556     0.241301
Scale:           8834.1     0.243409     0.243091     0.244067
Add:             9221.2     0.349834     0.349328     0.350703
Triad:           9164.5     0.352375     0.351490     0.354892
-------------------------------------------------------------
Solution Validates: avg error less than 1.000000e-13 on all three arrays
-------------------------------------------------------------
1
sched_getaffinity = 1 1 1 1 1 1 1 1 1 1 1 1 1 1 1 1 1 1 1 1 1 1 1 1 1 1 1 1 1 1 1 1 1 1 1 1 1 1 1 1 1 1 1 1 1 1 1 1 1 1 1 1 1 1 1 1 1 1 1 1 1 1 1 1 
sched_getcpu = 38
** RAPL-logger - Process terminated, computing results
Recorded wall time (s):  13.6220
Domain intel-rapl:0 (package-1) energy consumption (j): 515.7327
Domain intel-rapl:0 (package-1) avg. power consumption (W):  37.8603
Domain intel-rapl:0/intel-rapl:0:0 (dram) energy consumption (j):  39.7655
Domain intel-rapl:0/intel-rapl:0:0 (dram) avg. power consumption (W):   2.9192
Domain intel-rapl:1 (package-0) energy consumption (j): 553.0041
Domain intel-rapl:1 (package-0) avg. power consumption (W):  40.5964
Domain intel-rapl:1/intel-rapl:1:0 (dram) energy consumption (j):  21.6018
Domain intel-rapl:1/intel-rapl:1:0 (dram) avg. power consumption (W):   1.5858
