** RAPL-logger - 2 packages - Sampling freq.  10.0 Hz - Logfiles 0-3: /tmp/rapllog+1593937344
** RAPL-logger - Profiling: ../allocator 4 ../stream.bin
-------------------------------------------------------------
STREAM version $Revision: 5.10 $
-------------------------------------------------------------
This system uses 8 bytes per array element.
-------------------------------------------------------------
Array size = 1073741824 (elements), Offset = 0 (elements)
Memory per array = 8192.0 MiB (= 8.0 GiB).
Total memory required = 24576.0 MiB (= 24.0 GiB).
Each kernel will be executed 10 times.
 The *best* time for each kernel (excluding the first iteration)
 will be used to compute the reported bandwidth.
-------------------------------------------------------------
Your clock granularity/precision appears to be 1 microseconds.
Each test below will take on the order of 2729900 microseconds.
   (= 2729900 clock ticks)
Increase the size of the arrays if this shows that
you are not getting at least 20 clock ticks per test.
-------------------------------------------------------------
WARNING -- The above is only a rough guideline.
For best results, please be sure you know the
precision of your system timer.
-------------------------------------------------------------
Function    Best Rate MB/s  Avg time     Min time     Max time
Copy:            8169.8     2.417761     2.102857     2.910851
Scale:           8158.0     2.640116     2.105893     3.453262
Add:             8887.0     3.308200     2.899728     3.829702
Triad:           8850.8     3.256680     2.911578     4.351295
-------------------------------------------------------------
Solution Validates: avg error less than 1.000000e-13 on all three arrays
-------------------------------------------------------------
1
sched_getaffinity = 1 1 1 1 1 1 1 1 1 1 1 1 1 1 1 1 1 1 1 1 1 1 1 1 1 1 1 1 1 1 1 1 1 1 1 1 1 1 1 1 1 1 1 1 1 1 1 1 1 1 1 1 1 1 1 1 1 1 1 1 1 1 1 1 
sched_getcpu = 38
** RAPL-logger - Process terminated, computing results
Recorded wall time (s): 143.1050
Domain intel-rapl:0 (package-1) energy consumption (j): 4914.2507
Domain intel-rapl:0 (package-1) avg. power consumption (W):  34.3402
Domain intel-rapl:0/intel-rapl:0:0 (dram) energy consumption (j): 323.5084
Domain intel-rapl:0/intel-rapl:0:0 (dram) avg. power consumption (W):   2.2606
Domain intel-rapl:1 (package-0) energy consumption (j): 6157.0849
Domain intel-rapl:1 (package-0) avg. power consumption (W):  43.0249
Domain intel-rapl:1/intel-rapl:1:0 (dram) energy consumption (j): 305.7245
Domain intel-rapl:1/intel-rapl:1:0 (dram) avg. power consumption (W):   2.1364
