** RAPL-logger - 2 packages - Sampling freq.  10.0 Hz - Logfiles 0-3: /tmp/rapllog+1593938505
** RAPL-logger - Profiling: ../allocator 24 ../stream.bin
-------------------------------------------------------------
STREAM version $Revision: 5.10 $
-------------------------------------------------------------
This system uses 8 bytes per array element.
-------------------------------------------------------------
Array size = 1073741824 (elements), Offset = 0 (elements)
Memory per array = 8192.0 MiB (= 8.0 GiB).
Total memory required = 24576.0 MiB (= 24.0 GiB).
Each kernel will be executed 10 times.
 The *best* time for each kernel (excluding the first iteration)
 will be used to compute the reported bandwidth.
-------------------------------------------------------------
Your clock granularity/precision appears to be 1 microseconds.
Each test below will take on the order of 2708585 microseconds.
   (= 2708585 clock ticks)
Increase the size of the arrays if this shows that
you are not getting at least 20 clock ticks per test.
-------------------------------------------------------------
WARNING -- The above is only a rough guideline.
For best results, please be sure you know the
precision of your system timer.
-------------------------------------------------------------
Function    Best Rate MB/s  Avg time     Min time     Max time
Copy:            8215.9     2.161016     2.091057     2.647131
Scale:           8203.1     2.266773     2.094309     2.549447
Add:             8406.1     3.755743     3.065618     4.280330
Triad:           8909.6     3.321692     2.892371     4.183223
-------------------------------------------------------------
Solution Validates: avg error less than 1.000000e-13 on all three arrays
-------------------------------------------------------------
1
sched_getaffinity = 1 1 1 1 1 1 1 1 1 1 1 1 1 1 1 1 1 1 1 1 1 1 1 1 1 1 1 1 1 1 1 1 1 1 1 1 1 1 1 1 1 1 1 1 1 1 1 1 1 1 1 1 1 1 1 1 1 1 1 1 1 1 1 1 
sched_getcpu = 39
** RAPL-logger - Process terminated, computing results
Recorded wall time (s): 140.0860
Domain intel-rapl:0 (package-1) energy consumption (j): 4799.5540
Domain intel-rapl:0 (package-1) avg. power consumption (W):  34.2615
Domain intel-rapl:0/intel-rapl:0:0 (dram) energy consumption (j): 317.1093
Domain intel-rapl:0/intel-rapl:0:0 (dram) avg. power consumption (W):   2.2637
Domain intel-rapl:1 (package-0) energy consumption (j): 6023.4684
Domain intel-rapl:1 (package-0) avg. power consumption (W):  42.9984
Domain intel-rapl:1/intel-rapl:1:0 (dram) energy consumption (j): 303.0118
Domain intel-rapl:1/intel-rapl:1:0 (dram) avg. power consumption (W):   2.1630
