** RAPL-logger - 2 packages - Sampling freq.  10.0 Hz - Logfiles 0-3: /tmp/rapllog+1593934466
** RAPL-logger - Profiling: ../allocator 4 ../stream.bin
-------------------------------------------------------------
STREAM version $Revision: 5.10 $
-------------------------------------------------------------
This system uses 8 bytes per array element.
-------------------------------------------------------------
Array size = 536870912 (elements), Offset = 0 (elements)
Memory per array = 4096.0 MiB (= 4.0 GiB).
Total memory required = 12288.0 MiB (= 12.0 GiB).
Each kernel will be executed 10 times.
 The *best* time for each kernel (excluding the first iteration)
 will be used to compute the reported bandwidth.
-------------------------------------------------------------
Your clock granularity/precision appears to be 1 microseconds.
Each test below will take on the order of 767060 microseconds.
   (= 767060 clock ticks)
Increase the size of the arrays if this shows that
you are not getting at least 20 clock ticks per test.
-------------------------------------------------------------
WARNING -- The above is only a rough guideline.
For best results, please be sure you know the
precision of your system timer.
-------------------------------------------------------------
Function    Best Rate MB/s  Avg time     Min time     Max time
Copy:            9161.1     0.954534     0.937650     1.027224
Scale:           9022.9     0.993769     0.952012     1.161557
Add:             9596.4     1.428652     1.342685     1.544859
Triad:           9543.3     1.396621     1.350152     1.510328
-------------------------------------------------------------
Solution Validates: avg error less than 1.000000e-13 on all three arrays
-------------------------------------------------------------
1
sched_getaffinity = 1 1 1 1 1 1 1 1 1 1 1 1 1 1 1 1 1 1 1 1 1 1 1 1 1 1 1 1 1 1 1 1 1 1 1 1 1 1 1 1 1 1 1 1 1 1 1 1 1 1 1 1 1 1 1 1 1 1 1 1 1 1 1 1 
sched_getcpu = 39
** RAPL-logger - Process terminated, computing results
Recorded wall time (s):  56.3420
Domain intel-rapl:0 (package-1) energy consumption (j): 1865.5720
Domain intel-rapl:0 (package-1) avg. power consumption (W):  33.1116
Domain intel-rapl:0/intel-rapl:0:0 (dram) energy consumption (j):  88.0316
Domain intel-rapl:0/intel-rapl:0:0 (dram) avg. power consumption (W):   1.5625
Domain intel-rapl:1 (package-0) energy consumption (j): 2479.4670
Domain intel-rapl:1 (package-0) avg. power consumption (W):  44.0074
Domain intel-rapl:1/intel-rapl:1:0 (dram) energy consumption (j): 169.1244
Domain intel-rapl:1/intel-rapl:1:0 (dram) avg. power consumption (W):   3.0017
