** RAPL-logger - 2 packages - Sampling freq.  10.0 Hz - Logfiles 0-3: /tmp/rapllog+1593939373
** RAPL-logger - Profiling: ../allocator 1 ../stream.bin
-------------------------------------------------------------
STREAM version $Revision: 5.10 $
-------------------------------------------------------------
This system uses 8 bytes per array element.
-------------------------------------------------------------
Array size = 1073741824 (elements), Offset = 0 (elements)
Memory per array = 8192.0 MiB (= 8.0 GiB).
Total memory required = 24576.0 MiB (= 24.0 GiB).
Each kernel will be executed 10 times.
 The *best* time for each kernel (excluding the first iteration)
 will be used to compute the reported bandwidth.
-------------------------------------------------------------
Your clock granularity/precision appears to be 1 microseconds.
Each test below will take on the order of 2194118 microseconds.
   (= 2194118 clock ticks)
Increase the size of the arrays if this shows that
you are not getting at least 20 clock ticks per test.
-------------------------------------------------------------
WARNING -- The above is only a rough guideline.
For best results, please be sure you know the
precision of your system timer.
-------------------------------------------------------------
Function    Best Rate MB/s  Avg time     Min time     Max time
Copy:            8282.8     2.282699     2.074174     2.598959
Scale:           8253.8     2.235576     2.081447     2.520294
Add:             8902.3     3.018210     2.894720     3.333177
Triad:           8891.8     3.079104     2.898166     3.271543
-------------------------------------------------------------
Solution Validates: avg error less than 1.000000e-13 on all three arrays
-------------------------------------------------------------
1
sched_getaffinity = 1 1 1 1 1 1 1 1 1 1 1 1 1 1 1 1 1 1 1 1 1 1 1 1 1 1 1 1 1 1 1 1 1 1 1 1 1 1 1 1 1 1 1 1 1 1 1 1 1 1 1 1 1 1 1 1 1 1 1 1 1 1 1 1 
sched_getcpu = 38
** RAPL-logger - Process terminated, computing results
Recorded wall time (s): 128.8560
Domain intel-rapl:0 (package-1) energy consumption (j): 4770.3367
Domain intel-rapl:0 (package-1) avg. power consumption (W):  37.0207
Domain intel-rapl:0/intel-rapl:0:0 (dram) energy consumption (j): 286.8655
Domain intel-rapl:0/intel-rapl:0:0 (dram) avg. power consumption (W):   2.2262
Domain intel-rapl:1 (package-0) energy consumption (j): 5247.3526
Domain intel-rapl:1 (package-0) avg. power consumption (W):  40.7226
Domain intel-rapl:1/intel-rapl:1:0 (dram) energy consumption (j): 294.1939
Domain intel-rapl:1/intel-rapl:1:0 (dram) avg. power consumption (W):   2.2831
