** RAPL-logger - 2 packages - Sampling freq.  10.0 Hz - Logfiles 0-3: /tmp/rapllog+1594011834
** RAPL-logger - Profiling: ../allocator 59 ../stream.bin
-------------------------------------------------------------
STREAM version $Revision: 5.10 $
-------------------------------------------------------------
This system uses 8 bytes per array element.
-------------------------------------------------------------
Array size = 134217728 (elements), Offset = 0 (elements)
Memory per array = 1024.0 MiB (= 1.0 GiB).
Total memory required = 3072.0 MiB (= 3.0 GiB).
Each kernel will be executed 10 times.
 The *best* time for each kernel (excluding the first iteration)
 will be used to compute the reported bandwidth.
-------------------------------------------------------------
Your clock granularity/precision appears to be 1 microseconds.
Each test below will take on the order of 152246 microseconds.
   (= 152246 clock ticks)
Increase the size of the arrays if this shows that
you are not getting at least 20 clock ticks per test.
-------------------------------------------------------------
WARNING -- The above is only a rough guideline.
For best results, please be sure you know the
precision of your system timer.
-------------------------------------------------------------
Function    Best Rate MB/s  Avg time     Min time     Max time
Copy:            8919.6     0.241124     0.240761     0.241755
Scale:           8828.8     0.243699     0.243235     0.244412
Add:             9227.3     0.349584     0.349097     0.350642
Triad:           9160.2     0.352157     0.351654     0.352602
-------------------------------------------------------------
Solution Validates: avg error less than 1.000000e-13 on all three arrays
-------------------------------------------------------------
1
sched_getaffinity = 1 1 1 1 1 1 1 1 1 1 1 1 1 1 1 1 1 1 1 1 1 1 1 1 1 1 1 1 1 1 1 1 1 1 1 1 1 1 1 1 1 1 1 1 1 1 1 1 1 1 1 1 1 1 1 1 1 1 1 1 1 1 1 1 
sched_getcpu = 38
** RAPL-logger - Process terminated, computing results
Recorded wall time (s):  13.5940
Domain intel-rapl:0 (package-1) energy consumption (j): 512.1776
Domain intel-rapl:0 (package-1) avg. power consumption (W):  37.6767
Domain intel-rapl:0/intel-rapl:0:0 (dram) energy consumption (j):  39.5614
Domain intel-rapl:0/intel-rapl:0:0 (dram) avg. power consumption (W):   2.9102
Domain intel-rapl:1 (package-0) energy consumption (j): 542.7651
Domain intel-rapl:1 (package-0) avg. power consumption (W):  39.9268
Domain intel-rapl:1/intel-rapl:1:0 (dram) energy consumption (j):  21.5600
Domain intel-rapl:1/intel-rapl:1:0 (dram) avg. power consumption (W):   1.5860
