** RAPL-logger - 2 packages - Sampling freq.  10.0 Hz - Logfiles 0-3: /tmp/rapllog+1593941091
** RAPL-logger - Profiling: ../allocator 23 ../stream.bin
-------------------------------------------------------------
STREAM version $Revision: 5.10 $
-------------------------------------------------------------
This system uses 8 bytes per array element.
-------------------------------------------------------------
Array size = 1073741824 (elements), Offset = 0 (elements)
Memory per array = 8192.0 MiB (= 8.0 GiB).
Total memory required = 24576.0 MiB (= 24.0 GiB).
Each kernel will be executed 10 times.
 The *best* time for each kernel (excluding the first iteration)
 will be used to compute the reported bandwidth.
-------------------------------------------------------------
Your clock granularity/precision appears to be 1 microseconds.
Each test below will take on the order of 1639081 microseconds.
   (= 1639081 clock ticks)
Increase the size of the arrays if this shows that
you are not getting at least 20 clock ticks per test.
-------------------------------------------------------------
WARNING -- The above is only a rough guideline.
For best results, please be sure you know the
precision of your system timer.
-------------------------------------------------------------
Function    Best Rate MB/s  Avg time     Min time     Max time
Copy:            8264.6     2.158890     2.078741     2.390382
Scale:           8224.7     2.220532     2.088821     2.520693
Add:             8841.6     3.250007     2.914614     3.622934
Triad:           8839.6     3.073824     2.915272     3.389649
-------------------------------------------------------------
Solution Validates: avg error less than 1.000000e-13 on all three arrays
-------------------------------------------------------------
1
sched_getaffinity = 1 1 1 1 1 1 1 1 1 1 1 1 1 1 1 1 1 1 1 1 1 1 1 1 1 1 1 1 1 1 1 1 1 1 1 1 1 1 1 1 1 1 1 1 1 1 1 1 1 1 1 1 1 1 1 1 1 1 1 1 1 1 1 1 
sched_getcpu = 38
** RAPL-logger - Process terminated, computing results
Recorded wall time (s): 129.9380
Domain intel-rapl:0 (package-1) energy consumption (j): 4836.1702
Domain intel-rapl:0 (package-1) avg. power consumption (W):  37.2191
Domain intel-rapl:0/intel-rapl:0:0 (dram) energy consumption (j): 287.1033
Domain intel-rapl:0/intel-rapl:0:0 (dram) avg. power consumption (W):   2.2095
Domain intel-rapl:1 (package-0) energy consumption (j): 5326.9157
Domain intel-rapl:1 (package-0) avg. power consumption (W):  40.9958
Domain intel-rapl:1/intel-rapl:1:0 (dram) energy consumption (j): 295.9430
Domain intel-rapl:1/intel-rapl:1:0 (dram) avg. power consumption (W):   2.2776
