** RAPL-logger - 2 packages - Sampling freq.  10.0 Hz - Logfiles 0-3: /tmp/rapllog+1593933691
** RAPL-logger - Profiling: ../allocator 5 ../stream.bin
-------------------------------------------------------------
STREAM version $Revision: 5.10 $
-------------------------------------------------------------
This system uses 8 bytes per array element.
-------------------------------------------------------------
Array size = 268435456 (elements), Offset = 0 (elements)
Memory per array = 2048.0 MiB (= 2.0 GiB).
Total memory required = 6144.0 MiB (= 6.0 GiB).
Each kernel will be executed 10 times.
 The *best* time for each kernel (excluding the first iteration)
 will be used to compute the reported bandwidth.
-------------------------------------------------------------
Your clock granularity/precision appears to be 1 microseconds.
Each test below will take on the order of 297317 microseconds.
   (= 297317 clock ticks)
Increase the size of the arrays if this shows that
you are not getting at least 20 clock ticks per test.
-------------------------------------------------------------
WARNING -- The above is only a rough guideline.
For best results, please be sure you know the
precision of your system timer.
-------------------------------------------------------------
Function    Best Rate MB/s  Avg time     Min time     Max time
Copy:            8960.1     0.479862     0.479345     0.480933
Scale:           8819.3     0.487457     0.486995     0.488029
Add:             9217.6     0.699693     0.698929     0.701037
Triad:           9152.7     0.704814     0.703888     0.706109
-------------------------------------------------------------
Solution Validates: avg error less than 1.000000e-13 on all three arrays
-------------------------------------------------------------
1
sched_getaffinity = 1 1 1 1 1 1 1 1 1 1 1 1 1 1 1 1 1 1 1 1 1 1 1 1 1 1 1 1 1 1 1 1 1 1 1 1 1 1 1 1 1 1 1 1 1 1 1 1 1 1 1 1 1 1 1 1 1 1 1 1 1 1 1 1 
sched_getcpu = 38
** RAPL-logger - Process terminated, computing results
Recorded wall time (s):  27.2640
Domain intel-rapl:0 (package-1) energy consumption (j): 1034.0815
Domain intel-rapl:0 (package-1) avg. power consumption (W):  37.9285
Domain intel-rapl:0/intel-rapl:0:0 (dram) energy consumption (j):  79.9829
Domain intel-rapl:0/intel-rapl:0:0 (dram) avg. power consumption (W):   2.9336
Domain intel-rapl:1 (package-0) energy consumption (j): 1092.2272
Domain intel-rapl:1 (package-0) avg. power consumption (W):  40.0611
Domain intel-rapl:1/intel-rapl:1:0 (dram) energy consumption (j):  43.4619
Domain intel-rapl:1/intel-rapl:1:0 (dram) avg. power consumption (W):   1.5941
