** RAPL-logger - 2 packages - Sampling freq.  10.0 Hz - Logfiles 0-3: /tmp/rapllog+1593934935
** RAPL-logger - Profiling: ../allocator 24 ../stream.bin
-------------------------------------------------------------
STREAM version $Revision: 5.10 $
-------------------------------------------------------------
This system uses 8 bytes per array element.
-------------------------------------------------------------
Array size = 536870912 (elements), Offset = 0 (elements)
Memory per array = 4096.0 MiB (= 4.0 GiB).
Total memory required = 12288.0 MiB (= 12.0 GiB).
Each kernel will be executed 10 times.
 The *best* time for each kernel (excluding the first iteration)
 will be used to compute the reported bandwidth.
-------------------------------------------------------------
Your clock granularity/precision appears to be 1 microseconds.
Each test below will take on the order of 607957 microseconds.
   (= 607957 clock ticks)
Increase the size of the arrays if this shows that
you are not getting at least 20 clock ticks per test.
-------------------------------------------------------------
WARNING -- The above is only a rough guideline.
For best results, please be sure you know the
precision of your system timer.
-------------------------------------------------------------
Function    Best Rate MB/s  Avg time     Min time     Max time
Copy:            9184.1     0.963308     0.935308     1.056403
Scale:           9045.9     0.979121     0.949596     1.159405
Add:             9634.6     1.421981     1.337362     1.555407
Triad:           9583.5     1.392613     1.344494     1.542764
-------------------------------------------------------------
Solution Validates: avg error less than 1.000000e-13 on all three arrays
-------------------------------------------------------------
1
sched_getaffinity = 1 1 1 1 1 1 1 1 1 1 1 1 1 1 1 1 1 1 1 1 1 1 1 1 1 1 1 1 1 1 1 1 1 1 1 1 1 1 1 1 1 1 1 1 1 1 1 1 1 1 1 1 1 1 1 1 1 1 1 1 1 1 1 1 
sched_getcpu = 39
** RAPL-logger - Process terminated, computing results
Recorded wall time (s):  56.0830
Domain intel-rapl:0 (package-1) energy consumption (j): 1850.2939
Domain intel-rapl:0 (package-1) avg. power consumption (W):  32.9921
Domain intel-rapl:0/intel-rapl:0:0 (dram) energy consumption (j):  87.6415
Domain intel-rapl:0/intel-rapl:0:0 (dram) avg. power consumption (W):   1.5627
Domain intel-rapl:1 (package-0) energy consumption (j): 2474.5432
Domain intel-rapl:1 (package-0) avg. power consumption (W):  44.1229
Domain intel-rapl:1/intel-rapl:1:0 (dram) energy consumption (j): 168.7498
Domain intel-rapl:1/intel-rapl:1:0 (dram) avg. power consumption (W):   3.0089
