** RAPL-logger - 2 packages - Sampling freq.  10.0 Hz - Logfiles 0-3: /tmp/rapllog+1593933485
** RAPL-logger - Profiling: ../allocator 24 ../stream.bin
-------------------------------------------------------------
STREAM version $Revision: 5.10 $
-------------------------------------------------------------
This system uses 8 bytes per array element.
-------------------------------------------------------------
Array size = 268435456 (elements), Offset = 0 (elements)
Memory per array = 2048.0 MiB (= 2.0 GiB).
Total memory required = 6144.0 MiB (= 6.0 GiB).
Each kernel will be executed 10 times.
 The *best* time for each kernel (excluding the first iteration)
 will be used to compute the reported bandwidth.
-------------------------------------------------------------
Your clock granularity/precision appears to be 1 microseconds.
Each test below will take on the order of 296494 microseconds.
   (= 296494 clock ticks)
Increase the size of the arrays if this shows that
you are not getting at least 20 clock ticks per test.
-------------------------------------------------------------
WARNING -- The above is only a rough guideline.
For best results, please be sure you know the
precision of your system timer.
-------------------------------------------------------------
Function    Best Rate MB/s  Avg time     Min time     Max time
Copy:            8970.5     0.479540     0.478787     0.480608
Scale:           8822.4     0.487326     0.486826     0.488151
Add:             9224.0     0.698892     0.698445     0.700345
Triad:           9159.6     0.704043     0.703354     0.705192
-------------------------------------------------------------
Solution Validates: avg error less than 1.000000e-13 on all three arrays
-------------------------------------------------------------
1
sched_getaffinity = 1 1 1 1 1 1 1 1 1 1 1 1 1 1 1 1 1 1 1 1 1 1 1 1 1 1 1 1 1 1 1 1 1 1 1 1 1 1 1 1 1 1 1 1 1 1 1 1 1 1 1 1 1 1 1 1 1 1 1 1 1 1 1 1 
sched_getcpu = 38
** RAPL-logger - Process terminated, computing results
Recorded wall time (s):  27.2400
Domain intel-rapl:0 (package-1) energy consumption (j): 897.1886
Domain intel-rapl:0 (package-1) avg. power consumption (W):  32.9364
Domain intel-rapl:0/intel-rapl:0:0 (dram) energy consumption (j):  42.2418
Domain intel-rapl:0/intel-rapl:0:0 (dram) avg. power consumption (W):   1.5507
Domain intel-rapl:1 (package-0) energy consumption (j): 1202.7586
Domain intel-rapl:1 (package-0) avg. power consumption (W):  44.1541
Domain intel-rapl:1/intel-rapl:1:0 (dram) energy consumption (j):  82.9482
Domain intel-rapl:1/intel-rapl:1:0 (dram) avg. power consumption (W):   3.0451
