** RAPL-logger - 2 packages - Sampling freq.  10.0 Hz - Logfiles 0-3: /tmp/rapllog+1593933867
** RAPL-logger - Profiling: ../allocator 3 ../stream.bin
-------------------------------------------------------------
STREAM version $Revision: 5.10 $
-------------------------------------------------------------
This system uses 8 bytes per array element.
-------------------------------------------------------------
Array size = 268435456 (elements), Offset = 0 (elements)
Memory per array = 2048.0 MiB (= 2.0 GiB).
Total memory required = 6144.0 MiB (= 6.0 GiB).
Each kernel will be executed 10 times.
 The *best* time for each kernel (excluding the first iteration)
 will be used to compute the reported bandwidth.
-------------------------------------------------------------
Your clock granularity/precision appears to be 1 microseconds.
Each test below will take on the order of 294702 microseconds.
   (= 294702 clock ticks)
Increase the size of the arrays if this shows that
you are not getting at least 20 clock ticks per test.
-------------------------------------------------------------
WARNING -- The above is only a rough guideline.
For best results, please be sure you know the
precision of your system timer.
-------------------------------------------------------------
Function    Best Rate MB/s  Avg time     Min time     Max time
Copy:            8932.3     0.481368     0.480834     0.482564
Scale:           8796.0     0.488702     0.488285     0.489332
Add:             9181.3     0.702334     0.701689     0.703715
Triad:           9120.0     0.707462     0.706412     0.708615
-------------------------------------------------------------
Solution Validates: avg error less than 1.000000e-13 on all three arrays
-------------------------------------------------------------
1
sched_getaffinity = 1 1 1 1 1 1 1 1 1 1 1 1 1 1 1 1 1 1 1 1 1 1 1 1 1 1 1 1 1 1 1 1 1 1 1 1 1 1 1 1 1 1 1 1 1 1 1 1 1 1 1 1 1 1 1 1 1 1 1 1 1 1 1 1 
sched_getcpu = 39
** RAPL-logger - Process terminated, computing results
Recorded wall time (s):  27.3500
Domain intel-rapl:0 (package-1) energy consumption (j): 1048.3694
Domain intel-rapl:0 (package-1) avg. power consumption (W):  38.3316
Domain intel-rapl:0/intel-rapl:0:0 (dram) energy consumption (j):  80.4280
Domain intel-rapl:0/intel-rapl:0:0 (dram) avg. power consumption (W):   2.9407
Domain intel-rapl:1 (package-0) energy consumption (j): 1101.6490
Domain intel-rapl:1 (package-0) avg. power consumption (W):  40.2797
Domain intel-rapl:1/intel-rapl:1:0 (dram) energy consumption (j):  43.2229
Domain intel-rapl:1/intel-rapl:1:0 (dram) avg. power consumption (W):   1.5804
