** RAPL-logger - 2 packages - Sampling freq.  10.0 Hz - Logfiles 0-3: /tmp/rapllog+1594025367
** RAPL-logger - Profiling: ../allocator 14 ../stream.bin 10 ../stream.bin
-------------------------------------------------------------
STREAM version $Revision: 5.10 $
-------------------------------------------------------------
This system uses 8 bytes per array element.
-------------------------------------------------------------
Array size = 134217728 (elements), Offset = 0 (elements)
Memory per array = 1024.0 MiB (= 1.0 GiB).
Total memory required = 3072.0 MiB (= 3.0 GiB).
Each kernel will be executed 10 times.
 The *best* time for each kernel (excluding the first iteration)
 will be used to compute the reported bandwidth.
-------------------------------------------------------------
Your clock granularity/precision appears to be 1 microseconds.
Each test below will take on the order of 260391 microseconds.
   (= 260391 clock ticks)
Increase the size of the arrays if this shows that
you are not getting at least 20 clock ticks per test.
-------------------------------------------------------------
WARNING -- The above is only a rough guideline.
For best results, please be sure you know the
precision of your system timer.
-------------------------------------------------------------
Function    Best Rate MB/s  Avg time     Min time     Max time
Copy:            5642.6     0.381330     0.380585     0.384342
Scale:           5616.6     0.382828     0.382349     0.383713
Add:             6121.6     0.526821     0.526206     0.527859
Triad:           6110.7     0.527692     0.527144     0.528202
-------------------------------------------------------------
Solution Validates: avg error less than 1.000000e-13 on all three arrays
-------------------------------------------------------------
-------------------------------------------------------------
STREAM version $Revision: 5.10 $
-------------------------------------------------------------
This system uses 8 bytes per array element.
-------------------------------------------------------------
Array size = 134217728 (elements), Offset = 0 (elements)
Memory per array = 1024.0 MiB (= 1.0 GiB).
Total memory required = 3072.0 MiB (= 3.0 GiB).
Each kernel will be executed 10 times.
 The *best* time for each kernel (excluding the first iteration)
 will be used to compute the reported bandwidth.
-------------------------------------------------------------
Your clock granularity/precision appears to be 1 microseconds.
Each test below will take on the order of 261570 microseconds.
   (= 261570 clock ticks)
Increase the size of the arrays if this shows that
you are not getting at least 20 clock ticks per test.
-------------------------------------------------------------
WARNING -- The above is only a rough guideline.
For best results, please be sure you know the
precision of your system timer.
-------------------------------------------------------------
Function    Best Rate MB/s  Avg time     Min time     Max time
Copy:            5639.1     0.381609     0.380822     0.384763
Scale:           5618.6     0.382665     0.382213     0.383609
Add:             6127.4     0.526369     0.525708     0.527419
Triad:           6113.9     0.527963     0.526865     0.528779
-------------------------------------------------------------
Solution Validates: avg error less than 1.000000e-13 on all three arrays
-------------------------------------------------------------
2
sched_getaffinity = 1 1 1 1 1 1 1 1 1 1 1 1 1 1 1 1 1 1 1 1 1 1 1 1 1 1 1 1 1 1 1 1 1 1 1 1 1 1 1 1 1 1 1 1 1 1 1 1 1 1 1 1 1 1 1 1 1 1 1 1 1 1 1 1 
sched_getcpu = 36
** RAPL-logger - Process terminated, computing results
Recorded wall time (s):  20.1430
Domain intel-rapl:0 (package-1) energy consumption (j): 674.3010
Domain intel-rapl:0 (package-1) avg. power consumption (W):  33.4757
Domain intel-rapl:0/intel-rapl:0:0 (dram) energy consumption (j):  31.6032
Domain intel-rapl:0/intel-rapl:0:0 (dram) avg. power consumption (W):   1.5689
Domain intel-rapl:1 (package-0) energy consumption (j): 962.4510
Domain intel-rapl:1 (package-0) avg. power consumption (W):  47.7809
Domain intel-rapl:1/intel-rapl:1:0 (dram) energy consumption (j):  68.4059
Domain intel-rapl:1/intel-rapl:1:0 (dram) avg. power consumption (W):   3.3960
