** RAPL-logger - 2 packages - Sampling freq.  10.0 Hz - Logfiles 0-3: /tmp/rapllog+1594025279
** RAPL-logger - Profiling: ../allocator 0 ../stream.bin 4 ../stream.bin
-------------------------------------------------------------
STREAM version $Revision: 5.10 $
-------------------------------------------------------------
This system uses 8 bytes per array element.
-------------------------------------------------------------
Array size = 134217728 (elements), Offset = 0 (elements)
Memory per array = 1024.0 MiB (= 1.0 GiB).
Total memory required = 3072.0 MiB (= 3.0 GiB).
Each kernel will be executed 10 times.
 The *best* time for each kernel (excluding the first iteration)
 will be used to compute the reported bandwidth.
-------------------------------------------------------------
Your clock granularity/precision appears to be 1 microseconds.
Each test below will take on the order of 247766 microseconds.
   (= 247766 clock ticks)
Increase the size of the arrays if this shows that
you are not getting at least 20 clock ticks per test.
-------------------------------------------------------------
WARNING -- The above is only a rough guideline.
For best results, please be sure you know the
precision of your system timer.
-------------------------------------------------------------
Function    Best Rate MB/s  Avg time     Min time     Max time
Copy:            5631.2     0.382175     0.381355     0.386028
Scale:           5603.8     0.383538     0.383222     0.384009
Add:             6108.4     0.527668     0.527340     0.528199
Triad:           6101.1     0.528541     0.527978     0.528906
-------------------------------------------------------------
Solution Validates: avg error less than 1.000000e-13 on all three arrays
-------------------------------------------------------------
-------------------------------------------------------------
STREAM version $Revision: 5.10 $
-------------------------------------------------------------
This system uses 8 bytes per array element.
-------------------------------------------------------------
Array size = 134217728 (elements), Offset = 0 (elements)
Memory per array = 1024.0 MiB (= 1.0 GiB).
Total memory required = 3072.0 MiB (= 3.0 GiB).
Each kernel will be executed 10 times.
 The *best* time for each kernel (excluding the first iteration)
 will be used to compute the reported bandwidth.
-------------------------------------------------------------
Your clock granularity/precision appears to be 1 microseconds.
Each test below will take on the order of 248423 microseconds.
   (= 248423 clock ticks)
Increase the size of the arrays if this shows that
you are not getting at least 20 clock ticks per test.
-------------------------------------------------------------
WARNING -- The above is only a rough guideline.
For best results, please be sure you know the
precision of your system timer.
-------------------------------------------------------------
Function    Best Rate MB/s  Avg time     Min time     Max time
Copy:            5627.0     0.382493     0.381637     0.386644
Scale:           5607.1     0.383481     0.382996     0.383998
Add:             6114.9     0.527133     0.526781     0.527695
Triad:           6098.1     0.528804     0.528235     0.529361
-------------------------------------------------------------
Solution Validates: avg error less than 1.000000e-13 on all three arrays
-------------------------------------------------------------
2
sched_getaffinity = 1 1 1 1 1 1 1 1 1 1 1 1 1 1 1 1 1 1 1 1 1 1 1 1 1 1 1 1 1 1 1 1 1 1 1 1 1 1 1 1 1 1 1 1 1 1 1 1 1 1 1 1 1 1 1 1 1 1 1 1 1 1 1 1 
sched_getcpu = 38
** RAPL-logger - Process terminated, computing results
Recorded wall time (s):  20.1570
Domain intel-rapl:0 (package-1) energy consumption (j): 670.3036
Domain intel-rapl:0 (package-1) avg. power consumption (W):  33.2541
Domain intel-rapl:0/intel-rapl:0:0 (dram) energy consumption (j):  31.1567
Domain intel-rapl:0/intel-rapl:0:0 (dram) avg. power consumption (W):   1.5457
Domain intel-rapl:1 (package-0) energy consumption (j): 935.4773
Domain intel-rapl:1 (package-0) avg. power consumption (W):  46.4096
Domain intel-rapl:1/intel-rapl:1:0 (dram) energy consumption (j):  68.2132
Domain intel-rapl:1/intel-rapl:1:0 (dram) avg. power consumption (W):   3.3841
