** RAPL-logger - 2 packages - Sampling freq.  10.0 Hz - Logfiles 0-3: /tmp/rapllog+1594025723
** RAPL-logger - Profiling: ../allocator 15 ../stream.bin 11 ../stream.bin
-------------------------------------------------------------
STREAM version $Revision: 5.10 $
-------------------------------------------------------------
This system uses 8 bytes per array element.
-------------------------------------------------------------
Array size = 134217728 (elements), Offset = 0 (elements)
Memory per array = 1024.0 MiB (= 1.0 GiB).
Total memory required = 3072.0 MiB (= 3.0 GiB).
Each kernel will be executed 10 times.
 The *best* time for each kernel (excluding the first iteration)
 will be used to compute the reported bandwidth.
-------------------------------------------------------------
Your clock granularity/precision appears to be 1 microseconds.
Each test below will take on the order of 246988 microseconds.
   (= 246988 clock ticks)
Increase the size of the arrays if this shows that
you are not getting at least 20 clock ticks per test.
-------------------------------------------------------------
WARNING -- The above is only a rough guideline.
For best results, please be sure you know the
precision of your system timer.
-------------------------------------------------------------
Function    Best Rate MB/s  Avg time     Min time     Max time
Copy:            5628.3     0.382271     0.381549     0.383517
Scale:           5603.5     0.383766     0.383240     0.384880
Add:             6142.8     0.525033     0.524390     0.526607
Triad:           6124.1     0.526740     0.525994     0.528117
-------------------------------------------------------------
Solution Validates: avg error less than 1.000000e-13 on all three arrays
-------------------------------------------------------------
-------------------------------------------------------------
STREAM version $Revision: 5.10 $
-------------------------------------------------------------
This system uses 8 bytes per array element.
-------------------------------------------------------------
Array size = 134217728 (elements), Offset = 0 (elements)
Memory per array = 1024.0 MiB (= 1.0 GiB).
Total memory required = 3072.0 MiB (= 3.0 GiB).
Each kernel will be executed 10 times.
 The *best* time for each kernel (excluding the first iteration)
 will be used to compute the reported bandwidth.
-------------------------------------------------------------
Your clock granularity/precision appears to be 1 microseconds.
Each test below will take on the order of 247030 microseconds.
   (= 247030 clock ticks)
Increase the size of the arrays if this shows that
you are not getting at least 20 clock ticks per test.
-------------------------------------------------------------
WARNING -- The above is only a rough guideline.
For best results, please be sure you know the
precision of your system timer.
-------------------------------------------------------------
Function    Best Rate MB/s  Avg time     Min time     Max time
Copy:            5629.3     0.382218     0.381482     0.383518
Scale:           5602.5     0.383781     0.383306     0.384800
Add:             6143.1     0.525036     0.524363     0.526622
Triad:           6123.7     0.526770     0.526024     0.528202
-------------------------------------------------------------
Solution Validates: avg error less than 1.000000e-13 on all three arrays
-------------------------------------------------------------
2
sched_getaffinity = 1 1 1 1 1 1 1 1 1 1 1 1 1 1 1 1 1 1 1 1 1 1 1 1 1 1 1 1 1 1 1 1 1 1 1 1 1 1 1 1 1 1 1 1 1 1 1 1 1 1 1 1 1 1 1 1 1 1 1 1 1 1 1 1 
sched_getcpu = 39
** RAPL-logger - Process terminated, computing results
Recorded wall time (s):  20.0870
Domain intel-rapl:0 (package-1) energy consumption (j): 801.0787
Domain intel-rapl:0 (package-1) avg. power consumption (W):  39.8805
Domain intel-rapl:0/intel-rapl:0:0 (dram) energy consumption (j):  66.3853
Domain intel-rapl:0/intel-rapl:0:0 (dram) avg. power consumption (W):   3.3049
Domain intel-rapl:1 (package-0) energy consumption (j): 797.0064
Domain intel-rapl:1 (package-0) avg. power consumption (W):  39.6777
Domain intel-rapl:1/intel-rapl:1:0 (dram) energy consumption (j):  32.2542
Domain intel-rapl:1/intel-rapl:1:0 (dram) avg. power consumption (W):   1.6057
