** RAPL-logger - 2 packages - Sampling freq.  10.0 Hz - Logfiles 0-3: /tmp/rapllog+1594808144
** RAPL-logger - Profiling: ../allocator 10 ../stream.bin 11 ../stream.bin
-------------------------------------------------------------
STREAM version $Revision: 5.10 $
-------------------------------------------------------------
This system uses 8 bytes per array element.
-------------------------------------------------------------
Array size = 134217728 (elements), Offset = 0 (elements)
Memory per array = 1024.0 MiB (= 1.0 GiB).
Total memory required = 3072.0 MiB (= 3.0 GiB).
Each kernel will be executed 10 times.
 The *best* time for each kernel (excluding the first iteration)
 will be used to compute the reported bandwidth.
-------------------------------------------------------------
Your clock granularity/precision appears to be 1 microseconds.
Each test below will take on the order of 145244 microseconds.
   (= 145244 clock ticks)
Increase the size of the arrays if this shows that
you are not getting at least 20 clock ticks per test.
-------------------------------------------------------------
WARNING -- The above is only a rough guideline.
For best results, please be sure you know the
precision of your system timer.
-------------------------------------------------------------
Function    Best Rate MB/s  Avg time     Min time     Max time
Copy:            8920.5     0.241758     0.240736     0.245430
Scale:           8821.0     0.244796     0.243451     0.246933
Add:             9225.9     0.350706     0.349150     0.354809
Triad:           9159.2     0.352629     0.351692     0.355232
-------------------------------------------------------------
Solution Validates: avg error less than 1.000000e-13 on all three arrays
-------------------------------------------------------------
-------------------------------------------------------------
STREAM version $Revision: 5.10 $
-------------------------------------------------------------
This system uses 8 bytes per array element.
-------------------------------------------------------------
Array size = 134217728 (elements), Offset = 0 (elements)
Memory per array = 1024.0 MiB (= 1.0 GiB).
Total memory required = 3072.0 MiB (= 3.0 GiB).
Each kernel will be executed 10 times.
 The *best* time for each kernel (excluding the first iteration)
 will be used to compute the reported bandwidth.
-------------------------------------------------------------
Your clock granularity/precision appears to be 1 microseconds.
Each test below will take on the order of 145874 microseconds.
   (= 145874 clock ticks)
Increase the size of the arrays if this shows that
you are not getting at least 20 clock ticks per test.
-------------------------------------------------------------
WARNING -- The above is only a rough guideline.
For best results, please be sure you know the
precision of your system timer.
-------------------------------------------------------------
Function    Best Rate MB/s  Avg time     Min time     Max time
Copy:            8913.8     0.241982     0.240918     0.245085
Scale:           8817.8     0.244375     0.243540     0.247231
Add:             9228.7     0.350601     0.349044     0.352470
Triad:           9159.7     0.352848     0.351673     0.354641
-------------------------------------------------------------
Solution Validates: avg error less than 1.000000e-13 on all three arrays
-------------------------------------------------------------
2
sched_getaffinity = 1 1 1 1 1 1 1 1 1 1 1 1 1 1 1 1 1 1 1 1 1 1 1 1 1 1 1 1 1 1 1 1 1 1 1 1 1 1 1 1 1 1 1 1 1 1 1 1 1 1 1 1 1 1 1 1 1 1 1 1 1 1 1 1 
sched_getcpu = 38
** RAPL-logger - Process terminated, computing results
Recorded wall time (s):  13.6530
Domain intel-rapl:0 (package-1) energy consumption (j): 527.3289
Domain intel-rapl:0 (package-1) avg. power consumption (W):  38.6237
Domain intel-rapl:0/intel-rapl:0:0 (dram) energy consumption (j):  39.2359
Domain intel-rapl:0/intel-rapl:0:0 (dram) avg. power consumption (W):   2.8738
Domain intel-rapl:1 (package-0) energy consumption (j): 608.7148
Domain intel-rapl:1 (package-0) avg. power consumption (W):  44.5847
Domain intel-rapl:1/intel-rapl:1:0 (dram) energy consumption (j):  41.4527
Domain intel-rapl:1/intel-rapl:1:0 (dram) avg. power consumption (W):   3.0362
