** RAPL-logger - 2 packages - Sampling freq.  10.0 Hz - Logfiles 0-3: /tmp/rapllog+1594808065
** RAPL-logger - Profiling: ../allocator 0 ../stream.bin 1 ../stream.bin
-------------------------------------------------------------
STREAM version $Revision: 5.10 $
-------------------------------------------------------------
This system uses 8 bytes per array element.
-------------------------------------------------------------
Array size = 134217728 (elements), Offset = 0 (elements)
Memory per array = 1024.0 MiB (= 1.0 GiB).
Total memory required = 3072.0 MiB (= 3.0 GiB).
Each kernel will be executed 10 times.
 The *best* time for each kernel (excluding the first iteration)
 will be used to compute the reported bandwidth.
-------------------------------------------------------------
Your clock granularity/precision appears to be 1 microseconds.
Each test below will take on the order of 152514 microseconds.
   (= 152514 clock ticks)
Increase the size of the arrays if this shows that
you are not getting at least 20 clock ticks per test.
-------------------------------------------------------------
WARNING -- The above is only a rough guideline.
For best results, please be sure you know the
precision of your system timer.
-------------------------------------------------------------
Function    Best Rate MB/s  Avg time     Min time     Max time
Copy:            8916.8     0.241225     0.240836     0.241977
Scale:           8822.8     0.243746     0.243401     0.244319
Add:             9209.6     0.350526     0.349768     0.351612
Triad:           9151.5     0.352769     0.351989     0.353341
-------------------------------------------------------------
Solution Validates: avg error less than 1.000000e-13 on all three arrays
-------------------------------------------------------------
-------------------------------------------------------------
STREAM version $Revision: 5.10 $
-------------------------------------------------------------
This system uses 8 bytes per array element.
-------------------------------------------------------------
Array size = 134217728 (elements), Offset = 0 (elements)
Memory per array = 1024.0 MiB (= 1.0 GiB).
Total memory required = 3072.0 MiB (= 3.0 GiB).
Each kernel will be executed 10 times.
 The *best* time for each kernel (excluding the first iteration)
 will be used to compute the reported bandwidth.
-------------------------------------------------------------
Your clock granularity/precision appears to be 1 microseconds.
Each test below will take on the order of 148077 microseconds.
   (= 148077 clock ticks)
Increase the size of the arrays if this shows that
you are not getting at least 20 clock ticks per test.
-------------------------------------------------------------
WARNING -- The above is only a rough guideline.
For best results, please be sure you know the
precision of your system timer.
-------------------------------------------------------------
Function    Best Rate MB/s  Avg time     Min time     Max time
Copy:            8907.1     0.241561     0.241099     0.241974
Scale:           8813.0     0.244126     0.243671     0.244885
Add:             9181.4     0.351423     0.350842     0.352895
Triad:           9112.2     0.353966     0.353508     0.354661
-------------------------------------------------------------
Solution Validates: avg error less than 1.000000e-13 on all three arrays
-------------------------------------------------------------
2
sched_getaffinity = 1 1 1 1 1 1 1 1 1 1 1 1 1 1 1 1 1 1 1 1 1 1 1 1 1 1 1 1 1 1 1 1 1 1 1 1 1 1 1 1 1 1 1 1 1 1 1 1 1 1 1 1 1 1 1 1 1 1 1 1 1 1 1 1 
sched_getcpu = 39
** RAPL-logger - Process terminated, computing results
Recorded wall time (s):  13.7030
Domain intel-rapl:0 (package-1) energy consumption (j): 518.9903
Domain intel-rapl:0 (package-1) avg. power consumption (W):  37.8742
Domain intel-rapl:0/intel-rapl:0:0 (dram) energy consumption (j):  39.1211
Domain intel-rapl:0/intel-rapl:0:0 (dram) avg. power consumption (W):   2.8549
Domain intel-rapl:1 (package-0) energy consumption (j): 607.8492
Domain intel-rapl:1 (package-0) avg. power consumption (W):  44.3588
Domain intel-rapl:1/intel-rapl:1:0 (dram) energy consumption (j):  41.7113
Domain intel-rapl:1/intel-rapl:1:0 (dram) avg. power consumption (W):   3.0440
