** RAPL-logger - 2 packages - Sampling freq.  10.0 Hz - Logfiles 0-3: /tmp/rapllog+1594026755
** RAPL-logger - Profiling: ../allocator 25 ../stream.bin 57 ../stream.bin
-------------------------------------------------------------
STREAM version $Revision: 5.10 $
-------------------------------------------------------------
This system uses 8 bytes per array element.
-------------------------------------------------------------
Array size = 134217728 (elements), Offset = 0 (elements)
Memory per array = 1024.0 MiB (= 1.0 GiB).
Total memory required = 3072.0 MiB (= 3.0 GiB).
Each kernel will be executed 10 times.
 The *best* time for each kernel (excluding the first iteration)
 will be used to compute the reported bandwidth.
-------------------------------------------------------------
Your clock granularity/precision appears to be 1 microseconds.
Each test below will take on the order of 276507 microseconds.
   (= 276507 clock ticks)
Increase the size of the arrays if this shows that
you are not getting at least 20 clock ticks per test.
-------------------------------------------------------------
WARNING -- The above is only a rough guideline.
For best results, please be sure you know the
precision of your system timer.
-------------------------------------------------------------
Function    Best Rate MB/s  Avg time     Min time     Max time
Copy:            4653.6     0.462355     0.461469     0.463049
Scale:           4647.6     0.463259     0.462067     0.464686
Add:             4725.0     0.682981     0.681739     0.684111
Triad:           4732.3     0.681842     0.680693     0.683253
-------------------------------------------------------------
Solution Validates: avg error less than 1.000000e-13 on all three arrays
-------------------------------------------------------------
-------------------------------------------------------------
STREAM version $Revision: 5.10 $
-------------------------------------------------------------
This system uses 8 bytes per array element.
-------------------------------------------------------------
Array size = 134217728 (elements), Offset = 0 (elements)
Memory per array = 1024.0 MiB (= 1.0 GiB).
Total memory required = 3072.0 MiB (= 3.0 GiB).
Each kernel will be executed 10 times.
 The *best* time for each kernel (excluding the first iteration)
 will be used to compute the reported bandwidth.
-------------------------------------------------------------
Your clock granularity/precision appears to be 1 microseconds.
Each test below will take on the order of 277328 microseconds.
   (= 277328 clock ticks)
Increase the size of the arrays if this shows that
you are not getting at least 20 clock ticks per test.
-------------------------------------------------------------
WARNING -- The above is only a rough guideline.
For best results, please be sure you know the
precision of your system timer.
-------------------------------------------------------------
Function    Best Rate MB/s  Avg time     Min time     Max time
Copy:            4650.6     0.462496     0.461769     0.463237
Scale:           4642.8     0.463725     0.462541     0.465039
Add:             4730.0     0.682255     0.681020     0.683190
Triad:           4735.5     0.681939     0.680230     0.683513
-------------------------------------------------------------
Solution Validates: avg error less than 1.000000e-13 on all three arrays
-------------------------------------------------------------
2
sched_getaffinity = 1 1 1 1 1 1 1 1 1 1 1 1 1 1 1 1 1 1 1 1 1 1 1 1 1 1 1 1 1 1 1 1 1 1 1 1 1 1 1 1 1 1 1 1 1 1 1 1 1 1 1 1 1 1 1 1 1 1 1 1 1 1 1 1 
sched_getcpu = 39
** RAPL-logger - Process terminated, computing results
Recorded wall time (s):  25.6250
Domain intel-rapl:0 (package-1) energy consumption (j): 981.4608
Domain intel-rapl:0 (package-1) avg. power consumption (W):  38.3009
Domain intel-rapl:0/intel-rapl:0:0 (dram) energy consumption (j):  77.6978
Domain intel-rapl:0/intel-rapl:0:0 (dram) avg. power consumption (W):   3.0321
Domain intel-rapl:1 (package-0) energy consumption (j): 1007.2269
Domain intel-rapl:1 (package-0) avg. power consumption (W):  39.3064
Domain intel-rapl:1/intel-rapl:1:0 (dram) energy consumption (j):  41.0509
Domain intel-rapl:1/intel-rapl:1:0 (dram) avg. power consumption (W):   1.6020
