** RAPL-logger - 2 packages - Sampling freq.  10.0 Hz - Logfiles 0-3: /tmp/rapllog+1594025856
** RAPL-logger - Profiling: ../allocator 25 ../stream.bin 29 ../stream.bin
-------------------------------------------------------------
STREAM version $Revision: 5.10 $
-------------------------------------------------------------
This system uses 8 bytes per array element.
-------------------------------------------------------------
Array size = 134217728 (elements), Offset = 0 (elements)
Memory per array = 1024.0 MiB (= 1.0 GiB).
Total memory required = 3072.0 MiB (= 3.0 GiB).
Each kernel will be executed 10 times.
 The *best* time for each kernel (excluding the first iteration)
 will be used to compute the reported bandwidth.
-------------------------------------------------------------
Your clock granularity/precision appears to be 1 microseconds.
Each test below will take on the order of 246527 microseconds.
   (= 246527 clock ticks)
Increase the size of the arrays if this shows that
you are not getting at least 20 clock ticks per test.
-------------------------------------------------------------
WARNING -- The above is only a rough guideline.
For best results, please be sure you know the
precision of your system timer.
-------------------------------------------------------------
Function    Best Rate MB/s  Avg time     Min time     Max time
Copy:            5635.3     0.381817     0.381079     0.383899
Scale:           5612.7     0.383119     0.382609     0.383564
Add:             6147.2     0.525515     0.524014     0.528096
Triad:           6120.8     0.526854     0.526276     0.527509
-------------------------------------------------------------
Solution Validates: avg error less than 1.000000e-13 on all three arrays
-------------------------------------------------------------
-------------------------------------------------------------
STREAM version $Revision: 5.10 $
-------------------------------------------------------------
This system uses 8 bytes per array element.
-------------------------------------------------------------
Array size = 134217728 (elements), Offset = 0 (elements)
Memory per array = 1024.0 MiB (= 1.0 GiB).
Total memory required = 3072.0 MiB (= 3.0 GiB).
Each kernel will be executed 10 times.
 The *best* time for each kernel (excluding the first iteration)
 will be used to compute the reported bandwidth.
-------------------------------------------------------------
Your clock granularity/precision appears to be 1 microseconds.
Each test below will take on the order of 246875 microseconds.
   (= 246875 clock ticks)
Increase the size of the arrays if this shows that
you are not getting at least 20 clock ticks per test.
-------------------------------------------------------------
WARNING -- The above is only a rough guideline.
For best results, please be sure you know the
precision of your system timer.
-------------------------------------------------------------
Function    Best Rate MB/s  Avg time     Min time     Max time
Copy:            5632.9     0.381965     0.381239     0.383628
Scale:           5612.6     0.383076     0.382617     0.383545
Add:             6145.9     0.525456     0.524127     0.527408
Triad:           6121.9     0.526704     0.526181     0.527267
-------------------------------------------------------------
Solution Validates: avg error less than 1.000000e-13 on all three arrays
-------------------------------------------------------------
2
sched_getaffinity = 1 1 1 1 1 1 1 1 1 1 1 1 1 1 1 1 1 1 1 1 1 1 1 1 1 1 1 1 1 1 1 1 1 1 1 1 1 1 1 1 1 1 1 1 1 1 1 1 1 1 1 1 1 1 1 1 1 1 1 1 1 1 1 1 
sched_getcpu = 38
** RAPL-logger - Process terminated, computing results
Recorded wall time (s):  20.1050
Domain intel-rapl:0 (package-1) energy consumption (j): 815.9949
Domain intel-rapl:0 (package-1) avg. power consumption (W):  40.5867
Domain intel-rapl:0/intel-rapl:0:0 (dram) energy consumption (j):  66.7238
Domain intel-rapl:0/intel-rapl:0:0 (dram) avg. power consumption (W):   3.3188
Domain intel-rapl:1 (package-0) energy consumption (j): 793.4009
Domain intel-rapl:1 (package-0) avg. power consumption (W):  39.4629
Domain intel-rapl:1/intel-rapl:1:0 (dram) energy consumption (j):  32.0867
Domain intel-rapl:1/intel-rapl:1:0 (dram) avg. power consumption (W):   1.5960
