** RAPL-logger - 2 packages - Sampling freq.  10.0 Hz - Logfiles 0-3: /tmp/rapllog+1594808081
** RAPL-logger - Profiling: ../allocator 4 ../stream.bin 5 ../stream.bin
-------------------------------------------------------------
STREAM version $Revision: 5.10 $
-------------------------------------------------------------
This system uses 8 bytes per array element.
-------------------------------------------------------------
Array size = 134217728 (elements), Offset = 0 (elements)
Memory per array = 1024.0 MiB (= 1.0 GiB).
Total memory required = 3072.0 MiB (= 3.0 GiB).
Each kernel will be executed 10 times.
 The *best* time for each kernel (excluding the first iteration)
 will be used to compute the reported bandwidth.
-------------------------------------------------------------
Your clock granularity/precision appears to be 1 microseconds.
Each test below will take on the order of 149544 microseconds.
   (= 149544 clock ticks)
Increase the size of the arrays if this shows that
you are not getting at least 20 clock ticks per test.
-------------------------------------------------------------
WARNING -- The above is only a rough guideline.
For best results, please be sure you know the
precision of your system timer.
-------------------------------------------------------------
Function    Best Rate MB/s  Avg time     Min time     Max time
Copy:            8926.3     0.241135     0.240580     0.241869
Scale:           8824.7     0.243731     0.243348     0.244658
Add:             9222.0     0.351121     0.349299     0.361135
Triad:           9160.7     0.352329     0.351635     0.353654
-------------------------------------------------------------
Solution Validates: avg error less than 1.000000e-13 on all three arrays
-------------------------------------------------------------
-------------------------------------------------------------
STREAM version $Revision: 5.10 $
-------------------------------------------------------------
This system uses 8 bytes per array element.
-------------------------------------------------------------
Array size = 134217728 (elements), Offset = 0 (elements)
Memory per array = 1024.0 MiB (= 1.0 GiB).
Total memory required = 3072.0 MiB (= 3.0 GiB).
Each kernel will be executed 10 times.
 The *best* time for each kernel (excluding the first iteration)
 will be used to compute the reported bandwidth.
-------------------------------------------------------------
Your clock granularity/precision appears to be 1 microseconds.
Each test below will take on the order of 149837 microseconds.
   (= 149837 clock ticks)
Increase the size of the arrays if this shows that
you are not getting at least 20 clock ticks per test.
-------------------------------------------------------------
WARNING -- The above is only a rough guideline.
For best results, please be sure you know the
precision of your system timer.
-------------------------------------------------------------
Function    Best Rate MB/s  Avg time     Min time     Max time
Copy:            8916.2     0.241385     0.240851     0.241952
Scale:           8814.9     0.244049     0.243621     0.244780
Add:             9212.8     0.351451     0.349647     0.359420
Triad:           9136.7     0.353292     0.352560     0.354470
-------------------------------------------------------------
Solution Validates: avg error less than 1.000000e-13 on all three arrays
-------------------------------------------------------------
2
sched_getaffinity = 1 1 1 1 1 1 1 1 1 1 1 1 1 1 1 1 1 1 1 1 1 1 1 1 1 1 1 1 1 1 1 1 1 1 1 1 1 1 1 1 1 1 1 1 1 1 1 1 1 1 1 1 1 1 1 1 1 1 1 1 1 1 1 1 
sched_getcpu = 51
** RAPL-logger - Process terminated, computing results
Recorded wall time (s):  13.6590
Domain intel-rapl:0 (package-1) energy consumption (j): 525.4993
Domain intel-rapl:0 (package-1) avg. power consumption (W):  38.4728
Domain intel-rapl:0/intel-rapl:0:0 (dram) energy consumption (j):  39.2395
Domain intel-rapl:0/intel-rapl:0:0 (dram) avg. power consumption (W):   2.8728
Domain intel-rapl:1 (package-0) energy consumption (j): 609.2896
Domain intel-rapl:1 (package-0) avg. power consumption (W):  44.6072
Domain intel-rapl:1/intel-rapl:1:0 (dram) energy consumption (j):  41.5892
Domain intel-rapl:1/intel-rapl:1:0 (dram) avg. power consumption (W):   3.0448
