** RAPL-logger - 2 packages - Sampling freq.  10.0 Hz - Logfiles 0-3: /tmp/rapllog+1594025390
** RAPL-logger - Profiling: ../allocator 10 ../stream.bin 6 ../stream.bin
-------------------------------------------------------------
STREAM version $Revision: 5.10 $
-------------------------------------------------------------
This system uses 8 bytes per array element.
-------------------------------------------------------------
Array size = 134217728 (elements), Offset = 0 (elements)
Memory per array = 1024.0 MiB (= 1.0 GiB).
Total memory required = 3072.0 MiB (= 3.0 GiB).
Each kernel will be executed 10 times.
 The *best* time for each kernel (excluding the first iteration)
 will be used to compute the reported bandwidth.
-------------------------------------------------------------
Your clock granularity/precision appears to be 1 microseconds.
Each test below will take on the order of 244317 microseconds.
   (= 244317 clock ticks)
Increase the size of the arrays if this shows that
you are not getting at least 20 clock ticks per test.
-------------------------------------------------------------
WARNING -- The above is only a rough guideline.
For best results, please be sure you know the
precision of your system timer.
-------------------------------------------------------------
Function    Best Rate MB/s  Avg time     Min time     Max time
Copy:            5631.6     0.381696     0.381327     0.382140
Scale:           5608.5     0.383163     0.382895     0.383479
Add:             6144.9     0.525359     0.524210     0.526744
Triad:           6127.5     0.526836     0.525703     0.528322
-------------------------------------------------------------
Solution Validates: avg error less than 1.000000e-13 on all three arrays
-------------------------------------------------------------
-------------------------------------------------------------
STREAM version $Revision: 5.10 $
-------------------------------------------------------------
This system uses 8 bytes per array element.
-------------------------------------------------------------
Array size = 134217728 (elements), Offset = 0 (elements)
Memory per array = 1024.0 MiB (= 1.0 GiB).
Total memory required = 3072.0 MiB (= 3.0 GiB).
Each kernel will be executed 10 times.
 The *best* time for each kernel (excluding the first iteration)
 will be used to compute the reported bandwidth.
-------------------------------------------------------------
Your clock granularity/precision appears to be 1 microseconds.
Each test below will take on the order of 244535 microseconds.
   (= 244535 clock ticks)
Increase the size of the arrays if this shows that
you are not getting at least 20 clock ticks per test.
-------------------------------------------------------------
WARNING -- The above is only a rough guideline.
For best results, please be sure you know the
precision of your system timer.
-------------------------------------------------------------
Function    Best Rate MB/s  Avg time     Min time     Max time
Copy:            5631.7     0.381674     0.381320     0.382055
Scale:           5610.8     0.383131     0.382743     0.383663
Add:             6146.4     0.525278     0.524084     0.526791
Triad:           6124.9     0.526958     0.525926     0.528497
-------------------------------------------------------------
Solution Validates: avg error less than 1.000000e-13 on all three arrays
-------------------------------------------------------------
2
sched_getaffinity = 1 1 1 1 1 1 1 1 1 1 1 1 1 1 1 1 1 1 1 1 1 1 1 1 1 1 1 1 1 1 1 1 1 1 1 1 1 1 1 1 1 1 1 1 1 1 1 1 1 1 1 1 1 1 1 1 1 1 1 1 1 1 1 1 
sched_getcpu = 39
** RAPL-logger - Process terminated, computing results
Recorded wall time (s):  20.0930
Domain intel-rapl:0 (package-1) energy consumption (j): 663.4916
Domain intel-rapl:0 (package-1) avg. power consumption (W):  33.0210
Domain intel-rapl:0/intel-rapl:0:0 (dram) energy consumption (j):  31.0066
Domain intel-rapl:0/intel-rapl:0:0 (dram) avg. power consumption (W):   1.5432
Domain intel-rapl:1 (package-0) energy consumption (j): 946.4043
Domain intel-rapl:1 (package-0) avg. power consumption (W):  47.1012
Domain intel-rapl:1/intel-rapl:1:0 (dram) energy consumption (j):  67.9498
Domain intel-rapl:1/intel-rapl:1:0 (dram) avg. power consumption (W):   3.3818
