** RAPL-logger - 2 packages - Sampling freq.  10.0 Hz - Logfiles 0-3: /tmp/rapllog+1594025789
** RAPL-logger - Profiling: ../allocator 3 ../stream.bin 17 ../stream.bin
-------------------------------------------------------------
STREAM version $Revision: 5.10 $
-------------------------------------------------------------
This system uses 8 bytes per array element.
-------------------------------------------------------------
Array size = 134217728 (elements), Offset = 0 (elements)
Memory per array = 1024.0 MiB (= 1.0 GiB).
Total memory required = 3072.0 MiB (= 3.0 GiB).
Each kernel will be executed 10 times.
 The *best* time for each kernel (excluding the first iteration)
 will be used to compute the reported bandwidth.
-------------------------------------------------------------
Your clock granularity/precision appears to be 1 microseconds.
Each test below will take on the order of 245877 microseconds.
   (= 245877 clock ticks)
Increase the size of the arrays if this shows that
you are not getting at least 20 clock ticks per test.
-------------------------------------------------------------
WARNING -- The above is only a rough guideline.
For best results, please be sure you know the
precision of your system timer.
-------------------------------------------------------------
Function    Best Rate MB/s  Avg time     Min time     Max time
Copy:            5637.7     0.381071     0.380915     0.381341
Scale:           5615.1     0.382586     0.382446     0.382914
Add:             6116.3     0.527412     0.526659     0.528291
Triad:           6093.9     0.528829     0.528598     0.529077
-------------------------------------------------------------
Solution Validates: avg error less than 1.000000e-13 on all three arrays
-------------------------------------------------------------
-------------------------------------------------------------
STREAM version $Revision: 5.10 $
-------------------------------------------------------------
This system uses 8 bytes per array element.
-------------------------------------------------------------
Array size = 134217728 (elements), Offset = 0 (elements)
Memory per array = 1024.0 MiB (= 1.0 GiB).
Total memory required = 3072.0 MiB (= 3.0 GiB).
Each kernel will be executed 10 times.
 The *best* time for each kernel (excluding the first iteration)
 will be used to compute the reported bandwidth.
-------------------------------------------------------------
Your clock granularity/precision appears to be 1 microseconds.
Each test below will take on the order of 246930 microseconds.
   (= 246930 clock ticks)
Increase the size of the arrays if this shows that
you are not getting at least 20 clock ticks per test.
-------------------------------------------------------------
WARNING -- The above is only a rough guideline.
For best results, please be sure you know the
precision of your system timer.
-------------------------------------------------------------
Function    Best Rate MB/s  Avg time     Min time     Max time
Copy:            5641.9     0.380853     0.380633     0.380963
Scale:           5615.0     0.382715     0.382456     0.383161
Add:             6118.1     0.527320     0.526504     0.528284
Triad:           6095.2     0.528969     0.528486     0.529316
-------------------------------------------------------------
Solution Validates: avg error less than 1.000000e-13 on all three arrays
-------------------------------------------------------------
2
sched_getaffinity = 1 1 1 1 1 1 1 1 1 1 1 1 1 1 1 1 1 1 1 1 1 1 1 1 1 1 1 1 1 1 1 1 1 1 1 1 1 1 1 1 1 1 1 1 1 1 1 1 1 1 1 1 1 1 1 1 1 1 1 1 1 1 1 1 
sched_getcpu = 38
** RAPL-logger - Process terminated, computing results
Recorded wall time (s):  20.1350
Domain intel-rapl:0 (package-1) energy consumption (j): 808.7451
Domain intel-rapl:0 (package-1) avg. power consumption (W):  40.1661
Domain intel-rapl:0/intel-rapl:0:0 (dram) energy consumption (j):  66.6382
Domain intel-rapl:0/intel-rapl:0:0 (dram) avg. power consumption (W):   3.3096
Domain intel-rapl:1 (package-0) energy consumption (j): 795.8507
Domain intel-rapl:1 (package-0) avg. power consumption (W):  39.5257
Domain intel-rapl:1/intel-rapl:1:0 (dram) energy consumption (j):  32.1824
Domain intel-rapl:1/intel-rapl:1:0 (dram) avg. power consumption (W):   1.5983
