** RAPL-logger - 2 packages - Sampling freq.  10.0 Hz - Logfiles 0-3: /tmp/rapllog+1594026728
** RAPL-logger - Profiling: ../allocator 21 ../stream.bin 53 ../stream.bin
-------------------------------------------------------------
STREAM version $Revision: 5.10 $
-------------------------------------------------------------
This system uses 8 bytes per array element.
-------------------------------------------------------------
Array size = 134217728 (elements), Offset = 0 (elements)
Memory per array = 1024.0 MiB (= 1.0 GiB).
Total memory required = 3072.0 MiB (= 3.0 GiB).
Each kernel will be executed 10 times.
 The *best* time for each kernel (excluding the first iteration)
 will be used to compute the reported bandwidth.
-------------------------------------------------------------
Your clock granularity/precision appears to be 1 microseconds.
Each test below will take on the order of 278071 microseconds.
   (= 278071 clock ticks)
Increase the size of the arrays if this shows that
you are not getting at least 20 clock ticks per test.
-------------------------------------------------------------
WARNING -- The above is only a rough guideline.
For best results, please be sure you know the
precision of your system timer.
-------------------------------------------------------------
Function    Best Rate MB/s  Avg time     Min time     Max time
Copy:            4632.1     0.464296     0.463614     0.464907
Scale:           4629.5     0.465122     0.463873     0.465802
Add:             4699.6     0.686948     0.685419     0.687926
Triad:           4698.2     0.686618     0.685634     0.687917
-------------------------------------------------------------
Solution Validates: avg error less than 1.000000e-13 on all three arrays
-------------------------------------------------------------
-------------------------------------------------------------
STREAM version $Revision: 5.10 $
-------------------------------------------------------------
This system uses 8 bytes per array element.
-------------------------------------------------------------
Array size = 134217728 (elements), Offset = 0 (elements)
Memory per array = 1024.0 MiB (= 1.0 GiB).
Total memory required = 3072.0 MiB (= 3.0 GiB).
Each kernel will be executed 10 times.
 The *best* time for each kernel (excluding the first iteration)
 will be used to compute the reported bandwidth.
-------------------------------------------------------------
Your clock granularity/precision appears to be 1 microseconds.
Each test below will take on the order of 278908 microseconds.
   (= 278908 clock ticks)
Increase the size of the arrays if this shows that
you are not getting at least 20 clock ticks per test.
-------------------------------------------------------------
WARNING -- The above is only a rough guideline.
For best results, please be sure you know the
precision of your system timer.
-------------------------------------------------------------
Function    Best Rate MB/s  Avg time     Min time     Max time
Copy:            4631.5     0.464474     0.463671     0.465156
Scale:           4624.9     0.465483     0.464328     0.466283
Add:             4705.9     0.686284     0.684510     0.688028
Triad:           4702.7     0.686563     0.684978     0.688149
-------------------------------------------------------------
Solution Validates: avg error less than 1.000000e-13 on all three arrays
-------------------------------------------------------------
2
sched_getaffinity = 1 1 1 1 1 1 1 1 1 1 1 1 1 1 1 1 1 1 1 1 1 1 1 1 1 1 1 1 1 1 1 1 1 1 1 1 1 1 1 1 1 1 1 1 1 1 1 1 1 1 1 1 1 1 1 1 1 1 1 1 1 1 1 1 
sched_getcpu = 38
** RAPL-logger - Process terminated, computing results
Recorded wall time (s):  25.7580
Domain intel-rapl:0 (package-1) energy consumption (j): 977.9902
Domain intel-rapl:0 (package-1) avg. power consumption (W):  37.9684
Domain intel-rapl:0/intel-rapl:0:0 (dram) energy consumption (j):  78.0662
Domain intel-rapl:0/intel-rapl:0:0 (dram) avg. power consumption (W):   3.0308
Domain intel-rapl:1 (package-0) energy consumption (j): 1009.2579
Domain intel-rapl:1 (package-0) avg. power consumption (W):  39.1823
Domain intel-rapl:1/intel-rapl:1:0 (dram) energy consumption (j):  41.1765
Domain intel-rapl:1/intel-rapl:1:0 (dram) avg. power consumption (W):   1.5986
