** RAPL-logger - 2 packages - Sampling freq.  10.0 Hz - Logfiles 0-3: /tmp/rapllog+1594025812
** RAPL-logger - Profiling: ../allocator 17 ../stream.bin 21 ../stream.bin
-------------------------------------------------------------
STREAM version $Revision: 5.10 $
-------------------------------------------------------------
This system uses 8 bytes per array element.
-------------------------------------------------------------
Array size = 134217728 (elements), Offset = 0 (elements)
Memory per array = 1024.0 MiB (= 1.0 GiB).
Total memory required = 3072.0 MiB (= 3.0 GiB).
Each kernel will be executed 10 times.
 The *best* time for each kernel (excluding the first iteration)
 will be used to compute the reported bandwidth.
-------------------------------------------------------------
Your clock granularity/precision appears to be 1 microseconds.
Each test below will take on the order of 245476 microseconds.
   (= 245476 clock ticks)
Increase the size of the arrays if this shows that
you are not getting at least 20 clock ticks per test.
-------------------------------------------------------------
WARNING -- The above is only a rough guideline.
For best results, please be sure you know the
precision of your system timer.
-------------------------------------------------------------
Function    Best Rate MB/s  Avg time     Min time     Max time
Copy:            5625.7     0.382130     0.381727     0.382697
Scale:           5606.6     0.383587     0.383029     0.384339
Add:             6139.1     0.525592     0.524710     0.526275
Triad:           6129.4     0.526581     0.525534     0.527262
-------------------------------------------------------------
Solution Validates: avg error less than 1.000000e-13 on all three arrays
-------------------------------------------------------------
-------------------------------------------------------------
STREAM version $Revision: 5.10 $
-------------------------------------------------------------
This system uses 8 bytes per array element.
-------------------------------------------------------------
Array size = 134217728 (elements), Offset = 0 (elements)
Memory per array = 1024.0 MiB (= 1.0 GiB).
Total memory required = 3072.0 MiB (= 3.0 GiB).
Each kernel will be executed 10 times.
 The *best* time for each kernel (excluding the first iteration)
 will be used to compute the reported bandwidth.
-------------------------------------------------------------
Your clock granularity/precision appears to be 1 microseconds.
Each test below will take on the order of 245615 microseconds.
   (= 245615 clock ticks)
Increase the size of the arrays if this shows that
you are not getting at least 20 clock ticks per test.
-------------------------------------------------------------
WARNING -- The above is only a rough guideline.
For best results, please be sure you know the
precision of your system timer.
-------------------------------------------------------------
Function    Best Rate MB/s  Avg time     Min time     Max time
Copy:            5626.4     0.381999     0.381680     0.382699
Scale:           5605.9     0.383698     0.383075     0.384532
Add:             6140.7     0.525424     0.524567     0.525971
Triad:           6125.8     0.526741     0.525846     0.527377
-------------------------------------------------------------
Solution Validates: avg error less than 1.000000e-13 on all three arrays
-------------------------------------------------------------
2
sched_getaffinity = 1 1 1 1 1 1 1 1 1 1 1 1 1 1 1 1 1 1 1 1 1 1 1 1 1 1 1 1 1 1 1 1 1 1 1 1 1 1 1 1 1 1 1 1 1 1 1 1 1 1 1 1 1 1 1 1 1 1 1 1 1 1 1 1 
sched_getcpu = 39
** RAPL-logger - Process terminated, computing results
Recorded wall time (s):  20.0990
Domain intel-rapl:0 (package-1) energy consumption (j): 802.4399
Domain intel-rapl:0 (package-1) avg. power consumption (W):  39.9244
Domain intel-rapl:0/intel-rapl:0:0 (dram) energy consumption (j):  66.3331
Domain intel-rapl:0/intel-rapl:0:0 (dram) avg. power consumption (W):   3.3003
Domain intel-rapl:1 (package-0) energy consumption (j): 788.4082
Domain intel-rapl:1 (package-0) avg. power consumption (W):  39.2262
Domain intel-rapl:1/intel-rapl:1:0 (dram) energy consumption (j):  32.0113
Domain intel-rapl:1/intel-rapl:1:0 (dram) avg. power consumption (W):   1.5927
