** RAPL-logger - 2 packages - Sampling freq.  10.0 Hz - Logfiles 0-3: /tmp/rapllog+1594026227
** RAPL-logger - Profiling: ../allocator 2 ../stream.bin 34 ../stream.bin
-------------------------------------------------------------
STREAM version $Revision: 5.10 $
-------------------------------------------------------------
This system uses 8 bytes per array element.
-------------------------------------------------------------
Array size = 134217728 (elements), Offset = 0 (elements)
Memory per array = 1024.0 MiB (= 1.0 GiB).
Total memory required = 3072.0 MiB (= 3.0 GiB).
Each kernel will be executed 10 times.
 The *best* time for each kernel (excluding the first iteration)
 will be used to compute the reported bandwidth.
-------------------------------------------------------------
Your clock granularity/precision appears to be 1 microseconds.
Each test below will take on the order of 278368 microseconds.
   (= 278368 clock ticks)
Increase the size of the arrays if this shows that
you are not getting at least 20 clock ticks per test.
-------------------------------------------------------------
WARNING -- The above is only a rough guideline.
For best results, please be sure you know the
precision of your system timer.
-------------------------------------------------------------
Function    Best Rate MB/s  Avg time     Min time     Max time
Copy:            4632.1     0.465829     0.463610     0.467699
Scale:           4614.7     0.466531     0.465361     0.468559
Add:             4680.2     0.689532     0.688273     0.691085
Triad:           4684.4     0.688886     0.687656     0.690073
-------------------------------------------------------------
Solution Validates: avg error less than 1.000000e-13 on all three arrays
-------------------------------------------------------------
-------------------------------------------------------------
STREAM version $Revision: 5.10 $
-------------------------------------------------------------
This system uses 8 bytes per array element.
-------------------------------------------------------------
Array size = 134217728 (elements), Offset = 0 (elements)
Memory per array = 1024.0 MiB (= 1.0 GiB).
Total memory required = 3072.0 MiB (= 3.0 GiB).
Each kernel will be executed 10 times.
 The *best* time for each kernel (excluding the first iteration)
 will be used to compute the reported bandwidth.
-------------------------------------------------------------
Your clock granularity/precision appears to be 1 microseconds.
Each test below will take on the order of 279358 microseconds.
   (= 279358 clock ticks)
Increase the size of the arrays if this shows that
you are not getting at least 20 clock ticks per test.
-------------------------------------------------------------
WARNING -- The above is only a rough guideline.
For best results, please be sure you know the
precision of your system timer.
-------------------------------------------------------------
Function    Best Rate MB/s  Avg time     Min time     Max time
Copy:            4634.7     0.465758     0.463354     0.467322
Scale:           4610.3     0.466875     0.465801     0.468824
Add:             4679.3     0.689326     0.688392     0.691155
Triad:           4685.4     0.688810     0.687498     0.689823
-------------------------------------------------------------
Solution Validates: avg error less than 1.000000e-13 on all three arrays
-------------------------------------------------------------
2
sched_getaffinity = 1 1 1 1 1 1 1 1 1 1 1 1 1 1 1 1 1 1 1 1 1 1 1 1 1 1 1 1 1 1 1 1 1 1 1 1 1 1 1 1 1 1 1 1 1 1 1 1 1 1 1 1 1 1 1 1 1 1 1 1 1 1 1 1 
sched_getcpu = 38
** RAPL-logger - Process terminated, computing results
Recorded wall time (s):  25.8400
Domain intel-rapl:0 (package-1) energy consumption (j): 852.3046
Domain intel-rapl:0 (package-1) avg. power consumption (W):  32.9839
Domain intel-rapl:0/intel-rapl:0:0 (dram) energy consumption (j):  39.9346
Domain intel-rapl:0/intel-rapl:0:0 (dram) avg. power consumption (W):   1.5455
Domain intel-rapl:1 (package-0) energy consumption (j): 1165.1163
Domain intel-rapl:1 (package-0) avg. power consumption (W):  45.0896
Domain intel-rapl:1/intel-rapl:1:0 (dram) energy consumption (j):  83.0447
Domain intel-rapl:1/intel-rapl:1:0 (dram) avg. power consumption (W):   3.2138
