** RAPL-logger - 2 packages - Sampling freq.  10.0 Hz - Logfiles 0-3: /tmp/rapllog+1594808097
** RAPL-logger - Profiling: ../allocator 8 ../stream.bin 9 ../stream.bin
-------------------------------------------------------------
STREAM version $Revision: 5.10 $
-------------------------------------------------------------
This system uses 8 bytes per array element.
-------------------------------------------------------------
Array size = 134217728 (elements), Offset = 0 (elements)
Memory per array = 1024.0 MiB (= 1.0 GiB).
Total memory required = 3072.0 MiB (= 3.0 GiB).
Each kernel will be executed 10 times.
 The *best* time for each kernel (excluding the first iteration)
 will be used to compute the reported bandwidth.
-------------------------------------------------------------
Your clock granularity/precision appears to be 1 microseconds.
Each test below will take on the order of 147364 microseconds.
   (= 147364 clock ticks)
Increase the size of the arrays if this shows that
you are not getting at least 20 clock ticks per test.
-------------------------------------------------------------
WARNING -- The above is only a rough guideline.
For best results, please be sure you know the
precision of your system timer.
-------------------------------------------------------------
Function    Best Rate MB/s  Avg time     Min time     Max time
Copy:            8923.4     0.241080     0.240658     0.241432
Scale:           8818.7     0.243709     0.243516     0.244544
Add:             9220.4     0.350002     0.349357     0.351197
Triad:           9150.4     0.352514     0.352032     0.352981
-------------------------------------------------------------
Solution Validates: avg error less than 1.000000e-13 on all three arrays
-------------------------------------------------------------
-------------------------------------------------------------
STREAM version $Revision: 5.10 $
-------------------------------------------------------------
This system uses 8 bytes per array element.
-------------------------------------------------------------
Array size = 134217728 (elements), Offset = 0 (elements)
Memory per array = 1024.0 MiB (= 1.0 GiB).
Total memory required = 3072.0 MiB (= 3.0 GiB).
Each kernel will be executed 10 times.
 The *best* time for each kernel (excluding the first iteration)
 will be used to compute the reported bandwidth.
-------------------------------------------------------------
Your clock granularity/precision appears to be 1 microseconds.
Each test below will take on the order of 147186 microseconds.
   (= 147186 clock ticks)
Increase the size of the arrays if this shows that
you are not getting at least 20 clock ticks per test.
-------------------------------------------------------------
WARNING -- The above is only a rough guideline.
For best results, please be sure you know the
precision of your system timer.
-------------------------------------------------------------
Function    Best Rate MB/s  Avg time     Min time     Max time
Copy:            8907.2     0.241430     0.241094     0.242133
Scale:           8808.6     0.244156     0.243795     0.245126
Add:             9189.1     0.351202     0.350547     0.352682
Triad:           9128.5     0.353498     0.352874     0.354272
-------------------------------------------------------------
Solution Validates: avg error less than 1.000000e-13 on all three arrays
-------------------------------------------------------------
2
sched_getaffinity = 1 1 1 1 1 1 1 1 1 1 1 1 1 1 1 1 1 1 1 1 1 1 1 1 1 1 1 1 1 1 1 1 1 1 1 1 1 1 1 1 1 1 1 1 1 1 1 1 1 1 1 1 1 1 1 1 1 1 1 1 1 1 1 1 
sched_getcpu = 39
** RAPL-logger - Process terminated, computing results
Recorded wall time (s):  13.6690
Domain intel-rapl:0 (package-1) energy consumption (j): 516.8339
Domain intel-rapl:0 (package-1) avg. power consumption (W):  37.8107
Domain intel-rapl:0/intel-rapl:0:0 (dram) energy consumption (j):  39.1293
Domain intel-rapl:0/intel-rapl:0:0 (dram) avg. power consumption (W):   2.8626
Domain intel-rapl:1 (package-0) energy consumption (j): 603.2511
Domain intel-rapl:1 (package-0) avg. power consumption (W):  44.1328
Domain intel-rapl:1/intel-rapl:1:0 (dram) energy consumption (j):  41.4947
Domain intel-rapl:1/intel-rapl:1:0 (dram) avg. power consumption (W):   3.0357
