** RAPL-logger - 2 packages - Sampling freq.  10.0 Hz - Logfiles 0-3: /tmp/rapllog+1594808175
** RAPL-logger - Profiling: ../allocator 2 ../stream.bin 3 ../stream.bin
-------------------------------------------------------------
STREAM version $Revision: 5.10 $
-------------------------------------------------------------
This system uses 8 bytes per array element.
-------------------------------------------------------------
Array size = 134217728 (elements), Offset = 0 (elements)
Memory per array = 1024.0 MiB (= 1.0 GiB).
Total memory required = 3072.0 MiB (= 3.0 GiB).
Each kernel will be executed 10 times.
 The *best* time for each kernel (excluding the first iteration)
 will be used to compute the reported bandwidth.
-------------------------------------------------------------
Your clock granularity/precision appears to be 1 microseconds.
Each test below will take on the order of 144855 microseconds.
   (= 144855 clock ticks)
Increase the size of the arrays if this shows that
you are not getting at least 20 clock ticks per test.
-------------------------------------------------------------
WARNING -- The above is only a rough guideline.
For best results, please be sure you know the
precision of your system timer.
-------------------------------------------------------------
Function    Best Rate MB/s  Avg time     Min time     Max time
Copy:            8898.1     0.242499     0.241342     0.243996
Scale:           8817.4     0.244855     0.243552     0.246272
Add:             9201.8     0.352073     0.350063     0.358411
Triad:           9128.2     0.355748     0.352887     0.368513
-------------------------------------------------------------
Solution Validates: avg error less than 1.000000e-13 on all three arrays
-------------------------------------------------------------
-------------------------------------------------------------
STREAM version $Revision: 5.10 $
-------------------------------------------------------------
This system uses 8 bytes per array element.
-------------------------------------------------------------
Array size = 134217728 (elements), Offset = 0 (elements)
Memory per array = 1024.0 MiB (= 1.0 GiB).
Total memory required = 3072.0 MiB (= 3.0 GiB).
Each kernel will be executed 10 times.
 The *best* time for each kernel (excluding the first iteration)
 will be used to compute the reported bandwidth.
-------------------------------------------------------------
Your clock granularity/precision appears to be 1 microseconds.
Each test below will take on the order of 147729 microseconds.
   (= 147729 clock ticks)
Increase the size of the arrays if this shows that
you are not getting at least 20 clock ticks per test.
-------------------------------------------------------------
WARNING -- The above is only a rough guideline.
For best results, please be sure you know the
precision of your system timer.
-------------------------------------------------------------
Function    Best Rate MB/s  Avg time     Min time     Max time
Copy:            8882.4     0.244047     0.241769     0.247173
Scale:           8796.0     0.245740     0.244143     0.247749
Add:             9170.4     0.353435     0.351265     0.359765
Triad:           9122.0     0.358050     0.353126     0.381292
-------------------------------------------------------------
Solution Validates: avg error less than 1.000000e-13 on all three arrays
-------------------------------------------------------------
2
sched_getaffinity = 1 1 1 1 1 1 1 1 1 1 1 1 1 1 1 1 1 1 1 1 1 1 1 1 1 1 1 1 1 1 1 1 1 1 1 1 1 1 1 1 1 1 1 1 1 1 1 1 1 1 1 1 1 1 1 1 1 1 1 1 1 1 1 1 
sched_getcpu = 44
** RAPL-logger - Process terminated, computing results
Recorded wall time (s):  13.7690
Domain intel-rapl:0 (package-1) energy consumption (j): 538.7086
Domain intel-rapl:0 (package-1) avg. power consumption (W):  39.1247
Domain intel-rapl:0/intel-rapl:0:0 (dram) energy consumption (j):  39.4690
Domain intel-rapl:0/intel-rapl:0:0 (dram) avg. power consumption (W):   2.8665
Domain intel-rapl:1 (package-0) energy consumption (j): 643.6387
Domain intel-rapl:1 (package-0) avg. power consumption (W):  46.7455
Domain intel-rapl:1/intel-rapl:1:0 (dram) energy consumption (j):  41.8541
Domain intel-rapl:1/intel-rapl:1:0 (dram) avg. power consumption (W):   3.0397
