** RAPL-logger - 2 packages - Sampling freq.  10.0 Hz - Logfiles 0-3: /tmp/rapllog+1594026783
** RAPL-logger - Profiling: ../allocator 29 ../stream.bin 61 ../stream.bin
-------------------------------------------------------------
STREAM version $Revision: 5.10 $
-------------------------------------------------------------
This system uses 8 bytes per array element.
-------------------------------------------------------------
Array size = 134217728 (elements), Offset = 0 (elements)
Memory per array = 1024.0 MiB (= 1.0 GiB).
Total memory required = 3072.0 MiB (= 3.0 GiB).
Each kernel will be executed 10 times.
 The *best* time for each kernel (excluding the first iteration)
 will be used to compute the reported bandwidth.
-------------------------------------------------------------
Your clock granularity/precision appears to be 1 microseconds.
Each test below will take on the order of 278331 microseconds.
   (= 278331 clock ticks)
Increase the size of the arrays if this shows that
you are not getting at least 20 clock ticks per test.
-------------------------------------------------------------
WARNING -- The above is only a rough guideline.
For best results, please be sure you know the
precision of your system timer.
-------------------------------------------------------------
Function    Best Rate MB/s  Avg time     Min time     Max time
Copy:            4638.9     0.463646     0.462934     0.464796
Scale:           4631.1     0.464458     0.463709     0.465525
Add:             4704.9     0.685898     0.684646     0.686809
Triad:           4706.7     0.685844     0.684391     0.687354
-------------------------------------------------------------
Solution Validates: avg error less than 1.000000e-13 on all three arrays
-------------------------------------------------------------
-------------------------------------------------------------
STREAM version $Revision: 5.10 $
-------------------------------------------------------------
This system uses 8 bytes per array element.
-------------------------------------------------------------
Array size = 134217728 (elements), Offset = 0 (elements)
Memory per array = 1024.0 MiB (= 1.0 GiB).
Total memory required = 3072.0 MiB (= 3.0 GiB).
Each kernel will be executed 10 times.
 The *best* time for each kernel (excluding the first iteration)
 will be used to compute the reported bandwidth.
-------------------------------------------------------------
Your clock granularity/precision appears to be 1 microseconds.
Each test below will take on the order of 279304 microseconds.
   (= 279304 clock ticks)
Increase the size of the arrays if this shows that
you are not getting at least 20 clock ticks per test.
-------------------------------------------------------------
WARNING -- The above is only a rough guideline.
For best results, please be sure you know the
precision of your system timer.
-------------------------------------------------------------
Function    Best Rate MB/s  Avg time     Min time     Max time
Copy:            4642.3     0.463834     0.462593     0.464797
Scale:           4627.7     0.464894     0.464054     0.465935
Add:             4709.2     0.685285     0.684027     0.685925
Triad:           4706.0     0.685788     0.684493     0.687288
-------------------------------------------------------------
Solution Validates: avg error less than 1.000000e-13 on all three arrays
-------------------------------------------------------------
2
sched_getaffinity = 1 1 1 1 1 1 1 1 1 1 1 1 1 1 1 1 1 1 1 1 1 1 1 1 1 1 1 1 1 1 1 1 1 1 1 1 1 1 1 1 1 1 1 1 1 1 1 1 1 1 1 1 1 1 1 1 1 1 1 1 1 1 1 1 
sched_getcpu = 38
** RAPL-logger - Process terminated, computing results
Recorded wall time (s):  25.7230
Domain intel-rapl:0 (package-1) energy consumption (j): 984.2940
Domain intel-rapl:0 (package-1) avg. power consumption (W):  38.2651
Domain intel-rapl:0/intel-rapl:0:0 (dram) energy consumption (j):  78.1411
Domain intel-rapl:0/intel-rapl:0:0 (dram) avg. power consumption (W):   3.0378
Domain intel-rapl:1 (package-0) energy consumption (j): 1007.8456
Domain intel-rapl:1 (package-0) avg. power consumption (W):  39.1807
Domain intel-rapl:1/intel-rapl:1:0 (dram) energy consumption (j):  42.0348
Domain intel-rapl:1/intel-rapl:1:0 (dram) avg. power consumption (W):   1.6341
