** RAPL-logger - 2 packages - Sampling freq.  10.0 Hz - Logfiles 0-3: /tmp/rapllog+1594026533
** RAPL-logger - Profiling: ../allocator 9 ../stream.bin 41 ../stream.bin
-------------------------------------------------------------
STREAM version $Revision: 5.10 $
-------------------------------------------------------------
This system uses 8 bytes per array element.
-------------------------------------------------------------
Array size = 134217728 (elements), Offset = 0 (elements)
Memory per array = 1024.0 MiB (= 1.0 GiB).
Total memory required = 3072.0 MiB (= 3.0 GiB).
Each kernel will be executed 10 times.
 The *best* time for each kernel (excluding the first iteration)
 will be used to compute the reported bandwidth.
-------------------------------------------------------------
Your clock granularity/precision appears to be 1 microseconds.
Each test below will take on the order of 280091 microseconds.
   (= 280091 clock ticks)
Increase the size of the arrays if this shows that
you are not getting at least 20 clock ticks per test.
-------------------------------------------------------------
WARNING -- The above is only a rough guideline.
For best results, please be sure you know the
precision of your system timer.
-------------------------------------------------------------
Function    Best Rate MB/s  Avg time     Min time     Max time
Copy:            4625.6     0.465285     0.464257     0.466760
Scale:           4611.5     0.466317     0.465681     0.467289
Add:             4681.4     0.689122     0.688097     0.690345
Triad:           4685.6     0.688940     0.687475     0.690694
-------------------------------------------------------------
Solution Validates: avg error less than 1.000000e-13 on all three arrays
-------------------------------------------------------------
-------------------------------------------------------------
STREAM version $Revision: 5.10 $
-------------------------------------------------------------
This system uses 8 bytes per array element.
-------------------------------------------------------------
Array size = 134217728 (elements), Offset = 0 (elements)
Memory per array = 1024.0 MiB (= 1.0 GiB).
Total memory required = 3072.0 MiB (= 3.0 GiB).
Each kernel will be executed 10 times.
 The *best* time for each kernel (excluding the first iteration)
 will be used to compute the reported bandwidth.
-------------------------------------------------------------
Your clock granularity/precision appears to be 1 microseconds.
Each test below will take on the order of 280965 microseconds.
   (= 280965 clock ticks)
Increase the size of the arrays if this shows that
you are not getting at least 20 clock ticks per test.
-------------------------------------------------------------
WARNING -- The above is only a rough guideline.
For best results, please be sure you know the
precision of your system timer.
-------------------------------------------------------------
Function    Best Rate MB/s  Avg time     Min time     Max time
Copy:            4625.9     0.465202     0.464229     0.466437
Scale:           4613.3     0.466444     0.465502     0.467057
Add:             4682.4     0.689114     0.687940     0.691204
Triad:           4685.9     0.688950     0.687431     0.690813
-------------------------------------------------------------
Solution Validates: avg error less than 1.000000e-13 on all three arrays
-------------------------------------------------------------
2
sched_getaffinity = 1 1 1 1 1 1 1 1 1 1 1 1 1 1 1 1 1 1 1 1 1 1 1 1 1 1 1 1 1 1 1 1 1 1 1 1 1 1 1 1 1 1 1 1 1 1 1 1 1 1 1 1 1 1 1 1 1 1 1 1 1 1 1 1 
sched_getcpu = 38
** RAPL-logger - Process terminated, computing results
Recorded wall time (s):  25.8270
Domain intel-rapl:0 (package-1) energy consumption (j): 984.7925
Domain intel-rapl:0 (package-1) avg. power consumption (W):  38.1303
Domain intel-rapl:0/intel-rapl:0:0 (dram) energy consumption (j):  78.9079
Domain intel-rapl:0/intel-rapl:0:0 (dram) avg. power consumption (W):   3.0552
Domain intel-rapl:1 (package-0) energy consumption (j): 1015.4077
Domain intel-rapl:1 (package-0) avg. power consumption (W):  39.3157
Domain intel-rapl:1/intel-rapl:1:0 (dram) energy consumption (j):  41.9118
Domain intel-rapl:1/intel-rapl:1:0 (dram) avg. power consumption (W):   1.6228
