** RAPL-logger - 2 packages - Sampling freq.  10.0 Hz - Logfiles 0-3: /tmp/rapllog+1594808285
** RAPL-logger - Profiling: ../allocator 22 ../stream.bin 23 ../stream.bin
-------------------------------------------------------------
STREAM version $Revision: 5.10 $
-------------------------------------------------------------
This system uses 8 bytes per array element.
-------------------------------------------------------------
Array size = 134217728 (elements), Offset = 0 (elements)
Memory per array = 1024.0 MiB (= 1.0 GiB).
Total memory required = 3072.0 MiB (= 3.0 GiB).
Each kernel will be executed 10 times.
 The *best* time for each kernel (excluding the first iteration)
 will be used to compute the reported bandwidth.
-------------------------------------------------------------
Your clock granularity/precision appears to be 1 microseconds.
Each test below will take on the order of 143100 microseconds.
   (= 143100 clock ticks)
Increase the size of the arrays if this shows that
you are not getting at least 20 clock ticks per test.
-------------------------------------------------------------
WARNING -- The above is only a rough guideline.
For best results, please be sure you know the
precision of your system timer.
-------------------------------------------------------------
Function    Best Rate MB/s  Avg time     Min time     Max time
Copy:            8912.0     0.241333     0.240966     0.241951
Scale:           8819.1     0.243824     0.243504     0.244770
Add:             9214.8     0.350335     0.349569     0.351076
Triad:           9146.0     0.352706     0.352200     0.353262
-------------------------------------------------------------
Solution Validates: avg error less than 1.000000e-13 on all three arrays
-------------------------------------------------------------
-------------------------------------------------------------
STREAM version $Revision: 5.10 $
-------------------------------------------------------------
This system uses 8 bytes per array element.
-------------------------------------------------------------
Array size = 134217728 (elements), Offset = 0 (elements)
Memory per array = 1024.0 MiB (= 1.0 GiB).
Total memory required = 3072.0 MiB (= 3.0 GiB).
Each kernel will be executed 10 times.
 The *best* time for each kernel (excluding the first iteration)
 will be used to compute the reported bandwidth.
-------------------------------------------------------------
Your clock granularity/precision appears to be 1 microseconds.
Each test below will take on the order of 143435 microseconds.
   (= 143435 clock ticks)
Increase the size of the arrays if this shows that
you are not getting at least 20 clock ticks per test.
-------------------------------------------------------------
WARNING -- The above is only a rough guideline.
For best results, please be sure you know the
precision of your system timer.
-------------------------------------------------------------
Function    Best Rate MB/s  Avg time     Min time     Max time
Copy:            8922.2     0.241189     0.240691     0.241635
Scale:           8827.0     0.243626     0.243286     0.244696
Add:             9228.9     0.349753     0.349035     0.351020
Triad:           9156.3     0.352317     0.351804     0.353133
-------------------------------------------------------------
Solution Validates: avg error less than 1.000000e-13 on all three arrays
-------------------------------------------------------------
2
sched_getaffinity = 1 1 1 1 1 1 1 1 1 1 1 1 1 1 1 1 1 1 1 1 1 1 1 1 1 1 1 1 1 1 1 1 1 1 1 1 1 1 1 1 1 1 1 1 1 1 1 1 1 1 1 1 1 1 1 1 1 1 1 1 1 1 1 1 
sched_getcpu = 39
** RAPL-logger - Process terminated, computing results
Recorded wall time (s):  13.6300
Domain intel-rapl:0 (package-1) energy consumption (j): 520.3635
Domain intel-rapl:0 (package-1) avg. power consumption (W):  38.1778
Domain intel-rapl:0/intel-rapl:0:0 (dram) energy consumption (j):  39.1492
Domain intel-rapl:0/intel-rapl:0:0 (dram) avg. power consumption (W):   2.8723
Domain intel-rapl:1 (package-0) energy consumption (j): 603.2067
Domain intel-rapl:1 (package-0) avg. power consumption (W):  44.2558
Domain intel-rapl:1/intel-rapl:1:0 (dram) energy consumption (j):  41.4483
Domain intel-rapl:1/intel-rapl:1:0 (dram) avg. power consumption (W):   3.0410
