** RAPL-logger - 2 packages - Sampling freq.  10.0 Hz - Logfiles 0-3: /tmp/rapllog+1594025567
** RAPL-logger - Profiling: ../allocator 26 ../stream.bin 22 ../stream.bin
-------------------------------------------------------------
STREAM version $Revision: 5.10 $
-------------------------------------------------------------
This system uses 8 bytes per array element.
-------------------------------------------------------------
Array size = 134217728 (elements), Offset = 0 (elements)
Memory per array = 1024.0 MiB (= 1.0 GiB).
Total memory required = 3072.0 MiB (= 3.0 GiB).
Each kernel will be executed 10 times.
 The *best* time for each kernel (excluding the first iteration)
 will be used to compute the reported bandwidth.
-------------------------------------------------------------
Your clock granularity/precision appears to be 1 microseconds.
Each test below will take on the order of 246392 microseconds.
   (= 246392 clock ticks)
Increase the size of the arrays if this shows that
you are not getting at least 20 clock ticks per test.
-------------------------------------------------------------
WARNING -- The above is only a rough guideline.
For best results, please be sure you know the
precision of your system timer.
-------------------------------------------------------------
Function    Best Rate MB/s  Avg time     Min time     Max time
Copy:            5628.9     0.383266     0.381513     0.389218
Scale:           5611.3     0.383276     0.382704     0.384548
Add:             6150.3     0.525963     0.523748     0.530976
Triad:           6124.7     0.526489     0.525936     0.527125
-------------------------------------------------------------
Solution Validates: avg error less than 1.000000e-13 on all three arrays
-------------------------------------------------------------
-------------------------------------------------------------
STREAM version $Revision: 5.10 $
-------------------------------------------------------------
This system uses 8 bytes per array element.
-------------------------------------------------------------
Array size = 134217728 (elements), Offset = 0 (elements)
Memory per array = 1024.0 MiB (= 1.0 GiB).
Total memory required = 3072.0 MiB (= 3.0 GiB).
Each kernel will be executed 10 times.
 The *best* time for each kernel (excluding the first iteration)
 will be used to compute the reported bandwidth.
-------------------------------------------------------------
Your clock granularity/precision appears to be 1 microseconds.
Each test below will take on the order of 246915 microseconds.
   (= 246915 clock ticks)
Increase the size of the arrays if this shows that
you are not getting at least 20 clock ticks per test.
-------------------------------------------------------------
WARNING -- The above is only a rough guideline.
For best results, please be sure you know the
precision of your system timer.
-------------------------------------------------------------
Function    Best Rate MB/s  Avg time     Min time     Max time
Copy:            5630.6     0.383283     0.381395     0.389569
Scale:           5613.2     0.383294     0.382579     0.384546
Add:             6151.5     0.525839     0.523648     0.531399
Triad:           6124.0     0.526669     0.526004     0.527483
-------------------------------------------------------------
Solution Validates: avg error less than 1.000000e-13 on all three arrays
-------------------------------------------------------------
2
sched_getaffinity = 1 1 1 1 1 1 1 1 1 1 1 1 1 1 1 1 1 1 1 1 1 1 1 1 1 1 1 1 1 1 1 1 1 1 1 1 1 1 1 1 1 1 1 1 1 1 1 1 1 1 1 1 1 1 1 1 1 1 1 1 1 1 1 1 
sched_getcpu = 38
** RAPL-logger - Process terminated, computing results
Recorded wall time (s):  20.1090
Domain intel-rapl:0 (package-1) energy consumption (j): 663.5030
Domain intel-rapl:0 (package-1) avg. power consumption (W):  32.9953
Domain intel-rapl:0/intel-rapl:0:0 (dram) energy consumption (j):  31.1753
Domain intel-rapl:0/intel-rapl:0:0 (dram) avg. power consumption (W):   1.5503
Domain intel-rapl:1 (package-0) energy consumption (j): 955.5287
Domain intel-rapl:1 (package-0) avg. power consumption (W):  47.5175
Domain intel-rapl:1/intel-rapl:1:0 (dram) energy consumption (j):  68.3267
Domain intel-rapl:1/intel-rapl:1:0 (dram) avg. power consumption (W):   3.3978
