** RAPL-logger - 2 packages - Sampling freq.  10.0 Hz - Logfiles 0-3: /tmp/rapllog+1594026171
** RAPL-logger - Profiling: ../allocator 10 ../stream.bin 42 ../stream.bin
-------------------------------------------------------------
STREAM version $Revision: 5.10 $
-------------------------------------------------------------
This system uses 8 bytes per array element.
-------------------------------------------------------------
Array size = 134217728 (elements), Offset = 0 (elements)
Memory per array = 1024.0 MiB (= 1.0 GiB).
Total memory required = 3072.0 MiB (= 3.0 GiB).
Each kernel will be executed 10 times.
 The *best* time for each kernel (excluding the first iteration)
 will be used to compute the reported bandwidth.
-------------------------------------------------------------
Your clock granularity/precision appears to be 1 microseconds.
Each test below will take on the order of 279333 microseconds.
   (= 279333 clock ticks)
Increase the size of the arrays if this shows that
you are not getting at least 20 clock ticks per test.
-------------------------------------------------------------
WARNING -- The above is only a rough guideline.
For best results, please be sure you know the
precision of your system timer.
-------------------------------------------------------------
Function    Best Rate MB/s  Avg time     Min time     Max time
Copy:            4643.2     0.463097     0.462503     0.464232
Scale:           4631.2     0.464714     0.463701     0.466434
Add:             4707.7     0.685791     0.684253     0.687276
Triad:           4703.8     0.685817     0.684813     0.687595
-------------------------------------------------------------
Solution Validates: avg error less than 1.000000e-13 on all three arrays
-------------------------------------------------------------
-------------------------------------------------------------
STREAM version $Revision: 5.10 $
-------------------------------------------------------------
This system uses 8 bytes per array element.
-------------------------------------------------------------
Array size = 134217728 (elements), Offset = 0 (elements)
Memory per array = 1024.0 MiB (= 1.0 GiB).
Total memory required = 3072.0 MiB (= 3.0 GiB).
Each kernel will be executed 10 times.
 The *best* time for each kernel (excluding the first iteration)
 will be used to compute the reported bandwidth.
-------------------------------------------------------------
Your clock granularity/precision appears to be 1 microseconds.
Each test below will take on the order of 280267 microseconds.
   (= 280267 clock ticks)
Increase the size of the arrays if this shows that
you are not getting at least 20 clock ticks per test.
-------------------------------------------------------------
WARNING -- The above is only a rough guideline.
For best results, please be sure you know the
precision of your system timer.
-------------------------------------------------------------
Function    Best Rate MB/s  Avg time     Min time     Max time
Copy:            4641.0     0.463302     0.462719     0.464323
Scale:           4626.2     0.464926     0.464204     0.466166
Add:             4708.5     0.685754     0.684125     0.686935
Triad:           4712.8     0.685912     0.683510     0.687816
-------------------------------------------------------------
Solution Validates: avg error less than 1.000000e-13 on all three arrays
-------------------------------------------------------------
2
sched_getaffinity = 1 1 1 1 1 1 1 1 1 1 1 1 1 1 1 1 1 1 1 1 1 1 1 1 1 1 1 1 1 1 1 1 1 1 1 1 1 1 1 1 1 1 1 1 1 1 1 1 1 1 1 1 1 1 1 1 1 1 1 1 1 1 1 1 
sched_getcpu = 38
** RAPL-logger - Process terminated, computing results
Recorded wall time (s):  25.7160
Domain intel-rapl:0 (package-1) energy consumption (j): 848.8981
Domain intel-rapl:0 (package-1) avg. power consumption (W):  33.0105
Domain intel-rapl:0/intel-rapl:0:0 (dram) energy consumption (j):  39.7872
Domain intel-rapl:0/intel-rapl:0:0 (dram) avg. power consumption (W):   1.5472
Domain intel-rapl:1 (package-0) energy consumption (j): 1148.3749
Domain intel-rapl:1 (package-0) avg. power consumption (W):  44.6560
Domain intel-rapl:1/intel-rapl:1:0 (dram) energy consumption (j):  82.6208
Domain intel-rapl:1/intel-rapl:1:0 (dram) avg. power consumption (W):   3.2128
