** RAPL-logger - 2 packages - Sampling freq.  10.0 Hz - Logfiles 0-3: /tmp/rapllog+1594808112
** RAPL-logger - Profiling: ../allocator 12 ../stream.bin 13 ../stream.bin
-------------------------------------------------------------
STREAM version $Revision: 5.10 $
-------------------------------------------------------------
This system uses 8 bytes per array element.
-------------------------------------------------------------
Array size = 134217728 (elements), Offset = 0 (elements)
Memory per array = 1024.0 MiB (= 1.0 GiB).
Total memory required = 3072.0 MiB (= 3.0 GiB).
Each kernel will be executed 10 times.
 The *best* time for each kernel (excluding the first iteration)
 will be used to compute the reported bandwidth.
-------------------------------------------------------------
Your clock granularity/precision appears to be 1 microseconds.
Each test below will take on the order of 151113 microseconds.
   (= 151113 clock ticks)
Increase the size of the arrays if this shows that
you are not getting at least 20 clock ticks per test.
-------------------------------------------------------------
WARNING -- The above is only a rough guideline.
For best results, please be sure you know the
precision of your system timer.
-------------------------------------------------------------
Function    Best Rate MB/s  Avg time     Min time     Max time
Copy:            8955.2     0.240275     0.239803     0.240761
Scale:           8855.9     0.242921     0.242491     0.243723
Add:             9261.2     0.348657     0.347820     0.349573
Triad:           9196.6     0.351030     0.350263     0.351695
-------------------------------------------------------------
Solution Validates: avg error less than 1.000000e-13 on all three arrays
-------------------------------------------------------------
-------------------------------------------------------------
STREAM version $Revision: 5.10 $
-------------------------------------------------------------
This system uses 8 bytes per array element.
-------------------------------------------------------------
Array size = 134217728 (elements), Offset = 0 (elements)
Memory per array = 1024.0 MiB (= 1.0 GiB).
Total memory required = 3072.0 MiB (= 3.0 GiB).
Each kernel will be executed 10 times.
 The *best* time for each kernel (excluding the first iteration)
 will be used to compute the reported bandwidth.
-------------------------------------------------------------
Your clock granularity/precision appears to be 1 microseconds.
Each test below will take on the order of 150731 microseconds.
   (= 150731 clock ticks)
Increase the size of the arrays if this shows that
you are not getting at least 20 clock ticks per test.
-------------------------------------------------------------
WARNING -- The above is only a rough guideline.
For best results, please be sure you know the
precision of your system timer.
-------------------------------------------------------------
Function    Best Rate MB/s  Avg time     Min time     Max time
Copy:            8940.0     0.240533     0.240211     0.241007
Scale:           8843.3     0.243236     0.242837     0.243908
Add:             9248.0     0.348945     0.348315     0.349786
Triad:           9178.2     0.351457     0.350965     0.351947
-------------------------------------------------------------
Solution Validates: avg error less than 1.000000e-13 on all three arrays
-------------------------------------------------------------
2
sched_getaffinity = 1 1 1 1 1 1 1 1 1 1 1 1 1 1 1 1 1 1 1 1 1 1 1 1 1 1 1 1 1 1 1 1 1 1 1 1 1 1 1 1 1 1 1 1 1 1 1 1 1 1 1 1 1 1 1 1 1 1 1 1 1 1 1 1 
sched_getcpu = 39
** RAPL-logger - Process terminated, computing results
Recorded wall time (s):  13.5960
Domain intel-rapl:0 (package-1) energy consumption (j): 519.6892
Domain intel-rapl:0 (package-1) avg. power consumption (W):  38.2237
Domain intel-rapl:0/intel-rapl:0:0 (dram) energy consumption (j):  39.1463
Domain intel-rapl:0/intel-rapl:0:0 (dram) avg. power consumption (W):   2.8793
Domain intel-rapl:1 (package-0) energy consumption (j): 603.7069
Domain intel-rapl:1 (package-0) avg. power consumption (W):  44.4033
Domain intel-rapl:1/intel-rapl:1:0 (dram) energy consumption (j):  41.4268
Domain intel-rapl:1/intel-rapl:1:0 (dram) avg. power consumption (W):   3.0470
