** RAPL-logger - 2 packages - Sampling freq.  10.0 Hz - Logfiles 0-3: /tmp/rapllog+1594026700
** RAPL-logger - Profiling: ../allocator 17 ../stream.bin 49 ../stream.bin
-------------------------------------------------------------
STREAM version $Revision: 5.10 $
-------------------------------------------------------------
This system uses 8 bytes per array element.
-------------------------------------------------------------
Array size = 134217728 (elements), Offset = 0 (elements)
Memory per array = 1024.0 MiB (= 1.0 GiB).
Total memory required = 3072.0 MiB (= 3.0 GiB).
Each kernel will be executed 10 times.
 The *best* time for each kernel (excluding the first iteration)
 will be used to compute the reported bandwidth.
-------------------------------------------------------------
Your clock granularity/precision appears to be 1 microseconds.
Each test below will take on the order of 278511 microseconds.
   (= 278511 clock ticks)
Increase the size of the arrays if this shows that
you are not getting at least 20 clock ticks per test.
-------------------------------------------------------------
WARNING -- The above is only a rough guideline.
For best results, please be sure you know the
precision of your system timer.
-------------------------------------------------------------
Function    Best Rate MB/s  Avg time     Min time     Max time
Copy:            4644.7     0.462838     0.462351     0.463889
Scale:           4633.0     0.464485     0.463522     0.465175
Add:             4710.1     0.685010     0.683893     0.686642
Triad:           4716.5     0.685050     0.682975     0.686342
-------------------------------------------------------------
Solution Validates: avg error less than 1.000000e-13 on all three arrays
-------------------------------------------------------------
-------------------------------------------------------------
STREAM version $Revision: 5.10 $
-------------------------------------------------------------
This system uses 8 bytes per array element.
-------------------------------------------------------------
Array size = 134217728 (elements), Offset = 0 (elements)
Memory per array = 1024.0 MiB (= 1.0 GiB).
Total memory required = 3072.0 MiB (= 3.0 GiB).
Each kernel will be executed 10 times.
 The *best* time for each kernel (excluding the first iteration)
 will be used to compute the reported bandwidth.
-------------------------------------------------------------
Your clock granularity/precision appears to be 1 microseconds.
Each test below will take on the order of 279314 microseconds.
   (= 279314 clock ticks)
Increase the size of the arrays if this shows that
you are not getting at least 20 clock ticks per test.
-------------------------------------------------------------
WARNING -- The above is only a rough guideline.
For best results, please be sure you know the
precision of your system timer.
-------------------------------------------------------------
Function    Best Rate MB/s  Avg time     Min time     Max time
Copy:            4647.0     0.462880     0.462121     0.463784
Scale:           4630.4     0.464817     0.463782     0.465806
Add:             4713.6     0.684550     0.683385     0.685601
Triad:           4714.4     0.684800     0.683268     0.686082
-------------------------------------------------------------
Solution Validates: avg error less than 1.000000e-13 on all three arrays
-------------------------------------------------------------
2
sched_getaffinity = 1 1 1 1 1 1 1 1 1 1 1 1 1 1 1 1 1 1 1 1 1 1 1 1 1 1 1 1 1 1 1 1 1 1 1 1 1 1 1 1 1 1 1 1 1 1 1 1 1 1 1 1 1 1 1 1 1 1 1 1 1 1 1 1 
sched_getcpu = 39
** RAPL-logger - Process terminated, computing results
Recorded wall time (s):  25.7020
Domain intel-rapl:0 (package-1) energy consumption (j): 982.0090
Domain intel-rapl:0 (package-1) avg. power consumption (W):  38.2075
Domain intel-rapl:0/intel-rapl:0:0 (dram) energy consumption (j):  78.0300
Domain intel-rapl:0/intel-rapl:0:0 (dram) avg. power consumption (W):   3.0360
Domain intel-rapl:1 (package-0) energy consumption (j): 1010.9250
Domain intel-rapl:1 (package-0) avg. power consumption (W):  39.3325
Domain intel-rapl:1/intel-rapl:1:0 (dram) energy consumption (j):  41.2296
Domain intel-rapl:1/intel-rapl:1:0 (dram) avg. power consumption (W):   1.6041
