** RAPL-logger - 2 packages - Sampling freq.  10.0 Hz - Logfiles 0-3: /tmp/rapllog+1594026366
** RAPL-logger - Profiling: ../allocator 30 ../stream.bin 62 ../stream.bin
-------------------------------------------------------------
STREAM version $Revision: 5.10 $
-------------------------------------------------------------
This system uses 8 bytes per array element.
-------------------------------------------------------------
Array size = 134217728 (elements), Offset = 0 (elements)
Memory per array = 1024.0 MiB (= 1.0 GiB).
Total memory required = 3072.0 MiB (= 3.0 GiB).
Each kernel will be executed 10 times.
 The *best* time for each kernel (excluding the first iteration)
 will be used to compute the reported bandwidth.
-------------------------------------------------------------
Your clock granularity/precision appears to be 1 microseconds.
Each test below will take on the order of 276452 microseconds.
   (= 276452 clock ticks)
Increase the size of the arrays if this shows that
you are not getting at least 20 clock ticks per test.
-------------------------------------------------------------
WARNING -- The above is only a rough guideline.
For best results, please be sure you know the
precision of your system timer.
-------------------------------------------------------------
Function    Best Rate MB/s  Avg time     Min time     Max time
Copy:            4657.8     0.461656     0.461053     0.462274
Scale:           4644.4     0.463729     0.462382     0.465599
Add:             4723.8     0.683042     0.681918     0.685376
Triad:           4730.2     0.682632     0.680988     0.684719
-------------------------------------------------------------
Solution Validates: avg error less than 1.000000e-13 on all three arrays
-------------------------------------------------------------
-------------------------------------------------------------
STREAM version $Revision: 5.10 $
-------------------------------------------------------------
This system uses 8 bytes per array element.
-------------------------------------------------------------
Array size = 134217728 (elements), Offset = 0 (elements)
Memory per array = 1024.0 MiB (= 1.0 GiB).
Total memory required = 3072.0 MiB (= 3.0 GiB).
Each kernel will be executed 10 times.
 The *best* time for each kernel (excluding the first iteration)
 will be used to compute the reported bandwidth.
-------------------------------------------------------------
Your clock granularity/precision appears to be 1 microseconds.
Each test below will take on the order of 277322 microseconds.
   (= 277322 clock ticks)
Increase the size of the arrays if this shows that
you are not getting at least 20 clock ticks per test.
-------------------------------------------------------------
WARNING -- The above is only a rough guideline.
For best results, please be sure you know the
precision of your system timer.
-------------------------------------------------------------
Function    Best Rate MB/s  Avg time     Min time     Max time
Copy:            4655.9     0.461892     0.461243     0.462400
Scale:           4640.8     0.463653     0.462735     0.465319
Add:             4726.9     0.682897     0.681461     0.685346
Triad:           4727.1     0.682893     0.681445     0.684121
-------------------------------------------------------------
Solution Validates: avg error less than 1.000000e-13 on all three arrays
-------------------------------------------------------------
2
sched_getaffinity = 1 1 1 1 1 1 1 1 1 1 1 1 1 1 1 1 1 1 1 1 1 1 1 1 1 1 1 1 1 1 1 1 1 1 1 1 1 1 1 1 1 1 1 1 1 1 1 1 1 1 1 1 1 1 1 1 1 1 1 1 1 1 1 1 
sched_getcpu = 39
** RAPL-logger - Process terminated, computing results
Recorded wall time (s):  25.6210
Domain intel-rapl:0 (package-1) energy consumption (j): 847.3464
Domain intel-rapl:0 (package-1) avg. power consumption (W):  33.0723
Domain intel-rapl:0/intel-rapl:0:0 (dram) energy consumption (j):  39.6745
Domain intel-rapl:0/intel-rapl:0:0 (dram) avg. power consumption (W):   1.5485
Domain intel-rapl:1 (package-0) energy consumption (j): 1149.5445
Domain intel-rapl:1 (package-0) avg. power consumption (W):  44.8673
Domain intel-rapl:1/intel-rapl:1:0 (dram) energy consumption (j):  82.1126
Domain intel-rapl:1/intel-rapl:1:0 (dram) avg. power consumption (W):   3.2049
