** RAPL-logger - 2 packages - Sampling freq.  10.0 Hz - Logfiles 0-3: /tmp/rapllog+1594025345
** RAPL-logger - Profiling: ../allocator 12 ../stream.bin 14 ../stream.bin
-------------------------------------------------------------
STREAM version $Revision: 5.10 $
-------------------------------------------------------------
This system uses 8 bytes per array element.
-------------------------------------------------------------
Array size = 134217728 (elements), Offset = 0 (elements)
Memory per array = 1024.0 MiB (= 1.0 GiB).
Total memory required = 3072.0 MiB (= 3.0 GiB).
Each kernel will be executed 10 times.
 The *best* time for each kernel (excluding the first iteration)
 will be used to compute the reported bandwidth.
-------------------------------------------------------------
Your clock granularity/precision appears to be 1 microseconds.
Each test below will take on the order of 247070 microseconds.
   (= 247070 clock ticks)
Increase the size of the arrays if this shows that
you are not getting at least 20 clock ticks per test.
-------------------------------------------------------------
WARNING -- The above is only a rough guideline.
For best results, please be sure you know the
precision of your system timer.
-------------------------------------------------------------
Function    Best Rate MB/s  Avg time     Min time     Max time
Copy:            5636.6     0.381439     0.380986     0.382040
Scale:           5619.2     0.382678     0.382170     0.383179
Add:             6140.7     0.525056     0.524572     0.525674
Triad:           6118.5     0.527039     0.526477     0.528722
-------------------------------------------------------------
Solution Validates: avg error less than 1.000000e-13 on all three arrays
-------------------------------------------------------------
-------------------------------------------------------------
STREAM version $Revision: 5.10 $
-------------------------------------------------------------
This system uses 8 bytes per array element.
-------------------------------------------------------------
Array size = 134217728 (elements), Offset = 0 (elements)
Memory per array = 1024.0 MiB (= 1.0 GiB).
Total memory required = 3072.0 MiB (= 3.0 GiB).
Each kernel will be executed 10 times.
 The *best* time for each kernel (excluding the first iteration)
 will be used to compute the reported bandwidth.
-------------------------------------------------------------
Your clock granularity/precision appears to be 1 microseconds.
Each test below will take on the order of 246832 microseconds.
   (= 246832 clock ticks)
Increase the size of the arrays if this shows that
you are not getting at least 20 clock ticks per test.
-------------------------------------------------------------
WARNING -- The above is only a rough guideline.
For best results, please be sure you know the
precision of your system timer.
-------------------------------------------------------------
Function    Best Rate MB/s  Avg time     Min time     Max time
Copy:            5635.4     0.381508     0.381072     0.381986
Scale:           5618.7     0.382656     0.382200     0.383103
Add:             6140.5     0.525056     0.524587     0.525671
Triad:           6119.0     0.527001     0.526431     0.528718
-------------------------------------------------------------
Solution Validates: avg error less than 1.000000e-13 on all three arrays
-------------------------------------------------------------
2
sched_getaffinity = 1 1 1 1 1 1 1 1 1 1 1 1 1 1 1 1 1 1 1 1 1 1 1 1 1 1 1 1 1 1 1 1 1 1 1 1 1 1 1 1 1 1 1 1 1 1 1 1 1 1 1 1 1 1 1 1 1 1 1 1 1 1 1 1 
sched_getcpu = 39
** RAPL-logger - Process terminated, computing results
Recorded wall time (s):  20.0790
Domain intel-rapl:0 (package-1) energy consumption (j): 661.9859
Domain intel-rapl:0 (package-1) avg. power consumption (W):  32.9691
Domain intel-rapl:0/intel-rapl:0:0 (dram) energy consumption (j):  31.0307
Domain intel-rapl:0/intel-rapl:0:0 (dram) avg. power consumption (W):   1.5454
Domain intel-rapl:1 (package-0) energy consumption (j): 939.3156
Domain intel-rapl:1 (package-0) avg. power consumption (W):  46.7810
Domain intel-rapl:1/intel-rapl:1:0 (dram) energy consumption (j):  67.9109
Domain intel-rapl:1/intel-rapl:1:0 (dram) avg. power consumption (W):   3.3822
