** RAPL-logger - 2 packages - Sampling freq.  10.0 Hz - Logfiles 0-3: /tmp/rapllog+1594025589
** RAPL-logger - Profiling: ../allocator 22 ../stream.bin 18 ../stream.bin
-------------------------------------------------------------
STREAM version $Revision: 5.10 $
-------------------------------------------------------------
This system uses 8 bytes per array element.
-------------------------------------------------------------
Array size = 134217728 (elements), Offset = 0 (elements)
Memory per array = 1024.0 MiB (= 1.0 GiB).
Total memory required = 3072.0 MiB (= 3.0 GiB).
Each kernel will be executed 10 times.
 The *best* time for each kernel (excluding the first iteration)
 will be used to compute the reported bandwidth.
-------------------------------------------------------------
Your clock granularity/precision appears to be 1 microseconds.
Each test below will take on the order of 247936 microseconds.
   (= 247936 clock ticks)
Increase the size of the arrays if this shows that
you are not getting at least 20 clock ticks per test.
-------------------------------------------------------------
WARNING -- The above is only a rough guideline.
For best results, please be sure you know the
precision of your system timer.
-------------------------------------------------------------
Function    Best Rate MB/s  Avg time     Min time     Max time
Copy:            5629.0     0.381757     0.381504     0.382251
Scale:           5612.2     0.382987     0.382643     0.383411
Add:             6129.7     0.525920     0.525508     0.527203
Triad:           6112.4     0.527369     0.527002     0.527728
-------------------------------------------------------------
Solution Validates: avg error less than 1.000000e-13 on all three arrays
-------------------------------------------------------------
-------------------------------------------------------------
STREAM version $Revision: 5.10 $
-------------------------------------------------------------
This system uses 8 bytes per array element.
-------------------------------------------------------------
Array size = 134217728 (elements), Offset = 0 (elements)
Memory per array = 1024.0 MiB (= 1.0 GiB).
Total memory required = 3072.0 MiB (= 3.0 GiB).
Each kernel will be executed 10 times.
 The *best* time for each kernel (excluding the first iteration)
 will be used to compute the reported bandwidth.
-------------------------------------------------------------
Your clock granularity/precision appears to be 1 microseconds.
Each test below will take on the order of 248529 microseconds.
   (= 248529 clock ticks)
Increase the size of the arrays if this shows that
you are not getting at least 20 clock ticks per test.
-------------------------------------------------------------
WARNING -- The above is only a rough guideline.
For best results, please be sure you know the
precision of your system timer.
-------------------------------------------------------------
Function    Best Rate MB/s  Avg time     Min time     Max time
Copy:            5630.0     0.381729     0.381435     0.382330
Scale:           5612.7     0.383007     0.382610     0.383501
Add:             6130.0     0.525915     0.525485     0.527182
Triad:           6112.7     0.527382     0.526970     0.527750
-------------------------------------------------------------
Solution Validates: avg error less than 1.000000e-13 on all three arrays
-------------------------------------------------------------
2
sched_getaffinity = 1 1 1 1 1 1 1 1 1 1 1 1 1 1 1 1 1 1 1 1 1 1 1 1 1 1 1 1 1 1 1 1 1 1 1 1 1 1 1 1 1 1 1 1 1 1 1 1 1 1 1 1 1 1 1 1 1 1 1 1 1 1 1 1 
sched_getcpu = 38
** RAPL-logger - Process terminated, computing results
Recorded wall time (s):  20.0980
Domain intel-rapl:0 (package-1) energy consumption (j): 661.0032
Domain intel-rapl:0 (package-1) avg. power consumption (W):  32.8890
Domain intel-rapl:0/intel-rapl:0:0 (dram) energy consumption (j):  31.0015
Domain intel-rapl:0/intel-rapl:0:0 (dram) avg. power consumption (W):   1.5425
Domain intel-rapl:1 (package-0) energy consumption (j): 951.5507
Domain intel-rapl:1 (package-0) avg. power consumption (W):  47.3455
Domain intel-rapl:1/intel-rapl:1:0 (dram) energy consumption (j):  67.9887
Domain intel-rapl:1/intel-rapl:1:0 (dram) avg. power consumption (W):   3.3829
