** RAPL-logger - 2 packages - Sampling freq.  10.0 Hz - Logfiles 0-3: /tmp/rapllog+1594026033
** RAPL-logger - Profiling: ../allocator 0 ../stream.bin 32 ../stream.bin
-------------------------------------------------------------
STREAM version $Revision: 5.10 $
-------------------------------------------------------------
This system uses 8 bytes per array element.
-------------------------------------------------------------
Array size = 134217728 (elements), Offset = 0 (elements)
Memory per array = 1024.0 MiB (= 1.0 GiB).
Total memory required = 3072.0 MiB (= 3.0 GiB).
Each kernel will be executed 10 times.
 The *best* time for each kernel (excluding the first iteration)
 will be used to compute the reported bandwidth.
-------------------------------------------------------------
Your clock granularity/precision appears to be 1 microseconds.
Each test below will take on the order of 280423 microseconds.
   (= 280423 clock ticks)
Increase the size of the arrays if this shows that
you are not getting at least 20 clock ticks per test.
-------------------------------------------------------------
WARNING -- The above is only a rough guideline.
For best results, please be sure you know the
precision of your system timer.
-------------------------------------------------------------
Function    Best Rate MB/s  Avg time     Min time     Max time
Copy:            4619.0     0.466057     0.464920     0.467103
Scale:           4610.4     0.467054     0.465792     0.468005
Add:             4666.1     0.691275     0.690342     0.693277
Triad:           4673.4     0.690557     0.689266     0.691952
-------------------------------------------------------------
Solution Validates: avg error less than 1.000000e-13 on all three arrays
-------------------------------------------------------------
-------------------------------------------------------------
STREAM version $Revision: 5.10 $
-------------------------------------------------------------
This system uses 8 bytes per array element.
-------------------------------------------------------------
Array size = 134217728 (elements), Offset = 0 (elements)
Memory per array = 1024.0 MiB (= 1.0 GiB).
Total memory required = 3072.0 MiB (= 3.0 GiB).
Each kernel will be executed 10 times.
 The *best* time for each kernel (excluding the first iteration)
 will be used to compute the reported bandwidth.
-------------------------------------------------------------
Your clock granularity/precision appears to be 1 microseconds.
Each test below will take on the order of 281360 microseconds.
   (= 281360 clock ticks)
Increase the size of the arrays if this shows that
you are not getting at least 20 clock ticks per test.
-------------------------------------------------------------
WARNING -- The above is only a rough guideline.
For best results, please be sure you know the
precision of your system timer.
-------------------------------------------------------------
Function    Best Rate MB/s  Avg time     Min time     Max time
Copy:            4619.0     0.466097     0.464921     0.467064
Scale:           4604.9     0.467495     0.466351     0.468581
Add:             4667.6     0.691108     0.690120     0.692700
Triad:           4675.5     0.690539     0.688964     0.692090
-------------------------------------------------------------
Solution Validates: avg error less than 1.000000e-13 on all three arrays
-------------------------------------------------------------
2
sched_getaffinity = 1 1 1 1 1 1 1 1 1 1 1 1 1 1 1 1 1 1 1 1 1 1 1 1 1 1 1 1 1 1 1 1 1 1 1 1 1 1 1 1 1 1 1 1 1 1 1 1 1 1 1 1 1 1 1 1 1 1 1 1 1 1 1 1 
sched_getcpu = 38
** RAPL-logger - Process terminated, computing results
Recorded wall time (s):  25.8860
Domain intel-rapl:0 (package-1) energy consumption (j): 868.0625
Domain intel-rapl:0 (package-1) avg. power consumption (W):  33.5341
Domain intel-rapl:0/intel-rapl:0:0 (dram) energy consumption (j):  40.0959
Domain intel-rapl:0/intel-rapl:0:0 (dram) avg. power consumption (W):   1.5489
Domain intel-rapl:1 (package-0) energy consumption (j): 1154.7173
Domain intel-rapl:1 (package-0) avg. power consumption (W):  44.6078
Domain intel-rapl:1/intel-rapl:1:0 (dram) energy consumption (j):  83.1455
Domain intel-rapl:1/intel-rapl:1:0 (dram) avg. power consumption (W):   3.2120
