** RAPL-logger - 2 packages - Sampling freq.  10.0 Hz - Logfiles 0-3: /tmp/rapllog+1594025434
** RAPL-logger - Profiling: ../allocator 2 ../stream.bin 16 ../stream.bin
-------------------------------------------------------------
STREAM version $Revision: 5.10 $
-------------------------------------------------------------
This system uses 8 bytes per array element.
-------------------------------------------------------------
Array size = 134217728 (elements), Offset = 0 (elements)
Memory per array = 1024.0 MiB (= 1.0 GiB).
Total memory required = 3072.0 MiB (= 3.0 GiB).
Each kernel will be executed 10 times.
 The *best* time for each kernel (excluding the first iteration)
 will be used to compute the reported bandwidth.
-------------------------------------------------------------
Your clock granularity/precision appears to be 1 microseconds.
Each test below will take on the order of 242882 microseconds.
   (= 242882 clock ticks)
Increase the size of the arrays if this shows that
you are not getting at least 20 clock ticks per test.
-------------------------------------------------------------
WARNING -- The above is only a rough guideline.
For best results, please be sure you know the
precision of your system timer.
-------------------------------------------------------------
Function    Best Rate MB/s  Avg time     Min time     Max time
Copy:            5628.5     0.382148     0.381537     0.382781
Scale:           5599.5     0.383912     0.383511     0.384297
Add:             6128.9     0.526466     0.525581     0.531033
Triad:           6120.1     0.527176     0.526337     0.527857
-------------------------------------------------------------
Solution Validates: avg error less than 1.000000e-13 on all three arrays
-------------------------------------------------------------
-------------------------------------------------------------
STREAM version $Revision: 5.10 $
-------------------------------------------------------------
This system uses 8 bytes per array element.
-------------------------------------------------------------
Array size = 134217728 (elements), Offset = 0 (elements)
Memory per array = 1024.0 MiB (= 1.0 GiB).
Total memory required = 3072.0 MiB (= 3.0 GiB).
Each kernel will be executed 10 times.
 The *best* time for each kernel (excluding the first iteration)
 will be used to compute the reported bandwidth.
-------------------------------------------------------------
Your clock granularity/precision appears to be 1 microseconds.
Each test below will take on the order of 244047 microseconds.
   (= 244047 clock ticks)
Increase the size of the arrays if this shows that
you are not getting at least 20 clock ticks per test.
-------------------------------------------------------------
WARNING -- The above is only a rough guideline.
For best results, please be sure you know the
precision of your system timer.
-------------------------------------------------------------
Function    Best Rate MB/s  Avg time     Min time     Max time
Copy:            5629.1     0.382139     0.381494     0.382888
Scale:           5602.1     0.383805     0.383337     0.384426
Add:             6136.3     0.526086     0.524949     0.530971
Triad:           6115.1     0.527622     0.526767     0.528267
-------------------------------------------------------------
Solution Validates: avg error less than 1.000000e-13 on all three arrays
-------------------------------------------------------------
2
sched_getaffinity = 1 1 1 1 1 1 1 1 1 1 1 1 1 1 1 1 1 1 1 1 1 1 1 1 1 1 1 1 1 1 1 1 1 1 1 1 1 1 1 1 1 1 1 1 1 1 1 1 1 1 1 1 1 1 1 1 1 1 1 1 1 1 1 1 
sched_getcpu = 38
** RAPL-logger - Process terminated, computing results
Recorded wall time (s):  20.1410
Domain intel-rapl:0 (package-1) energy consumption (j): 664.4190
Domain intel-rapl:0 (package-1) avg. power consumption (W):  32.9884
Domain intel-rapl:0/intel-rapl:0:0 (dram) energy consumption (j):  31.1726
Domain intel-rapl:0/intel-rapl:0:0 (dram) avg. power consumption (W):   1.5477
Domain intel-rapl:1 (package-0) energy consumption (j): 960.0162
Domain intel-rapl:1 (package-0) avg. power consumption (W):  47.6648
Domain intel-rapl:1/intel-rapl:1:0 (dram) energy consumption (j):  68.2927
Domain intel-rapl:1/intel-rapl:1:0 (dram) avg. power consumption (W):   3.3907
