** RAPL-logger - 2 packages - Sampling freq.  10.0 Hz - Logfiles 0-3: /tmp/rapllog+1594886324
** RAPL-logger - Profiling: ../../allocator 10 ../../stream.bin 11 ../../stream.bin
-------------------------------------------------------------
STREAM version $Revision: 5.10 $
-------------------------------------------------------------
This system uses 8 bytes per array element.
-------------------------------------------------------------
Array size = 134217728 (elements), Offset = 0 (elements)
Memory per array = 1024.0 MiB (= 1.0 GiB).
Total memory required = 3072.0 MiB (= 3.0 GiB).
Each kernel will be executed 10 times.
 The *best* time for each kernel (excluding the first iteration)
 will be used to compute the reported bandwidth.
-------------------------------------------------------------
Your clock granularity/precision appears to be 1 microseconds.
Each test below will take on the order of 171785 microseconds.
   (= 171785 clock ticks)
Increase the size of the arrays if this shows that
you are not getting at least 20 clock ticks per test.
-------------------------------------------------------------
WARNING -- The above is only a rough guideline.
For best results, please be sure you know the
precision of your system timer.
-------------------------------------------------------------
Function    Best Rate MB/s  Avg time     Min time     Max time
Copy:            7518.6     0.285836     0.285624     0.286081
Scale:           7542.8     0.284910     0.284708     0.285220
Add:             7911.6     0.407446     0.407152     0.407595
Triad:           7901.4     0.407872     0.407678     0.408069
-------------------------------------------------------------
Solution Validates: avg error less than 1.000000e-13 on all three arrays
-------------------------------------------------------------
-------------------------------------------------------------
STREAM version $Revision: 5.10 $
-------------------------------------------------------------
This system uses 8 bytes per array element.
-------------------------------------------------------------
Array size = 134217728 (elements), Offset = 0 (elements)
Memory per array = 1024.0 MiB (= 1.0 GiB).
Total memory required = 3072.0 MiB (= 3.0 GiB).
Each kernel will be executed 10 times.
 The *best* time for each kernel (excluding the first iteration)
 will be used to compute the reported bandwidth.
-------------------------------------------------------------
Your clock granularity/precision appears to be 1 microseconds.
Each test below will take on the order of 171844 microseconds.
   (= 171844 clock ticks)
Increase the size of the arrays if this shows that
you are not getting at least 20 clock ticks per test.
-------------------------------------------------------------
WARNING -- The above is only a rough guideline.
For best results, please be sure you know the
precision of your system timer.
-------------------------------------------------------------
Function    Best Rate MB/s  Avg time     Min time     Max time
Copy:            7488.9     0.286896     0.286755     0.287107
Scale:           7517.9     0.285890     0.285651     0.286224
Add:             7879.8     0.409043     0.408794     0.409309
Triad:           7878.7     0.409840     0.408854     0.410203
-------------------------------------------------------------
Solution Validates: avg error less than 1.000000e-13 on all three arrays
-------------------------------------------------------------
2
sched_getaffinity = 1 1 1 1 1 1 1 1 1 1 1 1 1 1 1 1 1 1 1 1 
sched_getcpu = 16
** RAPL-logger - Process terminated, computing results
Recorded wall time (s):  17.0090
Domain intel-rapl:0 (package-0) energy consumption (j): 448.7437
Domain intel-rapl:0 (package-0) avg. power consumption (W):  26.3827
Domain intel-rapl:0/intel-rapl:0:0 (dram) energy consumption (j): 136.9152
Domain intel-rapl:0/intel-rapl:0:0 (dram) avg. power consumption (W):   8.0496
Domain intel-rapl:1 (package-1) energy consumption (j): 483.5214
Domain intel-rapl:1 (package-1) avg. power consumption (W):  28.4274
Domain intel-rapl:1/intel-rapl:1:0 (dram) energy consumption (j):  12.3147
Domain intel-rapl:1/intel-rapl:1:0 (dram) avg. power consumption (W):   0.7240
