** RAPL-logger - 2 packages - Sampling freq.  10.0 Hz - Logfiles 0-3: /tmp/rapllog+1594886211
** RAPL-logger - Profiling: ../../allocator 2 ../../stream.bin 3 ../../stream.bin
-------------------------------------------------------------
STREAM version $Revision: 5.10 $
-------------------------------------------------------------
This system uses 8 bytes per array element.
-------------------------------------------------------------
Array size = 134217728 (elements), Offset = 0 (elements)
Memory per array = 1024.0 MiB (= 1.0 GiB).
Total memory required = 3072.0 MiB (= 3.0 GiB).
Each kernel will be executed 10 times.
 The *best* time for each kernel (excluding the first iteration)
 will be used to compute the reported bandwidth.
-------------------------------------------------------------
Your clock granularity/precision appears to be 1 microseconds.
Each test below will take on the order of 122311 microseconds.
   (= 122311 clock ticks)
Increase the size of the arrays if this shows that
you are not getting at least 20 clock ticks per test.
-------------------------------------------------------------
WARNING -- The above is only a rough guideline.
For best results, please be sure you know the
precision of your system timer.
-------------------------------------------------------------
Function    Best Rate MB/s  Avg time     Min time     Max time
Copy:           11031.7     0.194904     0.194665     0.195148
Scale:          11016.2     0.195116     0.194939     0.195277
Add:            11747.2     0.274435     0.274212     0.274678
Triad:          11728.5     0.274837     0.274649     0.274970
-------------------------------------------------------------
Solution Validates: avg error less than 1.000000e-13 on all three arrays
-------------------------------------------------------------
-------------------------------------------------------------
STREAM version $Revision: 5.10 $
-------------------------------------------------------------
This system uses 8 bytes per array element.
-------------------------------------------------------------
Array size = 134217728 (elements), Offset = 0 (elements)
Memory per array = 1024.0 MiB (= 1.0 GiB).
Total memory required = 3072.0 MiB (= 3.0 GiB).
Each kernel will be executed 10 times.
 The *best* time for each kernel (excluding the first iteration)
 will be used to compute the reported bandwidth.
-------------------------------------------------------------
Your clock granularity/precision appears to be 1 microseconds.
Each test below will take on the order of 122550 microseconds.
   (= 122550 clock ticks)
Increase the size of the arrays if this shows that
you are not getting at least 20 clock ticks per test.
-------------------------------------------------------------
WARNING -- The above is only a rough guideline.
For best results, please be sure you know the
precision of your system timer.
-------------------------------------------------------------
Function    Best Rate MB/s  Avg time     Min time     Max time
Copy:           10995.7     0.195503     0.195303     0.195696
Scale:          10985.1     0.195678     0.195490     0.195805
Add:            11713.5     0.275195     0.275001     0.275428
Triad:          11705.7     0.275799     0.275184     0.275994
-------------------------------------------------------------
Solution Validates: avg error less than 1.000000e-13 on all three arrays
-------------------------------------------------------------
2
sched_getaffinity = 1 1 1 1 1 1 1 1 1 1 1 1 1 1 1 1 1 1 1 1 
sched_getcpu = 15
** RAPL-logger - Process terminated, computing results
Recorded wall time (s):  11.7870
Domain intel-rapl:0 (package-0) energy consumption (j): 386.0364
Domain intel-rapl:0 (package-0) avg. power consumption (W):  32.7510
Domain intel-rapl:0/intel-rapl:0:0 (dram) energy consumption (j):  99.3146
Domain intel-rapl:0/intel-rapl:0:0 (dram) avg. power consumption (W):   8.4258
Domain intel-rapl:1 (package-1) energy consumption (j): 226.7412
Domain intel-rapl:1 (package-1) avg. power consumption (W):  19.2365
Domain intel-rapl:1/intel-rapl:1:0 (dram) energy consumption (j):   0.0000
Domain intel-rapl:1/intel-rapl:1:0 (dram) avg. power consumption (W):   0.0000
