** RAPL-logger - 2 packages - Sampling freq.  10.0 Hz - Logfiles 0-3: /tmp/rapllog+1594888988
** RAPL-logger - Profiling: ../../allocator 4 ../../stream.bin 5 ../../stream.bin
-------------------------------------------------------------
STREAM version $Revision: 5.10 $
-------------------------------------------------------------
This system uses 8 bytes per array element.
-------------------------------------------------------------
Array size = 134217728 (elements), Offset = 0 (elements)
Memory per array = 1024.0 MiB (= 1.0 GiB).
Total memory required = 3072.0 MiB (= 3.0 GiB).
Each kernel will be executed 10 times.
 The *best* time for each kernel (excluding the first iteration)
 will be used to compute the reported bandwidth.
-------------------------------------------------------------
Your clock granularity/precision appears to be 1 microseconds.
Each test below will take on the order of 147312 microseconds.
   (= 147312 clock ticks)
Increase the size of the arrays if this shows that
you are not getting at least 20 clock ticks per test.
-------------------------------------------------------------
WARNING -- The above is only a rough guideline.
For best results, please be sure you know the
precision of your system timer.
-------------------------------------------------------------
Function    Best Rate MB/s  Avg time     Min time     Max time
Copy:            9238.8     0.232958     0.232441     0.233221
Scale:           9197.0     0.233666     0.233499     0.233826
Add:             9536.5     0.338063     0.337777     0.338400
Triad:           9522.4     0.338798     0.338278     0.339009
-------------------------------------------------------------
Solution Validates: avg error less than 1.000000e-13 on all three arrays
-------------------------------------------------------------
-------------------------------------------------------------
STREAM version $Revision: 5.10 $
-------------------------------------------------------------
This system uses 8 bytes per array element.
-------------------------------------------------------------
Array size = 134217728 (elements), Offset = 0 (elements)
Memory per array = 1024.0 MiB (= 1.0 GiB).
Total memory required = 3072.0 MiB (= 3.0 GiB).
Each kernel will be executed 10 times.
 The *best* time for each kernel (excluding the first iteration)
 will be used to compute the reported bandwidth.
-------------------------------------------------------------
Your clock granularity/precision appears to be 1 microseconds.
Each test below will take on the order of 148165 microseconds.
   (= 148165 clock ticks)
Increase the size of the arrays if this shows that
you are not getting at least 20 clock ticks per test.
-------------------------------------------------------------
WARNING -- The above is only a rough guideline.
For best results, please be sure you know the
precision of your system timer.
-------------------------------------------------------------
Function    Best Rate MB/s  Avg time     Min time     Max time
Copy:            9167.2     0.234759     0.234258     0.234970
Scale:           9129.2     0.235419     0.235232     0.235552
Add:             9463.9     0.340514     0.340371     0.340788
Triad:           9449.9     0.341431     0.340875     0.341989
-------------------------------------------------------------
Solution Validates: avg error less than 1.000000e-13 on all three arrays
-------------------------------------------------------------
2
sched_getaffinity = 1 1 1 1 1 1 1 1 1 1 1 1 1 1 1 1 1 1 1 1 
sched_getcpu = 15
** RAPL-logger - Process terminated, computing results
Recorded wall time (s):  14.4830
Domain intel-rapl:0 (package-0) energy consumption (j): 456.1065
Domain intel-rapl:0 (package-0) avg. power consumption (W):  31.4925
Domain intel-rapl:0/intel-rapl:0:0 (dram) energy consumption (j):  76.4103
Domain intel-rapl:0/intel-rapl:0:0 (dram) avg. power consumption (W):   5.2759
Domain intel-rapl:1 (package-1) energy consumption (j): 330.8947
Domain intel-rapl:1 (package-1) avg. power consumption (W):  22.8471
Domain intel-rapl:1/intel-rapl:1:0 (dram) energy consumption (j):  56.9398
Domain intel-rapl:1/intel-rapl:1:0 (dram) avg. power consumption (W):   3.9315
