** RAPL-logger - 2 packages - Sampling freq.  10.0 Hz - Logfiles 0-3: /tmp/rapllog+1594889219
** RAPL-logger - Profiling: ../../allocator 18 ../../stream.bin 19 ../../stream.bin
-------------------------------------------------------------
STREAM version $Revision: 5.10 $
-------------------------------------------------------------
This system uses 8 bytes per array element.
-------------------------------------------------------------
Array size = 134217728 (elements), Offset = 0 (elements)
Memory per array = 1024.0 MiB (= 1.0 GiB).
Total memory required = 3072.0 MiB (= 3.0 GiB).
Each kernel will be executed 10 times.
 The *best* time for each kernel (excluding the first iteration)
 will be used to compute the reported bandwidth.
-------------------------------------------------------------
Your clock granularity/precision appears to be 1 microseconds.
Each test below will take on the order of 145231 microseconds.
   (= 145231 clock ticks)
Increase the size of the arrays if this shows that
you are not getting at least 20 clock ticks per test.
-------------------------------------------------------------
WARNING -- The above is only a rough guideline.
For best results, please be sure you know the
precision of your system timer.
-------------------------------------------------------------
Function    Best Rate MB/s  Avg time     Min time     Max time
Copy:            9315.2     0.230731     0.230536     0.231111
Scale:           9311.1     0.230919     0.230637     0.231415
Add:             9700.6     0.332386     0.332064     0.332886
Triad:           9668.0     0.333456     0.333185     0.333624
-------------------------------------------------------------
Solution Validates: avg error less than 1.000000e-13 on all three arrays
-------------------------------------------------------------
-------------------------------------------------------------
STREAM version $Revision: 5.10 $
-------------------------------------------------------------
This system uses 8 bytes per array element.
-------------------------------------------------------------
Array size = 134217728 (elements), Offset = 0 (elements)
Memory per array = 1024.0 MiB (= 1.0 GiB).
Total memory required = 3072.0 MiB (= 3.0 GiB).
Each kernel will be executed 10 times.
 The *best* time for each kernel (excluding the first iteration)
 will be used to compute the reported bandwidth.
-------------------------------------------------------------
Your clock granularity/precision appears to be 1 microseconds.
Each test below will take on the order of 146312 microseconds.
   (= 146312 clock ticks)
Increase the size of the arrays if this shows that
you are not getting at least 20 clock ticks per test.
-------------------------------------------------------------
WARNING -- The above is only a rough guideline.
For best results, please be sure you know the
precision of your system timer.
-------------------------------------------------------------
Function    Best Rate MB/s  Avg time     Min time     Max time
Copy:            9186.8     0.233963     0.233758     0.234214
Scale:           9173.6     0.234472     0.234093     0.234766
Add:             9559.8     0.337124     0.336954     0.337349
Triad:           9539.1     0.337953     0.337687     0.338765
-------------------------------------------------------------
Solution Validates: avg error less than 1.000000e-13 on all three arrays
-------------------------------------------------------------
2
sched_getaffinity = 1 1 1 1 1 1 1 1 1 1 1 1 1 1 1 1 1 1 1 1 
sched_getcpu = 9
** RAPL-logger - Process terminated, computing results
Recorded wall time (s):  14.3010
Domain intel-rapl:0 (package-0) energy consumption (j): 346.3588
Domain intel-rapl:0 (package-0) avg. power consumption (W):  24.2192
Domain intel-rapl:0/intel-rapl:0:0 (dram) energy consumption (j):  80.8210
Domain intel-rapl:0/intel-rapl:0:0 (dram) avg. power consumption (W):   5.6514
Domain intel-rapl:1 (package-1) energy consumption (j): 438.3884
Domain intel-rapl:1 (package-1) avg. power consumption (W):  30.6544
Domain intel-rapl:1/intel-rapl:1:0 (dram) energy consumption (j):  54.1444
Domain intel-rapl:1/intel-rapl:1:0 (dram) avg. power consumption (W):   3.7861
