** RAPL-logger - 2 packages - Sampling freq.  10.0 Hz - Logfiles 0-3: /tmp/rapllog+1594888971
** RAPL-logger - Profiling: ../../allocator 3 ../../stream.bin 4 ../../stream.bin
-------------------------------------------------------------
STREAM version $Revision: 5.10 $
-------------------------------------------------------------
This system uses 8 bytes per array element.
-------------------------------------------------------------
Array size = 134217728 (elements), Offset = 0 (elements)
Memory per array = 1024.0 MiB (= 1.0 GiB).
Total memory required = 3072.0 MiB (= 3.0 GiB).
Each kernel will be executed 10 times.
 The *best* time for each kernel (excluding the first iteration)
 will be used to compute the reported bandwidth.
-------------------------------------------------------------
Your clock granularity/precision appears to be 1 microseconds.
Each test below will take on the order of 145986 microseconds.
   (= 145986 clock ticks)
Increase the size of the arrays if this shows that
you are not getting at least 20 clock ticks per test.
-------------------------------------------------------------
WARNING -- The above is only a rough guideline.
For best results, please be sure you know the
precision of your system timer.
-------------------------------------------------------------
Function    Best Rate MB/s  Avg time     Min time     Max time
Copy:            9301.3     0.230991     0.230881     0.231165
Scale:           9282.2     0.231553     0.231354     0.231709
Add:             9708.1     0.332092     0.331809     0.332262
Triad:           9694.2     0.332464     0.332285     0.332584
-------------------------------------------------------------
Solution Validates: avg error less than 1.000000e-13 on all three arrays
-------------------------------------------------------------
-------------------------------------------------------------
STREAM version $Revision: 5.10 $
-------------------------------------------------------------
This system uses 8 bytes per array element.
-------------------------------------------------------------
Array size = 134217728 (elements), Offset = 0 (elements)
Memory per array = 1024.0 MiB (= 1.0 GiB).
Total memory required = 3072.0 MiB (= 3.0 GiB).
Each kernel will be executed 10 times.
 The *best* time for each kernel (excluding the first iteration)
 will be used to compute the reported bandwidth.
-------------------------------------------------------------
Your clock granularity/precision appears to be 1 microseconds.
Each test below will take on the order of 147495 microseconds.
   (= 147495 clock ticks)
Increase the size of the arrays if this shows that
you are not getting at least 20 clock ticks per test.
-------------------------------------------------------------
WARNING -- The above is only a rough guideline.
For best results, please be sure you know the
precision of your system timer.
-------------------------------------------------------------
Function    Best Rate MB/s  Avg time     Min time     Max time
Copy:            9157.8     0.234665     0.234498     0.234890
Scale:           9132.0     0.235548     0.235160     0.235794
Add:             9529.7     0.338283     0.338018     0.338412
Triad:           9501.7     0.339196     0.339015     0.339408
-------------------------------------------------------------
Solution Validates: avg error less than 1.000000e-13 on all three arrays
-------------------------------------------------------------
2
sched_getaffinity = 1 1 1 1 1 1 1 1 1 1 1 1 1 1 1 1 1 1 1 1 
sched_getcpu = 4
** RAPL-logger - Process terminated, computing results
Recorded wall time (s):  14.3780
Domain intel-rapl:0 (package-0) energy consumption (j): 454.8041
Domain intel-rapl:0 (package-0) avg. power consumption (W):  31.6319
Domain intel-rapl:0/intel-rapl:0:0 (dram) energy consumption (j):  76.6323
Domain intel-rapl:0/intel-rapl:0:0 (dram) avg. power consumption (W):   5.3298
Domain intel-rapl:1 (package-1) energy consumption (j): 328.9859
Domain intel-rapl:1 (package-1) avg. power consumption (W):  22.8812
Domain intel-rapl:1/intel-rapl:1:0 (dram) energy consumption (j):  58.3007
Domain intel-rapl:1/intel-rapl:1:0 (dram) avg. power consumption (W):   4.0549
