** RAPL-logger - 2 packages - Sampling freq.  10.0 Hz - Logfiles 0-3: /tmp/rapllog+1594888938
** RAPL-logger - Profiling: ../../allocator 1 ../../stream.bin 2 ../../stream.bin
-------------------------------------------------------------
STREAM version $Revision: 5.10 $
-------------------------------------------------------------
This system uses 8 bytes per array element.
-------------------------------------------------------------
Array size = 134217728 (elements), Offset = 0 (elements)
Memory per array = 1024.0 MiB (= 1.0 GiB).
Total memory required = 3072.0 MiB (= 3.0 GiB).
Each kernel will be executed 10 times.
 The *best* time for each kernel (excluding the first iteration)
 will be used to compute the reported bandwidth.
-------------------------------------------------------------
Your clock granularity/precision appears to be 1 microseconds.
Each test below will take on the order of 145259 microseconds.
   (= 145259 clock ticks)
Increase the size of the arrays if this shows that
you are not getting at least 20 clock ticks per test.
-------------------------------------------------------------
WARNING -- The above is only a rough guideline.
For best results, please be sure you know the
precision of your system timer.
-------------------------------------------------------------
Function    Best Rate MB/s  Avg time     Min time     Max time
Copy:            9317.0     0.230640     0.230492     0.230864
Scale:           9301.5     0.231202     0.230875     0.231572
Add:             9666.6     0.333553     0.333233     0.334234
Triad:           9651.4     0.334141     0.333757     0.335029
-------------------------------------------------------------
Solution Validates: avg error less than 1.000000e-13 on all three arrays
-------------------------------------------------------------
-------------------------------------------------------------
STREAM version $Revision: 5.10 $
-------------------------------------------------------------
This system uses 8 bytes per array element.
-------------------------------------------------------------
Array size = 134217728 (elements), Offset = 0 (elements)
Memory per array = 1024.0 MiB (= 1.0 GiB).
Total memory required = 3072.0 MiB (= 3.0 GiB).
Each kernel will be executed 10 times.
 The *best* time for each kernel (excluding the first iteration)
 will be used to compute the reported bandwidth.
-------------------------------------------------------------
Your clock granularity/precision appears to be 1 microseconds.
Each test below will take on the order of 145263 microseconds.
   (= 145263 clock ticks)
Increase the size of the arrays if this shows that
you are not getting at least 20 clock ticks per test.
-------------------------------------------------------------
WARNING -- The above is only a rough guideline.
For best results, please be sure you know the
precision of your system timer.
-------------------------------------------------------------
Function    Best Rate MB/s  Avg time     Min time     Max time
Copy:            9295.1     0.231156     0.231035     0.231334
Scale:           9276.9     0.231777     0.231487     0.232055
Add:             9652.3     0.334295     0.333725     0.335032
Triad:           9629.9     0.335009     0.334503     0.335935
-------------------------------------------------------------
Solution Validates: avg error less than 1.000000e-13 on all three arrays
-------------------------------------------------------------
2
sched_getaffinity = 1 1 1 1 1 1 1 1 1 1 1 1 1 1 1 1 1 1 1 1 
sched_getcpu = 0
** RAPL-logger - Process terminated, computing results
Recorded wall time (s):  14.2800
Domain intel-rapl:0 (package-0) energy consumption (j): 454.7419
Domain intel-rapl:0 (package-0) avg. power consumption (W):  31.8447
Domain intel-rapl:0/intel-rapl:0:0 (dram) energy consumption (j):  75.4923
Domain intel-rapl:0/intel-rapl:0:0 (dram) avg. power consumption (W):   5.2866
Domain intel-rapl:1 (package-1) energy consumption (j): 324.5874
Domain intel-rapl:1 (package-1) avg. power consumption (W):  22.7302
Domain intel-rapl:1/intel-rapl:1:0 (dram) energy consumption (j):  57.4930
Domain intel-rapl:1/intel-rapl:1:0 (dram) avg. power consumption (W):   4.0261
