** RAPL-logger - 2 packages - Sampling freq.  10.0 Hz - Logfiles 0-3: /tmp/rapllog+1594887467
** RAPL-logger - Profiling: ../../allocator 15 ../../stream.bin 16 ../../stream.bin
-------------------------------------------------------------
STREAM version $Revision: 5.10 $
-------------------------------------------------------------
This system uses 8 bytes per array element.
-------------------------------------------------------------
Array size = 134217728 (elements), Offset = 0 (elements)
Memory per array = 1024.0 MiB (= 1.0 GiB).
Total memory required = 3072.0 MiB (= 3.0 GiB).
Each kernel will be executed 10 times.
 The *best* time for each kernel (excluding the first iteration)
 will be used to compute the reported bandwidth.
-------------------------------------------------------------
Your clock granularity/precision appears to be 1 microseconds.
Each test below will take on the order of 119827 microseconds.
   (= 119827 clock ticks)
Increase the size of the arrays if this shows that
you are not getting at least 20 clock ticks per test.
-------------------------------------------------------------
WARNING -- The above is only a rough guideline.
For best results, please be sure you know the
precision of your system timer.
-------------------------------------------------------------
Function    Best Rate MB/s  Avg time     Min time     Max time
Copy:           11189.7     0.192456     0.191916     0.193289
Scale:          11164.3     0.192561     0.192353     0.192921
Add:            11786.7     0.273444     0.273294     0.273735
Triad:          11740.7     0.274583     0.274365     0.274838
-------------------------------------------------------------
Solution Validates: avg error less than 1.000000e-13 on all three arrays
-------------------------------------------------------------
-------------------------------------------------------------
STREAM version $Revision: 5.10 $
-------------------------------------------------------------
This system uses 8 bytes per array element.
-------------------------------------------------------------
Array size = 134217728 (elements), Offset = 0 (elements)
Memory per array = 1024.0 MiB (= 1.0 GiB).
Total memory required = 3072.0 MiB (= 3.0 GiB).
Each kernel will be executed 10 times.
 The *best* time for each kernel (excluding the first iteration)
 will be used to compute the reported bandwidth.
-------------------------------------------------------------
Your clock granularity/precision appears to be 1 microseconds.
Each test below will take on the order of 121327 microseconds.
   (= 121327 clock ticks)
Increase the size of the arrays if this shows that
you are not getting at least 20 clock ticks per test.
-------------------------------------------------------------
WARNING -- The above is only a rough guideline.
For best results, please be sure you know the
precision of your system timer.
-------------------------------------------------------------
Function    Best Rate MB/s  Avg time     Min time     Max time
Copy:           11029.2     0.195044     0.194709     0.195408
Scale:          11001.6     0.195404     0.195198     0.195619
Add:            11587.1     0.278266     0.278000     0.278475
Triad:          11595.4     0.279296     0.277802     0.280120
-------------------------------------------------------------
Solution Validates: avg error less than 1.000000e-13 on all three arrays
-------------------------------------------------------------
2
sched_getaffinity = 1 1 1 1 1 1 1 1 1 1 1 1 1 1 1 1 1 1 1 1 
sched_getcpu = 3
** RAPL-logger - Process terminated, computing results
Recorded wall time (s):  11.8820
Domain intel-rapl:0 (package-0) energy consumption (j): 233.3124
Domain intel-rapl:0 (package-0) avg. power consumption (W):  19.6358
Domain intel-rapl:0/intel-rapl:0:0 (dram) energy consumption (j):   8.2144
Domain intel-rapl:0/intel-rapl:0:0 (dram) avg. power consumption (W):   0.6913
Domain intel-rapl:1 (package-1) energy consumption (j): 383.6728
Domain intel-rapl:1 (package-1) avg. power consumption (W):  32.2903
Domain intel-rapl:1/intel-rapl:1:0 (dram) energy consumption (j):  89.2923
Domain intel-rapl:1/intel-rapl:1:0 (dram) avg. power consumption (W):   7.5149
