** RAPL-logger - 2 packages - Sampling freq.  10.0 Hz - Logfiles 0-3: /tmp/rapllog+1594889186
** RAPL-logger - Profiling: ../../allocator 16 ../../stream.bin 17 ../../stream.bin
-------------------------------------------------------------
STREAM version $Revision: 5.10 $
-------------------------------------------------------------
This system uses 8 bytes per array element.
-------------------------------------------------------------
Array size = 134217728 (elements), Offset = 0 (elements)
Memory per array = 1024.0 MiB (= 1.0 GiB).
Total memory required = 3072.0 MiB (= 3.0 GiB).
Each kernel will be executed 10 times.
 The *best* time for each kernel (excluding the first iteration)
 will be used to compute the reported bandwidth.
-------------------------------------------------------------
Your clock granularity/precision appears to be 1 microseconds.
Each test below will take on the order of 144046 microseconds.
   (= 144046 clock ticks)
Increase the size of the arrays if this shows that
you are not getting at least 20 clock ticks per test.
-------------------------------------------------------------
WARNING -- The above is only a rough guideline.
For best results, please be sure you know the
precision of your system timer.
-------------------------------------------------------------
Function    Best Rate MB/s  Avg time     Min time     Max time
Copy:            9423.9     0.228068     0.227877     0.228467
Scale:           9415.6     0.228276     0.228078     0.228472
Add:             9852.1     0.327605     0.326959     0.328105
Triad:           9815.7     0.328403     0.328170     0.328626
-------------------------------------------------------------
Solution Validates: avg error less than 1.000000e-13 on all three arrays
-------------------------------------------------------------
-------------------------------------------------------------
STREAM version $Revision: 5.10 $
-------------------------------------------------------------
This system uses 8 bytes per array element.
-------------------------------------------------------------
Array size = 134217728 (elements), Offset = 0 (elements)
Memory per array = 1024.0 MiB (= 1.0 GiB).
Total memory required = 3072.0 MiB (= 3.0 GiB).
Each kernel will be executed 10 times.
 The *best* time for each kernel (excluding the first iteration)
 will be used to compute the reported bandwidth.
-------------------------------------------------------------
Your clock granularity/precision appears to be 1 microseconds.
Each test below will take on the order of 144197 microseconds.
   (= 144197 clock ticks)
Increase the size of the arrays if this shows that
you are not getting at least 20 clock ticks per test.
-------------------------------------------------------------
WARNING -- The above is only a rough guideline.
For best results, please be sure you know the
precision of your system timer.
-------------------------------------------------------------
Function    Best Rate MB/s  Avg time     Min time     Max time
Copy:            9384.6     0.228947     0.228830     0.229059
Scale:           9384.6     0.229124     0.228830     0.229387
Add:             9824.3     0.328554     0.327883     0.329130
Triad:           9790.1     0.329378     0.329030     0.329712
-------------------------------------------------------------
Solution Validates: avg error less than 1.000000e-13 on all three arrays
-------------------------------------------------------------
2
sched_getaffinity = 1 1 1 1 1 1 1 1 1 1 1 1 1 1 1 1 1 1 1 1 
sched_getcpu = 10
** RAPL-logger - Process terminated, computing results
Recorded wall time (s):  14.0590
Domain intel-rapl:0 (package-0) energy consumption (j): 340.2464
Domain intel-rapl:0 (package-0) avg. power consumption (W):  24.2013
Domain intel-rapl:0/intel-rapl:0:0 (dram) energy consumption (j):  80.4558
Domain intel-rapl:0/intel-rapl:0:0 (dram) avg. power consumption (W):   5.7227
Domain intel-rapl:1 (package-1) energy consumption (j): 431.2289
Domain intel-rapl:1 (package-1) avg. power consumption (W):  30.6728
Domain intel-rapl:1/intel-rapl:1:0 (dram) energy consumption (j):  53.5399
Domain intel-rapl:1/intel-rapl:1:0 (dram) avg. power consumption (W):   3.8082
