** RAPL-logger - 2 packages - Sampling freq.  10.0 Hz - Logfiles 0-3: /tmp/rapllog+1594887510
** RAPL-logger - Profiling: ../../allocator 18 ../../stream.bin 19 ../../stream.bin
-------------------------------------------------------------
STREAM version $Revision: 5.10 $
-------------------------------------------------------------
This system uses 8 bytes per array element.
-------------------------------------------------------------
Array size = 134217728 (elements), Offset = 0 (elements)
Memory per array = 1024.0 MiB (= 1.0 GiB).
Total memory required = 3072.0 MiB (= 3.0 GiB).
Each kernel will be executed 10 times.
 The *best* time for each kernel (excluding the first iteration)
 will be used to compute the reported bandwidth.
-------------------------------------------------------------
Your clock granularity/precision appears to be 1 microseconds.
Each test below will take on the order of 120532 microseconds.
   (= 120532 clock ticks)
Increase the size of the arrays if this shows that
you are not getting at least 20 clock ticks per test.
-------------------------------------------------------------
WARNING -- The above is only a rough guideline.
For best results, please be sure you know the
precision of your system timer.
-------------------------------------------------------------
Function    Best Rate MB/s  Avg time     Min time     Max time
Copy:           11110.7     0.193936     0.193281     0.194304
Scale:          11081.0     0.193999     0.193799     0.194133
Add:            11690.6     0.275672     0.275541     0.275927
Triad:          11648.6     0.276906     0.276534     0.277225
-------------------------------------------------------------
Solution Validates: avg error less than 1.000000e-13 on all three arrays
-------------------------------------------------------------
-------------------------------------------------------------
STREAM version $Revision: 5.10 $
-------------------------------------------------------------
This system uses 8 bytes per array element.
-------------------------------------------------------------
Array size = 134217728 (elements), Offset = 0 (elements)
Memory per array = 1024.0 MiB (= 1.0 GiB).
Total memory required = 3072.0 MiB (= 3.0 GiB).
Each kernel will be executed 10 times.
 The *best* time for each kernel (excluding the first iteration)
 will be used to compute the reported bandwidth.
-------------------------------------------------------------
Your clock granularity/precision appears to be 1 microseconds.
Each test below will take on the order of 122272 microseconds.
   (= 122272 clock ticks)
Increase the size of the arrays if this shows that
you are not getting at least 20 clock ticks per test.
-------------------------------------------------------------
WARNING -- The above is only a rough guideline.
For best results, please be sure you know the
precision of your system timer.
-------------------------------------------------------------
Function    Best Rate MB/s  Avg time     Min time     Max time
Copy:           10909.0     0.197082     0.196854     0.197410
Scale:          10879.9     0.197523     0.197380     0.197646
Add:            11456.3     0.281405     0.281174     0.281549
Triad:          11465.5     0.282328     0.280950     0.282957
-------------------------------------------------------------
Solution Validates: avg error less than 1.000000e-13 on all three arrays
-------------------------------------------------------------
2
sched_getaffinity = 1 1 1 1 1 1 1 1 1 1 1 1 1 1 1 1 1 1 1 1 
sched_getcpu = 19
** RAPL-logger - Process terminated, computing results
Recorded wall time (s):  11.9690
Domain intel-rapl:0 (package-0) energy consumption (j): 235.2001
Domain intel-rapl:0 (package-0) avg. power consumption (W):  19.6508
Domain intel-rapl:0/intel-rapl:0:0 (dram) energy consumption (j):   8.2215
Domain intel-rapl:0/intel-rapl:0:0 (dram) avg. power consumption (W):   0.6869
Domain intel-rapl:1 (package-1) energy consumption (j): 386.9843
Domain intel-rapl:1 (package-1) avg. power consumption (W):  32.3322
Domain intel-rapl:1/intel-rapl:1:0 (dram) energy consumption (j):  89.3148
Domain intel-rapl:1/intel-rapl:1:0 (dram) avg. power consumption (W):   7.4622
