** RAPL-logger - 2 packages - Sampling freq.  10.0 Hz - Logfiles 0-3: /tmp/rapllog+1594889087
** RAPL-logger - Profiling: ../../allocator 10 ../../stream.bin 11 ../../stream.bin
-------------------------------------------------------------
STREAM version $Revision: 5.10 $
-------------------------------------------------------------
This system uses 8 bytes per array element.
-------------------------------------------------------------
Array size = 134217728 (elements), Offset = 0 (elements)
Memory per array = 1024.0 MiB (= 1.0 GiB).
Total memory required = 3072.0 MiB (= 3.0 GiB).
Each kernel will be executed 10 times.
 The *best* time for each kernel (excluding the first iteration)
 will be used to compute the reported bandwidth.
-------------------------------------------------------------
Your clock granularity/precision appears to be 1 microseconds.
Each test below will take on the order of 146764 microseconds.
   (= 146764 clock ticks)
Increase the size of the arrays if this shows that
you are not getting at least 20 clock ticks per test.
-------------------------------------------------------------
WARNING -- The above is only a rough guideline.
For best results, please be sure you know the
precision of your system timer.
-------------------------------------------------------------
Function    Best Rate MB/s  Avg time     Min time     Max time
Copy:            9350.7     0.229849     0.229659     0.230161
Scale:           9341.1     0.230069     0.229897     0.230443
Add:             9724.0     0.331590     0.331267     0.332036
Triad:           9695.0     0.332416     0.332258     0.333165
-------------------------------------------------------------
Solution Validates: avg error less than 1.000000e-13 on all three arrays
-------------------------------------------------------------
-------------------------------------------------------------
STREAM version $Revision: 5.10 $
-------------------------------------------------------------
This system uses 8 bytes per array element.
-------------------------------------------------------------
Array size = 134217728 (elements), Offset = 0 (elements)
Memory per array = 1024.0 MiB (= 1.0 GiB).
Total memory required = 3072.0 MiB (= 3.0 GiB).
Each kernel will be executed 10 times.
 The *best* time for each kernel (excluding the first iteration)
 will be used to compute the reported bandwidth.
-------------------------------------------------------------
Your clock granularity/precision appears to be 1 microseconds.
Each test below will take on the order of 146782 microseconds.
   (= 146782 clock ticks)
Increase the size of the arrays if this shows that
you are not getting at least 20 clock ticks per test.
-------------------------------------------------------------
WARNING -- The above is only a rough guideline.
For best results, please be sure you know the
precision of your system timer.
-------------------------------------------------------------
Function    Best Rate MB/s  Avg time     Min time     Max time
Copy:            9289.9     0.231309     0.231164     0.231471
Scale:           9272.3     0.231759     0.231602     0.232087
Add:             9658.5     0.333836     0.333512     0.334325
Triad:           9638.8     0.334503     0.334195     0.335198
-------------------------------------------------------------
Solution Validates: avg error less than 1.000000e-13 on all three arrays
-------------------------------------------------------------
2
sched_getaffinity = 1 1 1 1 1 1 1 1 1 1 1 1 1 1 1 1 1 1 1 1 
sched_getcpu = 1
** RAPL-logger - Process terminated, computing results
Recorded wall time (s):  14.2920
Domain intel-rapl:0 (package-0) energy consumption (j): 347.0878
Domain intel-rapl:0 (package-0) avg. power consumption (W):  24.2855
Domain intel-rapl:0/intel-rapl:0:0 (dram) energy consumption (j):  81.8839
Domain intel-rapl:0/intel-rapl:0:0 (dram) avg. power consumption (W):   5.7294
Domain intel-rapl:1 (package-1) energy consumption (j): 434.8716
Domain intel-rapl:1 (package-1) avg. power consumption (W):  30.4276
Domain intel-rapl:1/intel-rapl:1:0 (dram) energy consumption (j):  52.9234
Domain intel-rapl:1/intel-rapl:1:0 (dram) avg. power consumption (W):   3.7030
