** RAPL-logger - 2 packages - Sampling freq.  10.0 Hz - Logfiles 0-3: /tmp/rapllog+1594887220
** RAPL-logger - Profiling: ../../allocator 1 ../../stream.bin 2 ../../stream.bin
-------------------------------------------------------------
STREAM version $Revision: 5.10 $
-------------------------------------------------------------
This system uses 8 bytes per array element.
-------------------------------------------------------------
Array size = 134217728 (elements), Offset = 0 (elements)
Memory per array = 1024.0 MiB (= 1.0 GiB).
Total memory required = 3072.0 MiB (= 3.0 GiB).
Each kernel will be executed 10 times.
 The *best* time for each kernel (excluding the first iteration)
 will be used to compute the reported bandwidth.
-------------------------------------------------------------
Your clock granularity/precision appears to be 1 microseconds.
Each test below will take on the order of 173363 microseconds.
   (= 173363 clock ticks)
Increase the size of the arrays if this shows that
you are not getting at least 20 clock ticks per test.
-------------------------------------------------------------
WARNING -- The above is only a rough guideline.
For best results, please be sure you know the
precision of your system timer.
-------------------------------------------------------------
Function    Best Rate MB/s  Avg time     Min time     Max time
Copy:            7477.1     0.287593     0.287208     0.288410
Scale:           7493.1     0.286867     0.286593     0.287282
Add:             7851.6     0.410713     0.410266     0.411181
Triad:           7849.4     0.410720     0.410380     0.411533
-------------------------------------------------------------
Solution Validates: avg error less than 1.000000e-13 on all three arrays
-------------------------------------------------------------
-------------------------------------------------------------
STREAM version $Revision: 5.10 $
-------------------------------------------------------------
This system uses 8 bytes per array element.
-------------------------------------------------------------
Array size = 134217728 (elements), Offset = 0 (elements)
Memory per array = 1024.0 MiB (= 1.0 GiB).
Total memory required = 3072.0 MiB (= 3.0 GiB).
Each kernel will be executed 10 times.
 The *best* time for each kernel (excluding the first iteration)
 will be used to compute the reported bandwidth.
-------------------------------------------------------------
Your clock granularity/precision appears to be 1 microseconds.
Each test below will take on the order of 173600 microseconds.
   (= 173600 clock ticks)
Increase the size of the arrays if this shows that
you are not getting at least 20 clock ticks per test.
-------------------------------------------------------------
WARNING -- The above is only a rough guideline.
For best results, please be sure you know the
precision of your system timer.
-------------------------------------------------------------
Function    Best Rate MB/s  Avg time     Min time     Max time
Copy:            7453.7     0.288487     0.288111     0.289387
Scale:           7477.5     0.287556     0.287193     0.288101
Add:             7833.8     0.411622     0.411197     0.412135
Triad:           7835.2     0.411756     0.411123     0.412547
-------------------------------------------------------------
Solution Validates: avg error less than 1.000000e-13 on all three arrays
-------------------------------------------------------------
2
sched_getaffinity = 1 1 1 1 1 1 1 1 1 1 1 1 1 1 1 1 1 1 1 1 
sched_getcpu = 2
** RAPL-logger - Process terminated, computing results
Recorded wall time (s):  17.2840
Domain intel-rapl:0 (package-0) energy consumption (j): 500.6711
Domain intel-rapl:0 (package-0) avg. power consumption (W):  28.9673
Domain intel-rapl:0/intel-rapl:0:0 (dram) energy consumption (j):  43.2911
Domain intel-rapl:0/intel-rapl:0:0 (dram) avg. power consumption (W):   2.5047
Domain intel-rapl:1 (package-1) energy consumption (j): 424.2554
Domain intel-rapl:1 (package-1) avg. power consumption (W):  24.5461
Domain intel-rapl:1/intel-rapl:1:0 (dram) energy consumption (j): 112.2852
Domain intel-rapl:1/intel-rapl:1:0 (dram) avg. power consumption (W):   6.4965
