** RAPL-logger - 2 packages - Sampling freq.  10.0 Hz - Logfiles 0-3: /tmp/rapllog+1594887279
** RAPL-logger - Profiling: ../../allocator 4 ../../stream.bin 5 ../../stream.bin
-------------------------------------------------------------
STREAM version $Revision: 5.10 $
-------------------------------------------------------------
This system uses 8 bytes per array element.
-------------------------------------------------------------
Array size = 134217728 (elements), Offset = 0 (elements)
Memory per array = 1024.0 MiB (= 1.0 GiB).
Total memory required = 3072.0 MiB (= 3.0 GiB).
Each kernel will be executed 10 times.
 The *best* time for each kernel (excluding the first iteration)
 will be used to compute the reported bandwidth.
-------------------------------------------------------------
Your clock granularity/precision appears to be 1 microseconds.
Each test below will take on the order of 172814 microseconds.
   (= 172814 clock ticks)
Increase the size of the arrays if this shows that
you are not getting at least 20 clock ticks per test.
-------------------------------------------------------------
WARNING -- The above is only a rough guideline.
For best results, please be sure you know the
precision of your system timer.
-------------------------------------------------------------
Function    Best Rate MB/s  Avg time     Min time     Max time
Copy:            7396.3     0.290602     0.290346     0.291565
Scale:           7404.5     0.290249     0.290023     0.290827
Add:             7721.3     0.417346     0.417188     0.417837
Triad:           7722.6     0.417359     0.417116     0.418473
-------------------------------------------------------------
Solution Validates: avg error less than 1.000000e-13 on all three arrays
-------------------------------------------------------------
-------------------------------------------------------------
STREAM version $Revision: 5.10 $
-------------------------------------------------------------
This system uses 8 bytes per array element.
-------------------------------------------------------------
Array size = 134217728 (elements), Offset = 0 (elements)
Memory per array = 1024.0 MiB (= 1.0 GiB).
Total memory required = 3072.0 MiB (= 3.0 GiB).
Each kernel will be executed 10 times.
 The *best* time for each kernel (excluding the first iteration)
 will be used to compute the reported bandwidth.
-------------------------------------------------------------
Your clock granularity/precision appears to be 1 microseconds.
Each test below will take on the order of 175416 microseconds.
   (= 175416 clock ticks)
Increase the size of the arrays if this shows that
you are not getting at least 20 clock ticks per test.
-------------------------------------------------------------
WARNING -- The above is only a rough guideline.
For best results, please be sure you know the
precision of your system timer.
-------------------------------------------------------------
Function    Best Rate MB/s  Avg time     Min time     Max time
Copy:            7361.0     0.291924     0.291738     0.292388
Scale:           7377.0     0.291292     0.291107     0.291836
Add:             7693.4     0.418930     0.418698     0.419303
Triad:           7704.3     0.419032     0.418110     0.420116
-------------------------------------------------------------
Solution Validates: avg error less than 1.000000e-13 on all three arrays
-------------------------------------------------------------
2
sched_getaffinity = 1 1 1 1 1 1 1 1 1 1 1 1 1 1 1 1 1 1 1 1 
sched_getcpu = 19
** RAPL-logger - Process terminated, computing results
Recorded wall time (s):  17.5280
Domain intel-rapl:0 (package-0) energy consumption (j): 506.1017
Domain intel-rapl:0 (package-0) avg. power consumption (W):  28.8739
Domain intel-rapl:0/intel-rapl:0:0 (dram) energy consumption (j):  44.4362
Domain intel-rapl:0/intel-rapl:0:0 (dram) avg. power consumption (W):   2.5352
Domain intel-rapl:1 (package-1) energy consumption (j): 431.5638
Domain intel-rapl:1 (package-1) avg. power consumption (W):  24.6214
Domain intel-rapl:1/intel-rapl:1:0 (dram) energy consumption (j): 113.3893
Domain intel-rapl:1/intel-rapl:1:0 (dram) avg. power consumption (W):   6.4690
