** RAPL-logger - 2 packages - Sampling freq.  10.0 Hz - Logfiles 0-3: /tmp/rapllog+1594887318
** RAPL-logger - Profiling: ../../allocator 6 ../../stream.bin 7 ../../stream.bin
-------------------------------------------------------------
STREAM version $Revision: 5.10 $
-------------------------------------------------------------
This system uses 8 bytes per array element.
-------------------------------------------------------------
Array size = 134217728 (elements), Offset = 0 (elements)
Memory per array = 1024.0 MiB (= 1.0 GiB).
Total memory required = 3072.0 MiB (= 3.0 GiB).
Each kernel will be executed 10 times.
 The *best* time for each kernel (excluding the first iteration)
 will be used to compute the reported bandwidth.
-------------------------------------------------------------
Your clock granularity/precision appears to be 1 microseconds.
Each test below will take on the order of 172719 microseconds.
   (= 172719 clock ticks)
Increase the size of the arrays if this shows that
you are not getting at least 20 clock ticks per test.
-------------------------------------------------------------
WARNING -- The above is only a rough guideline.
For best results, please be sure you know the
precision of your system timer.
-------------------------------------------------------------
Function    Best Rate MB/s  Avg time     Min time     Max time
Copy:            7512.5     0.286321     0.285853     0.286611
Scale:           7531.4     0.285520     0.285137     0.285834
Add:             7912.5     0.407519     0.407107     0.407782
Triad:           7915.6     0.407258     0.406945     0.407526
-------------------------------------------------------------
Solution Validates: avg error less than 1.000000e-13 on all three arrays
-------------------------------------------------------------
-------------------------------------------------------------
STREAM version $Revision: 5.10 $
-------------------------------------------------------------
This system uses 8 bytes per array element.
-------------------------------------------------------------
Array size = 134217728 (elements), Offset = 0 (elements)
Memory per array = 1024.0 MiB (= 1.0 GiB).
Total memory required = 3072.0 MiB (= 3.0 GiB).
Each kernel will be executed 10 times.
 The *best* time for each kernel (excluding the first iteration)
 will be used to compute the reported bandwidth.
-------------------------------------------------------------
Your clock granularity/precision appears to be 1 microseconds.
Each test below will take on the order of 172451 microseconds.
   (= 172451 clock ticks)
Increase the size of the arrays if this shows that
you are not getting at least 20 clock ticks per test.
-------------------------------------------------------------
WARNING -- The above is only a rough guideline.
For best results, please be sure you know the
precision of your system timer.
-------------------------------------------------------------
Function    Best Rate MB/s  Avg time     Min time     Max time
Copy:            7484.3     0.287350     0.286933     0.287623
Scale:           7507.5     0.286302     0.286045     0.286724
Add:             7886.7     0.408671     0.408440     0.408869
Triad:           7892.6     0.408406     0.408132     0.408763
-------------------------------------------------------------
Solution Validates: avg error less than 1.000000e-13 on all three arrays
-------------------------------------------------------------
2
sched_getaffinity = 1 1 1 1 1 1 1 1 1 1 1 1 1 1 1 1 1 1 1 1 
sched_getcpu = 8
** RAPL-logger - Process terminated, computing results
Recorded wall time (s):  17.1370
Domain intel-rapl:0 (package-0) energy consumption (j): 496.8617
Domain intel-rapl:0 (package-0) avg. power consumption (W):  28.9935
Domain intel-rapl:0/intel-rapl:0:0 (dram) energy consumption (j):  43.6488
Domain intel-rapl:0/intel-rapl:0:0 (dram) avg. power consumption (W):   2.5470
Domain intel-rapl:1 (package-1) energy consumption (j): 426.6654
Domain intel-rapl:1 (package-1) avg. power consumption (W):  24.8973
Domain intel-rapl:1/intel-rapl:1:0 (dram) energy consumption (j): 114.9521
Domain intel-rapl:1/intel-rapl:1:0 (dram) avg. power consumption (W):   6.7078
