** RAPL-logger - 2 packages - Sampling freq.  10.0 Hz - Logfiles 0-3: /tmp/rapllog+1594889153
** RAPL-logger - Profiling: ../../allocator 14 ../../stream.bin 15 ../../stream.bin
-------------------------------------------------------------
STREAM version $Revision: 5.10 $
-------------------------------------------------------------
This system uses 8 bytes per array element.
-------------------------------------------------------------
Array size = 134217728 (elements), Offset = 0 (elements)
Memory per array = 1024.0 MiB (= 1.0 GiB).
Total memory required = 3072.0 MiB (= 3.0 GiB).
Each kernel will be executed 10 times.
 The *best* time for each kernel (excluding the first iteration)
 will be used to compute the reported bandwidth.
-------------------------------------------------------------
Your clock granularity/precision appears to be 1 microseconds.
Each test below will take on the order of 144917 microseconds.
   (= 144917 clock ticks)
Increase the size of the arrays if this shows that
you are not getting at least 20 clock ticks per test.
-------------------------------------------------------------
WARNING -- The above is only a rough guideline.
For best results, please be sure you know the
precision of your system timer.
-------------------------------------------------------------
Function    Best Rate MB/s  Avg time     Min time     Max time
Copy:            9308.4     0.230903     0.230705     0.231414
Scale:           9305.4     0.231382     0.230778     0.232461
Add:             9660.4     0.334063     0.333447     0.335360
Triad:           9637.6     0.334581     0.334236     0.335312
-------------------------------------------------------------
Solution Validates: avg error less than 1.000000e-13 on all three arrays
-------------------------------------------------------------
-------------------------------------------------------------
STREAM version $Revision: 5.10 $
-------------------------------------------------------------
This system uses 8 bytes per array element.
-------------------------------------------------------------
Array size = 134217728 (elements), Offset = 0 (elements)
Memory per array = 1024.0 MiB (= 1.0 GiB).
Total memory required = 3072.0 MiB (= 3.0 GiB).
Each kernel will be executed 10 times.
 The *best* time for each kernel (excluding the first iteration)
 will be used to compute the reported bandwidth.
-------------------------------------------------------------
Your clock granularity/precision appears to be 1 microseconds.
Each test below will take on the order of 145506 microseconds.
   (= 145506 clock ticks)
Increase the size of the arrays if this shows that
you are not getting at least 20 clock ticks per test.
-------------------------------------------------------------
WARNING -- The above is only a rough guideline.
For best results, please be sure you know the
precision of your system timer.
-------------------------------------------------------------
Function    Best Rate MB/s  Avg time     Min time     Max time
Copy:            9243.2     0.232676     0.232331     0.233577
Scale:           9234.5     0.233071     0.232551     0.234292
Add:             9585.0     0.336605     0.336071     0.337771
Triad:           9561.2     0.337289     0.336905     0.337873
-------------------------------------------------------------
Solution Validates: avg error less than 1.000000e-13 on all three arrays
-------------------------------------------------------------
2
sched_getaffinity = 1 1 1 1 1 1 1 1 1 1 1 1 1 1 1 1 1 1 1 1 
sched_getcpu = 1
** RAPL-logger - Process terminated, computing results
Recorded wall time (s):  14.2600
Domain intel-rapl:0 (package-0) energy consumption (j): 344.4908
Domain intel-rapl:0 (package-0) avg. power consumption (W):  24.1578
Domain intel-rapl:0/intel-rapl:0:0 (dram) energy consumption (j):  80.3599
Domain intel-rapl:0/intel-rapl:0:0 (dram) avg. power consumption (W):   5.6353
Domain intel-rapl:1 (package-1) energy consumption (j): 439.2217
Domain intel-rapl:1 (package-1) avg. power consumption (W):  30.8010
Domain intel-rapl:1/intel-rapl:1:0 (dram) energy consumption (j):  53.2941
Domain intel-rapl:1/intel-rapl:1:0 (dram) avg. power consumption (W):   3.7373
