** RAPL-logger - 2 packages - Sampling freq.  10.0 Hz - Logfiles 0-3: /tmp/rapllog+1594889004
** RAPL-logger - Profiling: ../../allocator 5 ../../stream.bin 6 ../../stream.bin
-------------------------------------------------------------
STREAM version $Revision: 5.10 $
-------------------------------------------------------------
This system uses 8 bytes per array element.
-------------------------------------------------------------
Array size = 134217728 (elements), Offset = 0 (elements)
Memory per array = 1024.0 MiB (= 1.0 GiB).
Total memory required = 3072.0 MiB (= 3.0 GiB).
Each kernel will be executed 10 times.
 The *best* time for each kernel (excluding the first iteration)
 will be used to compute the reported bandwidth.
-------------------------------------------------------------
Your clock granularity/precision appears to be 1 microseconds.
Each test below will take on the order of 147162 microseconds.
   (= 147162 clock ticks)
Increase the size of the arrays if this shows that
you are not getting at least 20 clock ticks per test.
-------------------------------------------------------------
WARNING -- The above is only a rough guideline.
For best results, please be sure you know the
precision of your system timer.
-------------------------------------------------------------
Function    Best Rate MB/s  Avg time     Min time     Max time
Copy:            9344.1     0.230021     0.229822     0.230176
Scale:           9327.8     0.230612     0.230225     0.230938
Add:             9748.0     0.331001     0.330449     0.331196
Triad:           9717.6     0.331592     0.331484     0.331707
-------------------------------------------------------------
Solution Validates: avg error less than 1.000000e-13 on all three arrays
-------------------------------------------------------------
-------------------------------------------------------------
STREAM version $Revision: 5.10 $
-------------------------------------------------------------
This system uses 8 bytes per array element.
-------------------------------------------------------------
Array size = 134217728 (elements), Offset = 0 (elements)
Memory per array = 1024.0 MiB (= 1.0 GiB).
Total memory required = 3072.0 MiB (= 3.0 GiB).
Each kernel will be executed 10 times.
 The *best* time for each kernel (excluding the first iteration)
 will be used to compute the reported bandwidth.
-------------------------------------------------------------
Your clock granularity/precision appears to be 1 microseconds.
Each test below will take on the order of 147973 microseconds.
   (= 147973 clock ticks)
Increase the size of the arrays if this shows that
you are not getting at least 20 clock ticks per test.
-------------------------------------------------------------
WARNING -- The above is only a rough guideline.
For best results, please be sure you know the
precision of your system timer.
-------------------------------------------------------------
Function    Best Rate MB/s  Avg time     Min time     Max time
Copy:            9228.4     0.232925     0.232704     0.233253
Scale:           9195.4     0.233777     0.233539     0.233967
Add:             9602.0     0.335752     0.335474     0.335952
Triad:           9578.2     0.336536     0.336309     0.337306
-------------------------------------------------------------
Solution Validates: avg error less than 1.000000e-13 on all three arrays
-------------------------------------------------------------
2
sched_getaffinity = 1 1 1 1 1 1 1 1 1 1 1 1 1 1 1 1 1 1 1 1 
sched_getcpu = 13
** RAPL-logger - Process terminated, computing results
Recorded wall time (s):  14.3140
Domain intel-rapl:0 (package-0) energy consumption (j): 456.4409
Domain intel-rapl:0 (package-0) avg. power consumption (W):  31.8877
Domain intel-rapl:0/intel-rapl:0:0 (dram) energy consumption (j):  76.6279
Domain intel-rapl:0/intel-rapl:0:0 (dram) avg. power consumption (W):   5.3534
Domain intel-rapl:1 (package-1) energy consumption (j): 328.9706
Domain intel-rapl:1 (package-1) avg. power consumption (W):  22.9824
Domain intel-rapl:1/intel-rapl:1:0 (dram) energy consumption (j):  58.2703
Domain intel-rapl:1/intel-rapl:1:0 (dram) avg. power consumption (W):   4.0709
