** RAPL-logger - 2 packages - Sampling freq.  10.0 Hz - Logfiles 0-3: /tmp/rapllog+1594886197
** RAPL-logger - Profiling: ../../allocator 1 ../../stream.bin 2 ../../stream.bin
-------------------------------------------------------------
STREAM version $Revision: 5.10 $
-------------------------------------------------------------
This system uses 8 bytes per array element.
-------------------------------------------------------------
Array size = 134217728 (elements), Offset = 0 (elements)
Memory per array = 1024.0 MiB (= 1.0 GiB).
Total memory required = 3072.0 MiB (= 3.0 GiB).
Each kernel will be executed 10 times.
 The *best* time for each kernel (excluding the first iteration)
 will be used to compute the reported bandwidth.
-------------------------------------------------------------
Your clock granularity/precision appears to be 1 microseconds.
Each test below will take on the order of 124189 microseconds.
   (= 124189 clock ticks)
Increase the size of the arrays if this shows that
you are not getting at least 20 clock ticks per test.
-------------------------------------------------------------
WARNING -- The above is only a rough guideline.
For best results, please be sure you know the
precision of your system timer.
-------------------------------------------------------------
Function    Best Rate MB/s  Avg time     Min time     Max time
Copy:           11018.0     0.195256     0.194906     0.196282
Scale:          10991.0     0.195655     0.195386     0.196069
Add:            11713.1     0.275163     0.275011     0.275488
Triad:          11701.6     0.275823     0.275280     0.276404
-------------------------------------------------------------
Solution Validates: avg error less than 1.000000e-13 on all three arrays
-------------------------------------------------------------
-------------------------------------------------------------
STREAM version $Revision: 5.10 $
-------------------------------------------------------------
This system uses 8 bytes per array element.
-------------------------------------------------------------
Array size = 134217728 (elements), Offset = 0 (elements)
Memory per array = 1024.0 MiB (= 1.0 GiB).
Total memory required = 3072.0 MiB (= 3.0 GiB).
Each kernel will be executed 10 times.
 The *best* time for each kernel (excluding the first iteration)
 will be used to compute the reported bandwidth.
-------------------------------------------------------------
Your clock granularity/precision appears to be 1 microseconds.
Each test below will take on the order of 124556 microseconds.
   (= 124556 clock ticks)
Increase the size of the arrays if this shows that
you are not getting at least 20 clock ticks per test.
-------------------------------------------------------------
WARNING -- The above is only a rough guideline.
For best results, please be sure you know the
precision of your system timer.
-------------------------------------------------------------
Function    Best Rate MB/s  Avg time     Min time     Max time
Copy:           10995.0     0.195665     0.195315     0.196610
Scale:          10968.2     0.196042     0.195791     0.196489
Add:            11689.9     0.275703     0.275557     0.275927
Triad:          11675.9     0.276308     0.275887     0.276720
-------------------------------------------------------------
Solution Validates: avg error less than 1.000000e-13 on all three arrays
-------------------------------------------------------------
2
sched_getaffinity = 1 1 1 1 1 1 1 1 1 1 1 1 1 1 1 1 1 1 1 1 
sched_getcpu = 0
** RAPL-logger - Process terminated, computing results
Recorded wall time (s):  11.8190
Domain intel-rapl:0 (package-0) energy consumption (j): 386.0793
Domain intel-rapl:0 (package-0) avg. power consumption (W):  32.6660
Domain intel-rapl:0/intel-rapl:0:0 (dram) energy consumption (j):  99.4329
Domain intel-rapl:0/intel-rapl:0:0 (dram) avg. power consumption (W):   8.4130
Domain intel-rapl:1 (package-1) energy consumption (j): 227.5228
Domain intel-rapl:1 (package-1) avg. power consumption (W):  19.2506
Domain intel-rapl:1/intel-rapl:1:0 (dram) energy consumption (j):   0.0000
Domain intel-rapl:1/intel-rapl:1:0 (dram) avg. power consumption (W):   0.0000
