** RAPL-logger - 2 packages - Sampling freq.  10.0 Hz - Logfiles 0-3: /tmp/rapllog+1594887482
** RAPL-logger - Profiling: ../../allocator 16 ../../stream.bin 17 ../../stream.bin
-------------------------------------------------------------
STREAM version $Revision: 5.10 $
-------------------------------------------------------------
This system uses 8 bytes per array element.
-------------------------------------------------------------
Array size = 134217728 (elements), Offset = 0 (elements)
Memory per array = 1024.0 MiB (= 1.0 GiB).
Total memory required = 3072.0 MiB (= 3.0 GiB).
Each kernel will be executed 10 times.
 The *best* time for each kernel (excluding the first iteration)
 will be used to compute the reported bandwidth.
-------------------------------------------------------------
Your clock granularity/precision appears to be 1 microseconds.
Each test below will take on the order of 119287 microseconds.
   (= 119287 clock ticks)
Increase the size of the arrays if this shows that
you are not getting at least 20 clock ticks per test.
-------------------------------------------------------------
WARNING -- The above is only a rough guideline.
For best results, please be sure you know the
precision of your system timer.
-------------------------------------------------------------
Function    Best Rate MB/s  Avg time     Min time     Max time
Copy:           11266.0     0.190906     0.190617     0.191147
Scale:          11257.5     0.190913     0.190761     0.191043
Add:            11937.2     0.270030     0.269847     0.270321
Triad:          11914.4     0.270517     0.270363     0.270697
-------------------------------------------------------------
Solution Validates: avg error less than 1.000000e-13 on all three arrays
-------------------------------------------------------------
-------------------------------------------------------------
STREAM version $Revision: 5.10 $
-------------------------------------------------------------
This system uses 8 bytes per array element.
-------------------------------------------------------------
Array size = 134217728 (elements), Offset = 0 (elements)
Memory per array = 1024.0 MiB (= 1.0 GiB).
Total memory required = 3072.0 MiB (= 3.0 GiB).
Each kernel will be executed 10 times.
 The *best* time for each kernel (excluding the first iteration)
 will be used to compute the reported bandwidth.
-------------------------------------------------------------
Your clock granularity/precision appears to be 1 microseconds.
Each test below will take on the order of 120288 microseconds.
   (= 120288 clock ticks)
Increase the size of the arrays if this shows that
you are not getting at least 20 clock ticks per test.
-------------------------------------------------------------
WARNING -- The above is only a rough guideline.
For best results, please be sure you know the
precision of your system timer.
-------------------------------------------------------------
Function    Best Rate MB/s  Avg time     Min time     Max time
Copy:           11230.8     0.191445     0.191213     0.191718
Scale:          11231.0     0.191321     0.191210     0.191424
Add:            11906.2     0.270685     0.270550     0.270993
Triad:          11931.8     0.271281     0.269971     0.271639
-------------------------------------------------------------
Solution Validates: avg error less than 1.000000e-13 on all three arrays
-------------------------------------------------------------
2
sched_getaffinity = 1 1 1 1 1 1 1 1 1 1 1 1 1 1 1 1 1 1 1 1 
sched_getcpu = 8
** RAPL-logger - Process terminated, computing results
Recorded wall time (s):  11.6600
Domain intel-rapl:0 (package-0) energy consumption (j): 229.0127
Domain intel-rapl:0 (package-0) avg. power consumption (W):  19.6409
Domain intel-rapl:0/intel-rapl:0:0 (dram) energy consumption (j):   8.0329
Domain intel-rapl:0/intel-rapl:0:0 (dram) avg. power consumption (W):   0.6889
Domain intel-rapl:1 (package-1) energy consumption (j): 378.4419
Domain intel-rapl:1 (package-1) avg. power consumption (W):  32.4564
Domain intel-rapl:1/intel-rapl:1:0 (dram) energy consumption (j):  88.6361
Domain intel-rapl:1/intel-rapl:1:0 (dram) avg. power consumption (W):   7.6017
