** RAPL-logger - 2 packages - Sampling freq.  10.0 Hz - Logfiles 0-3: /tmp/rapllog+1594886239
** RAPL-logger - Profiling: ../../allocator 4 ../../stream.bin 5 ../../stream.bin
-------------------------------------------------------------
STREAM version $Revision: 5.10 $
-------------------------------------------------------------
This system uses 8 bytes per array element.
-------------------------------------------------------------
Array size = 134217728 (elements), Offset = 0 (elements)
Memory per array = 1024.0 MiB (= 1.0 GiB).
Total memory required = 3072.0 MiB (= 3.0 GiB).
Each kernel will be executed 10 times.
 The *best* time for each kernel (excluding the first iteration)
 will be used to compute the reported bandwidth.
-------------------------------------------------------------
Your clock granularity/precision appears to be 1 microseconds.
Each test below will take on the order of 123631 microseconds.
   (= 123631 clock ticks)
Increase the size of the arrays if this shows that
you are not getting at least 20 clock ticks per test.
-------------------------------------------------------------
WARNING -- The above is only a rough guideline.
For best results, please be sure you know the
precision of your system timer.
-------------------------------------------------------------
Function    Best Rate MB/s  Avg time     Min time     Max time
Copy:           10890.8     0.197349     0.197183     0.197475
Scale:          10879.6     0.197577     0.197386     0.197695
Add:            11563.0     0.278722     0.278581     0.278999
Triad:          11559.4     0.278978     0.278666     0.279201
-------------------------------------------------------------
Solution Validates: avg error less than 1.000000e-13 on all three arrays
-------------------------------------------------------------
-------------------------------------------------------------
STREAM version $Revision: 5.10 $
-------------------------------------------------------------
This system uses 8 bytes per array element.
-------------------------------------------------------------
Array size = 134217728 (elements), Offset = 0 (elements)
Memory per array = 1024.0 MiB (= 1.0 GiB).
Total memory required = 3072.0 MiB (= 3.0 GiB).
Each kernel will be executed 10 times.
 The *best* time for each kernel (excluding the first iteration)
 will be used to compute the reported bandwidth.
-------------------------------------------------------------
Your clock granularity/precision appears to be 1 microseconds.
Each test below will take on the order of 124104 microseconds.
   (= 124104 clock ticks)
Increase the size of the arrays if this shows that
you are not getting at least 20 clock ticks per test.
-------------------------------------------------------------
WARNING -- The above is only a rough guideline.
For best results, please be sure you know the
precision of your system timer.
-------------------------------------------------------------
Function    Best Rate MB/s  Avg time     Min time     Max time
Copy:           10820.3     0.198755     0.198468     0.199028
Scale:          10805.9     0.198939     0.198732     0.199120
Add:            11492.7     0.280474     0.280285     0.280675
Triad:          11517.0     0.281112     0.279693     0.281715
-------------------------------------------------------------
Solution Validates: avg error less than 1.000000e-13 on all three arrays
-------------------------------------------------------------
2
sched_getaffinity = 1 1 1 1 1 1 1 1 1 1 1 1 1 1 1 1 1 1 1 1 
sched_getcpu = 5
** RAPL-logger - Process terminated, computing results
Recorded wall time (s):  11.9330
Domain intel-rapl:0 (package-0) energy consumption (j): 396.5559
Domain intel-rapl:0 (package-0) avg. power consumption (W):  33.2319
Domain intel-rapl:0/intel-rapl:0:0 (dram) energy consumption (j):  99.4864
Domain intel-rapl:0/intel-rapl:0:0 (dram) avg. power consumption (W):   8.3371
Domain intel-rapl:1 (package-1) energy consumption (j): 228.8452
Domain intel-rapl:1 (package-1) avg. power consumption (W):  19.1775
Domain intel-rapl:1/intel-rapl:1:0 (dram) energy consumption (j):   0.0000
Domain intel-rapl:1/intel-rapl:1:0 (dram) avg. power consumption (W):   0.0000
