** RAPL-logger - 2 packages - Sampling freq.  10.0 Hz - Logfiles 0-3: /tmp/rapllog+1594887357
** RAPL-logger - Profiling: ../../allocator 8 ../../stream.bin 9 ../../stream.bin
-------------------------------------------------------------
STREAM version $Revision: 5.10 $
-------------------------------------------------------------
This system uses 8 bytes per array element.
-------------------------------------------------------------
Array size = 134217728 (elements), Offset = 0 (elements)
Memory per array = 1024.0 MiB (= 1.0 GiB).
Total memory required = 3072.0 MiB (= 3.0 GiB).
Each kernel will be executed 10 times.
 The *best* time for each kernel (excluding the first iteration)
 will be used to compute the reported bandwidth.
-------------------------------------------------------------
Your clock granularity/precision appears to be 1 microseconds.
Each test below will take on the order of 173352 microseconds.
   (= 173352 clock ticks)
Increase the size of the arrays if this shows that
you are not getting at least 20 clock ticks per test.
-------------------------------------------------------------
WARNING -- The above is only a rough guideline.
For best results, please be sure you know the
precision of your system timer.
-------------------------------------------------------------
Function    Best Rate MB/s  Avg time     Min time     Max time
Copy:            7452.3     0.288742     0.288163     0.289285
Scale:           7453.5     0.288470     0.288118     0.289185
Add:             7784.7     0.414159     0.413791     0.414888
Triad:           7785.8     0.414001     0.413729     0.414703
-------------------------------------------------------------
Solution Validates: avg error less than 1.000000e-13 on all three arrays
-------------------------------------------------------------
-------------------------------------------------------------
STREAM version $Revision: 5.10 $
-------------------------------------------------------------
This system uses 8 bytes per array element.
-------------------------------------------------------------
Array size = 134217728 (elements), Offset = 0 (elements)
Memory per array = 1024.0 MiB (= 1.0 GiB).
Total memory required = 3072.0 MiB (= 3.0 GiB).
Each kernel will be executed 10 times.
 The *best* time for each kernel (excluding the first iteration)
 will be used to compute the reported bandwidth.
-------------------------------------------------------------
Your clock granularity/precision appears to be 1 microseconds.
Each test below will take on the order of 175374 microseconds.
   (= 175374 clock ticks)
Increase the size of the arrays if this shows that
you are not getting at least 20 clock ticks per test.
-------------------------------------------------------------
WARNING -- The above is only a rough guideline.
For best results, please be sure you know the
precision of your system timer.
-------------------------------------------------------------
Function    Best Rate MB/s  Avg time     Min time     Max time
Copy:            7370.2     0.291815     0.291374     0.292584
Scale:           7386.9     0.291133     0.290716     0.291590
Add:             7708.1     0.418391     0.417904     0.419500
Triad:           7718.9     0.418585     0.417314     0.419324
-------------------------------------------------------------
Solution Validates: avg error less than 1.000000e-13 on all three arrays
-------------------------------------------------------------
2
sched_getaffinity = 1 1 1 1 1 1 1 1 1 1 1 1 1 1 1 1 1 1 1 1 
sched_getcpu = 5
** RAPL-logger - Process terminated, computing results
Recorded wall time (s):  17.4810
Domain intel-rapl:0 (package-0) energy consumption (j): 507.3631
Domain intel-rapl:0 (package-0) avg. power consumption (W):  29.0237
Domain intel-rapl:0/intel-rapl:0:0 (dram) energy consumption (j):  44.5231
Domain intel-rapl:0/intel-rapl:0:0 (dram) avg. power consumption (W):   2.5469
Domain intel-rapl:1 (package-1) energy consumption (j): 433.7660
Domain intel-rapl:1 (package-1) avg. power consumption (W):  24.8136
Domain intel-rapl:1/intel-rapl:1:0 (dram) energy consumption (j): 112.2564
Domain intel-rapl:1/intel-rapl:1:0 (dram) avg. power consumption (W):   6.4216
