** RAPL-logger - 2 packages - Sampling freq.  10.0 Hz - Logfiles 0-3: /tmp/rapllog+1594889021
** RAPL-logger - Profiling: ../../allocator 6 ../../stream.bin 7 ../../stream.bin
-------------------------------------------------------------
STREAM version $Revision: 5.10 $
-------------------------------------------------------------
This system uses 8 bytes per array element.
-------------------------------------------------------------
Array size = 134217728 (elements), Offset = 0 (elements)
Memory per array = 1024.0 MiB (= 1.0 GiB).
Total memory required = 3072.0 MiB (= 3.0 GiB).
Each kernel will be executed 10 times.
 The *best* time for each kernel (excluding the first iteration)
 will be used to compute the reported bandwidth.
-------------------------------------------------------------
Your clock granularity/precision appears to be 1 microseconds.
Each test below will take on the order of 145231 microseconds.
   (= 145231 clock ticks)
Increase the size of the arrays if this shows that
you are not getting at least 20 clock ticks per test.
-------------------------------------------------------------
WARNING -- The above is only a rough guideline.
For best results, please be sure you know the
precision of your system timer.
-------------------------------------------------------------
Function    Best Rate MB/s  Avg time     Min time     Max time
Copy:            9342.9     0.229940     0.229852     0.230071
Scale:           9330.6     0.230502     0.230156     0.230876
Add:             9757.8     0.330348     0.330117     0.330966
Triad:           9744.2     0.330825     0.330579     0.331154
-------------------------------------------------------------
Solution Validates: avg error less than 1.000000e-13 on all three arrays
-------------------------------------------------------------
-------------------------------------------------------------
STREAM version $Revision: 5.10 $
-------------------------------------------------------------
This system uses 8 bytes per array element.
-------------------------------------------------------------
Array size = 134217728 (elements), Offset = 0 (elements)
Memory per array = 1024.0 MiB (= 1.0 GiB).
Total memory required = 3072.0 MiB (= 3.0 GiB).
Each kernel will be executed 10 times.
 The *best* time for each kernel (excluding the first iteration)
 will be used to compute the reported bandwidth.
-------------------------------------------------------------
Your clock granularity/precision appears to be 1 microseconds.
Each test below will take on the order of 145473 microseconds.
   (= 145473 clock ticks)
Increase the size of the arrays if this shows that
you are not getting at least 20 clock ticks per test.
-------------------------------------------------------------
WARNING -- The above is only a rough guideline.
For best results, please be sure you know the
precision of your system timer.
-------------------------------------------------------------
Function    Best Rate MB/s  Avg time     Min time     Max time
Copy:            9313.7     0.230680     0.230573     0.230820
Scale:           9291.9     0.231351     0.231114     0.231756
Add:             9728.3     0.331360     0.331120     0.331871
Triad:           9709.9     0.331937     0.331747     0.332307
-------------------------------------------------------------
Solution Validates: avg error less than 1.000000e-13 on all three arrays
-------------------------------------------------------------
2
sched_getaffinity = 1 1 1 1 1 1 1 1 1 1 1 1 1 1 1 1 1 1 1 1 
sched_getcpu = 16
** RAPL-logger - Process terminated, computing results
Recorded wall time (s):  14.2060
Domain intel-rapl:0 (package-0) energy consumption (j): 455.8704
Domain intel-rapl:0 (package-0) avg. power consumption (W):  32.0900
Domain intel-rapl:0/intel-rapl:0:0 (dram) energy consumption (j):  75.2646
Domain intel-rapl:0/intel-rapl:0:0 (dram) avg. power consumption (W):   5.2981
Domain intel-rapl:1 (package-1) energy consumption (j): 332.7786
Domain intel-rapl:1 (package-1) avg. power consumption (W):  23.4252
Domain intel-rapl:1/intel-rapl:1:0 (dram) energy consumption (j):  59.3245
Domain intel-rapl:1/intel-rapl:1:0 (dram) avg. power consumption (W):   4.1760
