** RAPL-logger - 2 packages - Sampling freq.  10.0 Hz - Logfiles 0-3: /tmp/rapllog+1594832796
** RAPL-logger - Profiling: ../../allocator 7 ../../stream.bin 17 ../../stream.bin
-------------------------------------------------------------
STREAM version $Revision: 5.10 $
-------------------------------------------------------------
This system uses 8 bytes per array element.
-------------------------------------------------------------
Array size = 134217728 (elements), Offset = 0 (elements)
Memory per array = 1024.0 MiB (= 1.0 GiB).
Total memory required = 3072.0 MiB (= 3.0 GiB).
Each kernel will be executed 10 times.
 The *best* time for each kernel (excluding the first iteration)
 will be used to compute the reported bandwidth.
-------------------------------------------------------------
Your clock granularity/precision appears to be 1 microseconds.
Each test below will take on the order of 121500 microseconds.
   (= 121500 clock ticks)
Increase the size of the arrays if this shows that
you are not getting at least 20 clock ticks per test.
-------------------------------------------------------------
WARNING -- The above is only a rough guideline.
For best results, please be sure you know the
precision of your system timer.
-------------------------------------------------------------
Function    Best Rate MB/s  Avg time     Min time     Max time
Copy:           11966.8     0.181924     0.179453     0.188035
Scale:          11916.0     0.181694     0.180219     0.187645
Add:            12811.9     0.255587     0.251424     0.267304
Triad:          12755.8     0.255001     0.252530     0.268714
-------------------------------------------------------------
Solution Validates: avg error less than 1.000000e-13 on all three arrays
-------------------------------------------------------------
-------------------------------------------------------------
STREAM version $Revision: 5.10 $
-------------------------------------------------------------
This system uses 8 bytes per array element.
-------------------------------------------------------------
Array size = 134217728 (elements), Offset = 0 (elements)
Memory per array = 1024.0 MiB (= 1.0 GiB).
Total memory required = 3072.0 MiB (= 3.0 GiB).
Each kernel will be executed 10 times.
 The *best* time for each kernel (excluding the first iteration)
 will be used to compute the reported bandwidth.
-------------------------------------------------------------
Your clock granularity/precision appears to be 1 microseconds.
Each test below will take on the order of 125104 microseconds.
   (= 125104 clock ticks)
Increase the size of the arrays if this shows that
you are not getting at least 20 clock ticks per test.
-------------------------------------------------------------
WARNING -- The above is only a rough guideline.
For best results, please be sure you know the
precision of your system timer.
-------------------------------------------------------------
Function    Best Rate MB/s  Avg time     Min time     Max time
Copy:           11420.1     0.194890     0.188044     0.205552
Scale:          11356.2     0.192260     0.189103     0.206438
Add:            12145.8     0.274015     0.265212     0.284459
Triad:          12078.0     0.273637     0.266703     0.285111
-------------------------------------------------------------
Solution Validates: avg error less than 1.000000e-13 on all three arrays
-------------------------------------------------------------
2
sched_getaffinity = 1 1 1 1 1 1 1 1 1 1 1 1 1 1 1 1 1 1 1 1 
sched_getcpu = 8
** RAPL-logger - Process terminated, computing results
Recorded wall time (s):  11.6900
Domain intel-rapl:0 (package-0) energy consumption (j): 319.1654
Domain intel-rapl:0 (package-0) avg. power consumption (W):  27.3024
Domain intel-rapl:0/intel-rapl:0:0 (dram) energy consumption (j):  66.7320
Domain intel-rapl:0/intel-rapl:0:0 (dram) avg. power consumption (W):   5.7085
Domain intel-rapl:1 (package-1) energy consumption (j): 320.4709
Domain intel-rapl:1 (package-1) avg. power consumption (W):  27.4141
Domain intel-rapl:1/intel-rapl:1:0 (dram) energy consumption (j):  50.7406
Domain intel-rapl:1/intel-rapl:1:0 (dram) avg. power consumption (W):   4.3405
