** RAPL-logger - 2 packages - Sampling freq.  10.0 Hz - Logfiles 0-3: /tmp/rapllog+1594025545
** RAPL-logger - Profiling: ../allocator 30 ../stream.bin 26 ../stream.bin
-------------------------------------------------------------
STREAM version $Revision: 5.10 $
-------------------------------------------------------------
This system uses 8 bytes per array element.
-------------------------------------------------------------
Array size = 134217728 (elements), Offset = 0 (elements)
Memory per array = 1024.0 MiB (= 1.0 GiB).
Total memory required = 3072.0 MiB (= 3.0 GiB).
Each kernel will be executed 10 times.
 The *best* time for each kernel (excluding the first iteration)
 will be used to compute the reported bandwidth.
-------------------------------------------------------------
Your clock granularity/precision appears to be 1 microseconds.
Each test below will take on the order of 245654 microseconds.
   (= 245654 clock ticks)
Increase the size of the arrays if this shows that
you are not getting at least 20 clock ticks per test.
-------------------------------------------------------------
WARNING -- The above is only a rough guideline.
For best results, please be sure you know the
precision of your system timer.
-------------------------------------------------------------
Function    Best Rate MB/s  Avg time     Min time     Max time
Copy:            5622.2     0.383910     0.381965     0.387521
Scale:           5609.6     0.383412     0.382820     0.384045
Add:             6147.3     0.525184     0.524010     0.525748
Triad:           6129.4     0.526018     0.525534     0.526993
-------------------------------------------------------------
Solution Validates: avg error less than 1.000000e-13 on all three arrays
-------------------------------------------------------------
-------------------------------------------------------------
STREAM version $Revision: 5.10 $
-------------------------------------------------------------
This system uses 8 bytes per array element.
-------------------------------------------------------------
Array size = 134217728 (elements), Offset = 0 (elements)
Memory per array = 1024.0 MiB (= 1.0 GiB).
Total memory required = 3072.0 MiB (= 3.0 GiB).
Each kernel will be executed 10 times.
 The *best* time for each kernel (excluding the first iteration)
 will be used to compute the reported bandwidth.
-------------------------------------------------------------
Your clock granularity/precision appears to be 1 microseconds.
Each test below will take on the order of 245779 microseconds.
   (= 245779 clock ticks)
Increase the size of the arrays if this shows that
you are not getting at least 20 clock ticks per test.
-------------------------------------------------------------
WARNING -- The above is only a rough guideline.
For best results, please be sure you know the
precision of your system timer.
-------------------------------------------------------------
Function    Best Rate MB/s  Avg time     Min time     Max time
Copy:            5617.6     0.384107     0.382281     0.387766
Scale:           5610.4     0.383392     0.382767     0.383981
Add:             6143.1     0.524918     0.524363     0.525341
Triad:           6129.0     0.526085     0.525574     0.527104
-------------------------------------------------------------
Solution Validates: avg error less than 1.000000e-13 on all three arrays
-------------------------------------------------------------
2
sched_getaffinity = 1 1 1 1 1 1 1 1 1 1 1 1 1 1 1 1 1 1 1 1 1 1 1 1 1 1 1 1 1 1 1 1 1 1 1 1 1 1 1 1 1 1 1 1 1 1 1 1 1 1 1 1 1 1 1 1 1 1 1 1 1 1 1 1 
sched_getcpu = 39
** RAPL-logger - Process terminated, computing results
Recorded wall time (s):  20.0890
Domain intel-rapl:0 (package-1) energy consumption (j): 661.8464
Domain intel-rapl:0 (package-1) avg. power consumption (W):  32.9457
Domain intel-rapl:0/intel-rapl:0:0 (dram) energy consumption (j):  31.0003
Domain intel-rapl:0/intel-rapl:0:0 (dram) avg. power consumption (W):   1.5431
Domain intel-rapl:1 (package-0) energy consumption (j): 952.9967
Domain intel-rapl:1 (package-0) avg. power consumption (W):  47.4387
Domain intel-rapl:1/intel-rapl:1:0 (dram) energy consumption (j):  67.9837
Domain intel-rapl:1/intel-rapl:1:0 (dram) avg. power consumption (W):   3.3841
