** RAPL-logger - 2 packages - Sampling freq.  10.0 Hz - Logfiles 0-3: /tmp/rapllog+1594873699
** RAPL-logger - Profiling: ../../allocator 11 ../../stream.bin 12 ../../stream.bin
-------------------------------------------------------------
STREAM version $Revision: 5.10 $
-------------------------------------------------------------
This system uses 8 bytes per array element.
-------------------------------------------------------------
Array size = 671088640 (elements), Offset = 0 (elements)
Memory per array = 5120.0 MiB (= 5.0 GiB).
Total memory required = 15360.0 MiB (= 15.0 GiB).
Each kernel will be executed 10 times.
 The *best* time for each kernel (excluding the first iteration)
 will be used to compute the reported bandwidth.
-------------------------------------------------------------
Your clock granularity/precision appears to be 1 microseconds.
Each test below will take on the order of 589351 microseconds.
   (= 589351 clock ticks)
Increase the size of the arrays if this shows that
you are not getting at least 20 clock ticks per test.
-------------------------------------------------------------
WARNING -- The above is only a rough guideline.
For best results, please be sure you know the
precision of your system timer.
-------------------------------------------------------------
Function    Best Rate MB/s  Avg time     Min time     Max time
Copy:           11067.0     0.985929     0.970216     0.996041
Scale:          10934.0     0.991266     0.982023     0.998886
Add:            11591.6     1.389781     1.389460     1.390368
Triad:          11633.8     1.394369     1.384428     1.408830
-------------------------------------------------------------
Solution Validates: avg error less than 1.000000e-13 on all three arrays
-------------------------------------------------------------
-------------------------------------------------------------
STREAM version $Revision: 5.10 $
-------------------------------------------------------------
This system uses 8 bytes per array element.
-------------------------------------------------------------
Array size = 671088640 (elements), Offset = 0 (elements)
Memory per array = 5120.0 MiB (= 5.0 GiB).
Total memory required = 15360.0 MiB (= 15.0 GiB).
Each kernel will be executed 10 times.
 The *best* time for each kernel (excluding the first iteration)
 will be used to compute the reported bandwidth.
-------------------------------------------------------------
Your clock granularity/precision appears to be 1 microseconds.
Each test below will take on the order of 589167 microseconds.
   (= 589167 clock ticks)
Increase the size of the arrays if this shows that
you are not getting at least 20 clock ticks per test.
-------------------------------------------------------------
WARNING -- The above is only a rough guideline.
For best results, please be sure you know the
precision of your system timer.
-------------------------------------------------------------
Function    Best Rate MB/s  Avg time     Min time     Max time
Copy:           11055.8     0.987077     0.971205     0.997072
Scale:          10920.3     0.992700     0.983254     1.000197
Add:            11577.8     1.391518     1.391122     1.391930
Triad:          11621.1     1.395944     1.385933     1.410402
-------------------------------------------------------------
Solution Validates: avg error less than 1.000000e-13 on all three arrays
-------------------------------------------------------------
2
sched_getaffinity = 1 1 1 1 1 1 1 1 1 1 1 1 1 1 1 1 1 1 1 1 
sched_getcpu = 7
** RAPL-logger - Process terminated, computing results
Recorded wall time (s):  59.4840
Domain intel-rapl:0 (package-0) energy consumption (j): 1260.6291
Domain intel-rapl:0 (package-0) avg. power consumption (W):  21.1927
Domain intel-rapl:0/intel-rapl:0:0 (dram) energy consumption (j):  43.1325
Domain intel-rapl:0/intel-rapl:0:0 (dram) avg. power consumption (W):   0.7251
Domain intel-rapl:1 (package-1) energy consumption (j): 1929.9077
Domain intel-rapl:1 (package-1) avg. power consumption (W):  32.4441
Domain intel-rapl:1/intel-rapl:1:0 (dram) energy consumption (j): 444.7839
Domain intel-rapl:1/intel-rapl:1:0 (dram) avg. power consumption (W):   7.4774
