** RAPL-logger - 2 packages - Sampling freq.  10.0 Hz - Logfiles 0-3: /tmp/rapllog+1594808254
** RAPL-logger - Profiling: ../allocator 30 ../stream.bin 31 ../stream.bin
-------------------------------------------------------------
STREAM version $Revision: 5.10 $
-------------------------------------------------------------
This system uses 8 bytes per array element.
-------------------------------------------------------------
Array size = 134217728 (elements), Offset = 0 (elements)
Memory per array = 1024.0 MiB (= 1.0 GiB).
Total memory required = 3072.0 MiB (= 3.0 GiB).
Each kernel will be executed 10 times.
 The *best* time for each kernel (excluding the first iteration)
 will be used to compute the reported bandwidth.
-------------------------------------------------------------
Your clock granularity/precision appears to be 1 microseconds.
Each test below will take on the order of 145750 microseconds.
   (= 145750 clock ticks)
Increase the size of the arrays if this shows that
you are not getting at least 20 clock ticks per test.
-------------------------------------------------------------
WARNING -- The above is only a rough guideline.
For best results, please be sure you know the
precision of your system timer.
-------------------------------------------------------------
Function    Best Rate MB/s  Avg time     Min time     Max time
Copy:            8949.4     0.240242     0.239959     0.240538
Scale:           8844.1     0.243058     0.242816     0.243779
Add:             9253.2     0.348561     0.348119     0.349619
Triad:           9191.8     0.351225     0.350445     0.351792
-------------------------------------------------------------
Solution Validates: avg error less than 1.000000e-13 on all three arrays
-------------------------------------------------------------
-------------------------------------------------------------
STREAM version $Revision: 5.10 $
-------------------------------------------------------------
This system uses 8 bytes per array element.
-------------------------------------------------------------
Array size = 134217728 (elements), Offset = 0 (elements)
Memory per array = 1024.0 MiB (= 1.0 GiB).
Total memory required = 3072.0 MiB (= 3.0 GiB).
Each kernel will be executed 10 times.
 The *best* time for each kernel (excluding the first iteration)
 will be used to compute the reported bandwidth.
-------------------------------------------------------------
Your clock granularity/precision appears to be 1 microseconds.
Each test below will take on the order of 143352 microseconds.
   (= 143352 clock ticks)
Increase the size of the arrays if this shows that
you are not getting at least 20 clock ticks per test.
-------------------------------------------------------------
WARNING -- The above is only a rough guideline.
For best results, please be sure you know the
precision of your system timer.
-------------------------------------------------------------
Function    Best Rate MB/s  Avg time     Min time     Max time
Copy:            8923.6     0.240837     0.240652     0.241106
Scale:           8832.1     0.243472     0.243144     0.244009
Add:             9237.8     0.349513     0.348701     0.350303
Triad:           9160.3     0.352137     0.351651     0.352875
-------------------------------------------------------------
Solution Validates: avg error less than 1.000000e-13 on all three arrays
-------------------------------------------------------------
2
sched_getaffinity = 1 1 1 1 1 1 1 1 1 1 1 1 1 1 1 1 1 1 1 1 1 1 1 1 1 1 1 1 1 1 1 1 1 1 1 1 1 1 1 1 1 1 1 1 1 1 1 1 1 1 1 1 1 1 1 1 1 1 1 1 1 1 1 1 
sched_getcpu = 39
** RAPL-logger - Process terminated, computing results
Recorded wall time (s):  13.6020
Domain intel-rapl:0 (package-1) energy consumption (j): 518.7629
Domain intel-rapl:0 (package-1) avg. power consumption (W):  38.1387
Domain intel-rapl:0/intel-rapl:0:0 (dram) energy consumption (j):  39.2958
Domain intel-rapl:0/intel-rapl:0:0 (dram) avg. power consumption (W):   2.8890
Domain intel-rapl:1 (package-0) energy consumption (j): 604.4602
Domain intel-rapl:1 (package-0) avg. power consumption (W):  44.4391
Domain intel-rapl:1/intel-rapl:1:0 (dram) energy consumption (j):  41.4117
Domain intel-rapl:1/intel-rapl:1:0 (dram) avg. power consumption (W):   3.0445
