** RAPL-logger - 2 packages - Sampling freq.  10.0 Hz - Logfiles 0-3: /tmp/rapllog+1594025923
** RAPL-logger - Profiling: ../allocator 27 ../stream.bin 23 ../stream.bin
-------------------------------------------------------------
STREAM version $Revision: 5.10 $
-------------------------------------------------------------
This system uses 8 bytes per array element.
-------------------------------------------------------------
Array size = 134217728 (elements), Offset = 0 (elements)
Memory per array = 1024.0 MiB (= 1.0 GiB).
Total memory required = 3072.0 MiB (= 3.0 GiB).
Each kernel will be executed 10 times.
 The *best* time for each kernel (excluding the first iteration)
 will be used to compute the reported bandwidth.
-------------------------------------------------------------
Your clock granularity/precision appears to be 1 microseconds.
Each test below will take on the order of 246956 microseconds.
   (= 246956 clock ticks)
Increase the size of the arrays if this shows that
you are not getting at least 20 clock ticks per test.
-------------------------------------------------------------
WARNING -- The above is only a rough guideline.
For best results, please be sure you know the
precision of your system timer.
-------------------------------------------------------------
Function    Best Rate MB/s  Avg time     Min time     Max time
Copy:            5630.9     0.382088     0.381374     0.382528
Scale:           5604.4     0.383505     0.383180     0.383876
Add:             6139.7     0.525742     0.524653     0.526946
Triad:           6127.7     0.526454     0.525683     0.527484
-------------------------------------------------------------
Solution Validates: avg error less than 1.000000e-13 on all three arrays
-------------------------------------------------------------
-------------------------------------------------------------
STREAM version $Revision: 5.10 $
-------------------------------------------------------------
This system uses 8 bytes per array element.
-------------------------------------------------------------
Array size = 134217728 (elements), Offset = 0 (elements)
Memory per array = 1024.0 MiB (= 1.0 GiB).
Total memory required = 3072.0 MiB (= 3.0 GiB).
Each kernel will be executed 10 times.
 The *best* time for each kernel (excluding the first iteration)
 will be used to compute the reported bandwidth.
-------------------------------------------------------------
Your clock granularity/precision appears to be 1 microseconds.
Each test below will take on the order of 248118 microseconds.
   (= 248118 clock ticks)
Increase the size of the arrays if this shows that
you are not getting at least 20 clock ticks per test.
-------------------------------------------------------------
WARNING -- The above is only a rough guideline.
For best results, please be sure you know the
precision of your system timer.
-------------------------------------------------------------
Function    Best Rate MB/s  Avg time     Min time     Max time
Copy:            5634.5     0.381913     0.381132     0.382248
Scale:           5602.4     0.383654     0.383313     0.384104
Add:             6142.0     0.525510     0.524455     0.526702
Triad:           6125.0     0.526675     0.525913     0.527812
-------------------------------------------------------------
Solution Validates: avg error less than 1.000000e-13 on all three arrays
-------------------------------------------------------------
2
sched_getaffinity = 1 1 1 1 1 1 1 1 1 1 1 1 1 1 1 1 1 1 1 1 1 1 1 1 1 1 1 1 1 1 1 1 1 1 1 1 1 1 1 1 1 1 1 1 1 1 1 1 1 1 1 1 1 1 1 1 1 1 1 1 1 1 1 1 
sched_getcpu = 39
** RAPL-logger - Process terminated, computing results
Recorded wall time (s):  20.0950
Domain intel-rapl:0 (package-1) energy consumption (j): 809.8192
Domain intel-rapl:0 (package-1) avg. power consumption (W):  40.2995
Domain intel-rapl:0/intel-rapl:0:0 (dram) energy consumption (j):  66.3433
Domain intel-rapl:0/intel-rapl:0:0 (dram) avg. power consumption (W):   3.3015
Domain intel-rapl:1 (package-0) energy consumption (j): 791.6912
Domain intel-rapl:1 (package-0) avg. power consumption (W):  39.3974
Domain intel-rapl:1/intel-rapl:1:0 (dram) energy consumption (j):  32.0010
Domain intel-rapl:1/intel-rapl:1:0 (dram) avg. power consumption (W):   1.5925
