** RAPL-logger - 2 packages - Sampling freq.  10.0 Hz - Logfiles 0-3: /tmp/rapllog+1594873575
** RAPL-logger - Profiling: ../../allocator 9 ../../stream.bin 0 ../../stream.bin
-------------------------------------------------------------
STREAM version $Revision: 5.10 $
-------------------------------------------------------------
This system uses 8 bytes per array element.
-------------------------------------------------------------
Array size = 671088640 (elements), Offset = 0 (elements)
Memory per array = 5120.0 MiB (= 5.0 GiB).
Total memory required = 15360.0 MiB (= 15.0 GiB).
Each kernel will be executed 10 times.
 The *best* time for each kernel (excluding the first iteration)
 will be used to compute the reported bandwidth.
-------------------------------------------------------------
Your clock granularity/precision appears to be 1 microseconds.
Each test below will take on the order of 606920 microseconds.
   (= 606920 clock ticks)
Increase the size of the arrays if this shows that
you are not getting at least 20 clock ticks per test.
-------------------------------------------------------------
WARNING -- The above is only a rough guideline.
For best results, please be sure you know the
precision of your system timer.
-------------------------------------------------------------
Function    Best Rate MB/s  Avg time     Min time     Max time
Copy:           11029.9     0.981854     0.973480     0.989546
Scale:          10971.8     0.988033     0.978640     0.993586
Add:            11674.3     1.385964     1.379627     1.390269
Triad:          11762.5     1.382745     1.369275     1.392560
-------------------------------------------------------------
Solution Validates: avg error less than 1.000000e-13 on all three arrays
-------------------------------------------------------------
-------------------------------------------------------------
STREAM version $Revision: 5.10 $
-------------------------------------------------------------
This system uses 8 bytes per array element.
-------------------------------------------------------------
Array size = 671088640 (elements), Offset = 0 (elements)
Memory per array = 5120.0 MiB (= 5.0 GiB).
Total memory required = 15360.0 MiB (= 15.0 GiB).
Each kernel will be executed 10 times.
 The *best* time for each kernel (excluding the first iteration)
 will be used to compute the reported bandwidth.
-------------------------------------------------------------
Your clock granularity/precision appears to be 1 microseconds.
Each test below will take on the order of 619369 microseconds.
   (= 619369 clock ticks)
Increase the size of the arrays if this shows that
you are not getting at least 20 clock ticks per test.
-------------------------------------------------------------
WARNING -- The above is only a rough guideline.
For best results, please be sure you know the
precision of your system timer.
-------------------------------------------------------------
Function    Best Rate MB/s  Avg time     Min time     Max time
Copy:           10819.2     0.998910     0.992445     1.001246
Scale:          10892.7     0.993219     0.985744     1.002604
Add:            11584.8     1.396583     1.390284     1.399541
Triad:          11684.2     1.401262     1.378456     1.418259
-------------------------------------------------------------
Solution Validates: avg error less than 1.000000e-13 on all three arrays
-------------------------------------------------------------
2
sched_getaffinity = 1 1 1 1 1 1 1 1 1 1 1 1 1 1 1 1 1 1 1 1 
sched_getcpu = 11
** RAPL-logger - Process terminated, computing results
Recorded wall time (s):  59.3850
Domain intel-rapl:0 (package-0) energy consumption (j): 2034.7295
Domain intel-rapl:0 (package-0) avg. power consumption (W):  34.2634
Domain intel-rapl:0/intel-rapl:0:0 (dram) energy consumption (j): 513.9733
Domain intel-rapl:0/intel-rapl:0:0 (dram) avg. power consumption (W):   8.6549
Domain intel-rapl:1 (package-1) energy consumption (j): 1152.3818
Domain intel-rapl:1 (package-1) avg. power consumption (W):  19.4053
Domain intel-rapl:1/intel-rapl:1:0 (dram) energy consumption (j):   0.0026
Domain intel-rapl:1/intel-rapl:1:0 (dram) avg. power consumption (W):   0.0000
