** RAPL-logger - 2 packages - Sampling freq.  10.0 Hz - Logfiles 0-3: /tmp/rapllog+1594808223
** RAPL-logger - Profiling: ../allocator 24 ../stream.bin 25 ../stream.bin
-------------------------------------------------------------
STREAM version $Revision: 5.10 $
-------------------------------------------------------------
This system uses 8 bytes per array element.
-------------------------------------------------------------
Array size = 134217728 (elements), Offset = 0 (elements)
Memory per array = 1024.0 MiB (= 1.0 GiB).
Total memory required = 3072.0 MiB (= 3.0 GiB).
Each kernel will be executed 10 times.
 The *best* time for each kernel (excluding the first iteration)
 will be used to compute the reported bandwidth.
-------------------------------------------------------------
Your clock granularity/precision appears to be 1 microseconds.
Each test below will take on the order of 145337 microseconds.
   (= 145337 clock ticks)
Increase the size of the arrays if this shows that
you are not getting at least 20 clock ticks per test.
-------------------------------------------------------------
WARNING -- The above is only a rough guideline.
For best results, please be sure you know the
precision of your system timer.
-------------------------------------------------------------
Function    Best Rate MB/s  Avg time     Min time     Max time
Copy:            8937.6     0.240737     0.240275     0.241116
Scale:           8836.3     0.243362     0.243030     0.243827
Add:             9238.0     0.349300     0.348694     0.350009
Triad:           9171.9     0.351780     0.351205     0.352206
-------------------------------------------------------------
Solution Validates: avg error less than 1.000000e-13 on all three arrays
-------------------------------------------------------------
-------------------------------------------------------------
STREAM version $Revision: 5.10 $
-------------------------------------------------------------
This system uses 8 bytes per array element.
-------------------------------------------------------------
Array size = 134217728 (elements), Offset = 0 (elements)
Memory per array = 1024.0 MiB (= 1.0 GiB).
Total memory required = 3072.0 MiB (= 3.0 GiB).
Each kernel will be executed 10 times.
 The *best* time for each kernel (excluding the first iteration)
 will be used to compute the reported bandwidth.
-------------------------------------------------------------
Your clock granularity/precision appears to be 1 microseconds.
Each test below will take on the order of 148194 microseconds.
   (= 148194 clock ticks)
Increase the size of the arrays if this shows that
you are not getting at least 20 clock ticks per test.
-------------------------------------------------------------
WARNING -- The above is only a rough guideline.
For best results, please be sure you know the
precision of your system timer.
-------------------------------------------------------------
Function    Best Rate MB/s  Avg time     Min time     Max time
Copy:            8932.4     0.240870     0.240415     0.241538
Scale:           8835.1     0.243442     0.243063     0.244159
Add:             9243.4     0.349397     0.348491     0.350417
Triad:           9165.3     0.352121     0.351460     0.353887
-------------------------------------------------------------
Solution Validates: avg error less than 1.000000e-13 on all three arrays
-------------------------------------------------------------
2
sched_getaffinity = 1 1 1 1 1 1 1 1 1 1 1 1 1 1 1 1 1 1 1 1 1 1 1 1 1 1 1 1 1 1 1 1 1 1 1 1 1 1 1 1 1 1 1 1 1 1 1 1 1 1 1 1 1 1 1 1 1 1 1 1 1 1 1 1 
sched_getcpu = 38
** RAPL-logger - Process terminated, computing results
Recorded wall time (s):  13.6110
Domain intel-rapl:0 (package-1) energy consumption (j): 517.0090
Domain intel-rapl:0 (package-1) avg. power consumption (W):  37.9846
Domain intel-rapl:0/intel-rapl:0:0 (dram) energy consumption (j):  39.2012
Domain intel-rapl:0/intel-rapl:0:0 (dram) avg. power consumption (W):   2.8801
Domain intel-rapl:1 (package-0) energy consumption (j): 604.8891
Domain intel-rapl:1 (package-0) avg. power consumption (W):  44.4412
Domain intel-rapl:1/intel-rapl:1:0 (dram) energy consumption (j):  41.4434
Domain intel-rapl:1/intel-rapl:1:0 (dram) avg. power consumption (W):   3.0448
