** RAPL-logger - 2 packages - Sampling freq.  10.0 Hz - Logfiles 0-3: /tmp/rapllog+1594026616
** RAPL-logger - Profiling: ../allocator 11 ../stream.bin 43 ../stream.bin
-------------------------------------------------------------
STREAM version $Revision: 5.10 $
-------------------------------------------------------------
This system uses 8 bytes per array element.
-------------------------------------------------------------
Array size = 134217728 (elements), Offset = 0 (elements)
Memory per array = 1024.0 MiB (= 1.0 GiB).
Total memory required = 3072.0 MiB (= 3.0 GiB).
Each kernel will be executed 10 times.
 The *best* time for each kernel (excluding the first iteration)
 will be used to compute the reported bandwidth.
-------------------------------------------------------------
Your clock granularity/precision appears to be 1 microseconds.
Each test below will take on the order of 277241 microseconds.
   (= 277241 clock ticks)
Increase the size of the arrays if this shows that
you are not getting at least 20 clock ticks per test.
-------------------------------------------------------------
WARNING -- The above is only a rough guideline.
For best results, please be sure you know the
precision of your system timer.
-------------------------------------------------------------
Function    Best Rate MB/s  Avg time     Min time     Max time
Copy:            4658.3     0.462507     0.460998     0.465029
Scale:           4645.6     0.463859     0.462257     0.465105
Add:             4726.6     0.682662     0.681513     0.683878
Triad:           4729.7     0.682912     0.681070     0.684980
-------------------------------------------------------------
Solution Validates: avg error less than 1.000000e-13 on all three arrays
-------------------------------------------------------------
-------------------------------------------------------------
STREAM version $Revision: 5.10 $
-------------------------------------------------------------
This system uses 8 bytes per array element.
-------------------------------------------------------------
Array size = 134217728 (elements), Offset = 0 (elements)
Memory per array = 1024.0 MiB (= 1.0 GiB).
Total memory required = 3072.0 MiB (= 3.0 GiB).
Each kernel will be executed 10 times.
 The *best* time for each kernel (excluding the first iteration)
 will be used to compute the reported bandwidth.
-------------------------------------------------------------
Your clock granularity/precision appears to be 1 microseconds.
Each test below will take on the order of 278254 microseconds.
   (= 278254 clock ticks)
Increase the size of the arrays if this shows that
you are not getting at least 20 clock ticks per test.
-------------------------------------------------------------
WARNING -- The above is only a rough guideline.
For best results, please be sure you know the
precision of your system timer.
-------------------------------------------------------------
Function    Best Rate MB/s  Avg time     Min time     Max time
Copy:            4657.8     0.462920     0.461049     0.464806
Scale:           4637.5     0.464138     0.463070     0.464843
Add:             4727.1     0.682522     0.681438     0.683564
Triad:           4737.7     0.682945     0.679916     0.685152
-------------------------------------------------------------
Solution Validates: avg error less than 1.000000e-13 on all three arrays
-------------------------------------------------------------
2
sched_getaffinity = 1 1 1 1 1 1 1 1 1 1 1 1 1 1 1 1 1 1 1 1 1 1 1 1 1 1 1 1 1 1 1 1 1 1 1 1 1 1 1 1 1 1 1 1 1 1 1 1 1 1 1 1 1 1 1 1 1 1 1 1 1 1 1 1 
sched_getcpu = 39
** RAPL-logger - Process terminated, computing results
Recorded wall time (s):  25.6280
Domain intel-rapl:0 (package-1) energy consumption (j): 977.5723
Domain intel-rapl:0 (package-1) avg. power consumption (W):  38.1447
Domain intel-rapl:0/intel-rapl:0:0 (dram) energy consumption (j):  77.8833
Domain intel-rapl:0/intel-rapl:0:0 (dram) avg. power consumption (W):   3.0390
Domain intel-rapl:1 (package-0) energy consumption (j): 1009.3442
Domain intel-rapl:1 (package-0) avg. power consumption (W):  39.3844
Domain intel-rapl:1/intel-rapl:1:0 (dram) energy consumption (j):  41.1047
Domain intel-rapl:1/intel-rapl:1:0 (dram) avg. power consumption (W):   1.6039
