** RAPL-logger - 2 packages - Sampling freq.  10.0 Hz - Logfiles 0-3: /tmp/rapllog+1594871864
** RAPL-logger - Profiling: ../../allocator 3 ../../stream.bin 13 ../../stream.bin
-------------------------------------------------------------
STREAM version $Revision: 5.10 $
-------------------------------------------------------------
This system uses 8 bytes per array element.
-------------------------------------------------------------
Array size = 671088640 (elements), Offset = 0 (elements)
Memory per array = 5120.0 MiB (= 5.0 GiB).
Total memory required = 15360.0 MiB (= 15.0 GiB).
Each kernel will be executed 10 times.
 The *best* time for each kernel (excluding the first iteration)
 will be used to compute the reported bandwidth.
-------------------------------------------------------------
Your clock granularity/precision appears to be 1 microseconds.
Each test below will take on the order of 607310 microseconds.
   (= 607310 clock ticks)
Increase the size of the arrays if this shows that
you are not getting at least 20 clock ticks per test.
-------------------------------------------------------------
WARNING -- The above is only a rough guideline.
For best results, please be sure you know the
precision of your system timer.
-------------------------------------------------------------
Function    Best Rate MB/s  Avg time     Min time     Max time
Copy:           11656.7     0.929589     0.921134     0.942492
Scale:          11576.0     0.941888     0.927555     0.954319
Add:            12461.0     1.305393     1.292527     1.315436
Triad:          12363.2     1.312377     1.302743     1.320042
-------------------------------------------------------------
Solution Validates: avg error less than 1.000000e-13 on all three arrays
-------------------------------------------------------------
-------------------------------------------------------------
STREAM version $Revision: 5.10 $
-------------------------------------------------------------
This system uses 8 bytes per array element.
-------------------------------------------------------------
Array size = 671088640 (elements), Offset = 0 (elements)
Memory per array = 5120.0 MiB (= 5.0 GiB).
Total memory required = 15360.0 MiB (= 15.0 GiB).
Each kernel will be executed 10 times.
 The *best* time for each kernel (excluding the first iteration)
 will be used to compute the reported bandwidth.
-------------------------------------------------------------
Your clock granularity/precision appears to be 1 microseconds.
Each test below will take on the order of 591654 microseconds.
   (= 591654 clock ticks)
Increase the size of the arrays if this shows that
you are not getting at least 20 clock ticks per test.
-------------------------------------------------------------
WARNING -- The above is only a rough guideline.
For best results, please be sure you know the
precision of your system timer.
-------------------------------------------------------------
Function    Best Rate MB/s  Avg time     Min time     Max time
Copy:           11552.8     0.936510     0.929419     0.947144
Scale:          11489.0     0.941331     0.934584     0.952277
Add:            12410.2     1.314101     1.297816     1.330061
Triad:          12262.2     1.321320     1.313480     1.329332
-------------------------------------------------------------
Solution Validates: avg error less than 1.000000e-13 on all three arrays
-------------------------------------------------------------
2
sched_getaffinity = 1 1 1 1 1 1 1 1 1 1 1 1 1 1 1 1 1 1 1 1 
sched_getcpu = 17
** RAPL-logger - Process terminated, computing results
Recorded wall time (s):  56.7550
Domain intel-rapl:0 (package-0) energy consumption (j): 1586.9726
Domain intel-rapl:0 (package-0) avg. power consumption (W):  27.9618
Domain intel-rapl:0/intel-rapl:0:0 (dram) energy consumption (j): 338.1295
Domain intel-rapl:0/intel-rapl:0:0 (dram) avg. power consumption (W):   5.9577
Domain intel-rapl:1 (package-1) energy consumption (j): 1566.8793
Domain intel-rapl:1 (package-1) avg. power consumption (W):  27.6078
Domain intel-rapl:1/intel-rapl:1:0 (dram) energy consumption (j): 258.7953
Domain intel-rapl:1/intel-rapl:1:0 (dram) avg. power consumption (W):   4.5599
