** RAPL-logger - 2 packages - Sampling freq.  10.0 Hz - Logfiles 0-3: /tmp/rapllog+1594025634
** RAPL-logger - Profiling: ../allocator 1 ../stream.bin 5 ../stream.bin
-------------------------------------------------------------
STREAM version $Revision: 5.10 $
-------------------------------------------------------------
This system uses 8 bytes per array element.
-------------------------------------------------------------
Array size = 134217728 (elements), Offset = 0 (elements)
Memory per array = 1024.0 MiB (= 1.0 GiB).
Total memory required = 3072.0 MiB (= 3.0 GiB).
Each kernel will be executed 10 times.
 The *best* time for each kernel (excluding the first iteration)
 will be used to compute the reported bandwidth.
-------------------------------------------------------------
Your clock granularity/precision appears to be 1 microseconds.
Each test below will take on the order of 256964 microseconds.
   (= 256964 clock ticks)
Increase the size of the arrays if this shows that
you are not getting at least 20 clock ticks per test.
-------------------------------------------------------------
WARNING -- The above is only a rough guideline.
For best results, please be sure you know the
precision of your system timer.
-------------------------------------------------------------
Function    Best Rate MB/s  Avg time     Min time     Max time
Copy:            5635.4     0.382226     0.381068     0.384443
Scale:           5613.9     0.383144     0.382529     0.383788
Add:             6127.3     0.527294     0.525718     0.530074
Triad:           6113.7     0.527508     0.526884     0.528055
-------------------------------------------------------------
Solution Validates: avg error less than 1.000000e-13 on all three arrays
-------------------------------------------------------------
-------------------------------------------------------------
STREAM version $Revision: 5.10 $
-------------------------------------------------------------
This system uses 8 bytes per array element.
-------------------------------------------------------------
Array size = 134217728 (elements), Offset = 0 (elements)
Memory per array = 1024.0 MiB (= 1.0 GiB).
Total memory required = 3072.0 MiB (= 3.0 GiB).
Each kernel will be executed 10 times.
 The *best* time for each kernel (excluding the first iteration)
 will be used to compute the reported bandwidth.
-------------------------------------------------------------
Your clock granularity/precision appears to be 1 microseconds.
Each test below will take on the order of 257036 microseconds.
   (= 257036 clock ticks)
Increase the size of the arrays if this shows that
you are not getting at least 20 clock ticks per test.
-------------------------------------------------------------
WARNING -- The above is only a rough guideline.
For best results, please be sure you know the
precision of your system timer.
-------------------------------------------------------------
Function    Best Rate MB/s  Avg time     Min time     Max time
Copy:            5636.6     0.382210     0.380991     0.384581
Scale:           5614.3     0.383241     0.382502     0.383899
Add:             6129.1     0.527189     0.525562     0.530607
Triad:           6113.4     0.527629     0.526916     0.528333
-------------------------------------------------------------
Solution Validates: avg error less than 1.000000e-13 on all three arrays
-------------------------------------------------------------
2
sched_getaffinity = 1 1 1 1 1 1 1 1 1 1 1 1 1 1 1 1 1 1 1 1 1 1 1 1 1 1 1 1 1 1 1 1 1 1 1 1 1 1 1 1 1 1 1 1 1 1 1 1 1 1 1 1 1 1 1 1 1 1 1 1 1 1 1 1 
sched_getcpu = 38
** RAPL-logger - Process terminated, computing results
Recorded wall time (s):  20.1460
Domain intel-rapl:0 (package-1) energy consumption (j): 802.2337
Domain intel-rapl:0 (package-1) avg. power consumption (W):  39.8210
Domain intel-rapl:0/intel-rapl:0:0 (dram) energy consumption (j):  66.4386
Domain intel-rapl:0/intel-rapl:0:0 (dram) avg. power consumption (W):   3.2979
Domain intel-rapl:1 (package-0) energy consumption (j): 790.5516
Domain intel-rapl:1 (package-0) avg. power consumption (W):  39.2411
Domain intel-rapl:1/intel-rapl:1:0 (dram) energy consumption (j):  32.5586
Domain intel-rapl:1/intel-rapl:1:0 (dram) avg. power consumption (W):   1.6161
