** RAPL-logger - 2 packages - Sampling freq.  10.0 Hz - Logfiles 0-3: /tmp/rapllog+1594833270
** RAPL-logger - Profiling: ../../allocator 18 ../../stream.bin 19 ../../stream.bin
-------------------------------------------------------------
STREAM version $Revision: 5.10 $
-------------------------------------------------------------
This system uses 8 bytes per array element.
-------------------------------------------------------------
Array size = 134217728 (elements), Offset = 0 (elements)
Memory per array = 1024.0 MiB (= 1.0 GiB).
Total memory required = 3072.0 MiB (= 3.0 GiB).
Each kernel will be executed 10 times.
 The *best* time for each kernel (excluding the first iteration)
 will be used to compute the reported bandwidth.
-------------------------------------------------------------
Your clock granularity/precision appears to be 1 microseconds.
Each test below will take on the order of 120961 microseconds.
   (= 120961 clock ticks)
Increase the size of the arrays if this shows that
you are not getting at least 20 clock ticks per test.
-------------------------------------------------------------
WARNING -- The above is only a rough guideline.
For best results, please be sure you know the
precision of your system timer.
-------------------------------------------------------------
Function    Best Rate MB/s  Avg time     Min time     Max time
Copy:           11080.0     0.199616     0.193816     0.211239
Scale:          11087.2     0.195823     0.193691     0.202579
Add:            11694.7     0.284078     0.275444     0.292583
Triad:          11665.0     0.283850     0.276144     0.293556
-------------------------------------------------------------
Solution Validates: avg error less than 1.000000e-13 on all three arrays
-------------------------------------------------------------
-------------------------------------------------------------
STREAM version $Revision: 5.10 $
-------------------------------------------------------------
This system uses 8 bytes per array element.
-------------------------------------------------------------
Array size = 134217728 (elements), Offset = 0 (elements)
Memory per array = 1024.0 MiB (= 1.0 GiB).
Total memory required = 3072.0 MiB (= 3.0 GiB).
Each kernel will be executed 10 times.
 The *best* time for each kernel (excluding the first iteration)
 will be used to compute the reported bandwidth.
-------------------------------------------------------------
Your clock granularity/precision appears to be 1 microseconds.
Each test below will take on the order of 122106 microseconds.
   (= 122106 clock ticks)
Increase the size of the arrays if this shows that
you are not getting at least 20 clock ticks per test.
-------------------------------------------------------------
WARNING -- The above is only a rough guideline.
For best results, please be sure you know the
precision of your system timer.
-------------------------------------------------------------
Function    Best Rate MB/s  Avg time     Min time     Max time
Copy:           10933.7     0.200580     0.196410     0.213555
Scale:          10893.7     0.201165     0.197130     0.214292
Add:            11479.6     0.290540     0.280605     0.298189
Triad:          11510.2     0.287289     0.279858     0.299140
-------------------------------------------------------------
Solution Validates: avg error less than 1.000000e-13 on all three arrays
-------------------------------------------------------------
2
sched_getaffinity = 1 1 1 1 1 1 1 1 1 1 1 1 1 1 1 1 1 1 1 1 
sched_getcpu = 4
** RAPL-logger - Process terminated, computing results
Recorded wall time (s):  12.1900
Domain intel-rapl:0 (package-0) energy consumption (j): 241.3301
Domain intel-rapl:0 (package-0) avg. power consumption (W):  19.7974
Domain intel-rapl:0/intel-rapl:0:0 (dram) energy consumption (j):   8.4022
Domain intel-rapl:0/intel-rapl:0:0 (dram) avg. power consumption (W):   0.6893
Domain intel-rapl:1 (package-1) energy consumption (j): 393.3918
Domain intel-rapl:1 (package-1) avg. power consumption (W):  32.2717
Domain intel-rapl:1/intel-rapl:1:0 (dram) energy consumption (j):  90.0891
Domain intel-rapl:1/intel-rapl:1:0 (dram) avg. power consumption (W):   7.3904
