** RAPL-logger - 2 packages - Sampling freq.  10.0 Hz - Logfiles 0-3: /tmp/rapllog+1594026477
** RAPL-logger - Profiling: ../allocator 1 ../stream.bin 33 ../stream.bin
-------------------------------------------------------------
STREAM version $Revision: 5.10 $
-------------------------------------------------------------
This system uses 8 bytes per array element.
-------------------------------------------------------------
Array size = 134217728 (elements), Offset = 0 (elements)
Memory per array = 1024.0 MiB (= 1.0 GiB).
Total memory required = 3072.0 MiB (= 3.0 GiB).
Each kernel will be executed 10 times.
 The *best* time for each kernel (excluding the first iteration)
 will be used to compute the reported bandwidth.
-------------------------------------------------------------
Your clock granularity/precision appears to be 1 microseconds.
Each test below will take on the order of 278492 microseconds.
   (= 278492 clock ticks)
Increase the size of the arrays if this shows that
you are not getting at least 20 clock ticks per test.
-------------------------------------------------------------
WARNING -- The above is only a rough guideline.
For best results, please be sure you know the
precision of your system timer.
-------------------------------------------------------------
Function    Best Rate MB/s  Avg time     Min time     Max time
Copy:            4632.9     0.464424     0.463531     0.465401
Scale:           4623.9     0.465808     0.464430     0.467468
Add:             4694.9     0.686652     0.686111     0.687097
Triad:           4696.7     0.687193     0.685854     0.688903
-------------------------------------------------------------
Solution Validates: avg error less than 1.000000e-13 on all three arrays
-------------------------------------------------------------
-------------------------------------------------------------
STREAM version $Revision: 5.10 $
-------------------------------------------------------------
This system uses 8 bytes per array element.
-------------------------------------------------------------
Array size = 134217728 (elements), Offset = 0 (elements)
Memory per array = 1024.0 MiB (= 1.0 GiB).
Total memory required = 3072.0 MiB (= 3.0 GiB).
Each kernel will be executed 10 times.
 The *best* time for each kernel (excluding the first iteration)
 will be used to compute the reported bandwidth.
-------------------------------------------------------------
Your clock granularity/precision appears to be 1 microseconds.
Each test below will take on the order of 279323 microseconds.
   (= 279323 clock ticks)
Increase the size of the arrays if this shows that
you are not getting at least 20 clock ticks per test.
-------------------------------------------------------------
WARNING -- The above is only a rough guideline.
For best results, please be sure you know the
precision of your system timer.
-------------------------------------------------------------
Function    Best Rate MB/s  Avg time     Min time     Max time
Copy:            4630.2     0.464796     0.463800     0.465547
Scale:           4616.3     0.466188     0.465199     0.467445
Add:             4696.9     0.686595     0.685814     0.687400
Triad:           4707.9     0.687188     0.684222     0.688340
-------------------------------------------------------------
Solution Validates: avg error less than 1.000000e-13 on all three arrays
-------------------------------------------------------------
2
sched_getaffinity = 1 1 1 1 1 1 1 1 1 1 1 1 1 1 1 1 1 1 1 1 1 1 1 1 1 1 1 1 1 1 1 1 1 1 1 1 1 1 1 1 1 1 1 1 1 1 1 1 1 1 1 1 1 1 1 1 1 1 1 1 1 1 1 1 
sched_getcpu = 39
** RAPL-logger - Process terminated, computing results
Recorded wall time (s):  25.7770
Domain intel-rapl:0 (package-1) energy consumption (j): 985.6282
Domain intel-rapl:0 (package-1) avg. power consumption (W):  38.2367
Domain intel-rapl:0/intel-rapl:0:0 (dram) energy consumption (j):  78.7575
Domain intel-rapl:0/intel-rapl:0:0 (dram) avg. power consumption (W):   3.0553
Domain intel-rapl:1 (package-0) energy consumption (j): 1013.4342
Domain intel-rapl:1 (package-0) avg. power consumption (W):  39.3154
Domain intel-rapl:1/intel-rapl:1:0 (dram) energy consumption (j):  41.3746
Domain intel-rapl:1/intel-rapl:1:0 (dram) avg. power consumption (W):   1.6051
