** RAPL-logger - 2 packages - Sampling freq.  10.0 Hz - Logfiles 0-3: /tmp/rapllog+1594026283
** RAPL-logger - Profiling: ../allocator 20 ../stream.bin 52 ../stream.bin
-------------------------------------------------------------
STREAM version $Revision: 5.10 $
-------------------------------------------------------------
This system uses 8 bytes per array element.
-------------------------------------------------------------
Array size = 134217728 (elements), Offset = 0 (elements)
Memory per array = 1024.0 MiB (= 1.0 GiB).
Total memory required = 3072.0 MiB (= 3.0 GiB).
Each kernel will be executed 10 times.
 The *best* time for each kernel (excluding the first iteration)
 will be used to compute the reported bandwidth.
-------------------------------------------------------------
Your clock granularity/precision appears to be 1 microseconds.
Each test below will take on the order of 277683 microseconds.
   (= 277683 clock ticks)
Increase the size of the arrays if this shows that
you are not getting at least 20 clock ticks per test.
-------------------------------------------------------------
WARNING -- The above is only a rough guideline.
For best results, please be sure you know the
precision of your system timer.
-------------------------------------------------------------
Function    Best Rate MB/s  Avg time     Min time     Max time
Copy:            4643.5     0.463311     0.462474     0.464110
Scale:           4638.2     0.464729     0.462998     0.466557
Add:             4704.5     0.685703     0.684713     0.687170
Triad:           4706.8     0.685375     0.684383     0.686691
-------------------------------------------------------------
Solution Validates: avg error less than 1.000000e-13 on all three arrays
-------------------------------------------------------------
-------------------------------------------------------------
STREAM version $Revision: 5.10 $
-------------------------------------------------------------
This system uses 8 bytes per array element.
-------------------------------------------------------------
Array size = 134217728 (elements), Offset = 0 (elements)
Memory per array = 1024.0 MiB (= 1.0 GiB).
Total memory required = 3072.0 MiB (= 3.0 GiB).
Each kernel will be executed 10 times.
 The *best* time for each kernel (excluding the first iteration)
 will be used to compute the reported bandwidth.
-------------------------------------------------------------
Your clock granularity/precision appears to be 1 microseconds.
Each test below will take on the order of 278618 microseconds.
   (= 278618 clock ticks)
Increase the size of the arrays if this shows that
you are not getting at least 20 clock ticks per test.
-------------------------------------------------------------
WARNING -- The above is only a rough guideline.
For best results, please be sure you know the
precision of your system timer.
-------------------------------------------------------------
Function    Best Rate MB/s  Avg time     Min time     Max time
Copy:            4641.6     0.463506     0.462662     0.464520
Scale:           4630.8     0.465006     0.463744     0.466125
Add:             4706.9     0.685468     0.684365     0.687256
Triad:           4719.9     0.685342     0.682483     0.686690
-------------------------------------------------------------
Solution Validates: avg error less than 1.000000e-13 on all three arrays
-------------------------------------------------------------
2
sched_getaffinity = 1 1 1 1 1 1 1 1 1 1 1 1 1 1 1 1 1 1 1 1 1 1 1 1 1 1 1 1 1 1 1 1 1 1 1 1 1 1 1 1 1 1 1 1 1 1 1 1 1 1 1 1 1 1 1 1 1 1 1 1 1 1 1 1 
sched_getcpu = 39
** RAPL-logger - Process terminated, computing results
Recorded wall time (s):  25.7110
Domain intel-rapl:0 (package-1) energy consumption (j): 848.7951
Domain intel-rapl:0 (package-1) avg. power consumption (W):  33.0129
Domain intel-rapl:0/intel-rapl:0:0 (dram) energy consumption (j):  39.7825
Domain intel-rapl:0/intel-rapl:0:0 (dram) avg. power consumption (W):   1.5473
Domain intel-rapl:1 (package-0) energy consumption (j): 1151.2637
Domain intel-rapl:1 (package-0) avg. power consumption (W):  44.7771
Domain intel-rapl:1/intel-rapl:1:0 (dram) energy consumption (j):  82.4082
Domain intel-rapl:1/intel-rapl:1:0 (dram) avg. power consumption (W):   3.2052
