** RAPL-logger - 2 packages - Sampling freq.  10.0 Hz - Logfiles 0-3: /tmp/rapllog+1594833242
** RAPL-logger - Profiling: ../../allocator 16 ../../stream.bin 17 ../../stream.bin
-------------------------------------------------------------
STREAM version $Revision: 5.10 $
-------------------------------------------------------------
This system uses 8 bytes per array element.
-------------------------------------------------------------
Array size = 134217728 (elements), Offset = 0 (elements)
Memory per array = 1024.0 MiB (= 1.0 GiB).
Total memory required = 3072.0 MiB (= 3.0 GiB).
Each kernel will be executed 10 times.
 The *best* time for each kernel (excluding the first iteration)
 will be used to compute the reported bandwidth.
-------------------------------------------------------------
Your clock granularity/precision appears to be 1 microseconds.
Each test below will take on the order of 119874 microseconds.
   (= 119874 clock ticks)
Increase the size of the arrays if this shows that
you are not getting at least 20 clock ticks per test.
-------------------------------------------------------------
WARNING -- The above is only a rough guideline.
For best results, please be sure you know the
precision of your system timer.
-------------------------------------------------------------
Function    Best Rate MB/s  Avg time     Min time     Max time
Copy:           11232.2     0.197100     0.191190     0.210035
Scale:          11226.0     0.195276     0.191296     0.208266
Add:            11877.0     0.278906     0.271216     0.288190
Triad:          11842.5     0.277975     0.272005     0.290006
-------------------------------------------------------------
Solution Validates: avg error less than 1.000000e-13 on all three arrays
-------------------------------------------------------------
-------------------------------------------------------------
STREAM version $Revision: 5.10 $
-------------------------------------------------------------
This system uses 8 bytes per array element.
-------------------------------------------------------------
Array size = 134217728 (elements), Offset = 0 (elements)
Memory per array = 1024.0 MiB (= 1.0 GiB).
Total memory required = 3072.0 MiB (= 3.0 GiB).
Each kernel will be executed 10 times.
 The *best* time for each kernel (excluding the first iteration)
 will be used to compute the reported bandwidth.
-------------------------------------------------------------
Your clock granularity/precision appears to be 1 microseconds.
Each test below will take on the order of 120409 microseconds.
   (= 120409 clock ticks)
Increase the size of the arrays if this shows that
you are not getting at least 20 clock ticks per test.
-------------------------------------------------------------
WARNING -- The above is only a rough guideline.
For best results, please be sure you know the
precision of your system timer.
-------------------------------------------------------------
Function    Best Rate MB/s  Avg time     Min time     Max time
Copy:           11192.6     0.197850     0.191867     0.210609
Scale:          11185.5     0.195905     0.191989     0.208637
Add:            11840.0     0.279810     0.272063     0.289182
Triad:          11795.7     0.279854     0.273084     0.291122
-------------------------------------------------------------
Solution Validates: avg error less than 1.000000e-13 on all three arrays
-------------------------------------------------------------
2
sched_getaffinity = 1 1 1 1 1 1 1 1 1 1 1 1 1 1 1 1 1 1 1 1 
sched_getcpu = 2
** RAPL-logger - Process terminated, computing results
Recorded wall time (s):  11.9160
Domain intel-rapl:0 (package-0) energy consumption (j): 238.4296
Domain intel-rapl:0 (package-0) avg. power consumption (W):  20.0092
Domain intel-rapl:0/intel-rapl:0:0 (dram) energy consumption (j):   9.1063
Domain intel-rapl:0/intel-rapl:0:0 (dram) avg. power consumption (W):   0.7642
Domain intel-rapl:1 (package-1) energy consumption (j): 386.6685
Domain intel-rapl:1 (package-1) avg. power consumption (W):  32.4495
Domain intel-rapl:1/intel-rapl:1:0 (dram) energy consumption (j):  88.5507
Domain intel-rapl:1/intel-rapl:1:0 (dram) avg. power consumption (W):   7.4312
