** RAPL-logger - 2 packages - Sampling freq.  10.0 Hz - Logfiles 0-3: /tmp/rapllog+1594833156
** RAPL-logger - Profiling: ../../allocator 10 ../../stream.bin 11 ../../stream.bin
-------------------------------------------------------------
STREAM version $Revision: 5.10 $
-------------------------------------------------------------
This system uses 8 bytes per array element.
-------------------------------------------------------------
Array size = 134217728 (elements), Offset = 0 (elements)
Memory per array = 1024.0 MiB (= 1.0 GiB).
Total memory required = 3072.0 MiB (= 3.0 GiB).
Each kernel will be executed 10 times.
 The *best* time for each kernel (excluding the first iteration)
 will be used to compute the reported bandwidth.
-------------------------------------------------------------
Your clock granularity/precision appears to be 1 microseconds.
Each test below will take on the order of 120671 microseconds.
   (= 120671 clock ticks)
Increase the size of the arrays if this shows that
you are not getting at least 20 clock ticks per test.
-------------------------------------------------------------
WARNING -- The above is only a rough guideline.
For best results, please be sure you know the
precision of your system timer.
-------------------------------------------------------------
Function    Best Rate MB/s  Avg time     Min time     Max time
Copy:           11195.4     0.196412     0.191818     0.208172
Scale:          11196.4     0.195602     0.191802     0.208353
Add:            11874.0     0.278589     0.271284     0.287798
Triad:          11856.0     0.278246     0.271695     0.288243
-------------------------------------------------------------
Solution Validates: avg error less than 1.000000e-13 on all three arrays
-------------------------------------------------------------
-------------------------------------------------------------
STREAM version $Revision: 5.10 $
-------------------------------------------------------------
This system uses 8 bytes per array element.
-------------------------------------------------------------
Array size = 134217728 (elements), Offset = 0 (elements)
Memory per array = 1024.0 MiB (= 1.0 GiB).
Total memory required = 3072.0 MiB (= 3.0 GiB).
Each kernel will be executed 10 times.
 The *best* time for each kernel (excluding the first iteration)
 will be used to compute the reported bandwidth.
-------------------------------------------------------------
Your clock granularity/precision appears to be 1 microseconds.
Each test below will take on the order of 121336 microseconds.
   (= 121336 clock ticks)
Increase the size of the arrays if this shows that
you are not getting at least 20 clock ticks per test.
-------------------------------------------------------------
WARNING -- The above is only a rough guideline.
For best results, please be sure you know the
precision of your system timer.
-------------------------------------------------------------
Function    Best Rate MB/s  Avg time     Min time     Max time
Copy:           11089.3     0.199198     0.193653     0.210155
Scale:          11104.0     0.196241     0.193398     0.209847
Add:            11754.1     0.280507     0.274051     0.290472
Triad:          11721.8     0.282104     0.274806     0.291617
-------------------------------------------------------------
Solution Validates: avg error less than 1.000000e-13 on all three arrays
-------------------------------------------------------------
2
sched_getaffinity = 1 1 1 1 1 1 1 1 1 1 1 1 1 1 1 1 1 1 1 1 
sched_getcpu = 19
** RAPL-logger - Process terminated, computing results
Recorded wall time (s):  11.9860
Domain intel-rapl:0 (package-0) energy consumption (j): 236.7650
Domain intel-rapl:0 (package-0) avg. power consumption (W):  19.7535
Domain intel-rapl:0/intel-rapl:0:0 (dram) energy consumption (j):   8.3931
Domain intel-rapl:0/intel-rapl:0:0 (dram) avg. power consumption (W):   0.7002
Domain intel-rapl:1 (package-1) energy consumption (j): 386.2599
Domain intel-rapl:1 (package-1) avg. power consumption (W):  32.2259
Domain intel-rapl:1/intel-rapl:1:0 (dram) energy consumption (j):  87.8437
Domain intel-rapl:1/intel-rapl:1:0 (dram) avg. power consumption (W):   7.3289
