** RAPL-logger - 2 packages - Sampling freq.  10.0 Hz - Logfiles 0-3: /tmp/rapllog+1594871685
** RAPL-logger - Profiling: ../../allocator 0 ../../stream.bin 10 ../../stream.bin
-------------------------------------------------------------
STREAM version $Revision: 5.10 $
-------------------------------------------------------------
This system uses 8 bytes per array element.
-------------------------------------------------------------
Array size = 671088640 (elements), Offset = 0 (elements)
Memory per array = 5120.0 MiB (= 5.0 GiB).
Total memory required = 15360.0 MiB (= 15.0 GiB).
Each kernel will be executed 10 times.
 The *best* time for each kernel (excluding the first iteration)
 will be used to compute the reported bandwidth.
-------------------------------------------------------------
Your clock granularity/precision appears to be 1 microseconds.
Each test below will take on the order of 612036 microseconds.
   (= 612036 clock ticks)
Increase the size of the arrays if this shows that
you are not getting at least 20 clock ticks per test.
-------------------------------------------------------------
WARNING -- The above is only a rough guideline.
For best results, please be sure you know the
precision of your system timer.
-------------------------------------------------------------
Function    Best Rate MB/s  Avg time     Min time     Max time
Copy:           11512.2     0.943264     0.932699     0.953953
Scale:          11442.5     0.950027     0.938382     0.959191
Add:            12234.9     1.325064     1.316405     1.332975
Triad:          12252.1     1.330683     1.314557     1.342810
-------------------------------------------------------------
Solution Validates: avg error less than 1.000000e-13 on all three arrays
-------------------------------------------------------------
-------------------------------------------------------------
STREAM version $Revision: 5.10 $
-------------------------------------------------------------
This system uses 8 bytes per array element.
-------------------------------------------------------------
Array size = 671088640 (elements), Offset = 0 (elements)
Memory per array = 5120.0 MiB (= 5.0 GiB).
Total memory required = 15360.0 MiB (= 15.0 GiB).
Each kernel will be executed 10 times.
 The *best* time for each kernel (excluding the first iteration)
 will be used to compute the reported bandwidth.
-------------------------------------------------------------
Your clock granularity/precision appears to be 1 microseconds.
Each test below will take on the order of 591881 microseconds.
   (= 591881 clock ticks)
Increase the size of the arrays if this shows that
you are not getting at least 20 clock ticks per test.
-------------------------------------------------------------
WARNING -- The above is only a rough guideline.
For best results, please be sure you know the
precision of your system timer.
-------------------------------------------------------------
Function    Best Rate MB/s  Avg time     Min time     Max time
Copy:           11481.1     0.948634     0.935226     0.957962
Scale:          11427.2     0.948334     0.939636     0.960700
Add:            12162.8     1.332611     1.324215     1.341003
Triad:          12091.2     1.337809     1.332049     1.339983
-------------------------------------------------------------
Solution Validates: avg error less than 1.000000e-13 on all three arrays
-------------------------------------------------------------
2
sched_getaffinity = 1 1 1 1 1 1 1 1 1 1 1 1 1 1 1 1 1 1 1 1 
sched_getcpu = 8
** RAPL-logger - Process terminated, computing results
Recorded wall time (s):  57.1710
Domain intel-rapl:0 (package-0) energy consumption (j): 1581.9491
Domain intel-rapl:0 (package-0) avg. power consumption (W):  27.6705
Domain intel-rapl:0/intel-rapl:0:0 (dram) energy consumption (j): 339.3491
Domain intel-rapl:0/intel-rapl:0:0 (dram) avg. power consumption (W):   5.9357
Domain intel-rapl:1 (package-1) energy consumption (j): 1558.0430
Domain intel-rapl:1 (package-1) avg. power consumption (W):  27.2523
Domain intel-rapl:1/intel-rapl:1:0 (dram) energy consumption (j): 250.6027
Domain intel-rapl:1/intel-rapl:1:0 (dram) avg. power consumption (W):   4.3834
