** RAPL-logger - 2 packages - Sampling freq.  10.0 Hz - Logfiles 0-3: /tmp/rapllog+1594873885
** RAPL-logger - Profiling: ../../allocator 14 ../../stream.bin 15 ../../stream.bin
-------------------------------------------------------------
STREAM version $Revision: 5.10 $
-------------------------------------------------------------
This system uses 8 bytes per array element.
-------------------------------------------------------------
Array size = 671088640 (elements), Offset = 0 (elements)
Memory per array = 5120.0 MiB (= 5.0 GiB).
Total memory required = 15360.0 MiB (= 15.0 GiB).
Each kernel will be executed 10 times.
 The *best* time for each kernel (excluding the first iteration)
 will be used to compute the reported bandwidth.
-------------------------------------------------------------
Your clock granularity/precision appears to be 1 microseconds.
Each test below will take on the order of 607609 microseconds.
   (= 607609 clock ticks)
Increase the size of the arrays if this shows that
you are not getting at least 20 clock ticks per test.
-------------------------------------------------------------
WARNING -- The above is only a rough guideline.
For best results, please be sure you know the
precision of your system timer.
-------------------------------------------------------------
Function    Best Rate MB/s  Avg time     Min time     Max time
Copy:           10882.4     0.994679     0.986673     1.004098
Scale:          10856.4     0.999137     0.989041     1.008467
Add:            11504.2     1.403774     1.400023     1.419328
Triad:          11561.4     1.403852     1.393097     1.411104
-------------------------------------------------------------
Solution Validates: avg error less than 1.000000e-13 on all three arrays
-------------------------------------------------------------
-------------------------------------------------------------
STREAM version $Revision: 5.10 $
-------------------------------------------------------------
This system uses 8 bytes per array element.
-------------------------------------------------------------
Array size = 671088640 (elements), Offset = 0 (elements)
Memory per array = 5120.0 MiB (= 5.0 GiB).
Total memory required = 15360.0 MiB (= 15.0 GiB).
Each kernel will be executed 10 times.
 The *best* time for each kernel (excluding the first iteration)
 will be used to compute the reported bandwidth.
-------------------------------------------------------------
Your clock granularity/precision appears to be 1 microseconds.
Each test below will take on the order of 614254 microseconds.
   (= 614254 clock ticks)
Increase the size of the arrays if this shows that
you are not getting at least 20 clock ticks per test.
-------------------------------------------------------------
WARNING -- The above is only a rough guideline.
For best results, please be sure you know the
precision of your system timer.
-------------------------------------------------------------
Function    Best Rate MB/s  Avg time     Min time     Max time
Copy:           10802.3     1.002270     0.993990     1.012594
Scale:          10783.2     1.005967     0.995757     1.014932
Add:            11422.1     1.413852     1.410085     1.427581
Triad:          11479.5     1.414660     1.403035     1.422866
-------------------------------------------------------------
Solution Validates: avg error less than 1.000000e-13 on all three arrays
-------------------------------------------------------------
2
sched_getaffinity = 1 1 1 1 1 1 1 1 1 1 1 1 1 1 1 1 1 1 1 1 
sched_getcpu = 11
** RAPL-logger - Process terminated, computing results
Recorded wall time (s):  60.1780
Domain intel-rapl:0 (package-0) energy consumption (j): 1229.8813
Domain intel-rapl:0 (package-0) avg. power consumption (W):  20.4374
Domain intel-rapl:0/intel-rapl:0:0 (dram) energy consumption (j):  43.9437
Domain intel-rapl:0/intel-rapl:0:0 (dram) avg. power consumption (W):   0.7302
Domain intel-rapl:1 (package-1) energy consumption (j): 1954.8500
Domain intel-rapl:1 (package-1) avg. power consumption (W):  32.4845
Domain intel-rapl:1/intel-rapl:1:0 (dram) energy consumption (j): 445.2544
Domain intel-rapl:1/intel-rapl:1:0 (dram) avg. power consumption (W):   7.3990
