** RAPL-logger - 2 packages - Sampling freq.  10.0 Hz - Logfiles 0-3: /tmp/rapllog+1594833014
** RAPL-logger - Profiling: ../../allocator 0 ../../stream.bin 1 ../../stream.bin
-------------------------------------------------------------
STREAM version $Revision: 5.10 $
-------------------------------------------------------------
This system uses 8 bytes per array element.
-------------------------------------------------------------
Array size = 134217728 (elements), Offset = 0 (elements)
Memory per array = 1024.0 MiB (= 1.0 GiB).
Total memory required = 3072.0 MiB (= 3.0 GiB).
Each kernel will be executed 10 times.
 The *best* time for each kernel (excluding the first iteration)
 will be used to compute the reported bandwidth.
-------------------------------------------------------------
Your clock granularity/precision appears to be 1 microseconds.
Each test below will take on the order of 122034 microseconds.
   (= 122034 clock ticks)
Increase the size of the arrays if this shows that
you are not getting at least 20 clock ticks per test.
-------------------------------------------------------------
WARNING -- The above is only a rough guideline.
For best results, please be sure you know the
precision of your system timer.
-------------------------------------------------------------
Function    Best Rate MB/s  Avg time     Min time     Max time
Copy:           11025.4     0.198599     0.194776     0.210883
Scale:          11007.0     0.197935     0.195102     0.211514
Add:            11758.1     0.276277     0.273959     0.290459
Triad:          11735.4     0.274773     0.274488     0.275050
-------------------------------------------------------------
Solution Validates: avg error less than 1.000000e-13 on all three arrays
-------------------------------------------------------------
-------------------------------------------------------------
STREAM version $Revision: 5.10 $
-------------------------------------------------------------
This system uses 8 bytes per array element.
-------------------------------------------------------------
Array size = 134217728 (elements), Offset = 0 (elements)
Memory per array = 1024.0 MiB (= 1.0 GiB).
Total memory required = 3072.0 MiB (= 3.0 GiB).
Each kernel will be executed 10 times.
 The *best* time for each kernel (excluding the first iteration)
 will be used to compute the reported bandwidth.
-------------------------------------------------------------
Your clock granularity/precision appears to be 1 microseconds.
Each test below will take on the order of 122968 microseconds.
   (= 122968 clock ticks)
Increase the size of the arrays if this shows that
you are not getting at least 20 clock ticks per test.
-------------------------------------------------------------
WARNING -- The above is only a rough guideline.
For best results, please be sure you know the
precision of your system timer.
-------------------------------------------------------------
Function    Best Rate MB/s  Avg time     Min time     Max time
Copy:           10921.3     0.198784     0.196632     0.212689
Scale:          10919.9     0.198728     0.196658     0.205218
Add:            11641.6     0.279861     0.276699     0.293361
Triad:          11677.3     0.279821     0.275853     0.294485
-------------------------------------------------------------
Solution Validates: avg error less than 1.000000e-13 on all three arrays
-------------------------------------------------------------
2
sched_getaffinity = 1 1 1 1 1 1 1 1 1 1 1 1 1 1 1 1 1 1 1 1 
sched_getcpu = 1
** RAPL-logger - Process terminated, computing results
Recorded wall time (s):  11.9400
Domain intel-rapl:0 (package-0) energy consumption (j): 394.1087
Domain intel-rapl:0 (package-0) avg. power consumption (W):  33.0074
Domain intel-rapl:0/intel-rapl:0:0 (dram) energy consumption (j): 101.0401
Domain intel-rapl:0/intel-rapl:0:0 (dram) avg. power consumption (W):   8.4623
Domain intel-rapl:1 (package-1) energy consumption (j): 231.8194
Domain intel-rapl:1 (package-1) avg. power consumption (W):  19.4154
Domain intel-rapl:1/intel-rapl:1:0 (dram) energy consumption (j):   0.0678
Domain intel-rapl:1/intel-rapl:1:0 (dram) avg. power consumption (W):   0.0057
