** RAPL-logger - 2 packages - Sampling freq.  10.0 Hz - Logfiles 0-3: /tmp/rapllog+1594833028
** RAPL-logger - Profiling: ../../allocator 1 ../../stream.bin 2 ../../stream.bin
-------------------------------------------------------------
STREAM version $Revision: 5.10 $
-------------------------------------------------------------
This system uses 8 bytes per array element.
-------------------------------------------------------------
Array size = 134217728 (elements), Offset = 0 (elements)
Memory per array = 1024.0 MiB (= 1.0 GiB).
Total memory required = 3072.0 MiB (= 3.0 GiB).
Each kernel will be executed 10 times.
 The *best* time for each kernel (excluding the first iteration)
 will be used to compute the reported bandwidth.
-------------------------------------------------------------
Your clock granularity/precision appears to be 1 microseconds.
Each test below will take on the order of 123927 microseconds.
   (= 123927 clock ticks)
Increase the size of the arrays if this shows that
you are not getting at least 20 clock ticks per test.
-------------------------------------------------------------
WARNING -- The above is only a rough guideline.
For best results, please be sure you know the
precision of your system timer.
-------------------------------------------------------------
Function    Best Rate MB/s  Avg time     Min time     Max time
Copy:           11039.3     0.195821     0.194531     0.203089
Scale:          11014.5     0.200450     0.194968     0.211312
Add:            11759.7     0.276175     0.273920     0.290146
Triad:          11729.4     0.276687     0.274627     0.290495
-------------------------------------------------------------
Solution Validates: avg error less than 1.000000e-13 on all three arrays
-------------------------------------------------------------
-------------------------------------------------------------
STREAM version $Revision: 5.10 $
-------------------------------------------------------------
This system uses 8 bytes per array element.
-------------------------------------------------------------
Array size = 134217728 (elements), Offset = 0 (elements)
Memory per array = 1024.0 MiB (= 1.0 GiB).
Total memory required = 3072.0 MiB (= 3.0 GiB).
Each kernel will be executed 10 times.
 The *best* time for each kernel (excluding the first iteration)
 will be used to compute the reported bandwidth.
-------------------------------------------------------------
Your clock granularity/precision appears to be 1 microseconds.
Each test below will take on the order of 123583 microseconds.
   (= 123583 clock ticks)
Increase the size of the arrays if this shows that
you are not getting at least 20 clock ticks per test.
-------------------------------------------------------------
WARNING -- The above is only a rough guideline.
For best results, please be sure you know the
precision of your system timer.
-------------------------------------------------------------
Function    Best Rate MB/s  Avg time     Min time     Max time
Copy:           11013.5     0.198860     0.194986     0.211204
Scale:          11007.5     0.196289     0.195092     0.203573
Add:            11734.6     0.280112     0.274507     0.290741
Triad:          11734.0     0.275440     0.274520     0.275757
-------------------------------------------------------------
Solution Validates: avg error less than 1.000000e-13 on all three arrays
-------------------------------------------------------------
2
sched_getaffinity = 1 1 1 1 1 1 1 1 1 1 1 1 1 1 1 1 1 1 1 1 
sched_getcpu = 12
** RAPL-logger - Process terminated, computing results
Recorded wall time (s):  11.8910
Domain intel-rapl:0 (package-0) energy consumption (j): 397.5684
Domain intel-rapl:0 (package-0) avg. power consumption (W):  33.4344
Domain intel-rapl:0/intel-rapl:0:0 (dram) energy consumption (j): 100.8697
Domain intel-rapl:0/intel-rapl:0:0 (dram) avg. power consumption (W):   8.4829
Domain intel-rapl:1 (package-1) energy consumption (j): 230.7342
Domain intel-rapl:1 (package-1) avg. power consumption (W):  19.4041
Domain intel-rapl:1/intel-rapl:1:0 (dram) energy consumption (j):   0.0000
Domain intel-rapl:1/intel-rapl:1:0 (dram) avg. power consumption (W):   0.0000
