** RAPL-logger - 2 packages - Sampling freq.  10.0 Hz - Logfiles 0-3: /tmp/rapllog+1594833071
** RAPL-logger - Profiling: ../../allocator 4 ../../stream.bin 5 ../../stream.bin
-------------------------------------------------------------
STREAM version $Revision: 5.10 $
-------------------------------------------------------------
This system uses 8 bytes per array element.
-------------------------------------------------------------
Array size = 134217728 (elements), Offset = 0 (elements)
Memory per array = 1024.0 MiB (= 1.0 GiB).
Total memory required = 3072.0 MiB (= 3.0 GiB).
Each kernel will be executed 10 times.
 The *best* time for each kernel (excluding the first iteration)
 will be used to compute the reported bandwidth.
-------------------------------------------------------------
Your clock granularity/precision appears to be 1 microseconds.
Each test below will take on the order of 123210 microseconds.
   (= 123210 clock ticks)
Increase the size of the arrays if this shows that
you are not getting at least 20 clock ticks per test.
-------------------------------------------------------------
WARNING -- The above is only a rough guideline.
For best results, please be sure you know the
precision of your system timer.
-------------------------------------------------------------
Function    Best Rate MB/s  Avg time     Min time     Max time
Copy:           10937.4     0.199513     0.196343     0.213323
Scale:          10918.0     0.200571     0.196692     0.213178
Add:            11631.5     0.277477     0.276939     0.278134
Triad:          11634.2     0.281335     0.276876     0.294734
-------------------------------------------------------------
Solution Validates: avg error less than 1.000000e-13 on all three arrays
-------------------------------------------------------------
-------------------------------------------------------------
STREAM version $Revision: 5.10 $
-------------------------------------------------------------
This system uses 8 bytes per array element.
-------------------------------------------------------------
Array size = 134217728 (elements), Offset = 0 (elements)
Memory per array = 1024.0 MiB (= 1.0 GiB).
Total memory required = 3072.0 MiB (= 3.0 GiB).
Each kernel will be executed 10 times.
 The *best* time for each kernel (excluding the first iteration)
 will be used to compute the reported bandwidth.
-------------------------------------------------------------
Your clock granularity/precision appears to be 1 microseconds.
Each test below will take on the order of 123944 microseconds.
   (= 123944 clock ticks)
Increase the size of the arrays if this shows that
you are not getting at least 20 clock ticks per test.
-------------------------------------------------------------
WARNING -- The above is only a rough guideline.
For best results, please be sure you know the
precision of your system timer.
-------------------------------------------------------------
Function    Best Rate MB/s  Avg time     Min time     Max time
Copy:           10872.2     0.199882     0.197520     0.214600
Scale:          10846.2     0.200873     0.197995     0.206299
Add:            11559.9     0.282700     0.278654     0.295062
Triad:          11541.4     0.279704     0.279102     0.280426
-------------------------------------------------------------
Solution Validates: avg error less than 1.000000e-13 on all three arrays
-------------------------------------------------------------
2
sched_getaffinity = 1 1 1 1 1 1 1 1 1 1 1 1 1 1 1 1 1 1 1 1 
sched_getcpu = 10
** RAPL-logger - Process terminated, computing results
Recorded wall time (s):  12.0130
Domain intel-rapl:0 (package-0) energy consumption (j): 404.3475
Domain intel-rapl:0 (package-0) avg. power consumption (W):  33.6592
Domain intel-rapl:0/intel-rapl:0:0 (dram) energy consumption (j): 101.3028
Domain intel-rapl:0/intel-rapl:0:0 (dram) avg. power consumption (W):   8.4328
Domain intel-rapl:1 (package-1) energy consumption (j): 233.1188
Domain intel-rapl:1 (package-1) avg. power consumption (W):  19.4055
Domain intel-rapl:1/intel-rapl:1:0 (dram) energy consumption (j):   0.0000
Domain intel-rapl:1/intel-rapl:1:0 (dram) avg. power consumption (W):   0.0000
