** RAPL-logger - 2 packages - Sampling freq.  10.0 Hz - Logfiles 0-3: /tmp/rapllog+1594872044
** RAPL-logger - Profiling: ../../allocator 6 ../../stream.bin 16 ../../stream.bin
-------------------------------------------------------------
STREAM version $Revision: 5.10 $
-------------------------------------------------------------
This system uses 8 bytes per array element.
-------------------------------------------------------------
Array size = 671088640 (elements), Offset = 0 (elements)
Memory per array = 5120.0 MiB (= 5.0 GiB).
Total memory required = 15360.0 MiB (= 15.0 GiB).
Each kernel will be executed 10 times.
 The *best* time for each kernel (excluding the first iteration)
 will be used to compute the reported bandwidth.
-------------------------------------------------------------
Your clock granularity/precision appears to be 1 microseconds.
Each test below will take on the order of 606709 microseconds.
   (= 606709 clock ticks)
Increase the size of the arrays if this shows that
you are not getting at least 20 clock ticks per test.
-------------------------------------------------------------
WARNING -- The above is only a rough guideline.
For best results, please be sure you know the
precision of your system timer.
-------------------------------------------------------------
Function    Best Rate MB/s  Avg time     Min time     Max time
Copy:           11687.2     0.929064     0.918737     0.940069
Scale:          11607.5     0.935046     0.925039     0.958734
Add:            12371.0     1.304358     1.301927     1.312109
Triad:          12395.8     1.307218     1.299321     1.314902
-------------------------------------------------------------
Solution Validates: avg error less than 1.000000e-13 on all three arrays
-------------------------------------------------------------
-------------------------------------------------------------
STREAM version $Revision: 5.10 $
-------------------------------------------------------------
This system uses 8 bytes per array element.
-------------------------------------------------------------
Array size = 671088640 (elements), Offset = 0 (elements)
Memory per array = 5120.0 MiB (= 5.0 GiB).
Total memory required = 15360.0 MiB (= 15.0 GiB).
Each kernel will be executed 10 times.
 The *best* time for each kernel (excluding the first iteration)
 will be used to compute the reported bandwidth.
-------------------------------------------------------------
Your clock granularity/precision appears to be 1 microseconds.
Each test below will take on the order of 621944 microseconds.
   (= 621944 clock ticks)
Increase the size of the arrays if this shows that
you are not getting at least 20 clock ticks per test.
-------------------------------------------------------------
WARNING -- The above is only a rough guideline.
For best results, please be sure you know the
precision of your system timer.
-------------------------------------------------------------
Function    Best Rate MB/s  Avg time     Min time     Max time
Copy:           11228.8     0.965138     0.956239     0.973931
Scale:          11236.2     0.967092     0.955613     0.977732
Add:            11993.1     1.350399     1.342952     1.359804
Triad:          11877.9     1.356867     1.355979     1.358075
-------------------------------------------------------------
Solution Validates: avg error less than 1.000000e-13 on all three arrays
-------------------------------------------------------------
2
sched_getaffinity = 1 1 1 1 1 1 1 1 1 1 1 1 1 1 1 1 1 1 1 1 
sched_getcpu = 14
** RAPL-logger - Process terminated, computing results
Recorded wall time (s):  57.9470
Domain intel-rapl:0 (package-0) energy consumption (j): 1656.8470
Domain intel-rapl:0 (package-0) avg. power consumption (W):  28.5925
Domain intel-rapl:0/intel-rapl:0:0 (dram) energy consumption (j): 341.7607
Domain intel-rapl:0/intel-rapl:0:0 (dram) avg. power consumption (W):   5.8978
Domain intel-rapl:1 (package-1) energy consumption (j): 1576.2059
Domain intel-rapl:1 (package-1) avg. power consumption (W):  27.2008
Domain intel-rapl:1/intel-rapl:1:0 (dram) energy consumption (j): 263.9867
Domain intel-rapl:1/intel-rapl:1:0 (dram) avg. power consumption (W):   4.5557
