** RAPL-logger - 2 packages - Sampling freq.  10.0 Hz - Logfiles 0-3: /tmp/rapllog+1594026644
** RAPL-logger - Profiling: ../allocator 7 ../stream.bin 39 ../stream.bin
-------------------------------------------------------------
STREAM version $Revision: 5.10 $
-------------------------------------------------------------
This system uses 8 bytes per array element.
-------------------------------------------------------------
Array size = 134217728 (elements), Offset = 0 (elements)
Memory per array = 1024.0 MiB (= 1.0 GiB).
Total memory required = 3072.0 MiB (= 3.0 GiB).
Each kernel will be executed 10 times.
 The *best* time for each kernel (excluding the first iteration)
 will be used to compute the reported bandwidth.
-------------------------------------------------------------
Your clock granularity/precision appears to be 1 microseconds.
Each test below will take on the order of 276410 microseconds.
   (= 276410 clock ticks)
Increase the size of the arrays if this shows that
you are not getting at least 20 clock ticks per test.
-------------------------------------------------------------
WARNING -- The above is only a rough guideline.
For best results, please be sure you know the
precision of your system timer.
-------------------------------------------------------------
Function    Best Rate MB/s  Avg time     Min time     Max time
Copy:            4644.2     0.463200     0.462402     0.464669
Scale:           4638.0     0.464628     0.463019     0.467166
Add:             4707.5     0.685423     0.684271     0.686477
Triad:           4715.8     0.684523     0.683066     0.686022
-------------------------------------------------------------
Solution Validates: avg error less than 1.000000e-13 on all three arrays
-------------------------------------------------------------
-------------------------------------------------------------
STREAM version $Revision: 5.10 $
-------------------------------------------------------------
This system uses 8 bytes per array element.
-------------------------------------------------------------
Array size = 134217728 (elements), Offset = 0 (elements)
Memory per array = 1024.0 MiB (= 1.0 GiB).
Total memory required = 3072.0 MiB (= 3.0 GiB).
Each kernel will be executed 10 times.
 The *best* time for each kernel (excluding the first iteration)
 will be used to compute the reported bandwidth.
-------------------------------------------------------------
Your clock granularity/precision appears to be 1 microseconds.
Each test below will take on the order of 277421 microseconds.
   (= 277421 clock ticks)
Increase the size of the arrays if this shows that
you are not getting at least 20 clock ticks per test.
-------------------------------------------------------------
WARNING -- The above is only a rough guideline.
For best results, please be sure you know the
precision of your system timer.
-------------------------------------------------------------
Function    Best Rate MB/s  Avg time     Min time     Max time
Copy:            4644.9     0.463193     0.462331     0.464336
Scale:           4634.0     0.464964     0.463417     0.466657
Add:             4707.7     0.685077     0.684246     0.685657
Triad:           4716.4     0.684514     0.682982     0.686688
-------------------------------------------------------------
Solution Validates: avg error less than 1.000000e-13 on all three arrays
-------------------------------------------------------------
2
sched_getaffinity = 1 1 1 1 1 1 1 1 1 1 1 1 1 1 1 1 1 1 1 1 1 1 1 1 1 1 1 1 1 1 1 1 1 1 1 1 1 1 1 1 1 1 1 1 1 1 1 1 1 1 1 1 1 1 1 1 1 1 1 1 1 1 1 1 
sched_getcpu = 39
** RAPL-logger - Process terminated, computing results
Recorded wall time (s):  25.7080
Domain intel-rapl:0 (package-1) energy consumption (j): 981.2479
Domain intel-rapl:0 (package-1) avg. power consumption (W):  38.1690
Domain intel-rapl:0/intel-rapl:0:0 (dram) energy consumption (j):  78.0193
Domain intel-rapl:0/intel-rapl:0:0 (dram) avg. power consumption (W):   3.0348
Domain intel-rapl:1 (package-0) energy consumption (j): 1012.6676
Domain intel-rapl:1 (package-0) avg. power consumption (W):  39.3911
Domain intel-rapl:1/intel-rapl:1:0 (dram) energy consumption (j):  40.9610
Domain intel-rapl:1/intel-rapl:1:0 (dram) avg. power consumption (W):   1.5933
