** RAPL-logger - 2 packages - Sampling freq.  10.0 Hz - Logfiles 0-3: /tmp/rapllog+1594871924
** RAPL-logger - Profiling: ../../allocator 4 ../../stream.bin 14 ../../stream.bin
-------------------------------------------------------------
STREAM version $Revision: 5.10 $
-------------------------------------------------------------
This system uses 8 bytes per array element.
-------------------------------------------------------------
Array size = 671088640 (elements), Offset = 0 (elements)
Memory per array = 5120.0 MiB (= 5.0 GiB).
Total memory required = 15360.0 MiB (= 15.0 GiB).
Each kernel will be executed 10 times.
 The *best* time for each kernel (excluding the first iteration)
 will be used to compute the reported bandwidth.
-------------------------------------------------------------
Your clock granularity/precision appears to be 1 microseconds.
Each test below will take on the order of 617311 microseconds.
   (= 617311 clock ticks)
Increase the size of the arrays if this shows that
you are not getting at least 20 clock ticks per test.
-------------------------------------------------------------
WARNING -- The above is only a rough guideline.
For best results, please be sure you know the
precision of your system timer.
-------------------------------------------------------------
Function    Best Rate MB/s  Avg time     Min time     Max time
Copy:           11328.6     0.954842     0.947813     0.962217
Scale:          11328.7     0.959878     0.947806     0.969685
Add:            12154.0     1.339448     1.325171     1.347153
Triad:          12106.0     1.343530     1.330422     1.357795
-------------------------------------------------------------
Solution Validates: avg error less than 1.000000e-13 on all three arrays
-------------------------------------------------------------
-------------------------------------------------------------
STREAM version $Revision: 5.10 $
-------------------------------------------------------------
This system uses 8 bytes per array element.
-------------------------------------------------------------
Array size = 671088640 (elements), Offset = 0 (elements)
Memory per array = 5120.0 MiB (= 5.0 GiB).
Total memory required = 15360.0 MiB (= 15.0 GiB).
Each kernel will be executed 10 times.
 The *best* time for each kernel (excluding the first iteration)
 will be used to compute the reported bandwidth.
-------------------------------------------------------------
Your clock granularity/precision appears to be 1 microseconds.
Each test below will take on the order of 590599 microseconds.
   (= 590599 clock ticks)
Increase the size of the arrays if this shows that
you are not getting at least 20 clock ticks per test.
-------------------------------------------------------------
WARNING -- The above is only a rough guideline.
For best results, please be sure you know the
precision of your system timer.
-------------------------------------------------------------
Function    Best Rate MB/s  Avg time     Min time     Max time
Copy:           11311.1     0.961459     0.949284     0.973814
Scale:          11221.0     0.968937     0.956900     0.978536
Add:            11995.3     1.353619     1.342704     1.363448
Triad:          11968.1     1.358577     1.345755     1.362526
-------------------------------------------------------------
Solution Validates: avg error less than 1.000000e-13 on all three arrays
-------------------------------------------------------------
2
sched_getaffinity = 1 1 1 1 1 1 1 1 1 1 1 1 1 1 1 1 1 1 1 1 
sched_getcpu = 19
** RAPL-logger - Process terminated, computing results
Recorded wall time (s):  58.0630
Domain intel-rapl:0 (package-0) energy consumption (j): 1630.1913
Domain intel-rapl:0 (package-0) avg. power consumption (W):  28.0763
Domain intel-rapl:0/intel-rapl:0:0 (dram) energy consumption (j): 347.0551
Domain intel-rapl:0/intel-rapl:0:0 (dram) avg. power consumption (W):   5.9772
Domain intel-rapl:1 (package-1) energy consumption (j): 1594.8016
Domain intel-rapl:1 (package-1) avg. power consumption (W):  27.4667
Domain intel-rapl:1/intel-rapl:1:0 (dram) energy consumption (j): 263.4292
Domain intel-rapl:1/intel-rapl:1:0 (dram) avg. power consumption (W):   4.5370
