** RAPL-logger - 2 packages - Sampling freq.  10.0 Hz - Logfiles 0-3: /tmp/rapllog+1594026255
** RAPL-logger - Profiling: ../allocator 16 ../stream.bin 48 ../stream.bin
-------------------------------------------------------------
STREAM version $Revision: 5.10 $
-------------------------------------------------------------
This system uses 8 bytes per array element.
-------------------------------------------------------------
Array size = 134217728 (elements), Offset = 0 (elements)
Memory per array = 1024.0 MiB (= 1.0 GiB).
Total memory required = 3072.0 MiB (= 3.0 GiB).
Each kernel will be executed 10 times.
 The *best* time for each kernel (excluding the first iteration)
 will be used to compute the reported bandwidth.
-------------------------------------------------------------
Your clock granularity/precision appears to be 1 microseconds.
Each test below will take on the order of 281220 microseconds.
   (= 281220 clock ticks)
Increase the size of the arrays if this shows that
you are not getting at least 20 clock ticks per test.
-------------------------------------------------------------
WARNING -- The above is only a rough guideline.
For best results, please be sure you know the
precision of your system timer.
-------------------------------------------------------------
Function    Best Rate MB/s  Avg time     Min time     Max time
Copy:            4625.7     0.465441     0.464252     0.466906
Scale:           4617.5     0.466823     0.465073     0.470729
Add:             4667.4     0.691441     0.690152     0.695110
Triad:           4677.9     0.689834     0.688606     0.690790
-------------------------------------------------------------
Solution Validates: avg error less than 1.000000e-13 on all three arrays
-------------------------------------------------------------
-------------------------------------------------------------
STREAM version $Revision: 5.10 $
-------------------------------------------------------------
This system uses 8 bytes per array element.
-------------------------------------------------------------
Array size = 134217728 (elements), Offset = 0 (elements)
Memory per array = 1024.0 MiB (= 1.0 GiB).
Total memory required = 3072.0 MiB (= 3.0 GiB).
Each kernel will be executed 10 times.
 The *best* time for each kernel (excluding the first iteration)
 will be used to compute the reported bandwidth.
-------------------------------------------------------------
Your clock granularity/precision appears to be 1 microseconds.
Each test below will take on the order of 282145 microseconds.
   (= 282145 clock ticks)
Increase the size of the arrays if this shows that
you are not getting at least 20 clock ticks per test.
-------------------------------------------------------------
WARNING -- The above is only a rough guideline.
For best results, please be sure you know the
precision of your system timer.
-------------------------------------------------------------
Function    Best Rate MB/s  Avg time     Min time     Max time
Copy:            4623.0     0.465573     0.464521     0.467562
Scale:           4610.8     0.467066     0.465754     0.470280
Add:             4669.9     0.691158     0.689784     0.694965
Triad:           4686.9     0.689874     0.687286     0.691489
-------------------------------------------------------------
Solution Validates: avg error less than 1.000000e-13 on all three arrays
-------------------------------------------------------------
2
sched_getaffinity = 1 1 1 1 1 1 1 1 1 1 1 1 1 1 1 1 1 1 1 1 1 1 1 1 1 1 1 1 1 1 1 1 1 1 1 1 1 1 1 1 1 1 1 1 1 1 1 1 1 1 1 1 1 1 1 1 1 1 1 1 1 1 1 1 
sched_getcpu = 35
** RAPL-logger - Process terminated, computing results
Recorded wall time (s):  25.8660
Domain intel-rapl:0 (package-1) energy consumption (j): 862.4311
Domain intel-rapl:0 (package-1) avg. power consumption (W):  33.3423
Domain intel-rapl:0/intel-rapl:0:0 (dram) energy consumption (j):  40.2538
Domain intel-rapl:0/intel-rapl:0:0 (dram) avg. power consumption (W):   1.5562
Domain intel-rapl:1 (package-0) energy consumption (j): 1167.6881
Domain intel-rapl:1 (package-0) avg. power consumption (W):  45.1437
Domain intel-rapl:1/intel-rapl:1:0 (dram) energy consumption (j):  83.4232
Domain intel-rapl:1/intel-rapl:1:0 (dram) avg. power consumption (W):   3.2252
