** RAPL-logger - 2 packages - Sampling freq.  10.0 Hz - Logfiles 0-3: /tmp/rapllog+1594025612
** RAPL-logger - Profiling: ../allocator 18 ../stream.bin 0 ../stream.bin
-------------------------------------------------------------
STREAM version $Revision: 5.10 $
-------------------------------------------------------------
This system uses 8 bytes per array element.
-------------------------------------------------------------
Array size = 134217728 (elements), Offset = 0 (elements)
Memory per array = 1024.0 MiB (= 1.0 GiB).
Total memory required = 3072.0 MiB (= 3.0 GiB).
Each kernel will be executed 10 times.
 The *best* time for each kernel (excluding the first iteration)
 will be used to compute the reported bandwidth.
-------------------------------------------------------------
Your clock granularity/precision appears to be 1 microseconds.
Each test below will take on the order of 246459 microseconds.
   (= 246459 clock ticks)
Increase the size of the arrays if this shows that
you are not getting at least 20 clock ticks per test.
-------------------------------------------------------------
WARNING -- The above is only a rough guideline.
For best results, please be sure you know the
precision of your system timer.
-------------------------------------------------------------
Function    Best Rate MB/s  Avg time     Min time     Max time
Copy:            5643.1     0.381829     0.380551     0.386036
Scale:           5610.1     0.384279     0.382791     0.389460
Add:             6111.5     0.528510     0.527077     0.529458
Triad:           6104.9     0.528278     0.527644     0.529194
-------------------------------------------------------------
Solution Validates: avg error less than 1.000000e-13 on all three arrays
-------------------------------------------------------------
-------------------------------------------------------------
STREAM version $Revision: 5.10 $
-------------------------------------------------------------
This system uses 8 bytes per array element.
-------------------------------------------------------------
Array size = 134217728 (elements), Offset = 0 (elements)
Memory per array = 1024.0 MiB (= 1.0 GiB).
Total memory required = 3072.0 MiB (= 3.0 GiB).
Each kernel will be executed 10 times.
 The *best* time for each kernel (excluding the first iteration)
 will be used to compute the reported bandwidth.
-------------------------------------------------------------
Your clock granularity/precision appears to be 1 microseconds.
Each test below will take on the order of 250242 microseconds.
   (= 250242 clock ticks)
Increase the size of the arrays if this shows that
you are not getting at least 20 clock ticks per test.
-------------------------------------------------------------
WARNING -- The above is only a rough guideline.
For best results, please be sure you know the
precision of your system timer.
-------------------------------------------------------------
Function    Best Rate MB/s  Avg time     Min time     Max time
Copy:            5632.4     0.382688     0.381273     0.387453
Scale:           5616.6     0.383691     0.382343     0.389141
Add:             6128.1     0.526725     0.525651     0.527974
Triad:           6110.4     0.529643     0.527169     0.530838
-------------------------------------------------------------
Solution Validates: avg error less than 1.000000e-13 on all three arrays
-------------------------------------------------------------
2
sched_getaffinity = 1 1 1 1 1 1 1 1 1 1 1 1 1 1 1 1 1 1 1 1 1 1 1 1 1 1 1 1 1 1 1 1 1 1 1 1 1 1 1 1 1 1 1 1 1 1 1 1 1 1 1 1 1 1 1 1 1 1 1 1 1 1 1 1 
sched_getcpu = 39
** RAPL-logger - Process terminated, computing results
Recorded wall time (s):  20.1620
Domain intel-rapl:0 (package-1) energy consumption (j): 672.9908
Domain intel-rapl:0 (package-1) avg. power consumption (W):  33.3792
Domain intel-rapl:0/intel-rapl:0:0 (dram) energy consumption (j):  31.1412
Domain intel-rapl:0/intel-rapl:0:0 (dram) avg. power consumption (W):   1.5446
Domain intel-rapl:1 (package-0) energy consumption (j): 934.0040
Domain intel-rapl:1 (package-0) avg. power consumption (W):  46.3250
Domain intel-rapl:1/intel-rapl:1:0 (dram) energy consumption (j):  68.2715
Domain intel-rapl:1/intel-rapl:1:0 (dram) avg. power consumption (W):   3.3861
