** RAPL-logger - 2 packages - Sampling freq.  10.0 Hz - Logfiles 0-3: /tmp/rapllog+1594025412
** RAPL-logger - Profiling: ../allocator 6 ../stream.bin 2 ../stream.bin
-------------------------------------------------------------
STREAM version $Revision: 5.10 $
-------------------------------------------------------------
This system uses 8 bytes per array element.
-------------------------------------------------------------
Array size = 134217728 (elements), Offset = 0 (elements)
Memory per array = 1024.0 MiB (= 1.0 GiB).
Total memory required = 3072.0 MiB (= 3.0 GiB).
Each kernel will be executed 10 times.
 The *best* time for each kernel (excluding the first iteration)
 will be used to compute the reported bandwidth.
-------------------------------------------------------------
Your clock granularity/precision appears to be 1 microseconds.
Each test below will take on the order of 243284 microseconds.
   (= 243284 clock ticks)
Increase the size of the arrays if this shows that
you are not getting at least 20 clock ticks per test.
-------------------------------------------------------------
WARNING -- The above is only a rough guideline.
For best results, please be sure you know the
precision of your system timer.
-------------------------------------------------------------
Function    Best Rate MB/s  Avg time     Min time     Max time
Copy:            5642.8     0.381217     0.380568     0.382465
Scale:           5614.6     0.382944     0.382479     0.383860
Add:             6123.2     0.526995     0.526071     0.528085
Triad:           6109.0     0.527971     0.527293     0.528510
-------------------------------------------------------------
Solution Validates: avg error less than 1.000000e-13 on all three arrays
-------------------------------------------------------------
-------------------------------------------------------------
STREAM version $Revision: 5.10 $
-------------------------------------------------------------
This system uses 8 bytes per array element.
-------------------------------------------------------------
Array size = 134217728 (elements), Offset = 0 (elements)
Memory per array = 1024.0 MiB (= 1.0 GiB).
Total memory required = 3072.0 MiB (= 3.0 GiB).
Each kernel will be executed 10 times.
 The *best* time for each kernel (excluding the first iteration)
 will be used to compute the reported bandwidth.
-------------------------------------------------------------
Your clock granularity/precision appears to be 1 microseconds.
Each test below will take on the order of 244572 microseconds.
   (= 244572 clock ticks)
Increase the size of the arrays if this shows that
you are not getting at least 20 clock ticks per test.
-------------------------------------------------------------
WARNING -- The above is only a rough guideline.
For best results, please be sure you know the
precision of your system timer.
-------------------------------------------------------------
Function    Best Rate MB/s  Avg time     Min time     Max time
Copy:            5637.7     0.381454     0.380913     0.383270
Scale:           5618.1     0.382800     0.382245     0.383839
Add:             6125.9     0.526470     0.525836     0.527353
Triad:           6104.6     0.528453     0.527672     0.529374
-------------------------------------------------------------
Solution Validates: avg error less than 1.000000e-13 on all three arrays
-------------------------------------------------------------
2
sched_getaffinity = 1 1 1 1 1 1 1 1 1 1 1 1 1 1 1 1 1 1 1 1 1 1 1 1 1 1 1 1 1 1 1 1 1 1 1 1 1 1 1 1 1 1 1 1 1 1 1 1 1 1 1 1 1 1 1 1 1 1 1 1 1 1 1 1 
sched_getcpu = 39
** RAPL-logger - Process terminated, computing results
Recorded wall time (s):  20.1210
Domain intel-rapl:0 (package-1) energy consumption (j): 666.4457
Domain intel-rapl:0 (package-1) avg. power consumption (W):  33.1219
Domain intel-rapl:0/intel-rapl:0:0 (dram) energy consumption (j):  31.1498
Domain intel-rapl:0/intel-rapl:0:0 (dram) avg. power consumption (W):   1.5481
Domain intel-rapl:1 (package-0) energy consumption (j): 958.8670
Domain intel-rapl:1 (package-0) avg. power consumption (W):  47.6550
Domain intel-rapl:1/intel-rapl:1:0 (dram) energy consumption (j):  68.3089
Domain intel-rapl:1/intel-rapl:1:0 (dram) avg. power consumption (W):   3.3949
