** RAPL-logger - 2 packages - Sampling freq.  10.0 Hz - Logfiles 0-3: /tmp/rapllog+1594025878
** RAPL-logger - Profiling: ../allocator 29 ../stream.bin 31 ../stream.bin
-------------------------------------------------------------
STREAM version $Revision: 5.10 $
-------------------------------------------------------------
This system uses 8 bytes per array element.
-------------------------------------------------------------
Array size = 134217728 (elements), Offset = 0 (elements)
Memory per array = 1024.0 MiB (= 1.0 GiB).
Total memory required = 3072.0 MiB (= 3.0 GiB).
Each kernel will be executed 10 times.
 The *best* time for each kernel (excluding the first iteration)
 will be used to compute the reported bandwidth.
-------------------------------------------------------------
Your clock granularity/precision appears to be 1 microseconds.
Each test below will take on the order of 245561 microseconds.
   (= 245561 clock ticks)
Increase the size of the arrays if this shows that
you are not getting at least 20 clock ticks per test.
-------------------------------------------------------------
WARNING -- The above is only a rough guideline.
For best results, please be sure you know the
precision of your system timer.
-------------------------------------------------------------
Function    Best Rate MB/s  Avg time     Min time     Max time
Copy:            5646.1     0.381010     0.380348     0.382180
Scale:           5619.5     0.382810     0.382147     0.383555
Add:             6113.3     0.527561     0.526925     0.528301
Triad:           6112.0     0.527740     0.527029     0.527978
-------------------------------------------------------------
Solution Validates: avg error less than 1.000000e-13 on all three arrays
-------------------------------------------------------------
-------------------------------------------------------------
STREAM version $Revision: 5.10 $
-------------------------------------------------------------
This system uses 8 bytes per array element.
-------------------------------------------------------------
Array size = 134217728 (elements), Offset = 0 (elements)
Memory per array = 1024.0 MiB (= 1.0 GiB).
Total memory required = 3072.0 MiB (= 3.0 GiB).
Each kernel will be executed 10 times.
 The *best* time for each kernel (excluding the first iteration)
 will be used to compute the reported bandwidth.
-------------------------------------------------------------
Your clock granularity/precision appears to be 1 microseconds.
Each test below will take on the order of 247829 microseconds.
   (= 247829 clock ticks)
Increase the size of the arrays if this shows that
you are not getting at least 20 clock ticks per test.
-------------------------------------------------------------
WARNING -- The above is only a rough guideline.
For best results, please be sure you know the
precision of your system timer.
-------------------------------------------------------------
Function    Best Rate MB/s  Avg time     Min time     Max time
Copy:            5640.6     0.381375     0.380721     0.382468
Scale:           5621.5     0.382602     0.382014     0.383394
Add:             6125.2     0.526522     0.525894     0.527042
Triad:           6109.0     0.528424     0.527292     0.528823
-------------------------------------------------------------
Solution Validates: avg error less than 1.000000e-13 on all three arrays
-------------------------------------------------------------
2
sched_getaffinity = 1 1 1 1 1 1 1 1 1 1 1 1 1 1 1 1 1 1 1 1 1 1 1 1 1 1 1 1 1 1 1 1 1 1 1 1 1 1 1 1 1 1 1 1 1 1 1 1 1 1 1 1 1 1 1 1 1 1 1 1 1 1 1 1 
sched_getcpu = 39
** RAPL-logger - Process terminated, computing results
Recorded wall time (s):  20.1180
Domain intel-rapl:0 (package-1) energy consumption (j): 813.7845
Domain intel-rapl:0 (package-1) avg. power consumption (W):  40.4506
Domain intel-rapl:0/intel-rapl:0:0 (dram) energy consumption (j):  66.6201
Domain intel-rapl:0/intel-rapl:0:0 (dram) avg. power consumption (W):   3.3115
Domain intel-rapl:1 (package-0) energy consumption (j): 791.6232
Domain intel-rapl:1 (package-0) avg. power consumption (W):  39.3490
Domain intel-rapl:1/intel-rapl:1:0 (dram) energy consumption (j):  32.2263
Domain intel-rapl:1/intel-rapl:1:0 (dram) avg. power consumption (W):   1.6019
