** RAPL-logger - 2 packages - Sampling freq.  10.0 Hz - Logfiles 0-3: /tmp/rapllog+1594026866
** RAPL-logger - Profiling: ../allocator 23 ../stream.bin 55 ../stream.bin
-------------------------------------------------------------
STREAM version $Revision: 5.10 $
-------------------------------------------------------------
This system uses 8 bytes per array element.
-------------------------------------------------------------
Array size = 134217728 (elements), Offset = 0 (elements)
Memory per array = 1024.0 MiB (= 1.0 GiB).
Total memory required = 3072.0 MiB (= 3.0 GiB).
Each kernel will be executed 10 times.
 The *best* time for each kernel (excluding the first iteration)
 will be used to compute the reported bandwidth.
-------------------------------------------------------------
Your clock granularity/precision appears to be 1 microseconds.
Each test below will take on the order of 277808 microseconds.
   (= 277808 clock ticks)
Increase the size of the arrays if this shows that
you are not getting at least 20 clock ticks per test.
-------------------------------------------------------------
WARNING -- The above is only a rough guideline.
For best results, please be sure you know the
precision of your system timer.
-------------------------------------------------------------
Function    Best Rate MB/s  Avg time     Min time     Max time
Copy:            4644.3     0.463465     0.462390     0.464843
Scale:           4629.4     0.464788     0.463884     0.465420
Add:             4697.9     0.686200     0.685668     0.687000
Triad:           4706.6     0.686244     0.684409     0.687923
-------------------------------------------------------------
Solution Validates: avg error less than 1.000000e-13 on all three arrays
-------------------------------------------------------------
-------------------------------------------------------------
STREAM version $Revision: 5.10 $
-------------------------------------------------------------
This system uses 8 bytes per array element.
-------------------------------------------------------------
Array size = 134217728 (elements), Offset = 0 (elements)
Memory per array = 1024.0 MiB (= 1.0 GiB).
Total memory required = 3072.0 MiB (= 3.0 GiB).
Each kernel will be executed 10 times.
 The *best* time for each kernel (excluding the first iteration)
 will be used to compute the reported bandwidth.
-------------------------------------------------------------
Your clock granularity/precision appears to be 1 microseconds.
Each test below will take on the order of 278643 microseconds.
   (= 278643 clock ticks)
Increase the size of the arrays if this shows that
you are not getting at least 20 clock ticks per test.
-------------------------------------------------------------
WARNING -- The above is only a rough guideline.
For best results, please be sure you know the
precision of your system timer.
-------------------------------------------------------------
Function    Best Rate MB/s  Avg time     Min time     Max time
Copy:            4645.5     0.463642     0.462274     0.465264
Scale:           4625.4     0.464946     0.464278     0.465546
Add:             4703.1     0.685960     0.684916     0.687502
Triad:           4716.4     0.686192     0.682979     0.688231
-------------------------------------------------------------
Solution Validates: avg error less than 1.000000e-13 on all three arrays
-------------------------------------------------------------
2
sched_getaffinity = 1 1 1 1 1 1 1 1 1 1 1 1 1 1 1 1 1 1 1 1 1 1 1 1 1 1 1 1 1 1 1 1 1 1 1 1 1 1 1 1 1 1 1 1 1 1 1 1 1 1 1 1 1 1 1 1 1 1 1 1 1 1 1 1 
sched_getcpu = 51
** RAPL-logger - Process terminated, computing results
Recorded wall time (s):  25.7340
Domain intel-rapl:0 (package-1) energy consumption (j): 979.1835
Domain intel-rapl:0 (package-1) avg. power consumption (W):  38.0502
Domain intel-rapl:0/intel-rapl:0:0 (dram) energy consumption (j):  78.4867
Domain intel-rapl:0/intel-rapl:0:0 (dram) avg. power consumption (W):   3.0499
Domain intel-rapl:1 (package-0) energy consumption (j): 1018.2536
Domain intel-rapl:1 (package-0) avg. power consumption (W):  39.5684
Domain intel-rapl:1/intel-rapl:1:0 (dram) energy consumption (j):  41.1568
Domain intel-rapl:1/intel-rapl:1:0 (dram) avg. power consumption (W):   1.5993
