** RAPL-logger - 2 packages - Sampling freq.  10.0 Hz - Logfiles 0-3: /tmp/rapllog+1594026311
** RAPL-logger - Profiling: ../allocator 24 ../stream.bin 56 ../stream.bin
-------------------------------------------------------------
STREAM version $Revision: 5.10 $
-------------------------------------------------------------
This system uses 8 bytes per array element.
-------------------------------------------------------------
Array size = 134217728 (elements), Offset = 0 (elements)
Memory per array = 1024.0 MiB (= 1.0 GiB).
Total memory required = 3072.0 MiB (= 3.0 GiB).
Each kernel will be executed 10 times.
 The *best* time for each kernel (excluding the first iteration)
 will be used to compute the reported bandwidth.
-------------------------------------------------------------
Your clock granularity/precision appears to be 1 microseconds.
Each test below will take on the order of 277671 microseconds.
   (= 277671 clock ticks)
Increase the size of the arrays if this shows that
you are not getting at least 20 clock ticks per test.
-------------------------------------------------------------
WARNING -- The above is only a rough guideline.
For best results, please be sure you know the
precision of your system timer.
-------------------------------------------------------------
Function    Best Rate MB/s  Avg time     Min time     Max time
Copy:            4654.2     0.462463     0.461406     0.464110
Scale:           4645.6     0.463379     0.462261     0.464339
Add:             4725.2     0.683435     0.681710     0.688598
Triad:           4728.2     0.682748     0.681279     0.686008
-------------------------------------------------------------
Solution Validates: avg error less than 1.000000e-13 on all three arrays
-------------------------------------------------------------
-------------------------------------------------------------
STREAM version $Revision: 5.10 $
-------------------------------------------------------------
This system uses 8 bytes per array element.
-------------------------------------------------------------
Array size = 134217728 (elements), Offset = 0 (elements)
Memory per array = 1024.0 MiB (= 1.0 GiB).
Total memory required = 3072.0 MiB (= 3.0 GiB).
Each kernel will be executed 10 times.
 The *best* time for each kernel (excluding the first iteration)
 will be used to compute the reported bandwidth.
-------------------------------------------------------------
Your clock granularity/precision appears to be 1 microseconds.
Each test below will take on the order of 278642 microseconds.
   (= 278642 clock ticks)
Increase the size of the arrays if this shows that
you are not getting at least 20 clock ticks per test.
-------------------------------------------------------------
WARNING -- The above is only a rough guideline.
For best results, please be sure you know the
precision of your system timer.
-------------------------------------------------------------
Function    Best Rate MB/s  Avg time     Min time     Max time
Copy:            4650.6     0.462546     0.461769     0.464135
Scale:           4641.6     0.463750     0.462660     0.464947
Add:             4728.6     0.683151     0.681224     0.688300
Triad:           4728.0     0.682479     0.681315     0.684099
-------------------------------------------------------------
Solution Validates: avg error less than 1.000000e-13 on all three arrays
-------------------------------------------------------------
2
sched_getaffinity = 1 1 1 1 1 1 1 1 1 1 1 1 1 1 1 1 1 1 1 1 1 1 1 1 1 1 1 1 1 1 1 1 1 1 1 1 1 1 1 1 1 1 1 1 1 1 1 1 1 1 1 1 1 1 1 1 1 1 1 1 1 1 1 1 
sched_getcpu = 39
** RAPL-logger - Process terminated, computing results
Recorded wall time (s):  25.6310
Domain intel-rapl:0 (package-1) energy consumption (j): 854.2671
Domain intel-rapl:0 (package-1) avg. power consumption (W):  33.3294
Domain intel-rapl:0/intel-rapl:0:0 (dram) energy consumption (j):  39.7411
Domain intel-rapl:0/intel-rapl:0:0 (dram) avg. power consumption (W):   1.5505
Domain intel-rapl:1 (package-0) energy consumption (j): 1154.5890
Domain intel-rapl:1 (package-0) avg. power consumption (W):  45.0466
Domain intel-rapl:1/intel-rapl:1:0 (dram) energy consumption (j):  81.8912
Domain intel-rapl:1/intel-rapl:1:0 (dram) avg. power consumption (W):   3.1950
