** RAPL-logger - 2 packages - Sampling freq.  10.0 Hz - Logfiles 0-3: /tmp/rapllog+1594026505
** RAPL-logger - Profiling: ../allocator 5 ../stream.bin 37 ../stream.bin
-------------------------------------------------------------
STREAM version $Revision: 5.10 $
-------------------------------------------------------------
This system uses 8 bytes per array element.
-------------------------------------------------------------
Array size = 134217728 (elements), Offset = 0 (elements)
Memory per array = 1024.0 MiB (= 1.0 GiB).
Total memory required = 3072.0 MiB (= 3.0 GiB).
Each kernel will be executed 10 times.
 The *best* time for each kernel (excluding the first iteration)
 will be used to compute the reported bandwidth.
-------------------------------------------------------------
Your clock granularity/precision appears to be 1 microseconds.
Each test below will take on the order of 277904 microseconds.
   (= 277904 clock ticks)
Increase the size of the arrays if this shows that
you are not getting at least 20 clock ticks per test.
-------------------------------------------------------------
WARNING -- The above is only a rough guideline.
For best results, please be sure you know the
precision of your system timer.
-------------------------------------------------------------
Function    Best Rate MB/s  Avg time     Min time     Max time
Copy:            4645.1     0.462926     0.462308     0.464645
Scale:           4638.6     0.463860     0.462958     0.465060
Add:             4708.5     0.684980     0.684135     0.686131
Triad:           4721.9     0.684105     0.682193     0.685792
-------------------------------------------------------------
Solution Validates: avg error less than 1.000000e-13 on all three arrays
-------------------------------------------------------------
-------------------------------------------------------------
STREAM version $Revision: 5.10 $
-------------------------------------------------------------
This system uses 8 bytes per array element.
-------------------------------------------------------------
Array size = 134217728 (elements), Offset = 0 (elements)
Memory per array = 1024.0 MiB (= 1.0 GiB).
Total memory required = 3072.0 MiB (= 3.0 GiB).
Each kernel will be executed 10 times.
 The *best* time for each kernel (excluding the first iteration)
 will be used to compute the reported bandwidth.
-------------------------------------------------------------
Your clock granularity/precision appears to be 1 microseconds.
Each test below will take on the order of 278831 microseconds.
   (= 278831 clock ticks)
Increase the size of the arrays if this shows that
you are not getting at least 20 clock ticks per test.
-------------------------------------------------------------
WARNING -- The above is only a rough guideline.
For best results, please be sure you know the
precision of your system timer.
-------------------------------------------------------------
Function    Best Rate MB/s  Avg time     Min time     Max time
Copy:            4646.1     0.462945     0.462210     0.464290
Scale:           4634.1     0.464236     0.463407     0.465528
Add:             4712.6     0.684657     0.683528     0.686160
Triad:           4721.2     0.684088     0.682293     0.685919
-------------------------------------------------------------
Solution Validates: avg error less than 1.000000e-13 on all three arrays
-------------------------------------------------------------
2
sched_getaffinity = 1 1 1 1 1 1 1 1 1 1 1 1 1 1 1 1 1 1 1 1 1 1 1 1 1 1 1 1 1 1 1 1 1 1 1 1 1 1 1 1 1 1 1 1 1 1 1 1 1 1 1 1 1 1 1 1 1 1 1 1 1 1 1 1 
sched_getcpu = 38
** RAPL-logger - Process terminated, computing results
Recorded wall time (s):  25.6820
Domain intel-rapl:0 (package-1) energy consumption (j): 984.0341
Domain intel-rapl:0 (package-1) avg. power consumption (W):  38.3161
Domain intel-rapl:0/intel-rapl:0:0 (dram) energy consumption (j):  78.6222
Domain intel-rapl:0/intel-rapl:0:0 (dram) avg. power consumption (W):   3.0614
Domain intel-rapl:1 (package-0) energy consumption (j): 1011.3339
Domain intel-rapl:1 (package-0) avg. power consumption (W):  39.3791
Domain intel-rapl:1/intel-rapl:1:0 (dram) energy consumption (j):  41.5276
Domain intel-rapl:1/intel-rapl:1:0 (dram) avg. power consumption (W):   1.6170
