** RAPL-logger - 2 packages - Sampling freq.  10.0 Hz - Logfiles 0-3: /tmp/rapllog+1594025945
** RAPL-logger - Profiling: ../allocator 23 ../stream.bin 19 ../stream.bin
-------------------------------------------------------------
STREAM version $Revision: 5.10 $
-------------------------------------------------------------
This system uses 8 bytes per array element.
-------------------------------------------------------------
Array size = 134217728 (elements), Offset = 0 (elements)
Memory per array = 1024.0 MiB (= 1.0 GiB).
Total memory required = 3072.0 MiB (= 3.0 GiB).
Each kernel will be executed 10 times.
 The *best* time for each kernel (excluding the first iteration)
 will be used to compute the reported bandwidth.
-------------------------------------------------------------
Your clock granularity/precision appears to be 1 microseconds.
Each test below will take on the order of 246129 microseconds.
   (= 246129 clock ticks)
Increase the size of the arrays if this shows that
you are not getting at least 20 clock ticks per test.
-------------------------------------------------------------
WARNING -- The above is only a rough guideline.
For best results, please be sure you know the
precision of your system timer.
-------------------------------------------------------------
Function    Best Rate MB/s  Avg time     Min time     Max time
Copy:            5625.1     0.382177     0.381771     0.382466
Scale:           5608.1     0.383494     0.382922     0.384061
Add:             6139.7     0.525077     0.524653     0.526061
Triad:           6121.7     0.526979     0.526196     0.527505
-------------------------------------------------------------
Solution Validates: avg error less than 1.000000e-13 on all three arrays
-------------------------------------------------------------
-------------------------------------------------------------
STREAM version $Revision: 5.10 $
-------------------------------------------------------------
This system uses 8 bytes per array element.
-------------------------------------------------------------
Array size = 134217728 (elements), Offset = 0 (elements)
Memory per array = 1024.0 MiB (= 1.0 GiB).
Total memory required = 3072.0 MiB (= 3.0 GiB).
Each kernel will be executed 10 times.
 The *best* time for each kernel (excluding the first iteration)
 will be used to compute the reported bandwidth.
-------------------------------------------------------------
Your clock granularity/precision appears to be 1 microseconds.
Each test below will take on the order of 246020 microseconds.
   (= 246020 clock ticks)
Increase the size of the arrays if this shows that
you are not getting at least 20 clock ticks per test.
-------------------------------------------------------------
WARNING -- The above is only a rough guideline.
For best results, please be sure you know the
precision of your system timer.
-------------------------------------------------------------
Function    Best Rate MB/s  Avg time     Min time     Max time
Copy:            5624.1     0.382250     0.381837     0.382487
Scale:           5608.5     0.383447     0.382896     0.384039
Add:             6139.5     0.525116     0.524674     0.526092
Triad:           6121.1     0.526911     0.526247     0.527247
-------------------------------------------------------------
Solution Validates: avg error less than 1.000000e-13 on all three arrays
-------------------------------------------------------------
2
sched_getaffinity = 1 1 1 1 1 1 1 1 1 1 1 1 1 1 1 1 1 1 1 1 1 1 1 1 1 1 1 1 1 1 1 1 1 1 1 1 1 1 1 1 1 1 1 1 1 1 1 1 1 1 1 1 1 1 1 1 1 1 1 1 1 1 1 1 
sched_getcpu = 38
** RAPL-logger - Process terminated, computing results
Recorded wall time (s):  20.0990
Domain intel-rapl:0 (package-1) energy consumption (j): 803.9273
Domain intel-rapl:0 (package-1) avg. power consumption (W):  39.9984
Domain intel-rapl:0/intel-rapl:0:0 (dram) energy consumption (j):  66.3180
Domain intel-rapl:0/intel-rapl:0:0 (dram) avg. power consumption (W):   3.2996
Domain intel-rapl:1 (package-0) energy consumption (j): 788.3771
Domain intel-rapl:1 (package-0) avg. power consumption (W):  39.2247
Domain intel-rapl:1/intel-rapl:1:0 (dram) energy consumption (j):  32.2453
Domain intel-rapl:1/intel-rapl:1:0 (dram) avg. power consumption (W):   1.6043
