** RAPL-logger - 2 packages - Sampling freq.  10.0 Hz - Logfiles 0-3: /tmp/rapllog+1594026116
** RAPL-logger - Profiling: ../allocator 12 ../stream.bin 44 ../stream.bin
-------------------------------------------------------------
STREAM version $Revision: 5.10 $
-------------------------------------------------------------
This system uses 8 bytes per array element.
-------------------------------------------------------------
Array size = 134217728 (elements), Offset = 0 (elements)
Memory per array = 1024.0 MiB (= 1.0 GiB).
Total memory required = 3072.0 MiB (= 3.0 GiB).
Each kernel will be executed 10 times.
 The *best* time for each kernel (excluding the first iteration)
 will be used to compute the reported bandwidth.
-------------------------------------------------------------
Your clock granularity/precision appears to be 1 microseconds.
Each test below will take on the order of 276777 microseconds.
   (= 276777 clock ticks)
Increase the size of the arrays if this shows that
you are not getting at least 20 clock ticks per test.
-------------------------------------------------------------
WARNING -- The above is only a rough guideline.
For best results, please be sure you know the
precision of your system timer.
-------------------------------------------------------------
Function    Best Rate MB/s  Avg time     Min time     Max time
Copy:            4667.5     0.460568     0.460089     0.461015
Scale:           4655.4     0.461945     0.461284     0.462722
Add:             4746.3     0.679813     0.678684     0.681695
Triad:           4751.4     0.679847     0.677946     0.682109
-------------------------------------------------------------
Solution Validates: avg error less than 1.000000e-13 on all three arrays
-------------------------------------------------------------
-------------------------------------------------------------
STREAM version $Revision: 5.10 $
-------------------------------------------------------------
This system uses 8 bytes per array element.
-------------------------------------------------------------
Array size = 134217728 (elements), Offset = 0 (elements)
Memory per array = 1024.0 MiB (= 1.0 GiB).
Total memory required = 3072.0 MiB (= 3.0 GiB).
Each kernel will be executed 10 times.
 The *best* time for each kernel (excluding the first iteration)
 will be used to compute the reported bandwidth.
-------------------------------------------------------------
Your clock granularity/precision appears to be 1 microseconds.
Each test below will take on the order of 277778 microseconds.
   (= 277778 clock ticks)
Increase the size of the arrays if this shows that
you are not getting at least 20 clock ticks per test.
-------------------------------------------------------------
WARNING -- The above is only a rough guideline.
For best results, please be sure you know the
precision of your system timer.
-------------------------------------------------------------
Function    Best Rate MB/s  Avg time     Min time     Max time
Copy:            4671.4     0.460619     0.459708     0.461267
Scale:           4651.7     0.462380     0.461651     0.463320
Add:             4749.0     0.679774     0.678292     0.681042
Triad:           4749.6     0.679862     0.678204     0.682149
-------------------------------------------------------------
Solution Validates: avg error less than 1.000000e-13 on all three arrays
-------------------------------------------------------------
2
sched_getaffinity = 1 1 1 1 1 1 1 1 1 1 1 1 1 1 1 1 1 1 1 1 1 1 1 1 1 1 1 1 1 1 1 1 1 1 1 1 1 1 1 1 1 1 1 1 1 1 1 1 1 1 1 1 1 1 1 1 1 1 1 1 1 1 1 1 
sched_getcpu = 38
** RAPL-logger - Process terminated, computing results
Recorded wall time (s):  25.5230
Domain intel-rapl:0 (package-1) energy consumption (j): 839.8963
Domain intel-rapl:0 (package-1) avg. power consumption (W):  32.9074
Domain intel-rapl:0/intel-rapl:0:0 (dram) energy consumption (j):  39.4711
Domain intel-rapl:0/intel-rapl:0:0 (dram) avg. power consumption (W):   1.5465
Domain intel-rapl:1 (package-0) energy consumption (j): 1142.3315
Domain intel-rapl:1 (package-0) avg. power consumption (W):  44.7569
Domain intel-rapl:1/intel-rapl:1:0 (dram) energy consumption (j):  82.3574
Domain intel-rapl:1/intel-rapl:1:0 (dram) avg. power consumption (W):   3.2268
