** RAPL-logger - 2 packages - Sampling freq.  10.0 Hz - Logfiles 0-3: /tmp/rapllog+1594026449
** RAPL-logger - Profiling: ../allocator 18 ../stream.bin 50 ../stream.bin
-------------------------------------------------------------
STREAM version $Revision: 5.10 $
-------------------------------------------------------------
This system uses 8 bytes per array element.
-------------------------------------------------------------
Array size = 134217728 (elements), Offset = 0 (elements)
Memory per array = 1024.0 MiB (= 1.0 GiB).
Total memory required = 3072.0 MiB (= 3.0 GiB).
Each kernel will be executed 10 times.
 The *best* time for each kernel (excluding the first iteration)
 will be used to compute the reported bandwidth.
-------------------------------------------------------------
Your clock granularity/precision appears to be 1 microseconds.
Each test below will take on the order of 278569 microseconds.
   (= 278569 clock ticks)
Increase the size of the arrays if this shows that
you are not getting at least 20 clock ticks per test.
-------------------------------------------------------------
WARNING -- The above is only a rough guideline.
For best results, please be sure you know the
precision of your system timer.
-------------------------------------------------------------
Function    Best Rate MB/s  Avg time     Min time     Max time
Copy:            4645.6     0.463325     0.462262     0.464194
Scale:           4624.3     0.465083     0.464391     0.465986
Add:             4691.8     0.687413     0.686572     0.688239
Triad:           4697.6     0.687018     0.685711     0.687910
-------------------------------------------------------------
Solution Validates: avg error less than 1.000000e-13 on all three arrays
-------------------------------------------------------------
-------------------------------------------------------------
STREAM version $Revision: 5.10 $
-------------------------------------------------------------
This system uses 8 bytes per array element.
-------------------------------------------------------------
Array size = 134217728 (elements), Offset = 0 (elements)
Memory per array = 1024.0 MiB (= 1.0 GiB).
Total memory required = 3072.0 MiB (= 3.0 GiB).
Each kernel will be executed 10 times.
 The *best* time for each kernel (excluding the first iteration)
 will be used to compute the reported bandwidth.
-------------------------------------------------------------
Your clock granularity/precision appears to be 1 microseconds.
Each test below will take on the order of 279566 microseconds.
   (= 279566 clock ticks)
Increase the size of the arrays if this shows that
you are not getting at least 20 clock ticks per test.
-------------------------------------------------------------
WARNING -- The above is only a rough guideline.
For best results, please be sure you know the
precision of your system timer.
-------------------------------------------------------------
Function    Best Rate MB/s  Avg time     Min time     Max time
Copy:            4646.1     0.463583     0.462209     0.464581
Scale:           4624.3     0.465359     0.464390     0.466283
Add:             4690.8     0.687220     0.686718     0.687951
Triad:           4702.3     0.687099     0.685037     0.688787
-------------------------------------------------------------
Solution Validates: avg error less than 1.000000e-13 on all three arrays
-------------------------------------------------------------
2
sched_getaffinity = 1 1 1 1 1 1 1 1 1 1 1 1 1 1 1 1 1 1 1 1 1 1 1 1 1 1 1 1 1 1 1 1 1 1 1 1 1 1 1 1 1 1 1 1 1 1 1 1 1 1 1 1 1 1 1 1 1 1 1 1 1 1 1 1 
sched_getcpu = 38
** RAPL-logger - Process terminated, computing results
Recorded wall time (s):  25.7520
Domain intel-rapl:0 (package-1) energy consumption (j): 848.2544
Domain intel-rapl:0 (package-1) avg. power consumption (W):  32.9394
Domain intel-rapl:0/intel-rapl:0:0 (dram) energy consumption (j):  39.7638
Domain intel-rapl:0/intel-rapl:0:0 (dram) avg. power consumption (W):   1.5441
Domain intel-rapl:1 (package-0) energy consumption (j): 1157.9634
Domain intel-rapl:1 (package-0) avg. power consumption (W):  44.9660
Domain intel-rapl:1/intel-rapl:1:0 (dram) energy consumption (j):  82.4817
Domain intel-rapl:1/intel-rapl:1:0 (dram) avg. power consumption (W):   3.2029
