** RAPL-logger - 2 packages - Sampling freq.  10.0 Hz - Logfiles 0-3: /tmp/rapllog+1594808128
** RAPL-logger - Profiling: ../allocator 14 ../stream.bin 15 ../stream.bin
-------------------------------------------------------------
STREAM version $Revision: 5.10 $
-------------------------------------------------------------
This system uses 8 bytes per array element.
-------------------------------------------------------------
Array size = 134217728 (elements), Offset = 0 (elements)
Memory per array = 1024.0 MiB (= 1.0 GiB).
Total memory required = 3072.0 MiB (= 3.0 GiB).
Each kernel will be executed 10 times.
 The *best* time for each kernel (excluding the first iteration)
 will be used to compute the reported bandwidth.
-------------------------------------------------------------
Your clock granularity/precision appears to be 1 microseconds.
Each test below will take on the order of 145179 microseconds.
   (= 145179 clock ticks)
Increase the size of the arrays if this shows that
you are not getting at least 20 clock ticks per test.
-------------------------------------------------------------
WARNING -- The above is only a rough guideline.
For best results, please be sure you know the
precision of your system timer.
-------------------------------------------------------------
Function    Best Rate MB/s  Avg time     Min time     Max time
Copy:            8935.5     0.240809     0.240333     0.241602
Scale:           8832.6     0.243492     0.243130     0.244167
Add:             9237.3     0.349381     0.348718     0.350128
Triad:           9174.1     0.351966     0.351123     0.353725
-------------------------------------------------------------
Solution Validates: avg error less than 1.000000e-13 on all three arrays
-------------------------------------------------------------
-------------------------------------------------------------
STREAM version $Revision: 5.10 $
-------------------------------------------------------------
This system uses 8 bytes per array element.
-------------------------------------------------------------
Array size = 134217728 (elements), Offset = 0 (elements)
Memory per array = 1024.0 MiB (= 1.0 GiB).
Total memory required = 3072.0 MiB (= 3.0 GiB).
Each kernel will be executed 10 times.
 The *best* time for each kernel (excluding the first iteration)
 will be used to compute the reported bandwidth.
-------------------------------------------------------------
Your clock granularity/precision appears to be 1 microseconds.
Each test below will take on the order of 153186 microseconds.
   (= 153186 clock ticks)
Increase the size of the arrays if this shows that
you are not getting at least 20 clock ticks per test.
-------------------------------------------------------------
WARNING -- The above is only a rough guideline.
For best results, please be sure you know the
precision of your system timer.
-------------------------------------------------------------
Function    Best Rate MB/s  Avg time     Min time     Max time
Copy:            8944.3     0.240634     0.240095     0.241056
Scale:           8840.4     0.243427     0.242916     0.244116
Add:             9242.8     0.349091     0.348513     0.350347
Triad:           9177.8     0.351970     0.350982     0.355096
-------------------------------------------------------------
Solution Validates: avg error less than 1.000000e-13 on all three arrays
-------------------------------------------------------------
2
sched_getaffinity = 1 1 1 1 1 1 1 1 1 1 1 1 1 1 1 1 1 1 1 1 1 1 1 1 1 1 1 1 1 1 1 1 1 1 1 1 1 1 1 1 1 1 1 1 1 1 1 1 1 1 1 1 1 1 1 1 1 1 1 1 1 1 1 1 
sched_getcpu = 38
** RAPL-logger - Process terminated, computing results
Recorded wall time (s):  13.6110
Domain intel-rapl:0 (package-1) energy consumption (j): 518.3172
Domain intel-rapl:0 (package-1) avg. power consumption (W):  38.0808
Domain intel-rapl:0/intel-rapl:0:0 (dram) energy consumption (j):  39.0376
Domain intel-rapl:0/intel-rapl:0:0 (dram) avg. power consumption (W):   2.8681
Domain intel-rapl:1 (package-0) energy consumption (j): 606.6454
Domain intel-rapl:1 (package-0) avg. power consumption (W):  44.5702
Domain intel-rapl:1/intel-rapl:1:0 (dram) energy consumption (j):  41.4892
Domain intel-rapl:1/intel-rapl:1:0 (dram) avg. power consumption (W):   3.0482
