** RAPL-logger - 2 packages - Sampling freq.  10.0 Hz - Logfiles 0-3: /tmp/rapllog+1594833056
** RAPL-logger - Profiling: ../../allocator 3 ../../stream.bin 4 ../../stream.bin
-------------------------------------------------------------
STREAM version $Revision: 5.10 $
-------------------------------------------------------------
This system uses 8 bytes per array element.
-------------------------------------------------------------
Array size = 134217728 (elements), Offset = 0 (elements)
Memory per array = 1024.0 MiB (= 1.0 GiB).
Total memory required = 3072.0 MiB (= 3.0 GiB).
Each kernel will be executed 10 times.
 The *best* time for each kernel (excluding the first iteration)
 will be used to compute the reported bandwidth.
-------------------------------------------------------------
Your clock granularity/precision appears to be 1 microseconds.
Each test below will take on the order of 123122 microseconds.
   (= 123122 clock ticks)
Increase the size of the arrays if this shows that
you are not getting at least 20 clock ticks per test.
-------------------------------------------------------------
WARNING -- The above is only a rough guideline.
For best results, please be sure you know the
precision of your system timer.
-------------------------------------------------------------
Function    Best Rate MB/s  Avg time     Min time     Max time
Copy:           11086.2     0.195008     0.193707     0.202254
Scale:          11042.8     0.196405     0.194470     0.210342
Add:            11815.0     0.275668     0.272638     0.282065
Triad:          11801.4     0.276885     0.272953     0.290514
-------------------------------------------------------------
Solution Validates: avg error less than 1.000000e-13 on all three arrays
-------------------------------------------------------------
-------------------------------------------------------------
STREAM version $Revision: 5.10 $
-------------------------------------------------------------
This system uses 8 bytes per array element.
-------------------------------------------------------------
Array size = 134217728 (elements), Offset = 0 (elements)
Memory per array = 1024.0 MiB (= 1.0 GiB).
Total memory required = 3072.0 MiB (= 3.0 GiB).
Each kernel will be executed 10 times.
 The *best* time for each kernel (excluding the first iteration)
 will be used to compute the reported bandwidth.
-------------------------------------------------------------
Your clock granularity/precision appears to be 1 microseconds.
Each test below will take on the order of 123944 microseconds.
   (= 123944 clock ticks)
Increase the size of the arrays if this shows that
you are not getting at least 20 clock ticks per test.
-------------------------------------------------------------
WARNING -- The above is only a rough guideline.
For best results, please be sure you know the
precision of your system timer.
-------------------------------------------------------------
Function    Best Rate MB/s  Avg time     Min time     Max time
Copy:           10860.2     0.199849     0.197738     0.213985
Scale:          10860.0     0.200664     0.197742     0.206177
Add:            11566.3     0.282520     0.278501     0.295082
Triad:          11516.7     0.281851     0.279700     0.291991
-------------------------------------------------------------
Solution Validates: avg error less than 1.000000e-13 on all three arrays
-------------------------------------------------------------
2
sched_getaffinity = 1 1 1 1 1 1 1 1 1 1 1 1 1 1 1 1 1 1 1 1 
sched_getcpu = 18
** RAPL-logger - Process terminated, computing results
Recorded wall time (s):  11.9790
Domain intel-rapl:0 (package-0) energy consumption (j): 403.6071
Domain intel-rapl:0 (package-0) avg. power consumption (W):  33.6929
Domain intel-rapl:0/intel-rapl:0:0 (dram) energy consumption (j): 101.2204
Domain intel-rapl:0/intel-rapl:0:0 (dram) avg. power consumption (W):   8.4498
Domain intel-rapl:1 (package-1) energy consumption (j): 233.0486
Domain intel-rapl:1 (package-1) avg. power consumption (W):  19.4548
Domain intel-rapl:1/intel-rapl:1:0 (dram) energy consumption (j):   0.0018
Domain intel-rapl:1/intel-rapl:1:0 (dram) avg. power consumption (W):   0.0001
