** RAPL-logger - 2 packages - Sampling freq.  10.0 Hz - Logfiles 0-3: /tmp/rapllog+1594871805
** RAPL-logger - Profiling: ../../allocator 2 ../../stream.bin 12 ../../stream.bin
-------------------------------------------------------------
STREAM version $Revision: 5.10 $
-------------------------------------------------------------
This system uses 8 bytes per array element.
-------------------------------------------------------------
Array size = 671088640 (elements), Offset = 0 (elements)
Memory per array = 5120.0 MiB (= 5.0 GiB).
Total memory required = 15360.0 MiB (= 15.0 GiB).
Each kernel will be executed 10 times.
 The *best* time for each kernel (excluding the first iteration)
 will be used to compute the reported bandwidth.
-------------------------------------------------------------
Your clock granularity/precision appears to be 1 microseconds.
Each test below will take on the order of 604687 microseconds.
   (= 604687 clock ticks)
Increase the size of the arrays if this shows that
you are not getting at least 20 clock ticks per test.
-------------------------------------------------------------
WARNING -- The above is only a rough guideline.
For best results, please be sure you know the
precision of your system timer.
-------------------------------------------------------------
Function    Best Rate MB/s  Avg time     Min time     Max time
Copy:           11623.7     0.932561     0.923752     0.945725
Scale:          11534.5     0.943063     0.930896     0.957246
Add:            12424.2     1.307335     1.296353     1.310124
Triad:          12331.8     1.313184     1.306068     1.317607
-------------------------------------------------------------
Solution Validates: avg error less than 1.000000e-13 on all three arrays
-------------------------------------------------------------
-------------------------------------------------------------
STREAM version $Revision: 5.10 $
-------------------------------------------------------------
This system uses 8 bytes per array element.
-------------------------------------------------------------
Array size = 671088640 (elements), Offset = 0 (elements)
Memory per array = 5120.0 MiB (= 5.0 GiB).
Total memory required = 15360.0 MiB (= 15.0 GiB).
Each kernel will be executed 10 times.
 The *best* time for each kernel (excluding the first iteration)
 will be used to compute the reported bandwidth.
-------------------------------------------------------------
Your clock granularity/precision appears to be 1 microseconds.
Each test below will take on the order of 582125 microseconds.
   (= 582125 clock ticks)
Increase the size of the arrays if this shows that
you are not getting at least 20 clock ticks per test.
-------------------------------------------------------------
WARNING -- The above is only a rough guideline.
For best results, please be sure you know the
precision of your system timer.
-------------------------------------------------------------
Function    Best Rate MB/s  Avg time     Min time     Max time
Copy:           11419.1     0.947225     0.940305     0.957977
Scale:          11460.3     0.952119     0.936923     0.961585
Add:            12195.1     1.327935     1.320709     1.336656
Triad:          12131.7     1.333660     1.327612     1.335076
-------------------------------------------------------------
Solution Validates: avg error less than 1.000000e-13 on all three arrays
-------------------------------------------------------------
2
sched_getaffinity = 1 1 1 1 1 1 1 1 1 1 1 1 1 1 1 1 1 1 1 1 
sched_getcpu = 10
** RAPL-logger - Process terminated, computing results
Recorded wall time (s):  57.2220
Domain intel-rapl:0 (package-0) energy consumption (j): 1588.2356
Domain intel-rapl:0 (package-0) avg. power consumption (W):  27.7557
Domain intel-rapl:0/intel-rapl:0:0 (dram) energy consumption (j): 337.5710
Domain intel-rapl:0/intel-rapl:0:0 (dram) avg. power consumption (W):   5.8993
Domain intel-rapl:1 (package-1) energy consumption (j): 1573.4163
Domain intel-rapl:1 (package-1) avg. power consumption (W):  27.4967
Domain intel-rapl:1/intel-rapl:1:0 (dram) energy consumption (j): 254.7841
Domain intel-rapl:1/intel-rapl:1:0 (dram) avg. power consumption (W):   4.4526
