** RAPL-logger - 2 packages - Sampling freq.  10.0 Hz - Logfiles 0-3: /tmp/rapllog+1594025745
** RAPL-logger - Profiling: ../allocator 11 ../stream.bin 7 ../stream.bin
-------------------------------------------------------------
STREAM version $Revision: 5.10 $
-------------------------------------------------------------
This system uses 8 bytes per array element.
-------------------------------------------------------------
Array size = 134217728 (elements), Offset = 0 (elements)
Memory per array = 1024.0 MiB (= 1.0 GiB).
Total memory required = 3072.0 MiB (= 3.0 GiB).
Each kernel will be executed 10 times.
 The *best* time for each kernel (excluding the first iteration)
 will be used to compute the reported bandwidth.
-------------------------------------------------------------
Your clock granularity/precision appears to be 1 microseconds.
Each test below will take on the order of 247829 microseconds.
   (= 247829 clock ticks)
Increase the size of the arrays if this shows that
you are not getting at least 20 clock ticks per test.
-------------------------------------------------------------
WARNING -- The above is only a rough guideline.
For best results, please be sure you know the
precision of your system timer.
-------------------------------------------------------------
Function    Best Rate MB/s  Avg time     Min time     Max time
Copy:            5632.5     0.382883     0.381269     0.388068
Scale:           5603.8     0.383801     0.383217     0.385225
Add:             6131.2     0.527350     0.525385     0.534603
Triad:           6117.2     0.527699     0.526583     0.531800
-------------------------------------------------------------
Solution Validates: avg error less than 1.000000e-13 on all three arrays
-------------------------------------------------------------
-------------------------------------------------------------
STREAM version $Revision: 5.10 $
-------------------------------------------------------------
This system uses 8 bytes per array element.
-------------------------------------------------------------
Array size = 134217728 (elements), Offset = 0 (elements)
Memory per array = 1024.0 MiB (= 1.0 GiB).
Total memory required = 3072.0 MiB (= 3.0 GiB).
Each kernel will be executed 10 times.
 The *best* time for each kernel (excluding the first iteration)
 will be used to compute the reported bandwidth.
-------------------------------------------------------------
Your clock granularity/precision appears to be 1 microseconds.
Each test below will take on the order of 247711 microseconds.
   (= 247711 clock ticks)
Increase the size of the arrays if this shows that
you are not getting at least 20 clock ticks per test.
-------------------------------------------------------------
WARNING -- The above is only a rough guideline.
For best results, please be sure you know the
precision of your system timer.
-------------------------------------------------------------
Function    Best Rate MB/s  Avg time     Min time     Max time
Copy:            5631.7     0.382934     0.381318     0.388153
Scale:           5604.9     0.383758     0.383145     0.385211
Add:             6130.4     0.527359     0.525454     0.534577
Triad:           6117.5     0.527676     0.526560     0.531749
-------------------------------------------------------------
Solution Validates: avg error less than 1.000000e-13 on all three arrays
-------------------------------------------------------------
2
sched_getaffinity = 1 1 1 1 1 1 1 1 1 1 1 1 1 1 1 1 1 1 1 1 1 1 1 1 1 1 1 1 1 1 1 1 1 1 1 1 1 1 1 1 1 1 1 1 1 1 1 1 1 1 1 1 1 1 1 1 1 1 1 1 1 1 1 1 
sched_getcpu = 38
** RAPL-logger - Process terminated, computing results
Recorded wall time (s):  20.1300
Domain intel-rapl:0 (package-1) energy consumption (j): 810.5595
Domain intel-rapl:0 (package-1) avg. power consumption (W):  40.2662
Domain intel-rapl:0/intel-rapl:0:0 (dram) energy consumption (j):  66.5324
Domain intel-rapl:0/intel-rapl:0:0 (dram) avg. power consumption (W):   3.3051
Domain intel-rapl:1 (package-0) energy consumption (j): 819.6042
Domain intel-rapl:1 (package-0) avg. power consumption (W):  40.7156
Domain intel-rapl:1/intel-rapl:1:0 (dram) energy consumption (j):  32.6679
Domain intel-rapl:1/intel-rapl:1:0 (dram) avg. power consumption (W):   1.6228
