** RAPL-logger - 2 packages - Sampling freq.  10.0 Hz - Logfiles 0-3: /tmp/rapllog+1594025701
** RAPL-logger - Profiling: ../allocator 13 ../stream.bin 15 ../stream.bin
-------------------------------------------------------------
STREAM version $Revision: 5.10 $
-------------------------------------------------------------
This system uses 8 bytes per array element.
-------------------------------------------------------------
Array size = 134217728 (elements), Offset = 0 (elements)
Memory per array = 1024.0 MiB (= 1.0 GiB).
Total memory required = 3072.0 MiB (= 3.0 GiB).
Each kernel will be executed 10 times.
 The *best* time for each kernel (excluding the first iteration)
 will be used to compute the reported bandwidth.
-------------------------------------------------------------
Your clock granularity/precision appears to be 1 microseconds.
Each test below will take on the order of 248296 microseconds.
   (= 248296 clock ticks)
Increase the size of the arrays if this shows that
you are not getting at least 20 clock ticks per test.
-------------------------------------------------------------
WARNING -- The above is only a rough guideline.
For best results, please be sure you know the
precision of your system timer.
-------------------------------------------------------------
Function    Best Rate MB/s  Avg time     Min time     Max time
Copy:            5627.1     0.381870     0.381632     0.382231
Scale:           5613.1     0.382923     0.382585     0.383118
Add:             6136.0     0.525269     0.524974     0.525837
Triad:           6121.4     0.526728     0.526226     0.527790
-------------------------------------------------------------
Solution Validates: avg error less than 1.000000e-13 on all three arrays
-------------------------------------------------------------
-------------------------------------------------------------
STREAM version $Revision: 5.10 $
-------------------------------------------------------------
This system uses 8 bytes per array element.
-------------------------------------------------------------
Array size = 134217728 (elements), Offset = 0 (elements)
Memory per array = 1024.0 MiB (= 1.0 GiB).
Total memory required = 3072.0 MiB (= 3.0 GiB).
Each kernel will be executed 10 times.
 The *best* time for each kernel (excluding the first iteration)
 will be used to compute the reported bandwidth.
-------------------------------------------------------------
Your clock granularity/precision appears to be 1 microseconds.
Each test below will take on the order of 248416 microseconds.
   (= 248416 clock ticks)
Increase the size of the arrays if this shows that
you are not getting at least 20 clock ticks per test.
-------------------------------------------------------------
WARNING -- The above is only a rough guideline.
For best results, please be sure you know the
precision of your system timer.
-------------------------------------------------------------
Function    Best Rate MB/s  Avg time     Min time     Max time
Copy:            5628.7     0.381822     0.381526     0.382189
Scale:           5612.5     0.382955     0.382627     0.383148
Add:             6136.4     0.525257     0.524936     0.525825
Triad:           6121.8     0.526754     0.526193     0.527823
-------------------------------------------------------------
Solution Validates: avg error less than 1.000000e-13 on all three arrays
-------------------------------------------------------------
2
sched_getaffinity = 1 1 1 1 1 1 1 1 1 1 1 1 1 1 1 1 1 1 1 1 1 1 1 1 1 1 1 1 1 1 1 1 1 1 1 1 1 1 1 1 1 1 1 1 1 1 1 1 1 1 1 1 1 1 1 1 1 1 1 1 1 1 1 1 
sched_getcpu = 38
** RAPL-logger - Process terminated, computing results
Recorded wall time (s):  20.0910
Domain intel-rapl:0 (package-1) energy consumption (j): 808.8781
Domain intel-rapl:0 (package-1) avg. power consumption (W):  40.2607
Domain intel-rapl:0/intel-rapl:0:0 (dram) energy consumption (j):  66.3013
Domain intel-rapl:0/intel-rapl:0:0 (dram) avg. power consumption (W):   3.3001
Domain intel-rapl:1 (package-0) energy consumption (j): 790.5789
Domain intel-rapl:1 (package-0) avg. power consumption (W):  39.3499
Domain intel-rapl:1/intel-rapl:1:0 (dram) energy consumption (j):  32.1834
Domain intel-rapl:1/intel-rapl:1:0 (dram) avg. power consumption (W):   1.6019
