** RAPL-logger - 2 packages - Sampling freq.  10.0 Hz - Logfiles 0-3: /tmp/rapllog+1594833227
** RAPL-logger - Profiling: ../../allocator 15 ../../stream.bin 16 ../../stream.bin
-------------------------------------------------------------
STREAM version $Revision: 5.10 $
-------------------------------------------------------------
This system uses 8 bytes per array element.
-------------------------------------------------------------
Array size = 134217728 (elements), Offset = 0 (elements)
Memory per array = 1024.0 MiB (= 1.0 GiB).
Total memory required = 3072.0 MiB (= 3.0 GiB).
Each kernel will be executed 10 times.
 The *best* time for each kernel (excluding the first iteration)
 will be used to compute the reported bandwidth.
-------------------------------------------------------------
Your clock granularity/precision appears to be 1 microseconds.
Each test below will take on the order of 120012 microseconds.
   (= 120012 clock ticks)
Increase the size of the arrays if this shows that
you are not getting at least 20 clock ticks per test.
-------------------------------------------------------------
WARNING -- The above is only a rough guideline.
For best results, please be sure you know the
precision of your system timer.
-------------------------------------------------------------
Function    Best Rate MB/s  Avg time     Min time     Max time
Copy:           11162.3     0.195601     0.192387     0.209852
Scale:          11160.3     0.196609     0.192421     0.209706
Add:            11776.0     0.282167     0.273541     0.290862
Triad:          11739.1     0.282439     0.274401     0.291912
-------------------------------------------------------------
Solution Validates: avg error less than 1.000000e-13 on all three arrays
-------------------------------------------------------------
-------------------------------------------------------------
STREAM version $Revision: 5.10 $
-------------------------------------------------------------
This system uses 8 bytes per array element.
-------------------------------------------------------------
Array size = 134217728 (elements), Offset = 0 (elements)
Memory per array = 1024.0 MiB (= 1.0 GiB).
Total memory required = 3072.0 MiB (= 3.0 GiB).
Each kernel will be executed 10 times.
 The *best* time for each kernel (excluding the first iteration)
 will be used to compute the reported bandwidth.
-------------------------------------------------------------
Your clock granularity/precision appears to be 1 microseconds.
Each test below will take on the order of 120771 microseconds.
   (= 120771 clock ticks)
Increase the size of the arrays if this shows that
you are not getting at least 20 clock ticks per test.
-------------------------------------------------------------
WARNING -- The above is only a rough guideline.
For best results, please be sure you know the
precision of your system timer.
-------------------------------------------------------------
Function    Best Rate MB/s  Avg time     Min time     Max time
Copy:           11013.8     0.199027     0.194982     0.212073
Scale:          10994.2     0.199434     0.195329     0.212596
Add:            11573.5     0.287123     0.278327     0.296662
Triad:          11537.1     0.286134     0.279207     0.296906
-------------------------------------------------------------
Solution Validates: avg error less than 1.000000e-13 on all three arrays
-------------------------------------------------------------
2
sched_getaffinity = 1 1 1 1 1 1 1 1 1 1 1 1 1 1 1 1 1 1 1 1 
sched_getcpu = 11
** RAPL-logger - Process terminated, computing results
Recorded wall time (s):  12.1360
Domain intel-rapl:0 (package-0) energy consumption (j): 244.3758
Domain intel-rapl:0 (package-0) avg. power consumption (W):  20.1364
Domain intel-rapl:0/intel-rapl:0:0 (dram) energy consumption (j):   8.3966
Domain intel-rapl:0/intel-rapl:0:0 (dram) avg. power consumption (W):   0.6919
Domain intel-rapl:1 (package-1) energy consumption (j): 390.2411
Domain intel-rapl:1 (package-1) avg. power consumption (W):  32.1557
Domain intel-rapl:1/intel-rapl:1:0 (dram) energy consumption (j):  88.5830
Domain intel-rapl:1/intel-rapl:1:0 (dram) avg. power consumption (W):   7.2992
