** RAPL-logger - 2 packages - Sampling freq.  10.0 Hz - Logfiles 0-3: /tmp/rapllog+1594832712
** RAPL-logger - Profiling: ../../allocator 1 ../../stream.bin 11 ../../stream.bin
-------------------------------------------------------------
STREAM version $Revision: 5.10 $
-------------------------------------------------------------
This system uses 8 bytes per array element.
-------------------------------------------------------------
Array size = 134217728 (elements), Offset = 0 (elements)
Memory per array = 1024.0 MiB (= 1.0 GiB).
Total memory required = 3072.0 MiB (= 3.0 GiB).
Each kernel will be executed 10 times.
 The *best* time for each kernel (excluding the first iteration)
 will be used to compute the reported bandwidth.
-------------------------------------------------------------
Your clock granularity/precision appears to be 1 microseconds.
Each test below will take on the order of 125519 microseconds.
   (= 125519 clock ticks)
Increase the size of the arrays if this shows that
you are not getting at least 20 clock ticks per test.
-------------------------------------------------------------
WARNING -- The above is only a rough guideline.
For best results, please be sure you know the
precision of your system timer.
-------------------------------------------------------------
Function    Best Rate MB/s  Avg time     Min time     Max time
Copy:           11706.0     0.184571     0.183451     0.185416
Scale:          11639.5     0.187244     0.184499     0.193593
Add:            12470.1     0.263649     0.258316     0.275403
Triad:          12441.2     0.261938     0.258915     0.276249
-------------------------------------------------------------
Solution Validates: avg error less than 1.000000e-13 on all three arrays
-------------------------------------------------------------
-------------------------------------------------------------
STREAM version $Revision: 5.10 $
-------------------------------------------------------------
This system uses 8 bytes per array element.
-------------------------------------------------------------
Array size = 134217728 (elements), Offset = 0 (elements)
Memory per array = 1024.0 MiB (= 1.0 GiB).
Total memory required = 3072.0 MiB (= 3.0 GiB).
Each kernel will be executed 10 times.
 The *best* time for each kernel (excluding the first iteration)
 will be used to compute the reported bandwidth.
-------------------------------------------------------------
Your clock granularity/precision appears to be 1 microseconds.
Each test below will take on the order of 123212 microseconds.
   (= 123212 clock ticks)
Increase the size of the arrays if this shows that
you are not getting at least 20 clock ticks per test.
-------------------------------------------------------------
WARNING -- The above is only a rough guideline.
For best results, please be sure you know the
precision of your system timer.
-------------------------------------------------------------
Function    Best Rate MB/s  Avg time     Min time     Max time
Copy:           11423.6     0.194272     0.187987     0.206626
Scale:          11363.9     0.192329     0.188974     0.207417
Add:            12078.5     0.275030     0.266691     0.285518
Triad:          12012.2     0.275784     0.268163     0.286846
-------------------------------------------------------------
Solution Validates: avg error less than 1.000000e-13 on all three arrays
-------------------------------------------------------------
2
sched_getaffinity = 1 1 1 1 1 1 1 1 1 1 1 1 1 1 1 1 1 1 1 1 
sched_getcpu = 18
** RAPL-logger - Process terminated, computing results
Recorded wall time (s):  11.7410
Domain intel-rapl:0 (package-0) energy consumption (j): 321.7350
Domain intel-rapl:0 (package-0) avg. power consumption (W):  27.4027
Domain intel-rapl:0/intel-rapl:0:0 (dram) energy consumption (j):  66.8532
Domain intel-rapl:0/intel-rapl:0:0 (dram) avg. power consumption (W):   5.6940
Domain intel-rapl:1 (package-1) energy consumption (j): 315.4513
Domain intel-rapl:1 (package-1) avg. power consumption (W):  26.8675
Domain intel-rapl:1/intel-rapl:1:0 (dram) energy consumption (j):  50.2769
Domain intel-rapl:1/intel-rapl:1:0 (dram) avg. power consumption (W):   4.2822
