** RAPL-logger - 2 packages - Sampling freq.  10.0 Hz - Logfiles 0-3: /tmp/rapllog+1594026394
** RAPL-logger - Profiling: ../allocator 26 ../stream.bin 58 ../stream.bin
-------------------------------------------------------------
STREAM version $Revision: 5.10 $
-------------------------------------------------------------
This system uses 8 bytes per array element.
-------------------------------------------------------------
Array size = 134217728 (elements), Offset = 0 (elements)
Memory per array = 1024.0 MiB (= 1.0 GiB).
Total memory required = 3072.0 MiB (= 3.0 GiB).
Each kernel will be executed 10 times.
 The *best* time for each kernel (excluding the first iteration)
 will be used to compute the reported bandwidth.
-------------------------------------------------------------
Your clock granularity/precision appears to be 1 microseconds.
Each test below will take on the order of 277029 microseconds.
   (= 277029 clock ticks)
Increase the size of the arrays if this shows that
you are not getting at least 20 clock ticks per test.
-------------------------------------------------------------
WARNING -- The above is only a rough guideline.
For best results, please be sure you know the
precision of your system timer.
-------------------------------------------------------------
Function    Best Rate MB/s  Avg time     Min time     Max time
Copy:            4658.6     0.462198     0.460974     0.463273
Scale:           4641.4     0.463819     0.462680     0.464470
Add:             4717.9     0.683709     0.682764     0.684527
Triad:           4720.6     0.683531     0.682381     0.686019
-------------------------------------------------------------
Solution Validates: avg error less than 1.000000e-13 on all three arrays
-------------------------------------------------------------
-------------------------------------------------------------
STREAM version $Revision: 5.10 $
-------------------------------------------------------------
This system uses 8 bytes per array element.
-------------------------------------------------------------
Array size = 134217728 (elements), Offset = 0 (elements)
Memory per array = 1024.0 MiB (= 1.0 GiB).
Total memory required = 3072.0 MiB (= 3.0 GiB).
Each kernel will be executed 10 times.
 The *best* time for each kernel (excluding the first iteration)
 will be used to compute the reported bandwidth.
-------------------------------------------------------------
Your clock granularity/precision appears to be 1 microseconds.
Each test below will take on the order of 277955 microseconds.
   (= 277955 clock ticks)
Increase the size of the arrays if this shows that
you are not getting at least 20 clock ticks per test.
-------------------------------------------------------------
WARNING -- The above is only a rough guideline.
For best results, please be sure you know the
precision of your system timer.
-------------------------------------------------------------
Function    Best Rate MB/s  Avg time     Min time     Max time
Copy:            4660.1     0.462484     0.460825     0.464026
Scale:           4634.6     0.463916     0.463354     0.464780
Add:             4715.0     0.683661     0.683192     0.684576
Triad:           4730.1     0.683528     0.681004     0.685838
-------------------------------------------------------------
Solution Validates: avg error less than 1.000000e-13 on all three arrays
-------------------------------------------------------------
2
sched_getaffinity = 1 1 1 1 1 1 1 1 1 1 1 1 1 1 1 1 1 1 1 1 1 1 1 1 1 1 1 1 1 1 1 1 1 1 1 1 1 1 1 1 1 1 1 1 1 1 1 1 1 1 1 1 1 1 1 1 1 1 1 1 1 1 1 1 
sched_getcpu = 39
** RAPL-logger - Process terminated, computing results
Recorded wall time (s):  25.6560
Domain intel-rapl:0 (package-1) energy consumption (j): 853.6765
Domain intel-rapl:0 (package-1) avg. power consumption (W):  33.2740
Domain intel-rapl:0/intel-rapl:0:0 (dram) energy consumption (j):  39.7635
Domain intel-rapl:0/intel-rapl:0:0 (dram) avg. power consumption (W):   1.5499
Domain intel-rapl:1 (package-0) energy consumption (j): 1153.3531
Domain intel-rapl:1 (package-0) avg. power consumption (W):  44.9545
Domain intel-rapl:1/intel-rapl:1:0 (dram) energy consumption (j):  82.2801
Domain intel-rapl:1/intel-rapl:1:0 (dram) avg. power consumption (W):   3.2071
