** RAPL-logger - 2 packages - Sampling freq.  10.0 Hz - Logfiles 0-3: /tmp/rapllog+1594873823
** RAPL-logger - Profiling: ../../allocator 13 ../../stream.bin 14 ../../stream.bin
-------------------------------------------------------------
STREAM version $Revision: 5.10 $
-------------------------------------------------------------
This system uses 8 bytes per array element.
-------------------------------------------------------------
Array size = 671088640 (elements), Offset = 0 (elements)
Memory per array = 5120.0 MiB (= 5.0 GiB).
Total memory required = 15360.0 MiB (= 15.0 GiB).
Each kernel will be executed 10 times.
 The *best* time for each kernel (excluding the first iteration)
 will be used to compute the reported bandwidth.
-------------------------------------------------------------
Your clock granularity/precision appears to be 1 microseconds.
Each test below will take on the order of 604671 microseconds.
   (= 604671 clock ticks)
Increase the size of the arrays if this shows that
you are not getting at least 20 clock ticks per test.
-------------------------------------------------------------
WARNING -- The above is only a rough guideline.
For best results, please be sure you know the
precision of your system timer.
-------------------------------------------------------------
Function    Best Rate MB/s  Avg time     Min time     Max time
Copy:           11026.1     0.985823     0.973814     0.993458
Scale:          10963.9     0.987384     0.979341     0.996998
Add:            11651.5     1.386619     1.382318     1.401932
Triad:          11711.9     1.382686     1.375190     1.391791
-------------------------------------------------------------
Solution Validates: avg error less than 1.000000e-13 on all three arrays
-------------------------------------------------------------
-------------------------------------------------------------
STREAM version $Revision: 5.10 $
-------------------------------------------------------------
This system uses 8 bytes per array element.
-------------------------------------------------------------
Array size = 671088640 (elements), Offset = 0 (elements)
Memory per array = 5120.0 MiB (= 5.0 GiB).
Total memory required = 15360.0 MiB (= 15.0 GiB).
Each kernel will be executed 10 times.
 The *best* time for each kernel (excluding the first iteration)
 will be used to compute the reported bandwidth.
-------------------------------------------------------------
Your clock granularity/precision appears to be 1 microseconds.
Each test below will take on the order of 596004 microseconds.
   (= 596004 clock ticks)
Increase the size of the arrays if this shows that
you are not getting at least 20 clock ticks per test.
-------------------------------------------------------------
WARNING -- The above is only a rough guideline.
For best results, please be sure you know the
precision of your system timer.
-------------------------------------------------------------
Function    Best Rate MB/s  Avg time     Min time     Max time
Copy:           10802.0     1.001682     0.994021     1.012179
Scale:          10790.9     1.005493     0.995044     1.013694
Add:            11414.5     1.413533     1.411028     1.427895
Triad:          11588.9     1.416042     1.389787     1.425495
-------------------------------------------------------------
Solution Validates: avg error less than 1.000000e-13 on all three arrays
-------------------------------------------------------------
2
sched_getaffinity = 1 1 1 1 1 1 1 1 1 1 1 1 1 1 1 1 1 1 1 1 
sched_getcpu = 18
** RAPL-logger - Process terminated, computing results
Recorded wall time (s):  60.0000
Domain intel-rapl:0 (package-0) energy consumption (j): 1259.0487
Domain intel-rapl:0 (package-0) avg. power consumption (W):  20.9841
Domain intel-rapl:0/intel-rapl:0:0 (dram) energy consumption (j):  43.4680
Domain intel-rapl:0/intel-rapl:0:0 (dram) avg. power consumption (W):   0.7245
Domain intel-rapl:1 (package-1) energy consumption (j): 1949.2990
Domain intel-rapl:1 (package-1) avg. power consumption (W):  32.4883
Domain intel-rapl:1/intel-rapl:1:0 (dram) energy consumption (j): 445.7362
Domain intel-rapl:1/intel-rapl:1:0 (dram) avg. power consumption (W):   7.4289
