** RAPL-logger - 2 packages - Sampling freq.  10.0 Hz - Logfiles 0-3: /tmp/rapllog+1594833256
** RAPL-logger - Profiling: ../../allocator 17 ../../stream.bin 18 ../../stream.bin
-------------------------------------------------------------
STREAM version $Revision: 5.10 $
-------------------------------------------------------------
This system uses 8 bytes per array element.
-------------------------------------------------------------
Array size = 134217728 (elements), Offset = 0 (elements)
Memory per array = 1024.0 MiB (= 1.0 GiB).
Total memory required = 3072.0 MiB (= 3.0 GiB).
Each kernel will be executed 10 times.
 The *best* time for each kernel (excluding the first iteration)
 will be used to compute the reported bandwidth.
-------------------------------------------------------------
Your clock granularity/precision appears to be 1 microseconds.
Each test below will take on the order of 120282 microseconds.
   (= 120282 clock ticks)
Increase the size of the arrays if this shows that
you are not getting at least 20 clock ticks per test.
-------------------------------------------------------------
WARNING -- The above is only a rough guideline.
For best results, please be sure you know the
precision of your system timer.
-------------------------------------------------------------
Function    Best Rate MB/s  Avg time     Min time     Max time
Copy:           11150.7     0.198341     0.192588     0.209684
Scale:          11150.0     0.196556     0.192599     0.209756
Add:            11774.6     0.282358     0.273574     0.291079
Triad:          11732.0     0.280491     0.274567     0.291998
-------------------------------------------------------------
Solution Validates: avg error less than 1.000000e-13 on all three arrays
-------------------------------------------------------------
-------------------------------------------------------------
STREAM version $Revision: 5.10 $
-------------------------------------------------------------
This system uses 8 bytes per array element.
-------------------------------------------------------------
Array size = 134217728 (elements), Offset = 0 (elements)
Memory per array = 1024.0 MiB (= 1.0 GiB).
Total memory required = 3072.0 MiB (= 3.0 GiB).
Each kernel will be executed 10 times.
 The *best* time for each kernel (excluding the first iteration)
 will be used to compute the reported bandwidth.
-------------------------------------------------------------
Your clock granularity/precision appears to be 1 microseconds.
Each test below will take on the order of 120404 microseconds.
   (= 120404 clock ticks)
Increase the size of the arrays if this shows that
you are not getting at least 20 clock ticks per test.
-------------------------------------------------------------
WARNING -- The above is only a rough guideline.
For best results, please be sure you know the
precision of your system timer.
-------------------------------------------------------------
Function    Best Rate MB/s  Avg time     Min time     Max time
Copy:           11148.3     0.195593     0.192629     0.209732
Scale:          11127.9     0.198662     0.192982     0.209963
Add:            11759.9     0.280831     0.273915     0.291377
Triad:          11717.0     0.282751     0.274920     0.292287
-------------------------------------------------------------
Solution Validates: avg error less than 1.000000e-13 on all three arrays
-------------------------------------------------------------
2
sched_getaffinity = 1 1 1 1 1 1 1 1 1 1 1 1 1 1 1 1 1 1 1 1 
sched_getcpu = 19
** RAPL-logger - Process terminated, computing results
Recorded wall time (s):  11.9930
Domain intel-rapl:0 (package-0) energy consumption (j): 236.6700
Domain intel-rapl:0 (package-0) avg. power consumption (W):  19.7340
Domain intel-rapl:0/intel-rapl:0:0 (dram) energy consumption (j):   8.3859
Domain intel-rapl:0/intel-rapl:0:0 (dram) avg. power consumption (W):   0.6992
Domain intel-rapl:1 (package-1) energy consumption (j): 388.7065
Domain intel-rapl:1 (package-1) avg. power consumption (W):  32.4111
Domain intel-rapl:1/intel-rapl:1:0 (dram) energy consumption (j):  89.2362
Domain intel-rapl:1/intel-rapl:1:0 (dram) avg. power consumption (W):   7.4407
