** RAPL-logger - 2 packages - Sampling freq.  10.0 Hz - Logfiles 0-3: /tmp/rapllog+1594873513
** RAPL-logger - Profiling: ../../allocator 8 ../../stream.bin 9 ../../stream.bin
-------------------------------------------------------------
STREAM version $Revision: 5.10 $
-------------------------------------------------------------
This system uses 8 bytes per array element.
-------------------------------------------------------------
Array size = 671088640 (elements), Offset = 0 (elements)
Memory per array = 5120.0 MiB (= 5.0 GiB).
Total memory required = 15360.0 MiB (= 15.0 GiB).
Each kernel will be executed 10 times.
 The *best* time for each kernel (excluding the first iteration)
 will be used to compute the reported bandwidth.
-------------------------------------------------------------
Your clock granularity/precision appears to be 1 microseconds.
Each test below will take on the order of 608916 microseconds.
   (= 608916 clock ticks)
Increase the size of the arrays if this shows that
you are not getting at least 20 clock ticks per test.
-------------------------------------------------------------
WARNING -- The above is only a rough guideline.
For best results, please be sure you know the
precision of your system timer.
-------------------------------------------------------------
Function    Best Rate MB/s  Avg time     Min time     Max time
Copy:           11092.6     0.977823     0.967983     0.983553
Scale:          11039.2     0.982775     0.972664     0.988672
Add:            11842.9     1.372828     1.359977     1.386094
Triad:          11807.5     1.370977     1.364060     1.374762
-------------------------------------------------------------
Solution Validates: avg error less than 1.000000e-13 on all three arrays
-------------------------------------------------------------
-------------------------------------------------------------
STREAM version $Revision: 5.10 $
-------------------------------------------------------------
This system uses 8 bytes per array element.
-------------------------------------------------------------
Array size = 671088640 (elements), Offset = 0 (elements)
Memory per array = 5120.0 MiB (= 5.0 GiB).
Total memory required = 15360.0 MiB (= 15.0 GiB).
Each kernel will be executed 10 times.
 The *best* time for each kernel (excluding the first iteration)
 will be used to compute the reported bandwidth.
-------------------------------------------------------------
Your clock granularity/precision appears to be 1 microseconds.
Each test below will take on the order of 613962 microseconds.
   (= 613962 clock ticks)
Increase the size of the arrays if this shows that
you are not getting at least 20 clock ticks per test.
-------------------------------------------------------------
WARNING -- The above is only a rough guideline.
For best results, please be sure you know the
precision of your system timer.
-------------------------------------------------------------
Function    Best Rate MB/s  Avg time     Min time     Max time
Copy:           10900.8     0.993264     0.985012     1.000732
Scale:          10871.3     0.997646     0.987683     1.002856
Add:            11567.9     1.400887     1.392317     1.413474
Triad:          11722.8     1.399769     1.373912     1.407559
-------------------------------------------------------------
Solution Validates: avg error less than 1.000000e-13 on all three arrays
-------------------------------------------------------------
2
sched_getaffinity = 1 1 1 1 1 1 1 1 1 1 1 1 1 1 1 1 1 1 1 1 
sched_getcpu = 2
** RAPL-logger - Process terminated, computing results
Recorded wall time (s):  59.3100
Domain intel-rapl:0 (package-0) energy consumption (j): 2031.6177
Domain intel-rapl:0 (package-0) avg. power consumption (W):  34.2542
Domain intel-rapl:0/intel-rapl:0:0 (dram) energy consumption (j): 514.8107
Domain intel-rapl:0/intel-rapl:0:0 (dram) avg. power consumption (W):   8.6800
Domain intel-rapl:1 (package-1) energy consumption (j): 1151.6466
Domain intel-rapl:1 (package-1) avg. power consumption (W):  19.4174
Domain intel-rapl:1/intel-rapl:1:0 (dram) energy consumption (j):   0.0620
Domain intel-rapl:1/intel-rapl:1:0 (dram) avg. power consumption (W):   0.0010
