** RAPL-logger - 2 packages - Sampling freq.  10.0 Hz - Logfiles 0-3: /tmp/rapllog+1594873329
** RAPL-logger - Profiling: ../../allocator 5 ../../stream.bin 6 ../../stream.bin
-------------------------------------------------------------
STREAM version $Revision: 5.10 $
-------------------------------------------------------------
This system uses 8 bytes per array element.
-------------------------------------------------------------
Array size = 671088640 (elements), Offset = 0 (elements)
Memory per array = 5120.0 MiB (= 5.0 GiB).
Total memory required = 15360.0 MiB (= 15.0 GiB).
Each kernel will be executed 10 times.
 The *best* time for each kernel (excluding the first iteration)
 will be used to compute the reported bandwidth.
-------------------------------------------------------------
Your clock granularity/precision appears to be 1 microseconds.
Each test below will take on the order of 595452 microseconds.
   (= 595452 clock ticks)
Increase the size of the arrays if this shows that
you are not getting at least 20 clock ticks per test.
-------------------------------------------------------------
WARNING -- The above is only a rough guideline.
For best results, please be sure you know the
precision of your system timer.
-------------------------------------------------------------
Function    Best Rate MB/s  Avg time     Min time     Max time
Copy:           11198.2     0.966159     0.958854     0.974031
Scale:          11118.1     0.974002     0.965757     0.981055
Add:            11785.2     1.371046     1.366641     1.376065
Triad:          11828.2     1.363761     1.361676     1.370000
-------------------------------------------------------------
Solution Validates: avg error less than 1.000000e-13 on all three arrays
-------------------------------------------------------------
-------------------------------------------------------------
STREAM version $Revision: 5.10 $
-------------------------------------------------------------
This system uses 8 bytes per array element.
-------------------------------------------------------------
Array size = 671088640 (elements), Offset = 0 (elements)
Memory per array = 5120.0 MiB (= 5.0 GiB).
Total memory required = 15360.0 MiB (= 15.0 GiB).
Each kernel will be executed 10 times.
 The *best* time for each kernel (excluding the first iteration)
 will be used to compute the reported bandwidth.
-------------------------------------------------------------
Your clock granularity/precision appears to be 1 microseconds.
Each test below will take on the order of 614440 microseconds.
   (= 614440 clock ticks)
Increase the size of the arrays if this shows that
you are not getting at least 20 clock ticks per test.
-------------------------------------------------------------
WARNING -- The above is only a rough guideline.
For best results, please be sure you know the
precision of your system timer.
-------------------------------------------------------------
Function    Best Rate MB/s  Avg time     Min time     Max time
Copy:           10994.6     0.985935     0.976605     0.998752
Scale:          10988.0     0.988708     0.977192     0.992108
Add:            11672.5     1.386725     1.379830     1.399213
Triad:          11922.8     1.390912     1.350869     1.399405
-------------------------------------------------------------
Solution Validates: avg error less than 1.000000e-13 on all three arrays
-------------------------------------------------------------
2
sched_getaffinity = 1 1 1 1 1 1 1 1 1 1 1 1 1 1 1 1 1 1 1 1 
sched_getcpu = 17
** RAPL-logger - Process terminated, computing results
Recorded wall time (s):  59.1830
Domain intel-rapl:0 (package-0) energy consumption (j): 2025.4681
Domain intel-rapl:0 (package-0) avg. power consumption (W):  34.2238
Domain intel-rapl:0/intel-rapl:0:0 (dram) energy consumption (j): 513.8505
Domain intel-rapl:0/intel-rapl:0:0 (dram) avg. power consumption (W):   8.6824
Domain intel-rapl:1 (package-1) energy consumption (j): 1154.7170
Domain intel-rapl:1 (package-1) avg. power consumption (W):  19.5110
Domain intel-rapl:1/intel-rapl:1:0 (dram) energy consumption (j):   0.1012
Domain intel-rapl:1/intel-rapl:1:0 (dram) avg. power consumption (W):   0.0017
