** RAPL-logger - 2 packages - Sampling freq.  10.0 Hz - Logfiles 0-3: /tmp/rapllog+1594026422
** RAPL-logger - Profiling: ../allocator 22 ../stream.bin 54 ../stream.bin
-------------------------------------------------------------
STREAM version $Revision: 5.10 $
-------------------------------------------------------------
This system uses 8 bytes per array element.
-------------------------------------------------------------
Array size = 134217728 (elements), Offset = 0 (elements)
Memory per array = 1024.0 MiB (= 1.0 GiB).
Total memory required = 3072.0 MiB (= 3.0 GiB).
Each kernel will be executed 10 times.
 The *best* time for each kernel (excluding the first iteration)
 will be used to compute the reported bandwidth.
-------------------------------------------------------------
Your clock granularity/precision appears to be 1 microseconds.
Each test below will take on the order of 277163 microseconds.
   (= 277163 clock ticks)
Increase the size of the arrays if this shows that
you are not getting at least 20 clock ticks per test.
-------------------------------------------------------------
WARNING -- The above is only a rough guideline.
For best results, please be sure you know the
precision of your system timer.
-------------------------------------------------------------
Function    Best Rate MB/s  Avg time     Min time     Max time
Copy:            4649.2     0.462933     0.461903     0.463930
Scale:           4633.7     0.465105     0.463445     0.466218
Add:             4705.3     0.685950     0.684593     0.687082
Triad:           4706.2     0.685620     0.684459     0.687413
-------------------------------------------------------------
Solution Validates: avg error less than 1.000000e-13 on all three arrays
-------------------------------------------------------------
-------------------------------------------------------------
STREAM version $Revision: 5.10 $
-------------------------------------------------------------
This system uses 8 bytes per array element.
-------------------------------------------------------------
Array size = 134217728 (elements), Offset = 0 (elements)
Memory per array = 1024.0 MiB (= 1.0 GiB).
Total memory required = 3072.0 MiB (= 3.0 GiB).
Each kernel will be executed 10 times.
 The *best* time for each kernel (excluding the first iteration)
 will be used to compute the reported bandwidth.
-------------------------------------------------------------
Your clock granularity/precision appears to be 1 microseconds.
Each test below will take on the order of 278096 microseconds.
   (= 278096 clock ticks)
Increase the size of the arrays if this shows that
you are not getting at least 20 clock ticks per test.
-------------------------------------------------------------
WARNING -- The above is only a rough guideline.
For best results, please be sure you know the
precision of your system timer.
-------------------------------------------------------------
Function    Best Rate MB/s  Avg time     Min time     Max time
Copy:            4645.5     0.463360     0.462269     0.464508
Scale:           4629.9     0.465270     0.463828     0.466899
Add:             4707.0     0.685884     0.684343     0.686610
Triad:           4726.3     0.685302     0.681552     0.687260
-------------------------------------------------------------
Solution Validates: avg error less than 1.000000e-13 on all three arrays
-------------------------------------------------------------
2
sched_getaffinity = 1 1 1 1 1 1 1 1 1 1 1 1 1 1 1 1 1 1 1 1 1 1 1 1 1 1 1 1 1 1 1 1 1 1 1 1 1 1 1 1 1 1 1 1 1 1 1 1 1 1 1 1 1 1 1 1 1 1 1 1 1 1 1 1 
sched_getcpu = 39
** RAPL-logger - Process terminated, computing results
Recorded wall time (s):  25.7200
Domain intel-rapl:0 (package-1) energy consumption (j): 847.6602
Domain intel-rapl:0 (package-1) avg. power consumption (W):  32.9572
Domain intel-rapl:0/intel-rapl:0:0 (dram) energy consumption (j):  39.7794
Domain intel-rapl:0/intel-rapl:0:0 (dram) avg. power consumption (W):   1.5466
Domain intel-rapl:1 (package-0) energy consumption (j): 1152.3033
Domain intel-rapl:1 (package-0) avg. power consumption (W):  44.8018
Domain intel-rapl:1/intel-rapl:1:0 (dram) energy consumption (j):  82.1760
Domain intel-rapl:1/intel-rapl:1:0 (dram) avg. power consumption (W):   3.1950
