** RAPL-logger - 2 packages - Sampling freq.  10.0 Hz - Logfiles 0-3: /tmp/rapllog+1594832782
** RAPL-logger - Profiling: ../../allocator 6 ../../stream.bin 16 ../../stream.bin
-------------------------------------------------------------
STREAM version $Revision: 5.10 $
-------------------------------------------------------------
This system uses 8 bytes per array element.
-------------------------------------------------------------
Array size = 134217728 (elements), Offset = 0 (elements)
Memory per array = 1024.0 MiB (= 1.0 GiB).
Total memory required = 3072.0 MiB (= 3.0 GiB).
Each kernel will be executed 10 times.
 The *best* time for each kernel (excluding the first iteration)
 will be used to compute the reported bandwidth.
-------------------------------------------------------------
Your clock granularity/precision appears to be 1 microseconds.
Each test below will take on the order of 123423 microseconds.
   (= 123423 clock ticks)
Increase the size of the arrays if this shows that
you are not getting at least 20 clock ticks per test.
-------------------------------------------------------------
WARNING -- The above is only a rough guideline.
For best results, please be sure you know the
precision of your system timer.
-------------------------------------------------------------
Function    Best Rate MB/s  Avg time     Min time     Max time
Copy:           11842.2     0.181921     0.181341     0.183026
Scale:          11784.6     0.183540     0.182228     0.189997
Add:            12646.8     0.260136     0.254706     0.271297
Triad:          12603.3     0.257881     0.255586     0.270479
-------------------------------------------------------------
Solution Validates: avg error less than 1.000000e-13 on all three arrays
-------------------------------------------------------------
-------------------------------------------------------------
STREAM version $Revision: 5.10 $
-------------------------------------------------------------
This system uses 8 bytes per array element.
-------------------------------------------------------------
Array size = 134217728 (elements), Offset = 0 (elements)
Memory per array = 1024.0 MiB (= 1.0 GiB).
Total memory required = 3072.0 MiB (= 3.0 GiB).
Each kernel will be executed 10 times.
 The *best* time for each kernel (excluding the first iteration)
 will be used to compute the reported bandwidth.
-------------------------------------------------------------
Your clock granularity/precision appears to be 1 microseconds.
Each test below will take on the order of 118672 microseconds.
   (= 118672 clock ticks)
Increase the size of the arrays if this shows that
you are not getting at least 20 clock ticks per test.
-------------------------------------------------------------
WARNING -- The above is only a rough guideline.
For best results, please be sure you know the
precision of your system timer.
-------------------------------------------------------------
Function    Best Rate MB/s  Avg time     Min time     Max time
Copy:           11758.7     0.186350     0.182629     0.198754
Scale:          11756.1     0.189038     0.182670     0.200068
Add:            12426.0     0.266305     0.259232     0.275303
Triad:          12359.7     0.266546     0.260623     0.277965
-------------------------------------------------------------
Solution Validates: avg error less than 1.000000e-13 on all three arrays
-------------------------------------------------------------
2
sched_getaffinity = 1 1 1 1 1 1 1 1 1 1 1 1 1 1 1 1 1 1 1 1 
sched_getcpu = 4
** RAPL-logger - Process terminated, computing results
Recorded wall time (s):  11.4170
Domain intel-rapl:0 (package-0) energy consumption (j): 316.3337
Domain intel-rapl:0 (package-0) avg. power consumption (W):  27.7072
Domain intel-rapl:0/intel-rapl:0:0 (dram) energy consumption (j):  66.4429
Domain intel-rapl:0/intel-rapl:0:0 (dram) avg. power consumption (W):   5.8196
Domain intel-rapl:1 (package-1) energy consumption (j): 314.1868
Domain intel-rapl:1 (package-1) avg. power consumption (W):  27.5192
Domain intel-rapl:1/intel-rapl:1:0 (dram) energy consumption (j):  49.8041
Domain intel-rapl:1/intel-rapl:1:0 (dram) avg. power consumption (W):   4.3623
