** RAPL-logger - 2 packages - Sampling freq.  10.0 Hz - Logfiles 0-3: /tmp/rapllog+1594026144
** RAPL-logger - Profiling: ../allocator 14 ../stream.bin 46 ../stream.bin
-------------------------------------------------------------
STREAM version $Revision: 5.10 $
-------------------------------------------------------------
This system uses 8 bytes per array element.
-------------------------------------------------------------
Array size = 134217728 (elements), Offset = 0 (elements)
Memory per array = 1024.0 MiB (= 1.0 GiB).
Total memory required = 3072.0 MiB (= 3.0 GiB).
Each kernel will be executed 10 times.
 The *best* time for each kernel (excluding the first iteration)
 will be used to compute the reported bandwidth.
-------------------------------------------------------------
Your clock granularity/precision appears to be 1 microseconds.
Each test below will take on the order of 276693 microseconds.
   (= 276693 clock ticks)
Increase the size of the arrays if this shows that
you are not getting at least 20 clock ticks per test.
-------------------------------------------------------------
WARNING -- The above is only a rough guideline.
For best results, please be sure you know the
precision of your system timer.
-------------------------------------------------------------
Function    Best Rate MB/s  Avg time     Min time     Max time
Copy:            4660.0     0.461768     0.460832     0.462801
Scale:           4646.0     0.463122     0.462224     0.463920
Add:             4732.2     0.682083     0.680701     0.683419
Triad:           4734.1     0.682180     0.680435     0.683784
-------------------------------------------------------------
Solution Validates: avg error less than 1.000000e-13 on all three arrays
-------------------------------------------------------------
-------------------------------------------------------------
STREAM version $Revision: 5.10 $
-------------------------------------------------------------
This system uses 8 bytes per array element.
-------------------------------------------------------------
Array size = 134217728 (elements), Offset = 0 (elements)
Memory per array = 1024.0 MiB (= 1.0 GiB).
Total memory required = 3072.0 MiB (= 3.0 GiB).
Each kernel will be executed 10 times.
 The *best* time for each kernel (excluding the first iteration)
 will be used to compute the reported bandwidth.
-------------------------------------------------------------
Your clock granularity/precision appears to be 1 microseconds.
Each test below will take on the order of 277598 microseconds.
   (= 277598 clock ticks)
Increase the size of the arrays if this shows that
you are not getting at least 20 clock ticks per test.
-------------------------------------------------------------
WARNING -- The above is only a rough guideline.
For best results, please be sure you know the
precision of your system timer.
-------------------------------------------------------------
Function    Best Rate MB/s  Avg time     Min time     Max time
Copy:            4655.3     0.462114     0.461296     0.462899
Scale:           4644.1     0.463310     0.462415     0.464054
Add:             4730.4     0.682020     0.680958     0.683654
Triad:           4746.7     0.682198     0.678625     0.683852
-------------------------------------------------------------
Solution Validates: avg error less than 1.000000e-13 on all three arrays
-------------------------------------------------------------
2
sched_getaffinity = 1 1 1 1 1 1 1 1 1 1 1 1 1 1 1 1 1 1 1 1 1 1 1 1 1 1 1 1 1 1 1 1 1 1 1 1 1 1 1 1 1 1 1 1 1 1 1 1 1 1 1 1 1 1 1 1 1 1 1 1 1 1 1 1 
sched_getcpu = 38
** RAPL-logger - Process terminated, computing results
Recorded wall time (s):  25.6010
Domain intel-rapl:0 (package-1) energy consumption (j): 844.9331
Domain intel-rapl:0 (package-1) avg. power consumption (W):  33.0039
Domain intel-rapl:0/intel-rapl:0:0 (dram) energy consumption (j):  39.6297
Domain intel-rapl:0/intel-rapl:0:0 (dram) avg. power consumption (W):   1.5480
Domain intel-rapl:1 (package-0) energy consumption (j): 1148.2266
Domain intel-rapl:1 (package-0) avg. power consumption (W):  44.8509
Domain intel-rapl:1/intel-rapl:1:0 (dram) energy consumption (j):  82.5804
Domain intel-rapl:1/intel-rapl:1:0 (dram) avg. power consumption (W):   3.2257
