** RAPL-logger - 2 packages - Sampling freq.  10.0 Hz - Logfiles 0-3: /tmp/rapllog+1594025767
** RAPL-logger - Profiling: ../allocator 7 ../stream.bin 3 ../stream.bin
-------------------------------------------------------------
STREAM version $Revision: 5.10 $
-------------------------------------------------------------
This system uses 8 bytes per array element.
-------------------------------------------------------------
Array size = 134217728 (elements), Offset = 0 (elements)
Memory per array = 1024.0 MiB (= 1.0 GiB).
Total memory required = 3072.0 MiB (= 3.0 GiB).
Each kernel will be executed 10 times.
 The *best* time for each kernel (excluding the first iteration)
 will be used to compute the reported bandwidth.
-------------------------------------------------------------
Your clock granularity/precision appears to be 1 microseconds.
Each test below will take on the order of 244127 microseconds.
   (= 244127 clock ticks)
Increase the size of the arrays if this shows that
you are not getting at least 20 clock ticks per test.
-------------------------------------------------------------
WARNING -- The above is only a rough guideline.
For best results, please be sure you know the
precision of your system timer.
-------------------------------------------------------------
Function    Best Rate MB/s  Avg time     Min time     Max time
Copy:            5645.7     0.380748     0.380373     0.381890
Scale:           5616.5     0.383016     0.382351     0.385106
Add:             6100.0     0.528630     0.528069     0.529459
Triad:           6093.3     0.528965     0.528653     0.529357
-------------------------------------------------------------
Solution Validates: avg error less than 1.000000e-13 on all three arrays
-------------------------------------------------------------
-------------------------------------------------------------
STREAM version $Revision: 5.10 $
-------------------------------------------------------------
This system uses 8 bytes per array element.
-------------------------------------------------------------
Array size = 134217728 (elements), Offset = 0 (elements)
Memory per array = 1024.0 MiB (= 1.0 GiB).
Total memory required = 3072.0 MiB (= 3.0 GiB).
Each kernel will be executed 10 times.
 The *best* time for each kernel (excluding the first iteration)
 will be used to compute the reported bandwidth.
-------------------------------------------------------------
Your clock granularity/precision appears to be 1 microseconds.
Each test below will take on the order of 245549 microseconds.
   (= 245549 clock ticks)
Increase the size of the arrays if this shows that
you are not getting at least 20 clock ticks per test.
-------------------------------------------------------------
WARNING -- The above is only a rough guideline.
For best results, please be sure you know the
precision of your system timer.
-------------------------------------------------------------
Function    Best Rate MB/s  Avg time     Min time     Max time
Copy:            5640.2     0.381134     0.380745     0.382249
Scale:           5619.0     0.382853     0.382183     0.384992
Add:             6112.2     0.527692     0.527013     0.528555
Triad:           6101.2     0.529608     0.527970     0.530232
-------------------------------------------------------------
Solution Validates: avg error less than 1.000000e-13 on all three arrays
-------------------------------------------------------------
2
sched_getaffinity = 1 1 1 1 1 1 1 1 1 1 1 1 1 1 1 1 1 1 1 1 1 1 1 1 1 1 1 1 1 1 1 1 1 1 1 1 1 1 1 1 1 1 1 1 1 1 1 1 1 1 1 1 1 1 1 1 1 1 1 1 1 1 1 1 
sched_getcpu = 38
** RAPL-logger - Process terminated, computing results
Recorded wall time (s):  20.1390
Domain intel-rapl:0 (package-1) energy consumption (j): 809.3073
Domain intel-rapl:0 (package-1) avg. power consumption (W):  40.1861
Domain intel-rapl:0/intel-rapl:0:0 (dram) energy consumption (j):  66.7228
Domain intel-rapl:0/intel-rapl:0:0 (dram) avg. power consumption (W):   3.3131
Domain intel-rapl:1 (package-0) energy consumption (j): 794.9043
Domain intel-rapl:1 (package-0) avg. power consumption (W):  39.4709
Domain intel-rapl:1/intel-rapl:1:0 (dram) energy consumption (j):  32.2946
Domain intel-rapl:1/intel-rapl:1:0 (dram) avg. power consumption (W):   1.6036
