** RAPL-logger - 2 packages - Sampling freq.  10.0 Hz - Logfiles 0-3: /tmp/rapllog+1594025456
** RAPL-logger - Profiling: ../allocator 16 ../stream.bin 20 ../stream.bin
-------------------------------------------------------------
STREAM version $Revision: 5.10 $
-------------------------------------------------------------
This system uses 8 bytes per array element.
-------------------------------------------------------------
Array size = 134217728 (elements), Offset = 0 (elements)
Memory per array = 1024.0 MiB (= 1.0 GiB).
Total memory required = 3072.0 MiB (= 3.0 GiB).
Each kernel will be executed 10 times.
 The *best* time for each kernel (excluding the first iteration)
 will be used to compute the reported bandwidth.
-------------------------------------------------------------
Your clock granularity/precision appears to be 1 microseconds.
Each test below will take on the order of 245244 microseconds.
   (= 245244 clock ticks)
Increase the size of the arrays if this shows that
you are not getting at least 20 clock ticks per test.
-------------------------------------------------------------
WARNING -- The above is only a rough guideline.
For best results, please be sure you know the
precision of your system timer.
-------------------------------------------------------------
Function    Best Rate MB/s  Avg time     Min time     Max time
Copy:            5641.7     0.381770     0.380646     0.385656
Scale:           5614.2     0.382984     0.382507     0.384000
Add:             6108.6     0.527902     0.527322     0.528525
Triad:           6099.9     0.528816     0.528080     0.530680
-------------------------------------------------------------
Solution Validates: avg error less than 1.000000e-13 on all three arrays
-------------------------------------------------------------
-------------------------------------------------------------
STREAM version $Revision: 5.10 $
-------------------------------------------------------------
This system uses 8 bytes per array element.
-------------------------------------------------------------
Array size = 134217728 (elements), Offset = 0 (elements)
Memory per array = 1024.0 MiB (= 1.0 GiB).
Total memory required = 3072.0 MiB (= 3.0 GiB).
Each kernel will be executed 10 times.
 The *best* time for each kernel (excluding the first iteration)
 will be used to compute the reported bandwidth.
-------------------------------------------------------------
Your clock granularity/precision appears to be 1 microseconds.
Each test below will take on the order of 246326 microseconds.
   (= 246326 clock ticks)
Increase the size of the arrays if this shows that
you are not getting at least 20 clock ticks per test.
-------------------------------------------------------------
WARNING -- The above is only a rough guideline.
For best results, please be sure you know the
precision of your system timer.
-------------------------------------------------------------
Function    Best Rate MB/s  Avg time     Min time     Max time
Copy:            5636.1     0.382235     0.381023     0.386318
Scale:           5617.8     0.382721     0.382265     0.383215
Add:             6117.7     0.527312     0.526538     0.528105
Triad:           6109.0     0.529342     0.527291     0.531842
-------------------------------------------------------------
Solution Validates: avg error less than 1.000000e-13 on all three arrays
-------------------------------------------------------------
2
sched_getaffinity = 1 1 1 1 1 1 1 1 1 1 1 1 1 1 1 1 1 1 1 1 1 1 1 1 1 1 1 1 1 1 1 1 1 1 1 1 1 1 1 1 1 1 1 1 1 1 1 1 1 1 1 1 1 1 1 1 1 1 1 1 1 1 1 1 
sched_getcpu = 38
** RAPL-logger - Process terminated, computing results
Recorded wall time (s):  20.1440
Domain intel-rapl:0 (package-1) energy consumption (j): 664.6261
Domain intel-rapl:0 (package-1) avg. power consumption (W):  32.9938
Domain intel-rapl:0/intel-rapl:0:0 (dram) energy consumption (j):  31.1650
Domain intel-rapl:0/intel-rapl:0:0 (dram) avg. power consumption (W):   1.5471
Domain intel-rapl:1 (package-0) energy consumption (j): 955.8020
Domain intel-rapl:1 (package-0) avg. power consumption (W):  47.4485
Domain intel-rapl:1/intel-rapl:1:0 (dram) energy consumption (j):  68.3420
Domain intel-rapl:1/intel-rapl:1:0 (dram) avg. power consumption (W):   3.3927
