** RAPL-logger - 2 packages - Sampling freq.  10.0 Hz - Logfiles 0-3: /tmp/rapllog+1594833184
** RAPL-logger - Profiling: ../../allocator 12 ../../stream.bin 13 ../../stream.bin
-------------------------------------------------------------
STREAM version $Revision: 5.10 $
-------------------------------------------------------------
This system uses 8 bytes per array element.
-------------------------------------------------------------
Array size = 134217728 (elements), Offset = 0 (elements)
Memory per array = 1024.0 MiB (= 1.0 GiB).
Total memory required = 3072.0 MiB (= 3.0 GiB).
Each kernel will be executed 10 times.
 The *best* time for each kernel (excluding the first iteration)
 will be used to compute the reported bandwidth.
-------------------------------------------------------------
Your clock granularity/precision appears to be 1 microseconds.
Each test below will take on the order of 121153 microseconds.
   (= 121153 clock ticks)
Increase the size of the arrays if this shows that
you are not getting at least 20 clock ticks per test.
-------------------------------------------------------------
WARNING -- The above is only a rough guideline.
For best results, please be sure you know the
precision of your system timer.
-------------------------------------------------------------
Function    Best Rate MB/s  Avg time     Min time     Max time
Copy:           11189.7     0.196797     0.191917     0.208868
Scale:          11169.2     0.196224     0.192268     0.209136
Add:            11798.8     0.280581     0.273012     0.290006
Triad:          11772.1     0.280530     0.273631     0.292129
-------------------------------------------------------------
Solution Validates: avg error less than 1.000000e-13 on all three arrays
-------------------------------------------------------------
-------------------------------------------------------------
STREAM version $Revision: 5.10 $
-------------------------------------------------------------
This system uses 8 bytes per array element.
-------------------------------------------------------------
Array size = 134217728 (elements), Offset = 0 (elements)
Memory per array = 1024.0 MiB (= 1.0 GiB).
Total memory required = 3072.0 MiB (= 3.0 GiB).
Each kernel will be executed 10 times.
 The *best* time for each kernel (excluding the first iteration)
 will be used to compute the reported bandwidth.
-------------------------------------------------------------
Your clock granularity/precision appears to be 1 microseconds.
Each test below will take on the order of 121425 microseconds.
   (= 121425 clock ticks)
Increase the size of the arrays if this shows that
you are not getting at least 20 clock ticks per test.
-------------------------------------------------------------
WARNING -- The above is only a rough guideline.
For best results, please be sure you know the
precision of your system timer.
-------------------------------------------------------------
Function    Best Rate MB/s  Avg time     Min time     Max time
Copy:           11159.2     0.198285     0.192440     0.209549
Scale:          11138.7     0.196765     0.192795     0.209665
Add:            11761.5     0.282475     0.273878     0.290992
Triad:          11735.5     0.280500     0.274485     0.293141
-------------------------------------------------------------
Solution Validates: avg error less than 1.000000e-13 on all three arrays
-------------------------------------------------------------
2
sched_getaffinity = 1 1 1 1 1 1 1 1 1 1 1 1 1 1 1 1 1 1 1 1 
sched_getcpu = 5
** RAPL-logger - Process terminated, computing results
Recorded wall time (s):  11.9580
Domain intel-rapl:0 (package-0) energy consumption (j): 238.7364
Domain intel-rapl:0 (package-0) avg. power consumption (W):  19.9646
Domain intel-rapl:0/intel-rapl:0:0 (dram) energy consumption (j):   8.2695
Domain intel-rapl:0/intel-rapl:0:0 (dram) avg. power consumption (W):   0.6915
Domain intel-rapl:1 (package-1) energy consumption (j): 387.3699
Domain intel-rapl:1 (package-1) avg. power consumption (W):  32.3942
Domain intel-rapl:1/intel-rapl:1:0 (dram) energy consumption (j):  88.0935
Domain intel-rapl:1/intel-rapl:1:0 (dram) avg. power consumption (W):   7.3669
