** RAPL-logger - 2 packages - Sampling freq.  10.0 Hz - Logfiles 0-3: /tmp/rapllog+1594026894
** RAPL-logger - Profiling: ../allocator 19 ../stream.bin 51 ../stream.bin
-------------------------------------------------------------
STREAM version $Revision: 5.10 $
-------------------------------------------------------------
This system uses 8 bytes per array element.
-------------------------------------------------------------
Array size = 134217728 (elements), Offset = 0 (elements)
Memory per array = 1024.0 MiB (= 1.0 GiB).
Total memory required = 3072.0 MiB (= 3.0 GiB).
Each kernel will be executed 10 times.
 The *best* time for each kernel (excluding the first iteration)
 will be used to compute the reported bandwidth.
-------------------------------------------------------------
Your clock granularity/precision appears to be 1 microseconds.
Each test below will take on the order of 278471 microseconds.
   (= 278471 clock ticks)
Increase the size of the arrays if this shows that
you are not getting at least 20 clock ticks per test.
-------------------------------------------------------------
WARNING -- The above is only a rough guideline.
For best results, please be sure you know the
precision of your system timer.
-------------------------------------------------------------
Function    Best Rate MB/s  Avg time     Min time     Max time
Copy:            4624.9     0.466220     0.464331     0.468380
Scale:           4609.6     0.467110     0.465870     0.468273
Add:             4681.7     0.689548     0.688050     0.690980
Triad:           4685.8     0.688795     0.687440     0.690002
-------------------------------------------------------------
Solution Validates: avg error less than 1.000000e-13 on all three arrays
-------------------------------------------------------------
-------------------------------------------------------------
STREAM version $Revision: 5.10 $
-------------------------------------------------------------
This system uses 8 bytes per array element.
-------------------------------------------------------------
Array size = 134217728 (elements), Offset = 0 (elements)
Memory per array = 1024.0 MiB (= 1.0 GiB).
Total memory required = 3072.0 MiB (= 3.0 GiB).
Each kernel will be executed 10 times.
 The *best* time for each kernel (excluding the first iteration)
 will be used to compute the reported bandwidth.
-------------------------------------------------------------
Your clock granularity/precision appears to be 1 microseconds.
Each test below will take on the order of 279418 microseconds.
   (= 279418 clock ticks)
Increase the size of the arrays if this shows that
you are not getting at least 20 clock ticks per test.
-------------------------------------------------------------
WARNING -- The above is only a rough guideline.
For best results, please be sure you know the
precision of your system timer.
-------------------------------------------------------------
Function    Best Rate MB/s  Avg time     Min time     Max time
Copy:            4623.0     0.466263     0.464525     0.468399
Scale:           4610.1     0.467514     0.465823     0.468889
Add:             4684.0     0.689421     0.687705     0.691276
Triad:           4688.7     0.688746     0.687022     0.690981
-------------------------------------------------------------
Solution Validates: avg error less than 1.000000e-13 on all three arrays
-------------------------------------------------------------
2
sched_getaffinity = 1 1 1 1 1 1 1 1 1 1 1 1 1 1 1 1 1 1 1 1 1 1 1 1 1 1 1 1 1 1 1 1 1 1 1 1 1 1 1 1 1 1 1 1 1 1 1 1 1 1 1 1 1 1 1 1 1 1 1 1 1 1 1 1 
sched_getcpu = 39
** RAPL-logger - Process terminated, computing results
Recorded wall time (s):  25.8500
Domain intel-rapl:0 (package-1) energy consumption (j): 985.9577
Domain intel-rapl:0 (package-1) avg. power consumption (W):  38.1415
Domain intel-rapl:0/intel-rapl:0:0 (dram) energy consumption (j):  78.9205
Domain intel-rapl:0/intel-rapl:0:0 (dram) avg. power consumption (W):   3.0530
Domain intel-rapl:1 (package-0) energy consumption (j): 1018.2730
Domain intel-rapl:1 (package-0) avg. power consumption (W):  39.3916
Domain intel-rapl:1/intel-rapl:1:0 (dram) energy consumption (j):  41.2973
Domain intel-rapl:1/intel-rapl:1:0 (dram) avg. power consumption (W):   1.5976
