** RAPL-logger - 2 packages - Sampling freq.  10.0 Hz - Logfiles 0-3: /tmp/rapllog+1594832824
** RAPL-logger - Profiling: ../../allocator 9 ../../stream.bin 19 ../../stream.bin
-------------------------------------------------------------
STREAM version $Revision: 5.10 $
-------------------------------------------------------------
This system uses 8 bytes per array element.
-------------------------------------------------------------
Array size = 134217728 (elements), Offset = 0 (elements)
Memory per array = 1024.0 MiB (= 1.0 GiB).
Total memory required = 3072.0 MiB (= 3.0 GiB).
Each kernel will be executed 10 times.
 The *best* time for each kernel (excluding the first iteration)
 will be used to compute the reported bandwidth.
-------------------------------------------------------------
Your clock granularity/precision appears to be 1 microseconds.
Each test below will take on the order of 124413 microseconds.
   (= 124413 clock ticks)
Increase the size of the arrays if this shows that
you are not getting at least 20 clock ticks per test.
-------------------------------------------------------------
WARNING -- The above is only a rough guideline.
For best results, please be sure you know the
precision of your system timer.
-------------------------------------------------------------
Function    Best Rate MB/s  Avg time     Min time     Max time
Copy:           11524.5     0.189709     0.186340     0.203106
Scale:          11457.6     0.188130     0.187429     0.189159
Add:            12261.7     0.265005     0.262707     0.280047
Triad:          12226.1     0.267317     0.263471     0.279955
-------------------------------------------------------------
Solution Validates: avg error less than 1.000000e-13 on all three arrays
-------------------------------------------------------------
-------------------------------------------------------------
STREAM version $Revision: 5.10 $
-------------------------------------------------------------
This system uses 8 bytes per array element.
-------------------------------------------------------------
Array size = 134217728 (elements), Offset = 0 (elements)
Memory per array = 1024.0 MiB (= 1.0 GiB).
Total memory required = 3072.0 MiB (= 3.0 GiB).
Each kernel will be executed 10 times.
 The *best* time for each kernel (excluding the first iteration)
 will be used to compute the reported bandwidth.
-------------------------------------------------------------
Your clock granularity/precision appears to be 1 microseconds.
Each test below will take on the order of 126277 microseconds.
   (= 126277 clock ticks)
Increase the size of the arrays if this shows that
you are not getting at least 20 clock ticks per test.
-------------------------------------------------------------
WARNING -- The above is only a rough guideline.
For best results, please be sure you know the
precision of your system timer.
-------------------------------------------------------------
Function    Best Rate MB/s  Avg time     Min time     Max time
Copy:           11121.7     0.197052     0.193089     0.210781
Scale:          11115.1     0.198190     0.193204     0.211873
Add:            11727.7     0.283232     0.274668     0.292032
Triad:          11705.1     0.283574     0.275198     0.293521
-------------------------------------------------------------
Solution Validates: avg error less than 1.000000e-13 on all three arrays
-------------------------------------------------------------
2
sched_getaffinity = 1 1 1 1 1 1 1 1 1 1 1 1 1 1 1 1 1 1 1 1 
sched_getcpu = 18
** RAPL-logger - Process terminated, computing results
Recorded wall time (s):  11.9550
Domain intel-rapl:0 (package-0) energy consumption (j): 325.9969
Domain intel-rapl:0 (package-0) avg. power consumption (W):  27.2687
Domain intel-rapl:0/intel-rapl:0:0 (dram) energy consumption (j):  67.9612
Domain intel-rapl:0/intel-rapl:0:0 (dram) avg. power consumption (W):   5.6848
Domain intel-rapl:1 (package-1) energy consumption (j): 325.5358
Domain intel-rapl:1 (package-1) avg. power consumption (W):  27.2301
Domain intel-rapl:1/intel-rapl:1:0 (dram) energy consumption (j):  51.7334
Domain intel-rapl:1/intel-rapl:1:0 (dram) avg. power consumption (W):   4.3273
