** RAPL-logger - 2 packages - Sampling freq.  10.0 Hz - Logfiles 0-3: /tmp/rapllog+1594026088
** RAPL-logger - Profiling: ../allocator 8 ../stream.bin 40 ../stream.bin
-------------------------------------------------------------
STREAM version $Revision: 5.10 $
-------------------------------------------------------------
This system uses 8 bytes per array element.
-------------------------------------------------------------
Array size = 134217728 (elements), Offset = 0 (elements)
Memory per array = 1024.0 MiB (= 1.0 GiB).
Total memory required = 3072.0 MiB (= 3.0 GiB).
Each kernel will be executed 10 times.
 The *best* time for each kernel (excluding the first iteration)
 will be used to compute the reported bandwidth.
-------------------------------------------------------------
Your clock granularity/precision appears to be 1 microseconds.
Each test below will take on the order of 277418 microseconds.
   (= 277418 clock ticks)
Increase the size of the arrays if this shows that
you are not getting at least 20 clock ticks per test.
-------------------------------------------------------------
WARNING -- The above is only a rough guideline.
For best results, please be sure you know the
precision of your system timer.
-------------------------------------------------------------
Function    Best Rate MB/s  Avg time     Min time     Max time
Copy:            4649.9     0.463000     0.461836     0.464292
Scale:           4635.4     0.464053     0.463276     0.464534
Add:             4706.3     0.685249     0.684452     0.687421
Triad:           4710.5     0.685152     0.683845     0.686640
-------------------------------------------------------------
Solution Validates: avg error less than 1.000000e-13 on all three arrays
-------------------------------------------------------------
-------------------------------------------------------------
STREAM version $Revision: 5.10 $
-------------------------------------------------------------
This system uses 8 bytes per array element.
-------------------------------------------------------------
Array size = 134217728 (elements), Offset = 0 (elements)
Memory per array = 1024.0 MiB (= 1.0 GiB).
Total memory required = 3072.0 MiB (= 3.0 GiB).
Each kernel will be executed 10 times.
 The *best* time for each kernel (excluding the first iteration)
 will be used to compute the reported bandwidth.
-------------------------------------------------------------
Your clock granularity/precision appears to be 1 microseconds.
Each test below will take on the order of 278310 microseconds.
   (= 278310 clock ticks)
Increase the size of the arrays if this shows that
you are not getting at least 20 clock ticks per test.
-------------------------------------------------------------
WARNING -- The above is only a rough guideline.
For best results, please be sure you know the
precision of your system timer.
-------------------------------------------------------------
Function    Best Rate MB/s  Avg time     Min time     Max time
Copy:            4651.3     0.463052     0.461700     0.464445
Scale:           4631.6     0.464383     0.463661     0.465109
Add:             4710.5     0.685083     0.683835     0.686514
Triad:           4710.1     0.684982     0.683902     0.686018
-------------------------------------------------------------
Solution Validates: avg error less than 1.000000e-13 on all three arrays
-------------------------------------------------------------
2
sched_getaffinity = 1 1 1 1 1 1 1 1 1 1 1 1 1 1 1 1 1 1 1 1 1 1 1 1 1 1 1 1 1 1 1 1 1 1 1 1 1 1 1 1 1 1 1 1 1 1 1 1 1 1 1 1 1 1 1 1 1 1 1 1 1 1 1 1 
sched_getcpu = 38
** RAPL-logger - Process terminated, computing results
Recorded wall time (s):  25.6940
Domain intel-rapl:0 (package-1) energy consumption (j): 847.3507
Domain intel-rapl:0 (package-1) avg. power consumption (W):  32.9785
Domain intel-rapl:0/intel-rapl:0:0 (dram) energy consumption (j):  39.7651
Domain intel-rapl:0/intel-rapl:0:0 (dram) avg. power consumption (W):   1.5476
Domain intel-rapl:1 (package-0) energy consumption (j): 1149.8999
Domain intel-rapl:1 (package-0) avg. power consumption (W):  44.7536
Domain intel-rapl:1/intel-rapl:1:0 (dram) energy consumption (j):  82.7376
Domain intel-rapl:1/intel-rapl:1:0 (dram) avg. power consumption (W):   3.2201
