** RAPL-logger - 2 packages - Sampling freq.  10.0 Hz - Logfiles 0-3: /tmp/rapllog+1594833042
** RAPL-logger - Profiling: ../../allocator 2 ../../stream.bin 3 ../../stream.bin
-------------------------------------------------------------
STREAM version $Revision: 5.10 $
-------------------------------------------------------------
This system uses 8 bytes per array element.
-------------------------------------------------------------
Array size = 134217728 (elements), Offset = 0 (elements)
Memory per array = 1024.0 MiB (= 1.0 GiB).
Total memory required = 3072.0 MiB (= 3.0 GiB).
Each kernel will be executed 10 times.
 The *best* time for each kernel (excluding the first iteration)
 will be used to compute the reported bandwidth.
-------------------------------------------------------------
Your clock granularity/precision appears to be 1 microseconds.
Each test below will take on the order of 122065 microseconds.
   (= 122065 clock ticks)
Increase the size of the arrays if this shows that
you are not getting at least 20 clock ticks per test.
-------------------------------------------------------------
WARNING -- The above is only a rough guideline.
For best results, please be sure you know the
precision of your system timer.
-------------------------------------------------------------
Function    Best Rate MB/s  Avg time     Min time     Max time
Copy:           11040.6     0.195525     0.194508     0.202351
Scale:          11042.1     0.199970     0.194482     0.210706
Add:            11791.2     0.274235     0.273190     0.279106
Triad:          11756.9     0.278482     0.273985     0.297340
-------------------------------------------------------------
Solution Validates: avg error less than 1.000000e-13 on all three arrays
-------------------------------------------------------------
-------------------------------------------------------------
STREAM version $Revision: 5.10 $
-------------------------------------------------------------
This system uses 8 bytes per array element.
-------------------------------------------------------------
Array size = 134217728 (elements), Offset = 0 (elements)
Memory per array = 1024.0 MiB (= 1.0 GiB).
Total memory required = 3072.0 MiB (= 3.0 GiB).
Each kernel will be executed 10 times.
 The *best* time for each kernel (excluding the first iteration)
 will be used to compute the reported bandwidth.
-------------------------------------------------------------
Your clock granularity/precision appears to be 1 microseconds.
Each test below will take on the order of 123008 microseconds.
   (= 123008 clock ticks)
Increase the size of the arrays if this shows that
you are not getting at least 20 clock ticks per test.
-------------------------------------------------------------
WARNING -- The above is only a rough guideline.
For best results, please be sure you know the
precision of your system timer.
-------------------------------------------------------------
Function    Best Rate MB/s  Avg time     Min time     Max time
Copy:           11008.4     0.195362     0.195076     0.195701
Scale:          11006.8     0.199804     0.195106     0.211614
Add:            11729.2     0.278126     0.274633     0.290540
Triad:          11712.8     0.276873     0.275018     0.283633
-------------------------------------------------------------
Solution Validates: avg error less than 1.000000e-13 on all three arrays
-------------------------------------------------------------
2
sched_getaffinity = 1 1 1 1 1 1 1 1 1 1 1 1 1 1 1 1 1 1 1 1 
sched_getcpu = 9
** RAPL-logger - Process terminated, computing results
Recorded wall time (s):  11.8660
Domain intel-rapl:0 (package-0) energy consumption (j): 399.3173
Domain intel-rapl:0 (package-0) avg. power consumption (W):  33.6522
Domain intel-rapl:0/intel-rapl:0:0 (dram) energy consumption (j): 100.6062
Domain intel-rapl:0/intel-rapl:0:0 (dram) avg. power consumption (W):   8.4785
Domain intel-rapl:1 (package-1) energy consumption (j): 232.9892
Domain intel-rapl:1 (package-1) avg. power consumption (W):  19.6350
Domain intel-rapl:1/intel-rapl:1:0 (dram) energy consumption (j):   0.0035
Domain intel-rapl:1/intel-rapl:1:0 (dram) avg. power consumption (W):   0.0003
