** RAPL-logger - 2 packages - Sampling freq.  10.0 Hz - Logfiles 0-3: /tmp/rapllog+1594871745
** RAPL-logger - Profiling: ../../allocator 1 ../../stream.bin 11 ../../stream.bin
-------------------------------------------------------------
STREAM version $Revision: 5.10 $
-------------------------------------------------------------
This system uses 8 bytes per array element.
-------------------------------------------------------------
Array size = 671088640 (elements), Offset = 0 (elements)
Memory per array = 5120.0 MiB (= 5.0 GiB).
Total memory required = 15360.0 MiB (= 15.0 GiB).
Each kernel will be executed 10 times.
 The *best* time for each kernel (excluding the first iteration)
 will be used to compute the reported bandwidth.
-------------------------------------------------------------
Your clock granularity/precision appears to be 1 microseconds.
Each test below will take on the order of 594940 microseconds.
   (= 594940 clock ticks)
Increase the size of the arrays if this shows that
you are not getting at least 20 clock ticks per test.
-------------------------------------------------------------
WARNING -- The above is only a rough guideline.
For best results, please be sure you know the
precision of your system timer.
-------------------------------------------------------------
Function    Best Rate MB/s  Avg time     Min time     Max time
Copy:           11645.8     0.935176     0.921999     0.942537
Scale:          11562.9     0.937821     0.928609     0.949134
Add:            12372.8     1.313080     1.301733     1.321320
Triad:          12286.0     1.317931     1.310930     1.326971
-------------------------------------------------------------
Solution Validates: avg error less than 1.000000e-13 on all three arrays
-------------------------------------------------------------
-------------------------------------------------------------
STREAM version $Revision: 5.10 $
-------------------------------------------------------------
This system uses 8 bytes per array element.
-------------------------------------------------------------
Array size = 671088640 (elements), Offset = 0 (elements)
Memory per array = 5120.0 MiB (= 5.0 GiB).
Total memory required = 15360.0 MiB (= 15.0 GiB).
Each kernel will be executed 10 times.
 The *best* time for each kernel (excluding the first iteration)
 will be used to compute the reported bandwidth.
-------------------------------------------------------------
Your clock granularity/precision appears to be 1 microseconds.
Each test below will take on the order of 594928 microseconds.
   (= 594928 clock ticks)
Increase the size of the arrays if this shows that
you are not getting at least 20 clock ticks per test.
-------------------------------------------------------------
WARNING -- The above is only a rough guideline.
For best results, please be sure you know the
precision of your system timer.
-------------------------------------------------------------
Function    Best Rate MB/s  Avg time     Min time     Max time
Copy:           11341.1     0.958991     0.946771     0.969439
Scale:          11383.0     0.959556     0.943283     0.974643
Add:            12052.9     1.340212     1.336291     1.345630
Triad:          11998.1     1.347971     1.342392     1.367333
-------------------------------------------------------------
Solution Validates: avg error less than 1.000000e-13 on all three arrays
-------------------------------------------------------------
2
sched_getaffinity = 1 1 1 1 1 1 1 1 1 1 1 1 1 1 1 1 1 1 1 1 
sched_getcpu = 6
** RAPL-logger - Process terminated, computing results
Recorded wall time (s):  57.7110
Domain intel-rapl:0 (package-0) energy consumption (j): 1595.7477
Domain intel-rapl:0 (package-0) avg. power consumption (W):  27.6507
Domain intel-rapl:0/intel-rapl:0:0 (dram) energy consumption (j): 339.5311
Domain intel-rapl:0/intel-rapl:0:0 (dram) avg. power consumption (W):   5.8833
Domain intel-rapl:1 (package-1) energy consumption (j): 1574.4034
Domain intel-rapl:1 (package-1) avg. power consumption (W):  27.2808
Domain intel-rapl:1/intel-rapl:1:0 (dram) energy consumption (j): 253.6918
Domain intel-rapl:1/intel-rapl:1:0 (dram) avg. power consumption (W):   4.3959
